ARM GAS  C:\Users\fish\AppData\Local\Temp\ccNDpHXa.s 			page 1


   1              		.cpu cortex-m4
   2              		.arch armv7e-m
   3              		.fpu fpv4-sp-d16
   4              		.eabi_attribute 27, 1
   5              		.eabi_attribute 28, 1
   6              		.eabi_attribute 20, 1
   7              		.eabi_attribute 21, 1
   8              		.eabi_attribute 23, 3
   9              		.eabi_attribute 24, 1
  10              		.eabi_attribute 25, 1
  11              		.eabi_attribute 26, 1
  12              		.eabi_attribute 30, 1
  13              		.eabi_attribute 34, 1
  14              		.eabi_attribute 18, 4
  15              		.file	"tim.c"
  16              		.text
  17              	.Ltext0:
  18              		.cfi_sections	.debug_frame
  19              		.file 1 "Core/Src/tim.c"
  20              		.section	.text.MX_TIM2_Init,"ax",%progbits
  21              		.align	1
  22              		.global	MX_TIM2_Init
  23              		.syntax unified
  24              		.thumb
  25              		.thumb_func
  27              	MX_TIM2_Init:
  28              	.LFB239:
   1:Core/Src/tim.c **** /* USER CODE BEGIN Header */
   2:Core/Src/tim.c **** /**
   3:Core/Src/tim.c ****   ******************************************************************************
   4:Core/Src/tim.c ****   * @file    tim.c
   5:Core/Src/tim.c ****   * @brief   This file provides code for the configuration
   6:Core/Src/tim.c ****   *          of the TIM instances.
   7:Core/Src/tim.c ****   ******************************************************************************
   8:Core/Src/tim.c ****   * @attention
   9:Core/Src/tim.c ****   *
  10:Core/Src/tim.c ****   * Copyright (c) 2026 STMicroelectronics.
  11:Core/Src/tim.c ****   * All rights reserved.
  12:Core/Src/tim.c ****   *
  13:Core/Src/tim.c ****   * This software is licensed under terms that can be found in the LICENSE file
  14:Core/Src/tim.c ****   * in the root directory of this software component.
  15:Core/Src/tim.c ****   * If no LICENSE file comes with this software, it is provided AS-IS.
  16:Core/Src/tim.c ****   *
  17:Core/Src/tim.c ****   ******************************************************************************
  18:Core/Src/tim.c ****   */
  19:Core/Src/tim.c **** /* USER CODE END Header */
  20:Core/Src/tim.c **** /* Includes ------------------------------------------------------------------*/
  21:Core/Src/tim.c **** #include "tim.h"
  22:Core/Src/tim.c **** 
  23:Core/Src/tim.c **** /* USER CODE BEGIN 0 */
  24:Core/Src/tim.c **** 
  25:Core/Src/tim.c **** /* USER CODE END 0 */
  26:Core/Src/tim.c **** 
  27:Core/Src/tim.c **** TIM_HandleTypeDef htim2;
  28:Core/Src/tim.c **** TIM_HandleTypeDef htim3;
  29:Core/Src/tim.c **** TIM_HandleTypeDef htim8;
  30:Core/Src/tim.c **** 
ARM GAS  C:\Users\fish\AppData\Local\Temp\ccNDpHXa.s 			page 2


  31:Core/Src/tim.c **** /* TIM2 init function */
  32:Core/Src/tim.c **** void MX_TIM2_Init(void)
  33:Core/Src/tim.c **** {
  29              		.loc 1 33 1 view -0
  30              		.cfi_startproc
  31              		@ args = 0, pretend = 0, frame = 24
  32              		@ frame_needed = 0, uses_anonymous_args = 0
  33 0000 00B5     		push	{lr}
  34              	.LCFI0:
  35              		.cfi_def_cfa_offset 4
  36              		.cfi_offset 14, -4
  37 0002 87B0     		sub	sp, sp, #28
  38              	.LCFI1:
  39              		.cfi_def_cfa_offset 32
  34:Core/Src/tim.c **** 
  35:Core/Src/tim.c ****   /* USER CODE BEGIN TIM2_Init 0 */
  36:Core/Src/tim.c **** 
  37:Core/Src/tim.c ****   /* USER CODE END TIM2_Init 0 */
  38:Core/Src/tim.c **** 
  39:Core/Src/tim.c ****   TIM_ClockConfigTypeDef sClockSourceConfig = {0};
  40              		.loc 1 39 3 view .LVU1
  41              		.loc 1 39 26 is_stmt 0 view .LVU2
  42 0004 0023     		movs	r3, #0
  43 0006 0293     		str	r3, [sp, #8]
  44 0008 0393     		str	r3, [sp, #12]
  45 000a 0493     		str	r3, [sp, #16]
  46 000c 0593     		str	r3, [sp, #20]
  40:Core/Src/tim.c ****   TIM_MasterConfigTypeDef sMasterConfig = {0};
  47              		.loc 1 40 3 is_stmt 1 view .LVU3
  48              		.loc 1 40 27 is_stmt 0 view .LVU4
  49 000e 0093     		str	r3, [sp]
  50 0010 0193     		str	r3, [sp, #4]
  41:Core/Src/tim.c **** 
  42:Core/Src/tim.c ****   /* USER CODE BEGIN TIM2_Init 1 */
  43:Core/Src/tim.c **** 
  44:Core/Src/tim.c ****   /* USER CODE END TIM2_Init 1 */
  45:Core/Src/tim.c ****   htim2.Instance = TIM2;
  51              		.loc 1 45 3 is_stmt 1 view .LVU5
  52              		.loc 1 45 18 is_stmt 0 view .LVU6
  53 0012 1648     		ldr	r0, .L9
  54 0014 4FF08042 		mov	r2, #1073741824
  55 0018 0260     		str	r2, [r0]
  46:Core/Src/tim.c ****   htim2.Init.Prescaler = 84-1;
  56              		.loc 1 46 3 is_stmt 1 view .LVU7
  57              		.loc 1 46 24 is_stmt 0 view .LVU8
  58 001a 5322     		movs	r2, #83
  59 001c 4260     		str	r2, [r0, #4]
  47:Core/Src/tim.c ****   htim2.Init.CounterMode = TIM_COUNTERMODE_UP;
  60              		.loc 1 47 3 is_stmt 1 view .LVU9
  61              		.loc 1 47 26 is_stmt 0 view .LVU10
  62 001e 8360     		str	r3, [r0, #8]
  48:Core/Src/tim.c ****   htim2.Init.Period = 125-1;
  63              		.loc 1 48 3 is_stmt 1 view .LVU11
  64              		.loc 1 48 21 is_stmt 0 view .LVU12
  65 0020 7C22     		movs	r2, #124
  66 0022 C260     		str	r2, [r0, #12]
  49:Core/Src/tim.c ****   htim2.Init.ClockDivision = TIM_CLOCKDIVISION_DIV1;
ARM GAS  C:\Users\fish\AppData\Local\Temp\ccNDpHXa.s 			page 3


  67              		.loc 1 49 3 is_stmt 1 view .LVU13
  68              		.loc 1 49 28 is_stmt 0 view .LVU14
  69 0024 0361     		str	r3, [r0, #16]
  50:Core/Src/tim.c ****   htim2.Init.AutoReloadPreload = TIM_AUTORELOAD_PRELOAD_ENABLE;
  70              		.loc 1 50 3 is_stmt 1 view .LVU15
  71              		.loc 1 50 32 is_stmt 0 view .LVU16
  72 0026 8023     		movs	r3, #128
  73 0028 8361     		str	r3, [r0, #24]
  51:Core/Src/tim.c ****   if (HAL_TIM_Base_Init(&htim2) != HAL_OK)
  74              		.loc 1 51 3 is_stmt 1 view .LVU17
  75              		.loc 1 51 7 is_stmt 0 view .LVU18
  76 002a FFF7FEFF 		bl	HAL_TIM_Base_Init
  77              	.LVL0:
  78              		.loc 1 51 6 discriminator 1 view .LVU19
  79 002e 98B9     		cbnz	r0, .L6
  80              	.L2:
  52:Core/Src/tim.c ****   {
  53:Core/Src/tim.c ****     Error_Handler();
  54:Core/Src/tim.c ****   }
  55:Core/Src/tim.c ****   sClockSourceConfig.ClockSource = TIM_CLOCKSOURCE_INTERNAL;
  81              		.loc 1 55 3 is_stmt 1 view .LVU20
  82              		.loc 1 55 34 is_stmt 0 view .LVU21
  83 0030 4FF48053 		mov	r3, #4096
  84 0034 0293     		str	r3, [sp, #8]
  56:Core/Src/tim.c ****   if (HAL_TIM_ConfigClockSource(&htim2, &sClockSourceConfig) != HAL_OK)
  85              		.loc 1 56 3 is_stmt 1 view .LVU22
  86              		.loc 1 56 7 is_stmt 0 view .LVU23
  87 0036 02A9     		add	r1, sp, #8
  88 0038 0C48     		ldr	r0, .L9
  89 003a FFF7FEFF 		bl	HAL_TIM_ConfigClockSource
  90              	.LVL1:
  91              		.loc 1 56 6 discriminator 1 view .LVU24
  92 003e 70B9     		cbnz	r0, .L7
  93              	.L3:
  57:Core/Src/tim.c ****   {
  58:Core/Src/tim.c ****     Error_Handler();
  59:Core/Src/tim.c ****   }
  60:Core/Src/tim.c ****   sMasterConfig.MasterOutputTrigger = TIM_TRGO_UPDATE;
  94              		.loc 1 60 3 is_stmt 1 view .LVU25
  95              		.loc 1 60 37 is_stmt 0 view .LVU26
  96 0040 2023     		movs	r3, #32
  97 0042 0093     		str	r3, [sp]
  61:Core/Src/tim.c ****   sMasterConfig.MasterSlaveMode = TIM_MASTERSLAVEMODE_DISABLE;
  98              		.loc 1 61 3 is_stmt 1 view .LVU27
  99              		.loc 1 61 33 is_stmt 0 view .LVU28
 100 0044 0023     		movs	r3, #0
 101 0046 0193     		str	r3, [sp, #4]
  62:Core/Src/tim.c ****   if (HAL_TIMEx_MasterConfigSynchronization(&htim2, &sMasterConfig) != HAL_OK)
 102              		.loc 1 62 3 is_stmt 1 view .LVU29
 103              		.loc 1 62 7 is_stmt 0 view .LVU30
 104 0048 6946     		mov	r1, sp
 105 004a 0848     		ldr	r0, .L9
 106 004c FFF7FEFF 		bl	HAL_TIMEx_MasterConfigSynchronization
 107              	.LVL2:
 108              		.loc 1 62 6 discriminator 1 view .LVU31
 109 0050 40B9     		cbnz	r0, .L8
 110              	.L1:
ARM GAS  C:\Users\fish\AppData\Local\Temp\ccNDpHXa.s 			page 4


  63:Core/Src/tim.c ****   {
  64:Core/Src/tim.c ****     Error_Handler();
  65:Core/Src/tim.c ****   }
  66:Core/Src/tim.c ****   /* USER CODE BEGIN TIM2_Init 2 */
  67:Core/Src/tim.c **** 
  68:Core/Src/tim.c ****   /* USER CODE END TIM2_Init 2 */
  69:Core/Src/tim.c **** 
  70:Core/Src/tim.c **** }
 111              		.loc 1 70 1 view .LVU32
 112 0052 07B0     		add	sp, sp, #28
 113              	.LCFI2:
 114              		.cfi_remember_state
 115              		.cfi_def_cfa_offset 4
 116              		@ sp needed
 117 0054 5DF804FB 		ldr	pc, [sp], #4
 118              	.L6:
 119              	.LCFI3:
 120              		.cfi_restore_state
  53:Core/Src/tim.c ****   }
 121              		.loc 1 53 5 is_stmt 1 view .LVU33
 122 0058 FFF7FEFF 		bl	Error_Handler
 123              	.LVL3:
 124 005c E8E7     		b	.L2
 125              	.L7:
  58:Core/Src/tim.c ****   }
 126              		.loc 1 58 5 view .LVU34
 127 005e FFF7FEFF 		bl	Error_Handler
 128              	.LVL4:
 129 0062 EDE7     		b	.L3
 130              	.L8:
  64:Core/Src/tim.c ****   }
 131              		.loc 1 64 5 view .LVU35
 132 0064 FFF7FEFF 		bl	Error_Handler
 133              	.LVL5:
 134              		.loc 1 70 1 is_stmt 0 view .LVU36
 135 0068 F3E7     		b	.L1
 136              	.L10:
 137 006a 00BF     		.align	2
 138              	.L9:
 139 006c 00000000 		.word	htim2
 140              		.cfi_endproc
 141              	.LFE239:
 143              		.section	.text.MX_TIM8_Init,"ax",%progbits
 144              		.align	1
 145              		.global	MX_TIM8_Init
 146              		.syntax unified
 147              		.thumb
 148              		.thumb_func
 150              	MX_TIM8_Init:
 151              	.LFB241:
  71:Core/Src/tim.c **** /* TIM3 init function */
  72:Core/Src/tim.c **** void MX_TIM3_Init(void)
  73:Core/Src/tim.c **** {
  74:Core/Src/tim.c **** 
  75:Core/Src/tim.c ****   /* USER CODE BEGIN TIM3_Init 0 */
  76:Core/Src/tim.c **** 
  77:Core/Src/tim.c ****   /* USER CODE END TIM3_Init 0 */
ARM GAS  C:\Users\fish\AppData\Local\Temp\ccNDpHXa.s 			page 5


  78:Core/Src/tim.c **** 
  79:Core/Src/tim.c ****   TIM_ClockConfigTypeDef sClockSourceConfig = {0};
  80:Core/Src/tim.c ****   TIM_MasterConfigTypeDef sMasterConfig = {0};
  81:Core/Src/tim.c ****   TIM_OC_InitTypeDef sConfigOC = {0};
  82:Core/Src/tim.c **** 
  83:Core/Src/tim.c ****   /* USER CODE BEGIN TIM3_Init 1 */
  84:Core/Src/tim.c **** 
  85:Core/Src/tim.c ****   /* USER CODE END TIM3_Init 1 */
  86:Core/Src/tim.c ****   htim3.Instance = TIM3;
  87:Core/Src/tim.c ****   htim3.Init.Prescaler = 84-1;
  88:Core/Src/tim.c ****   htim3.Init.CounterMode = TIM_COUNTERMODE_UP;
  89:Core/Src/tim.c ****   htim3.Init.Period = 1000-1;
  90:Core/Src/tim.c ****   htim3.Init.ClockDivision = TIM_CLOCKDIVISION_DIV1;
  91:Core/Src/tim.c ****   htim3.Init.AutoReloadPreload = TIM_AUTORELOAD_PRELOAD_ENABLE;
  92:Core/Src/tim.c ****   if (HAL_TIM_Base_Init(&htim3) != HAL_OK)
  93:Core/Src/tim.c ****   {
  94:Core/Src/tim.c ****     Error_Handler();
  95:Core/Src/tim.c ****   }
  96:Core/Src/tim.c ****   sClockSourceConfig.ClockSource = TIM_CLOCKSOURCE_INTERNAL;
  97:Core/Src/tim.c ****   if (HAL_TIM_ConfigClockSource(&htim3, &sClockSourceConfig) != HAL_OK)
  98:Core/Src/tim.c ****   {
  99:Core/Src/tim.c ****     Error_Handler();
 100:Core/Src/tim.c ****   }
 101:Core/Src/tim.c ****   if (HAL_TIM_PWM_Init(&htim3) != HAL_OK)
 102:Core/Src/tim.c ****   {
 103:Core/Src/tim.c ****     Error_Handler();
 104:Core/Src/tim.c ****   }
 105:Core/Src/tim.c ****   sMasterConfig.MasterOutputTrigger = TIM_TRGO_RESET;
 106:Core/Src/tim.c ****   sMasterConfig.MasterSlaveMode = TIM_MASTERSLAVEMODE_DISABLE;
 107:Core/Src/tim.c ****   if (HAL_TIMEx_MasterConfigSynchronization(&htim3, &sMasterConfig) != HAL_OK)
 108:Core/Src/tim.c ****   {
 109:Core/Src/tim.c ****     Error_Handler();
 110:Core/Src/tim.c ****   }
 111:Core/Src/tim.c ****   sConfigOC.OCMode = TIM_OCMODE_PWM1;
 112:Core/Src/tim.c ****   sConfigOC.Pulse = 500;
 113:Core/Src/tim.c ****   sConfigOC.OCPolarity = TIM_OCPOLARITY_HIGH;
 114:Core/Src/tim.c ****   sConfigOC.OCFastMode = TIM_OCFAST_DISABLE;
 115:Core/Src/tim.c ****   if (HAL_TIM_PWM_ConfigChannel(&htim3, &sConfigOC, TIM_CHANNEL_1) != HAL_OK)
 116:Core/Src/tim.c ****   {
 117:Core/Src/tim.c ****     Error_Handler();
 118:Core/Src/tim.c ****   }
 119:Core/Src/tim.c ****   /* USER CODE BEGIN TIM3_Init 2 */
 120:Core/Src/tim.c **** 
 121:Core/Src/tim.c ****   /* USER CODE END TIM3_Init 2 */
 122:Core/Src/tim.c ****   HAL_TIM_MspPostInit(&htim3);
 123:Core/Src/tim.c **** 
 124:Core/Src/tim.c **** }
 125:Core/Src/tim.c **** /* TIM8 init function */
 126:Core/Src/tim.c **** void MX_TIM8_Init(void)
 127:Core/Src/tim.c **** {
 152              		.loc 1 127 1 is_stmt 1 view -0
 153              		.cfi_startproc
 154              		@ args = 0, pretend = 0, frame = 24
 155              		@ frame_needed = 0, uses_anonymous_args = 0
 156 0000 00B5     		push	{lr}
 157              	.LCFI4:
 158              		.cfi_def_cfa_offset 4
ARM GAS  C:\Users\fish\AppData\Local\Temp\ccNDpHXa.s 			page 6


 159              		.cfi_offset 14, -4
 160 0002 87B0     		sub	sp, sp, #28
 161              	.LCFI5:
 162              		.cfi_def_cfa_offset 32
 128:Core/Src/tim.c **** 
 129:Core/Src/tim.c ****   /* USER CODE BEGIN TIM8_Init 0 */
 130:Core/Src/tim.c **** 
 131:Core/Src/tim.c ****   /* USER CODE END TIM8_Init 0 */
 132:Core/Src/tim.c **** 
 133:Core/Src/tim.c ****   TIM_ClockConfigTypeDef sClockSourceConfig = {0};
 163              		.loc 1 133 3 view .LVU38
 164              		.loc 1 133 26 is_stmt 0 view .LVU39
 165 0004 0023     		movs	r3, #0
 166 0006 0293     		str	r3, [sp, #8]
 167 0008 0393     		str	r3, [sp, #12]
 168 000a 0493     		str	r3, [sp, #16]
 169 000c 0593     		str	r3, [sp, #20]
 134:Core/Src/tim.c ****   TIM_MasterConfigTypeDef sMasterConfig = {0};
 170              		.loc 1 134 3 is_stmt 1 view .LVU40
 171              		.loc 1 134 27 is_stmt 0 view .LVU41
 172 000e 0093     		str	r3, [sp]
 173 0010 0193     		str	r3, [sp, #4]
 135:Core/Src/tim.c **** 
 136:Core/Src/tim.c ****   /* USER CODE BEGIN TIM8_Init 1 */
 137:Core/Src/tim.c **** 
 138:Core/Src/tim.c ****   /* USER CODE END TIM8_Init 1 */
 139:Core/Src/tim.c ****   htim8.Instance = TIM8;
 174              		.loc 1 139 3 is_stmt 1 view .LVU42
 175              		.loc 1 139 18 is_stmt 0 view .LVU43
 176 0012 1548     		ldr	r0, .L19
 177 0014 154A     		ldr	r2, .L19+4
 178 0016 0260     		str	r2, [r0]
 140:Core/Src/tim.c ****   htim8.Init.Prescaler = 168-1;
 179              		.loc 1 140 3 is_stmt 1 view .LVU44
 180              		.loc 1 140 24 is_stmt 0 view .LVU45
 181 0018 A722     		movs	r2, #167
 182 001a 4260     		str	r2, [r0, #4]
 141:Core/Src/tim.c ****   htim8.Init.CounterMode = TIM_COUNTERMODE_UP;
 183              		.loc 1 141 3 is_stmt 1 view .LVU46
 184              		.loc 1 141 26 is_stmt 0 view .LVU47
 185 001c 8360     		str	r3, [r0, #8]
 142:Core/Src/tim.c ****   htim8.Init.Period = 100-1;
 186              		.loc 1 142 3 is_stmt 1 view .LVU48
 187              		.loc 1 142 21 is_stmt 0 view .LVU49
 188 001e 6322     		movs	r2, #99
 189 0020 C260     		str	r2, [r0, #12]
 143:Core/Src/tim.c ****   htim8.Init.ClockDivision = TIM_CLOCKDIVISION_DIV1;
 190              		.loc 1 143 3 is_stmt 1 view .LVU50
 191              		.loc 1 143 28 is_stmt 0 view .LVU51
 192 0022 0361     		str	r3, [r0, #16]
 144:Core/Src/tim.c ****   htim8.Init.RepetitionCounter = 0;
 193              		.loc 1 144 3 is_stmt 1 view .LVU52
 194              		.loc 1 144 32 is_stmt 0 view .LVU53
 195 0024 4361     		str	r3, [r0, #20]
 145:Core/Src/tim.c ****   htim8.Init.AutoReloadPreload = TIM_AUTORELOAD_PRELOAD_ENABLE;
 196              		.loc 1 145 3 is_stmt 1 view .LVU54
 197              		.loc 1 145 32 is_stmt 0 view .LVU55
ARM GAS  C:\Users\fish\AppData\Local\Temp\ccNDpHXa.s 			page 7


 198 0026 8023     		movs	r3, #128
 199 0028 8361     		str	r3, [r0, #24]
 146:Core/Src/tim.c ****   if (HAL_TIM_Base_Init(&htim8) != HAL_OK)
 200              		.loc 1 146 3 is_stmt 1 view .LVU56
 201              		.loc 1 146 7 is_stmt 0 view .LVU57
 202 002a FFF7FEFF 		bl	HAL_TIM_Base_Init
 203              	.LVL6:
 204              		.loc 1 146 6 discriminator 1 view .LVU58
 205 002e 90B9     		cbnz	r0, .L16
 206              	.L12:
 147:Core/Src/tim.c ****   {
 148:Core/Src/tim.c ****     Error_Handler();
 149:Core/Src/tim.c ****   }
 150:Core/Src/tim.c ****   sClockSourceConfig.ClockSource = TIM_CLOCKSOURCE_INTERNAL;
 207              		.loc 1 150 3 is_stmt 1 view .LVU59
 208              		.loc 1 150 34 is_stmt 0 view .LVU60
 209 0030 4FF48053 		mov	r3, #4096
 210 0034 0293     		str	r3, [sp, #8]
 151:Core/Src/tim.c ****   if (HAL_TIM_ConfigClockSource(&htim8, &sClockSourceConfig) != HAL_OK)
 211              		.loc 1 151 3 is_stmt 1 view .LVU61
 212              		.loc 1 151 7 is_stmt 0 view .LVU62
 213 0036 02A9     		add	r1, sp, #8
 214 0038 0B48     		ldr	r0, .L19
 215 003a FFF7FEFF 		bl	HAL_TIM_ConfigClockSource
 216              	.LVL7:
 217              		.loc 1 151 6 discriminator 1 view .LVU63
 218 003e 68B9     		cbnz	r0, .L17
 219              	.L13:
 152:Core/Src/tim.c ****   {
 153:Core/Src/tim.c ****     Error_Handler();
 154:Core/Src/tim.c ****   }
 155:Core/Src/tim.c ****   sMasterConfig.MasterOutputTrigger = TIM_TRGO_RESET;
 220              		.loc 1 155 3 is_stmt 1 view .LVU64
 221              		.loc 1 155 37 is_stmt 0 view .LVU65
 222 0040 0023     		movs	r3, #0
 223 0042 0093     		str	r3, [sp]
 156:Core/Src/tim.c ****   sMasterConfig.MasterSlaveMode = TIM_MASTERSLAVEMODE_DISABLE;
 224              		.loc 1 156 3 is_stmt 1 view .LVU66
 225              		.loc 1 156 33 is_stmt 0 view .LVU67
 226 0044 0193     		str	r3, [sp, #4]
 157:Core/Src/tim.c ****   if (HAL_TIMEx_MasterConfigSynchronization(&htim8, &sMasterConfig) != HAL_OK)
 227              		.loc 1 157 3 is_stmt 1 view .LVU68
 228              		.loc 1 157 7 is_stmt 0 view .LVU69
 229 0046 6946     		mov	r1, sp
 230 0048 0748     		ldr	r0, .L19
 231 004a FFF7FEFF 		bl	HAL_TIMEx_MasterConfigSynchronization
 232              	.LVL8:
 233              		.loc 1 157 6 discriminator 1 view .LVU70
 234 004e 40B9     		cbnz	r0, .L18
 235              	.L11:
 158:Core/Src/tim.c ****   {
 159:Core/Src/tim.c ****     Error_Handler();
 160:Core/Src/tim.c ****   }
 161:Core/Src/tim.c ****   /* USER CODE BEGIN TIM8_Init 2 */
 162:Core/Src/tim.c **** 
 163:Core/Src/tim.c ****   /* USER CODE END TIM8_Init 2 */
 164:Core/Src/tim.c **** 
ARM GAS  C:\Users\fish\AppData\Local\Temp\ccNDpHXa.s 			page 8


 165:Core/Src/tim.c **** }
 236              		.loc 1 165 1 view .LVU71
 237 0050 07B0     		add	sp, sp, #28
 238              	.LCFI6:
 239              		.cfi_remember_state
 240              		.cfi_def_cfa_offset 4
 241              		@ sp needed
 242 0052 5DF804FB 		ldr	pc, [sp], #4
 243              	.L16:
 244              	.LCFI7:
 245              		.cfi_restore_state
 148:Core/Src/tim.c ****   }
 246              		.loc 1 148 5 is_stmt 1 view .LVU72
 247 0056 FFF7FEFF 		bl	Error_Handler
 248              	.LVL9:
 249 005a E9E7     		b	.L12
 250              	.L17:
 153:Core/Src/tim.c ****   }
 251              		.loc 1 153 5 view .LVU73
 252 005c FFF7FEFF 		bl	Error_Handler
 253              	.LVL10:
 254 0060 EEE7     		b	.L13
 255              	.L18:
 159:Core/Src/tim.c ****   }
 256              		.loc 1 159 5 view .LVU74
 257 0062 FFF7FEFF 		bl	Error_Handler
 258              	.LVL11:
 259              		.loc 1 165 1 is_stmt 0 view .LVU75
 260 0066 F3E7     		b	.L11
 261              	.L20:
 262              		.align	2
 263              	.L19:
 264 0068 00000000 		.word	htim8
 265 006c 00040140 		.word	1073808384
 266              		.cfi_endproc
 267              	.LFE241:
 269              		.section	.text.HAL_TIM_Base_MspInit,"ax",%progbits
 270              		.align	1
 271              		.global	HAL_TIM_Base_MspInit
 272              		.syntax unified
 273              		.thumb
 274              		.thumb_func
 276              	HAL_TIM_Base_MspInit:
 277              	.LVL12:
 278              	.LFB242:
 166:Core/Src/tim.c **** 
 167:Core/Src/tim.c **** void HAL_TIM_Base_MspInit(TIM_HandleTypeDef* tim_baseHandle)
 168:Core/Src/tim.c **** {
 279              		.loc 1 168 1 is_stmt 1 view -0
 280              		.cfi_startproc
 281              		@ args = 0, pretend = 0, frame = 16
 282              		@ frame_needed = 0, uses_anonymous_args = 0
 283              		.loc 1 168 1 is_stmt 0 view .LVU77
 284 0000 00B5     		push	{lr}
 285              	.LCFI8:
 286              		.cfi_def_cfa_offset 4
 287              		.cfi_offset 14, -4
ARM GAS  C:\Users\fish\AppData\Local\Temp\ccNDpHXa.s 			page 9


 288 0002 85B0     		sub	sp, sp, #20
 289              	.LCFI9:
 290              		.cfi_def_cfa_offset 24
 169:Core/Src/tim.c **** 
 170:Core/Src/tim.c ****   if(tim_baseHandle->Instance==TIM2)
 291              		.loc 1 170 3 is_stmt 1 view .LVU78
 292              		.loc 1 170 20 is_stmt 0 view .LVU79
 293 0004 0368     		ldr	r3, [r0]
 294              		.loc 1 170 5 view .LVU80
 295 0006 B3F1804F 		cmp	r3, #1073741824
 296 000a 08D0     		beq	.L26
 171:Core/Src/tim.c ****   {
 172:Core/Src/tim.c ****   /* USER CODE BEGIN TIM2_MspInit 0 */
 173:Core/Src/tim.c **** 
 174:Core/Src/tim.c ****   /* USER CODE END TIM2_MspInit 0 */
 175:Core/Src/tim.c ****     /* TIM2 clock enable */
 176:Core/Src/tim.c ****     __HAL_RCC_TIM2_CLK_ENABLE();
 177:Core/Src/tim.c ****   /* USER CODE BEGIN TIM2_MspInit 1 */
 178:Core/Src/tim.c **** 
 179:Core/Src/tim.c ****   /* USER CODE END TIM2_MspInit 1 */
 180:Core/Src/tim.c ****   }
 181:Core/Src/tim.c ****   else if(tim_baseHandle->Instance==TIM3)
 297              		.loc 1 181 8 is_stmt 1 view .LVU81
 298              		.loc 1 181 10 is_stmt 0 view .LVU82
 299 000c 1E4A     		ldr	r2, .L29
 300 000e 9342     		cmp	r3, r2
 301 0010 12D0     		beq	.L27
 182:Core/Src/tim.c ****   {
 183:Core/Src/tim.c ****   /* USER CODE BEGIN TIM3_MspInit 0 */
 184:Core/Src/tim.c **** 
 185:Core/Src/tim.c ****   /* USER CODE END TIM3_MspInit 0 */
 186:Core/Src/tim.c ****     /* TIM3 clock enable */
 187:Core/Src/tim.c ****     __HAL_RCC_TIM3_CLK_ENABLE();
 188:Core/Src/tim.c **** 
 189:Core/Src/tim.c ****     /* TIM3 interrupt Init */
 190:Core/Src/tim.c ****     HAL_NVIC_SetPriority(TIM3_IRQn, 5, 0);
 191:Core/Src/tim.c ****     HAL_NVIC_EnableIRQ(TIM3_IRQn);
 192:Core/Src/tim.c ****   /* USER CODE BEGIN TIM3_MspInit 1 */
 193:Core/Src/tim.c **** 
 194:Core/Src/tim.c ****   /* USER CODE END TIM3_MspInit 1 */
 195:Core/Src/tim.c ****   }
 196:Core/Src/tim.c ****   else if(tim_baseHandle->Instance==TIM8)
 302              		.loc 1 196 8 is_stmt 1 view .LVU83
 303              		.loc 1 196 10 is_stmt 0 view .LVU84
 304 0012 1E4A     		ldr	r2, .L29+4
 305 0014 9342     		cmp	r3, r2
 306 0016 23D0     		beq	.L28
 307              	.LVL13:
 308              	.L21:
 197:Core/Src/tim.c ****   {
 198:Core/Src/tim.c ****   /* USER CODE BEGIN TIM8_MspInit 0 */
 199:Core/Src/tim.c **** 
 200:Core/Src/tim.c ****   /* USER CODE END TIM8_MspInit 0 */
 201:Core/Src/tim.c ****     /* TIM8 clock enable */
 202:Core/Src/tim.c ****     __HAL_RCC_TIM8_CLK_ENABLE();
 203:Core/Src/tim.c **** 
 204:Core/Src/tim.c ****     /* TIM8 interrupt Init */
ARM GAS  C:\Users\fish\AppData\Local\Temp\ccNDpHXa.s 			page 10


 205:Core/Src/tim.c ****     HAL_NVIC_SetPriority(TIM8_UP_TIM13_IRQn, 5, 0);
 206:Core/Src/tim.c ****     HAL_NVIC_EnableIRQ(TIM8_UP_TIM13_IRQn);
 207:Core/Src/tim.c ****   /* USER CODE BEGIN TIM8_MspInit 1 */
 208:Core/Src/tim.c **** 
 209:Core/Src/tim.c ****   /* USER CODE END TIM8_MspInit 1 */
 210:Core/Src/tim.c ****   }
 211:Core/Src/tim.c **** }
 309              		.loc 1 211 1 view .LVU85
 310 0018 05B0     		add	sp, sp, #20
 311              	.LCFI10:
 312              		.cfi_remember_state
 313              		.cfi_def_cfa_offset 4
 314              		@ sp needed
 315 001a 5DF804FB 		ldr	pc, [sp], #4
 316              	.LVL14:
 317              	.L26:
 318              	.LCFI11:
 319              		.cfi_restore_state
 176:Core/Src/tim.c ****   /* USER CODE BEGIN TIM2_MspInit 1 */
 320              		.loc 1 176 5 is_stmt 1 view .LVU86
 321              	.LBB2:
 176:Core/Src/tim.c ****   /* USER CODE BEGIN TIM2_MspInit 1 */
 322              		.loc 1 176 5 view .LVU87
 323 001e 0023     		movs	r3, #0
 324 0020 0193     		str	r3, [sp, #4]
 176:Core/Src/tim.c ****   /* USER CODE BEGIN TIM2_MspInit 1 */
 325              		.loc 1 176 5 view .LVU88
 326 0022 1B4B     		ldr	r3, .L29+8
 327 0024 1A6C     		ldr	r2, [r3, #64]
 328 0026 42F00102 		orr	r2, r2, #1
 329 002a 1A64     		str	r2, [r3, #64]
 176:Core/Src/tim.c ****   /* USER CODE BEGIN TIM2_MspInit 1 */
 330              		.loc 1 176 5 view .LVU89
 331 002c 1B6C     		ldr	r3, [r3, #64]
 332 002e 03F00103 		and	r3, r3, #1
 333 0032 0193     		str	r3, [sp, #4]
 176:Core/Src/tim.c ****   /* USER CODE BEGIN TIM2_MspInit 1 */
 334              		.loc 1 176 5 view .LVU90
 335 0034 019B     		ldr	r3, [sp, #4]
 336              	.LBE2:
 176:Core/Src/tim.c ****   /* USER CODE BEGIN TIM2_MspInit 1 */
 337              		.loc 1 176 5 view .LVU91
 338 0036 EFE7     		b	.L21
 339              	.L27:
 187:Core/Src/tim.c **** 
 340              		.loc 1 187 5 view .LVU92
 341              	.LBB3:
 187:Core/Src/tim.c **** 
 342              		.loc 1 187 5 view .LVU93
 343 0038 0022     		movs	r2, #0
 344 003a 0292     		str	r2, [sp, #8]
 187:Core/Src/tim.c **** 
 345              		.loc 1 187 5 view .LVU94
 346 003c 144B     		ldr	r3, .L29+8
 347 003e 196C     		ldr	r1, [r3, #64]
 348 0040 41F00201 		orr	r1, r1, #2
 349 0044 1964     		str	r1, [r3, #64]
ARM GAS  C:\Users\fish\AppData\Local\Temp\ccNDpHXa.s 			page 11


 187:Core/Src/tim.c **** 
 350              		.loc 1 187 5 view .LVU95
 351 0046 1B6C     		ldr	r3, [r3, #64]
 352 0048 03F00203 		and	r3, r3, #2
 353 004c 0293     		str	r3, [sp, #8]
 187:Core/Src/tim.c **** 
 354              		.loc 1 187 5 view .LVU96
 355 004e 029B     		ldr	r3, [sp, #8]
 356              	.LBE3:
 187:Core/Src/tim.c **** 
 357              		.loc 1 187 5 view .LVU97
 190:Core/Src/tim.c ****     HAL_NVIC_EnableIRQ(TIM3_IRQn);
 358              		.loc 1 190 5 view .LVU98
 359 0050 0521     		movs	r1, #5
 360 0052 1D20     		movs	r0, #29
 361              	.LVL15:
 190:Core/Src/tim.c ****     HAL_NVIC_EnableIRQ(TIM3_IRQn);
 362              		.loc 1 190 5 is_stmt 0 view .LVU99
 363 0054 FFF7FEFF 		bl	HAL_NVIC_SetPriority
 364              	.LVL16:
 191:Core/Src/tim.c ****   /* USER CODE BEGIN TIM3_MspInit 1 */
 365              		.loc 1 191 5 is_stmt 1 view .LVU100
 366 0058 1D20     		movs	r0, #29
 367 005a FFF7FEFF 		bl	HAL_NVIC_EnableIRQ
 368              	.LVL17:
 369 005e DBE7     		b	.L21
 370              	.LVL18:
 371              	.L28:
 202:Core/Src/tim.c **** 
 372              		.loc 1 202 5 view .LVU101
 373              	.LBB4:
 202:Core/Src/tim.c **** 
 374              		.loc 1 202 5 view .LVU102
 375 0060 0022     		movs	r2, #0
 376 0062 0392     		str	r2, [sp, #12]
 202:Core/Src/tim.c **** 
 377              		.loc 1 202 5 view .LVU103
 378 0064 0A4B     		ldr	r3, .L29+8
 379 0066 596C     		ldr	r1, [r3, #68]
 380 0068 41F00201 		orr	r1, r1, #2
 381 006c 5964     		str	r1, [r3, #68]
 202:Core/Src/tim.c **** 
 382              		.loc 1 202 5 view .LVU104
 383 006e 5B6C     		ldr	r3, [r3, #68]
 384 0070 03F00203 		and	r3, r3, #2
 385 0074 0393     		str	r3, [sp, #12]
 202:Core/Src/tim.c **** 
 386              		.loc 1 202 5 view .LVU105
 387 0076 039B     		ldr	r3, [sp, #12]
 388              	.LBE4:
 202:Core/Src/tim.c **** 
 389              		.loc 1 202 5 view .LVU106
 205:Core/Src/tim.c ****     HAL_NVIC_EnableIRQ(TIM8_UP_TIM13_IRQn);
 390              		.loc 1 205 5 view .LVU107
 391 0078 0521     		movs	r1, #5
 392 007a 2C20     		movs	r0, #44
 393              	.LVL19:
ARM GAS  C:\Users\fish\AppData\Local\Temp\ccNDpHXa.s 			page 12


 205:Core/Src/tim.c ****     HAL_NVIC_EnableIRQ(TIM8_UP_TIM13_IRQn);
 394              		.loc 1 205 5 is_stmt 0 view .LVU108
 395 007c FFF7FEFF 		bl	HAL_NVIC_SetPriority
 396              	.LVL20:
 206:Core/Src/tim.c ****   /* USER CODE BEGIN TIM8_MspInit 1 */
 397              		.loc 1 206 5 is_stmt 1 view .LVU109
 398 0080 2C20     		movs	r0, #44
 399 0082 FFF7FEFF 		bl	HAL_NVIC_EnableIRQ
 400              	.LVL21:
 401              		.loc 1 211 1 is_stmt 0 view .LVU110
 402 0086 C7E7     		b	.L21
 403              	.L30:
 404              		.align	2
 405              	.L29:
 406 0088 00040040 		.word	1073742848
 407 008c 00040140 		.word	1073808384
 408 0090 00380240 		.word	1073887232
 409              		.cfi_endproc
 410              	.LFE242:
 412              		.section	.text.HAL_TIM_MspPostInit,"ax",%progbits
 413              		.align	1
 414              		.global	HAL_TIM_MspPostInit
 415              		.syntax unified
 416              		.thumb
 417              		.thumb_func
 419              	HAL_TIM_MspPostInit:
 420              	.LVL22:
 421              	.LFB243:
 212:Core/Src/tim.c **** void HAL_TIM_MspPostInit(TIM_HandleTypeDef* timHandle)
 213:Core/Src/tim.c **** {
 422              		.loc 1 213 1 is_stmt 1 view -0
 423              		.cfi_startproc
 424              		@ args = 0, pretend = 0, frame = 24
 425              		@ frame_needed = 0, uses_anonymous_args = 0
 426              		.loc 1 213 1 is_stmt 0 view .LVU112
 427 0000 00B5     		push	{lr}
 428              	.LCFI12:
 429              		.cfi_def_cfa_offset 4
 430              		.cfi_offset 14, -4
 431 0002 87B0     		sub	sp, sp, #28
 432              	.LCFI13:
 433              		.cfi_def_cfa_offset 32
 214:Core/Src/tim.c **** 
 215:Core/Src/tim.c ****   GPIO_InitTypeDef GPIO_InitStruct = {0};
 434              		.loc 1 215 3 is_stmt 1 view .LVU113
 435              		.loc 1 215 20 is_stmt 0 view .LVU114
 436 0004 0023     		movs	r3, #0
 437 0006 0193     		str	r3, [sp, #4]
 438 0008 0293     		str	r3, [sp, #8]
 439 000a 0393     		str	r3, [sp, #12]
 440 000c 0493     		str	r3, [sp, #16]
 441 000e 0593     		str	r3, [sp, #20]
 216:Core/Src/tim.c ****   if(timHandle->Instance==TIM3)
 442              		.loc 1 216 3 is_stmt 1 view .LVU115
 443              		.loc 1 216 15 is_stmt 0 view .LVU116
 444 0010 0268     		ldr	r2, [r0]
 445              		.loc 1 216 5 view .LVU117
ARM GAS  C:\Users\fish\AppData\Local\Temp\ccNDpHXa.s 			page 13


 446 0012 0E4B     		ldr	r3, .L35
 447 0014 9A42     		cmp	r2, r3
 448 0016 02D0     		beq	.L34
 449              	.LVL23:
 450              	.L31:
 217:Core/Src/tim.c ****   {
 218:Core/Src/tim.c ****   /* USER CODE BEGIN TIM3_MspPostInit 0 */
 219:Core/Src/tim.c **** 
 220:Core/Src/tim.c ****   /* USER CODE END TIM3_MspPostInit 0 */
 221:Core/Src/tim.c **** 
 222:Core/Src/tim.c ****     __HAL_RCC_GPIOB_CLK_ENABLE();
 223:Core/Src/tim.c ****     /**TIM3 GPIO Configuration
 224:Core/Src/tim.c ****     PB4     ------> TIM3_CH1
 225:Core/Src/tim.c ****     */
 226:Core/Src/tim.c ****     GPIO_InitStruct.Pin = BEEP_Pin;
 227:Core/Src/tim.c ****     GPIO_InitStruct.Mode = GPIO_MODE_AF_PP;
 228:Core/Src/tim.c ****     GPIO_InitStruct.Pull = GPIO_NOPULL;
 229:Core/Src/tim.c ****     GPIO_InitStruct.Speed = GPIO_SPEED_FREQ_LOW;
 230:Core/Src/tim.c ****     GPIO_InitStruct.Alternate = GPIO_AF2_TIM3;
 231:Core/Src/tim.c ****     HAL_GPIO_Init(BEEP_GPIO_Port, &GPIO_InitStruct);
 232:Core/Src/tim.c **** 
 233:Core/Src/tim.c ****   /* USER CODE BEGIN TIM3_MspPostInit 1 */
 234:Core/Src/tim.c **** 
 235:Core/Src/tim.c ****   /* USER CODE END TIM3_MspPostInit 1 */
 236:Core/Src/tim.c ****   }
 237:Core/Src/tim.c **** 
 238:Core/Src/tim.c **** }
 451              		.loc 1 238 1 view .LVU118
 452 0018 07B0     		add	sp, sp, #28
 453              	.LCFI14:
 454              		.cfi_remember_state
 455              		.cfi_def_cfa_offset 4
 456              		@ sp needed
 457 001a 5DF804FB 		ldr	pc, [sp], #4
 458              	.LVL24:
 459              	.L34:
 460              	.LCFI15:
 461              		.cfi_restore_state
 222:Core/Src/tim.c ****     /**TIM3 GPIO Configuration
 462              		.loc 1 222 5 is_stmt 1 view .LVU119
 463              	.LBB5:
 222:Core/Src/tim.c ****     /**TIM3 GPIO Configuration
 464              		.loc 1 222 5 view .LVU120
 465 001e 0023     		movs	r3, #0
 466 0020 0093     		str	r3, [sp]
 222:Core/Src/tim.c ****     /**TIM3 GPIO Configuration
 467              		.loc 1 222 5 view .LVU121
 468 0022 0B4B     		ldr	r3, .L35+4
 469 0024 1A6B     		ldr	r2, [r3, #48]
 470 0026 42F00202 		orr	r2, r2, #2
 471 002a 1A63     		str	r2, [r3, #48]
 222:Core/Src/tim.c ****     /**TIM3 GPIO Configuration
 472              		.loc 1 222 5 view .LVU122
 473 002c 1B6B     		ldr	r3, [r3, #48]
 474 002e 03F00203 		and	r3, r3, #2
 475 0032 0093     		str	r3, [sp]
 222:Core/Src/tim.c ****     /**TIM3 GPIO Configuration
ARM GAS  C:\Users\fish\AppData\Local\Temp\ccNDpHXa.s 			page 14


 476              		.loc 1 222 5 view .LVU123
 477 0034 009B     		ldr	r3, [sp]
 478              	.LBE5:
 222:Core/Src/tim.c ****     /**TIM3 GPIO Configuration
 479              		.loc 1 222 5 view .LVU124
 226:Core/Src/tim.c ****     GPIO_InitStruct.Mode = GPIO_MODE_AF_PP;
 480              		.loc 1 226 5 view .LVU125
 226:Core/Src/tim.c ****     GPIO_InitStruct.Mode = GPIO_MODE_AF_PP;
 481              		.loc 1 226 25 is_stmt 0 view .LVU126
 482 0036 1023     		movs	r3, #16
 483 0038 0193     		str	r3, [sp, #4]
 227:Core/Src/tim.c ****     GPIO_InitStruct.Pull = GPIO_NOPULL;
 484              		.loc 1 227 5 is_stmt 1 view .LVU127
 227:Core/Src/tim.c ****     GPIO_InitStruct.Pull = GPIO_NOPULL;
 485              		.loc 1 227 26 is_stmt 0 view .LVU128
 486 003a 0223     		movs	r3, #2
 487 003c 0293     		str	r3, [sp, #8]
 228:Core/Src/tim.c ****     GPIO_InitStruct.Speed = GPIO_SPEED_FREQ_LOW;
 488              		.loc 1 228 5 is_stmt 1 view .LVU129
 229:Core/Src/tim.c ****     GPIO_InitStruct.Alternate = GPIO_AF2_TIM3;
 489              		.loc 1 229 5 view .LVU130
 230:Core/Src/tim.c ****     HAL_GPIO_Init(BEEP_GPIO_Port, &GPIO_InitStruct);
 490              		.loc 1 230 5 view .LVU131
 230:Core/Src/tim.c ****     HAL_GPIO_Init(BEEP_GPIO_Port, &GPIO_InitStruct);
 491              		.loc 1 230 31 is_stmt 0 view .LVU132
 492 003e 0593     		str	r3, [sp, #20]
 231:Core/Src/tim.c **** 
 493              		.loc 1 231 5 is_stmt 1 view .LVU133
 494 0040 01A9     		add	r1, sp, #4
 495 0042 0448     		ldr	r0, .L35+8
 496              	.LVL25:
 231:Core/Src/tim.c **** 
 497              		.loc 1 231 5 is_stmt 0 view .LVU134
 498 0044 FFF7FEFF 		bl	HAL_GPIO_Init
 499              	.LVL26:
 500              		.loc 1 238 1 view .LVU135
 501 0048 E6E7     		b	.L31
 502              	.L36:
 503 004a 00BF     		.align	2
 504              	.L35:
 505 004c 00040040 		.word	1073742848
 506 0050 00380240 		.word	1073887232
 507 0054 00040240 		.word	1073873920
 508              		.cfi_endproc
 509              	.LFE243:
 511              		.section	.text.MX_TIM3_Init,"ax",%progbits
 512              		.align	1
 513              		.global	MX_TIM3_Init
 514              		.syntax unified
 515              		.thumb
 516              		.thumb_func
 518              	MX_TIM3_Init:
 519              	.LFB240:
  73:Core/Src/tim.c **** 
 520              		.loc 1 73 1 is_stmt 1 view -0
 521              		.cfi_startproc
 522              		@ args = 0, pretend = 0, frame = 56
ARM GAS  C:\Users\fish\AppData\Local\Temp\ccNDpHXa.s 			page 15


 523              		@ frame_needed = 0, uses_anonymous_args = 0
 524 0000 00B5     		push	{lr}
 525              	.LCFI16:
 526              		.cfi_def_cfa_offset 4
 527              		.cfi_offset 14, -4
 528 0002 8FB0     		sub	sp, sp, #60
 529              	.LCFI17:
 530              		.cfi_def_cfa_offset 64
  79:Core/Src/tim.c ****   TIM_MasterConfigTypeDef sMasterConfig = {0};
 531              		.loc 1 79 3 view .LVU137
  79:Core/Src/tim.c ****   TIM_MasterConfigTypeDef sMasterConfig = {0};
 532              		.loc 1 79 26 is_stmt 0 view .LVU138
 533 0004 0023     		movs	r3, #0
 534 0006 0A93     		str	r3, [sp, #40]
 535 0008 0B93     		str	r3, [sp, #44]
 536 000a 0C93     		str	r3, [sp, #48]
 537 000c 0D93     		str	r3, [sp, #52]
  80:Core/Src/tim.c ****   TIM_OC_InitTypeDef sConfigOC = {0};
 538              		.loc 1 80 3 is_stmt 1 view .LVU139
  80:Core/Src/tim.c ****   TIM_OC_InitTypeDef sConfigOC = {0};
 539              		.loc 1 80 27 is_stmt 0 view .LVU140
 540 000e 0893     		str	r3, [sp, #32]
 541 0010 0993     		str	r3, [sp, #36]
  81:Core/Src/tim.c **** 
 542              		.loc 1 81 3 is_stmt 1 view .LVU141
  81:Core/Src/tim.c **** 
 543              		.loc 1 81 22 is_stmt 0 view .LVU142
 544 0012 0193     		str	r3, [sp, #4]
 545 0014 0293     		str	r3, [sp, #8]
 546 0016 0393     		str	r3, [sp, #12]
 547 0018 0493     		str	r3, [sp, #16]
 548 001a 0593     		str	r3, [sp, #20]
 549 001c 0693     		str	r3, [sp, #24]
 550 001e 0793     		str	r3, [sp, #28]
  86:Core/Src/tim.c ****   htim3.Init.Prescaler = 84-1;
 551              		.loc 1 86 3 is_stmt 1 view .LVU143
  86:Core/Src/tim.c ****   htim3.Init.Prescaler = 84-1;
 552              		.loc 1 86 18 is_stmt 0 view .LVU144
 553 0020 2248     		ldr	r0, .L49
 554 0022 234A     		ldr	r2, .L49+4
 555 0024 0260     		str	r2, [r0]
  87:Core/Src/tim.c ****   htim3.Init.CounterMode = TIM_COUNTERMODE_UP;
 556              		.loc 1 87 3 is_stmt 1 view .LVU145
  87:Core/Src/tim.c ****   htim3.Init.CounterMode = TIM_COUNTERMODE_UP;
 557              		.loc 1 87 24 is_stmt 0 view .LVU146
 558 0026 5322     		movs	r2, #83
 559 0028 4260     		str	r2, [r0, #4]
  88:Core/Src/tim.c ****   htim3.Init.Period = 1000-1;
 560              		.loc 1 88 3 is_stmt 1 view .LVU147
  88:Core/Src/tim.c ****   htim3.Init.Period = 1000-1;
 561              		.loc 1 88 26 is_stmt 0 view .LVU148
 562 002a 8360     		str	r3, [r0, #8]
  89:Core/Src/tim.c ****   htim3.Init.ClockDivision = TIM_CLOCKDIVISION_DIV1;
 563              		.loc 1 89 3 is_stmt 1 view .LVU149
  89:Core/Src/tim.c ****   htim3.Init.ClockDivision = TIM_CLOCKDIVISION_DIV1;
 564              		.loc 1 89 21 is_stmt 0 view .LVU150
 565 002c 40F2E732 		movw	r2, #999
ARM GAS  C:\Users\fish\AppData\Local\Temp\ccNDpHXa.s 			page 16


 566 0030 C260     		str	r2, [r0, #12]
  90:Core/Src/tim.c ****   htim3.Init.AutoReloadPreload = TIM_AUTORELOAD_PRELOAD_ENABLE;
 567              		.loc 1 90 3 is_stmt 1 view .LVU151
  90:Core/Src/tim.c ****   htim3.Init.AutoReloadPreload = TIM_AUTORELOAD_PRELOAD_ENABLE;
 568              		.loc 1 90 28 is_stmt 0 view .LVU152
 569 0032 0361     		str	r3, [r0, #16]
  91:Core/Src/tim.c ****   if (HAL_TIM_Base_Init(&htim3) != HAL_OK)
 570              		.loc 1 91 3 is_stmt 1 view .LVU153
  91:Core/Src/tim.c ****   if (HAL_TIM_Base_Init(&htim3) != HAL_OK)
 571              		.loc 1 91 32 is_stmt 0 view .LVU154
 572 0034 8023     		movs	r3, #128
 573 0036 8361     		str	r3, [r0, #24]
  92:Core/Src/tim.c ****   {
 574              		.loc 1 92 3 is_stmt 1 view .LVU155
  92:Core/Src/tim.c ****   {
 575              		.loc 1 92 7 is_stmt 0 view .LVU156
 576 0038 FFF7FEFF 		bl	HAL_TIM_Base_Init
 577              	.LVL27:
  92:Core/Src/tim.c ****   {
 578              		.loc 1 92 6 discriminator 1 view .LVU157
 579 003c 30BB     		cbnz	r0, .L44
 580              	.L38:
  96:Core/Src/tim.c ****   if (HAL_TIM_ConfigClockSource(&htim3, &sClockSourceConfig) != HAL_OK)
 581              		.loc 1 96 3 is_stmt 1 view .LVU158
  96:Core/Src/tim.c ****   if (HAL_TIM_ConfigClockSource(&htim3, &sClockSourceConfig) != HAL_OK)
 582              		.loc 1 96 34 is_stmt 0 view .LVU159
 583 003e 4FF48053 		mov	r3, #4096
 584 0042 0A93     		str	r3, [sp, #40]
  97:Core/Src/tim.c ****   {
 585              		.loc 1 97 3 is_stmt 1 view .LVU160
  97:Core/Src/tim.c ****   {
 586              		.loc 1 97 7 is_stmt 0 view .LVU161
 587 0044 0AA9     		add	r1, sp, #40
 588 0046 1948     		ldr	r0, .L49
 589 0048 FFF7FEFF 		bl	HAL_TIM_ConfigClockSource
 590              	.LVL28:
  97:Core/Src/tim.c ****   {
 591              		.loc 1 97 6 discriminator 1 view .LVU162
 592 004c 08BB     		cbnz	r0, .L45
 593              	.L39:
 101:Core/Src/tim.c ****   {
 594              		.loc 1 101 3 is_stmt 1 view .LVU163
 101:Core/Src/tim.c ****   {
 595              		.loc 1 101 7 is_stmt 0 view .LVU164
 596 004e 1748     		ldr	r0, .L49
 597 0050 FFF7FEFF 		bl	HAL_TIM_PWM_Init
 598              	.LVL29:
 101:Core/Src/tim.c ****   {
 599              		.loc 1 101 6 discriminator 1 view .LVU165
 600 0054 00BB     		cbnz	r0, .L46
 601              	.L40:
 105:Core/Src/tim.c ****   sMasterConfig.MasterSlaveMode = TIM_MASTERSLAVEMODE_DISABLE;
 602              		.loc 1 105 3 is_stmt 1 view .LVU166
 105:Core/Src/tim.c ****   sMasterConfig.MasterSlaveMode = TIM_MASTERSLAVEMODE_DISABLE;
 603              		.loc 1 105 37 is_stmt 0 view .LVU167
 604 0056 0023     		movs	r3, #0
 605 0058 0893     		str	r3, [sp, #32]
ARM GAS  C:\Users\fish\AppData\Local\Temp\ccNDpHXa.s 			page 17


 106:Core/Src/tim.c ****   if (HAL_TIMEx_MasterConfigSynchronization(&htim3, &sMasterConfig) != HAL_OK)
 606              		.loc 1 106 3 is_stmt 1 view .LVU168
 106:Core/Src/tim.c ****   if (HAL_TIMEx_MasterConfigSynchronization(&htim3, &sMasterConfig) != HAL_OK)
 607              		.loc 1 106 33 is_stmt 0 view .LVU169
 608 005a 0993     		str	r3, [sp, #36]
 107:Core/Src/tim.c ****   {
 609              		.loc 1 107 3 is_stmt 1 view .LVU170
 107:Core/Src/tim.c ****   {
 610              		.loc 1 107 7 is_stmt 0 view .LVU171
 611 005c 08A9     		add	r1, sp, #32
 612 005e 1348     		ldr	r0, .L49
 613 0060 FFF7FEFF 		bl	HAL_TIMEx_MasterConfigSynchronization
 614              	.LVL30:
 107:Core/Src/tim.c ****   {
 615              		.loc 1 107 6 discriminator 1 view .LVU172
 616 0064 D8B9     		cbnz	r0, .L47
 617              	.L41:
 111:Core/Src/tim.c ****   sConfigOC.Pulse = 500;
 618              		.loc 1 111 3 is_stmt 1 view .LVU173
 111:Core/Src/tim.c ****   sConfigOC.Pulse = 500;
 619              		.loc 1 111 20 is_stmt 0 view .LVU174
 620 0066 6023     		movs	r3, #96
 621 0068 0193     		str	r3, [sp, #4]
 112:Core/Src/tim.c ****   sConfigOC.OCPolarity = TIM_OCPOLARITY_HIGH;
 622              		.loc 1 112 3 is_stmt 1 view .LVU175
 112:Core/Src/tim.c ****   sConfigOC.OCPolarity = TIM_OCPOLARITY_HIGH;
 623              		.loc 1 112 19 is_stmt 0 view .LVU176
 624 006a 4FF4FA73 		mov	r3, #500
 625 006e 0293     		str	r3, [sp, #8]
 113:Core/Src/tim.c ****   sConfigOC.OCFastMode = TIM_OCFAST_DISABLE;
 626              		.loc 1 113 3 is_stmt 1 view .LVU177
 113:Core/Src/tim.c ****   sConfigOC.OCFastMode = TIM_OCFAST_DISABLE;
 627              		.loc 1 113 24 is_stmt 0 view .LVU178
 628 0070 0022     		movs	r2, #0
 629 0072 0392     		str	r2, [sp, #12]
 114:Core/Src/tim.c ****   if (HAL_TIM_PWM_ConfigChannel(&htim3, &sConfigOC, TIM_CHANNEL_1) != HAL_OK)
 630              		.loc 1 114 3 is_stmt 1 view .LVU179
 114:Core/Src/tim.c ****   if (HAL_TIM_PWM_ConfigChannel(&htim3, &sConfigOC, TIM_CHANNEL_1) != HAL_OK)
 631              		.loc 1 114 24 is_stmt 0 view .LVU180
 632 0074 0592     		str	r2, [sp, #20]
 115:Core/Src/tim.c ****   {
 633              		.loc 1 115 3 is_stmt 1 view .LVU181
 115:Core/Src/tim.c ****   {
 634              		.loc 1 115 7 is_stmt 0 view .LVU182
 635 0076 01A9     		add	r1, sp, #4
 636 0078 0C48     		ldr	r0, .L49
 637 007a FFF7FEFF 		bl	HAL_TIM_PWM_ConfigChannel
 638              	.LVL31:
 115:Core/Src/tim.c ****   {
 639              		.loc 1 115 6 discriminator 1 view .LVU183
 640 007e 88B9     		cbnz	r0, .L48
 641              	.L42:
 122:Core/Src/tim.c **** 
 642              		.loc 1 122 3 is_stmt 1 view .LVU184
 643 0080 0A48     		ldr	r0, .L49
 644 0082 FFF7FEFF 		bl	HAL_TIM_MspPostInit
 645              	.LVL32:
ARM GAS  C:\Users\fish\AppData\Local\Temp\ccNDpHXa.s 			page 18


 124:Core/Src/tim.c **** /* TIM8 init function */
 646              		.loc 1 124 1 is_stmt 0 view .LVU185
 647 0086 0FB0     		add	sp, sp, #60
 648              	.LCFI18:
 649              		.cfi_remember_state
 650              		.cfi_def_cfa_offset 4
 651              		@ sp needed
 652 0088 5DF804FB 		ldr	pc, [sp], #4
 653              	.L44:
 654              	.LCFI19:
 655              		.cfi_restore_state
  94:Core/Src/tim.c ****   }
 656              		.loc 1 94 5 is_stmt 1 view .LVU186
 657 008c FFF7FEFF 		bl	Error_Handler
 658              	.LVL33:
 659 0090 D5E7     		b	.L38
 660              	.L45:
  99:Core/Src/tim.c ****   }
 661              		.loc 1 99 5 view .LVU187
 662 0092 FFF7FEFF 		bl	Error_Handler
 663              	.LVL34:
 664 0096 DAE7     		b	.L39
 665              	.L46:
 103:Core/Src/tim.c ****   }
 666              		.loc 1 103 5 view .LVU188
 667 0098 FFF7FEFF 		bl	Error_Handler
 668              	.LVL35:
 669 009c DBE7     		b	.L40
 670              	.L47:
 109:Core/Src/tim.c ****   }
 671              		.loc 1 109 5 view .LVU189
 672 009e FFF7FEFF 		bl	Error_Handler
 673              	.LVL36:
 674 00a2 E0E7     		b	.L41
 675              	.L48:
 117:Core/Src/tim.c ****   }
 676              		.loc 1 117 5 view .LVU190
 677 00a4 FFF7FEFF 		bl	Error_Handler
 678              	.LVL37:
 679 00a8 EAE7     		b	.L42
 680              	.L50:
 681 00aa 00BF     		.align	2
 682              	.L49:
 683 00ac 00000000 		.word	htim3
 684 00b0 00040040 		.word	1073742848
 685              		.cfi_endproc
 686              	.LFE240:
 688              		.section	.text.HAL_TIM_Base_MspDeInit,"ax",%progbits
 689              		.align	1
 690              		.global	HAL_TIM_Base_MspDeInit
 691              		.syntax unified
 692              		.thumb
 693              		.thumb_func
 695              	HAL_TIM_Base_MspDeInit:
 696              	.LVL38:
 697              	.LFB244:
 239:Core/Src/tim.c **** 
ARM GAS  C:\Users\fish\AppData\Local\Temp\ccNDpHXa.s 			page 19


 240:Core/Src/tim.c **** void HAL_TIM_Base_MspDeInit(TIM_HandleTypeDef* tim_baseHandle)
 241:Core/Src/tim.c **** {
 698              		.loc 1 241 1 view -0
 699              		.cfi_startproc
 700              		@ args = 0, pretend = 0, frame = 0
 701              		@ frame_needed = 0, uses_anonymous_args = 0
 702              		.loc 1 241 1 is_stmt 0 view .LVU192
 703 0000 08B5     		push	{r3, lr}
 704              	.LCFI20:
 705              		.cfi_def_cfa_offset 8
 706              		.cfi_offset 3, -8
 707              		.cfi_offset 14, -4
 242:Core/Src/tim.c **** 
 243:Core/Src/tim.c ****   if(tim_baseHandle->Instance==TIM2)
 708              		.loc 1 243 3 is_stmt 1 view .LVU193
 709              		.loc 1 243 20 is_stmt 0 view .LVU194
 710 0002 0368     		ldr	r3, [r0]
 711              		.loc 1 243 5 view .LVU195
 712 0004 B3F1804F 		cmp	r3, #1073741824
 713 0008 06D0     		beq	.L56
 244:Core/Src/tim.c ****   {
 245:Core/Src/tim.c ****   /* USER CODE BEGIN TIM2_MspDeInit 0 */
 246:Core/Src/tim.c **** 
 247:Core/Src/tim.c ****   /* USER CODE END TIM2_MspDeInit 0 */
 248:Core/Src/tim.c ****     /* Peripheral clock disable */
 249:Core/Src/tim.c ****     __HAL_RCC_TIM2_CLK_DISABLE();
 250:Core/Src/tim.c ****   /* USER CODE BEGIN TIM2_MspDeInit 1 */
 251:Core/Src/tim.c **** 
 252:Core/Src/tim.c ****   /* USER CODE END TIM2_MspDeInit 1 */
 253:Core/Src/tim.c ****   }
 254:Core/Src/tim.c ****   else if(tim_baseHandle->Instance==TIM3)
 714              		.loc 1 254 8 is_stmt 1 view .LVU196
 715              		.loc 1 254 10 is_stmt 0 view .LVU197
 716 000a 104A     		ldr	r2, .L59
 717 000c 9342     		cmp	r3, r2
 718 000e 09D0     		beq	.L57
 255:Core/Src/tim.c ****   {
 256:Core/Src/tim.c ****   /* USER CODE BEGIN TIM3_MspDeInit 0 */
 257:Core/Src/tim.c **** 
 258:Core/Src/tim.c ****   /* USER CODE END TIM3_MspDeInit 0 */
 259:Core/Src/tim.c ****     /* Peripheral clock disable */
 260:Core/Src/tim.c ****     __HAL_RCC_TIM3_CLK_DISABLE();
 261:Core/Src/tim.c **** 
 262:Core/Src/tim.c ****     /* TIM3 interrupt Deinit */
 263:Core/Src/tim.c ****     HAL_NVIC_DisableIRQ(TIM3_IRQn);
 264:Core/Src/tim.c ****   /* USER CODE BEGIN TIM3_MspDeInit 1 */
 265:Core/Src/tim.c **** 
 266:Core/Src/tim.c ****   /* USER CODE END TIM3_MspDeInit 1 */
 267:Core/Src/tim.c ****   }
 268:Core/Src/tim.c ****   else if(tim_baseHandle->Instance==TIM8)
 719              		.loc 1 268 8 is_stmt 1 view .LVU198
 720              		.loc 1 268 10 is_stmt 0 view .LVU199
 721 0010 0F4A     		ldr	r2, .L59+4
 722 0012 9342     		cmp	r3, r2
 723 0014 10D0     		beq	.L58
 724              	.LVL39:
 725              	.L51:
ARM GAS  C:\Users\fish\AppData\Local\Temp\ccNDpHXa.s 			page 20


 269:Core/Src/tim.c ****   {
 270:Core/Src/tim.c ****   /* USER CODE BEGIN TIM8_MspDeInit 0 */
 271:Core/Src/tim.c **** 
 272:Core/Src/tim.c ****   /* USER CODE END TIM8_MspDeInit 0 */
 273:Core/Src/tim.c ****     /* Peripheral clock disable */
 274:Core/Src/tim.c ****     __HAL_RCC_TIM8_CLK_DISABLE();
 275:Core/Src/tim.c **** 
 276:Core/Src/tim.c ****     /* TIM8 interrupt Deinit */
 277:Core/Src/tim.c ****     HAL_NVIC_DisableIRQ(TIM8_UP_TIM13_IRQn);
 278:Core/Src/tim.c ****   /* USER CODE BEGIN TIM8_MspDeInit 1 */
 279:Core/Src/tim.c **** 
 280:Core/Src/tim.c ****   /* USER CODE END TIM8_MspDeInit 1 */
 281:Core/Src/tim.c ****   }
 282:Core/Src/tim.c **** }
 726              		.loc 1 282 1 view .LVU200
 727 0016 08BD     		pop	{r3, pc}
 728              	.LVL40:
 729              	.L56:
 249:Core/Src/tim.c ****   /* USER CODE BEGIN TIM2_MspDeInit 1 */
 730              		.loc 1 249 5 is_stmt 1 view .LVU201
 731 0018 0E4A     		ldr	r2, .L59+8
 732 001a 136C     		ldr	r3, [r2, #64]
 733 001c 23F00103 		bic	r3, r3, #1
 734 0020 1364     		str	r3, [r2, #64]
 735 0022 F8E7     		b	.L51
 736              	.L57:
 260:Core/Src/tim.c **** 
 737              		.loc 1 260 5 view .LVU202
 738 0024 02F50D32 		add	r2, r2, #144384
 739 0028 136C     		ldr	r3, [r2, #64]
 740 002a 23F00203 		bic	r3, r3, #2
 741 002e 1364     		str	r3, [r2, #64]
 263:Core/Src/tim.c ****   /* USER CODE BEGIN TIM3_MspDeInit 1 */
 742              		.loc 1 263 5 view .LVU203
 743 0030 1D20     		movs	r0, #29
 744              	.LVL41:
 263:Core/Src/tim.c ****   /* USER CODE BEGIN TIM3_MspDeInit 1 */
 745              		.loc 1 263 5 is_stmt 0 view .LVU204
 746 0032 FFF7FEFF 		bl	HAL_NVIC_DisableIRQ
 747              	.LVL42:
 748 0036 EEE7     		b	.L51
 749              	.LVL43:
 750              	.L58:
 274:Core/Src/tim.c **** 
 751              		.loc 1 274 5 is_stmt 1 view .LVU205
 752 0038 02F59A32 		add	r2, r2, #78848
 753 003c 536C     		ldr	r3, [r2, #68]
 754 003e 23F00203 		bic	r3, r3, #2
 755 0042 5364     		str	r3, [r2, #68]
 277:Core/Src/tim.c ****   /* USER CODE BEGIN TIM8_MspDeInit 1 */
 756              		.loc 1 277 5 view .LVU206
 757 0044 2C20     		movs	r0, #44
 758              	.LVL44:
 277:Core/Src/tim.c ****   /* USER CODE BEGIN TIM8_MspDeInit 1 */
 759              		.loc 1 277 5 is_stmt 0 view .LVU207
 760 0046 FFF7FEFF 		bl	HAL_NVIC_DisableIRQ
 761              	.LVL45:
ARM GAS  C:\Users\fish\AppData\Local\Temp\ccNDpHXa.s 			page 21


 762              		.loc 1 282 1 view .LVU208
 763 004a E4E7     		b	.L51
 764              	.L60:
 765              		.align	2
 766              	.L59:
 767 004c 00040040 		.word	1073742848
 768 0050 00040140 		.word	1073808384
 769 0054 00380240 		.word	1073887232
 770              		.cfi_endproc
 771              	.LFE244:
 773              		.global	htim8
 774              		.section	.bss.htim8,"aw",%nobits
 775              		.align	2
 778              	htim8:
 779 0000 00000000 		.space	72
 779      00000000 
 779      00000000 
 779      00000000 
 779      00000000 
 780              		.global	htim3
 781              		.section	.bss.htim3,"aw",%nobits
 782              		.align	2
 785              	htim3:
 786 0000 00000000 		.space	72
 786      00000000 
 786      00000000 
 786      00000000 
 786      00000000 
 787              		.global	htim2
 788              		.section	.bss.htim2,"aw",%nobits
 789              		.align	2
 792              	htim2:
 793 0000 00000000 		.space	72
 793      00000000 
 793      00000000 
 793      00000000 
 793      00000000 
 794              		.text
 795              	.Letext0:
 796              		.file 2 "Drivers/CMSIS/Device/ST/STM32F4xx/Include/stm32f407xx.h"
 797              		.file 3 "C:/STM32/arm-none-eabi-gcc/14.2.1-1.1.1/.content/arm-none-eabi/include/machine/_default_t
 798              		.file 4 "C:/STM32/arm-none-eabi-gcc/14.2.1-1.1.1/.content/arm-none-eabi/include/sys/_stdint.h"
 799              		.file 5 "Drivers/STM32F4xx_HAL_Driver/Inc/stm32f4xx_hal_def.h"
 800              		.file 6 "Drivers/STM32F4xx_HAL_Driver/Inc/stm32f4xx_hal_gpio.h"
 801              		.file 7 "Drivers/STM32F4xx_HAL_Driver/Inc/stm32f4xx_hal_dma.h"
 802              		.file 8 "Drivers/STM32F4xx_HAL_Driver/Inc/stm32f4xx_hal_tim.h"
 803              		.file 9 "Core/Inc/tim.h"
 804              		.file 10 "Drivers/STM32F4xx_HAL_Driver/Inc/stm32f4xx_hal_cortex.h"
 805              		.file 11 "Drivers/STM32F4xx_HAL_Driver/Inc/stm32f4xx_hal_tim_ex.h"
 806              		.file 12 "Core/Inc/main.h"
ARM GAS  C:\Users\fish\AppData\Local\Temp\ccNDpHXa.s 			page 22


DEFINED SYMBOLS
                            *ABS*:00000000 tim.c
C:\Users\fish\AppData\Local\Temp\ccNDpHXa.s:21     .text.MX_TIM2_Init:00000000 $t
C:\Users\fish\AppData\Local\Temp\ccNDpHXa.s:27     .text.MX_TIM2_Init:00000000 MX_TIM2_Init
C:\Users\fish\AppData\Local\Temp\ccNDpHXa.s:139    .text.MX_TIM2_Init:0000006c $d
C:\Users\fish\AppData\Local\Temp\ccNDpHXa.s:792    .bss.htim2:00000000 htim2
C:\Users\fish\AppData\Local\Temp\ccNDpHXa.s:144    .text.MX_TIM8_Init:00000000 $t
C:\Users\fish\AppData\Local\Temp\ccNDpHXa.s:150    .text.MX_TIM8_Init:00000000 MX_TIM8_Init
C:\Users\fish\AppData\Local\Temp\ccNDpHXa.s:264    .text.MX_TIM8_Init:00000068 $d
C:\Users\fish\AppData\Local\Temp\ccNDpHXa.s:778    .bss.htim8:00000000 htim8
C:\Users\fish\AppData\Local\Temp\ccNDpHXa.s:270    .text.HAL_TIM_Base_MspInit:00000000 $t
C:\Users\fish\AppData\Local\Temp\ccNDpHXa.s:276    .text.HAL_TIM_Base_MspInit:00000000 HAL_TIM_Base_MspInit
C:\Users\fish\AppData\Local\Temp\ccNDpHXa.s:406    .text.HAL_TIM_Base_MspInit:00000088 $d
C:\Users\fish\AppData\Local\Temp\ccNDpHXa.s:413    .text.HAL_TIM_MspPostInit:00000000 $t
C:\Users\fish\AppData\Local\Temp\ccNDpHXa.s:419    .text.HAL_TIM_MspPostInit:00000000 HAL_TIM_MspPostInit
C:\Users\fish\AppData\Local\Temp\ccNDpHXa.s:505    .text.HAL_TIM_MspPostInit:0000004c $d
C:\Users\fish\AppData\Local\Temp\ccNDpHXa.s:512    .text.MX_TIM3_Init:00000000 $t
C:\Users\fish\AppData\Local\Temp\ccNDpHXa.s:518    .text.MX_TIM3_Init:00000000 MX_TIM3_Init
C:\Users\fish\AppData\Local\Temp\ccNDpHXa.s:683    .text.MX_TIM3_Init:000000ac $d
C:\Users\fish\AppData\Local\Temp\ccNDpHXa.s:785    .bss.htim3:00000000 htim3
C:\Users\fish\AppData\Local\Temp\ccNDpHXa.s:689    .text.HAL_TIM_Base_MspDeInit:00000000 $t
C:\Users\fish\AppData\Local\Temp\ccNDpHXa.s:695    .text.HAL_TIM_Base_MspDeInit:00000000 HAL_TIM_Base_MspDeInit
C:\Users\fish\AppData\Local\Temp\ccNDpHXa.s:767    .text.HAL_TIM_Base_MspDeInit:0000004c $d
C:\Users\fish\AppData\Local\Temp\ccNDpHXa.s:775    .bss.htim8:00000000 $d
C:\Users\fish\AppData\Local\Temp\ccNDpHXa.s:782    .bss.htim3:00000000 $d
C:\Users\fish\AppData\Local\Temp\ccNDpHXa.s:789    .bss.htim2:00000000 $d

UNDEFINED SYMBOLS
HAL_TIM_Base_Init
HAL_TIM_ConfigClockSource
HAL_TIMEx_MasterConfigSynchronization
Error_Handler
HAL_NVIC_SetPriority
HAL_NVIC_EnableIRQ
HAL_GPIO_Init
HAL_TIM_PWM_Init
HAL_TIM_PWM_ConfigChannel
HAL_NVIC_DisableIRQ
