ARM GAS  C:\Users\fish\AppData\Local\Temp\cc4Ap64q.s 			page 1


   1              		.cpu cortex-m4
   2              		.arch armv7e-m
   3              		.fpu fpv4-sp-d16
   4              		.eabi_attribute 27, 1
   5              		.eabi_attribute 28, 1
   6              		.eabi_attribute 20, 1
   7              		.eabi_attribute 21, 1
   8              		.eabi_attribute 23, 3
   9              		.eabi_attribute 24, 1
  10              		.eabi_attribute 25, 1
  11              		.eabi_attribute 26, 1
  12              		.eabi_attribute 30, 1
  13              		.eabi_attribute 34, 1
  14              		.eabi_attribute 18, 4
  15              		.file	"adc.c"
  16              		.text
  17              	.Ltext0:
  18              		.cfi_sections	.debug_frame
  19              		.file 1 "Core/Src/adc.c"
  20              		.section	.text.MX_ADC1_Init,"ax",%progbits
  21              		.align	1
  22              		.global	MX_ADC1_Init
  23              		.syntax unified
  24              		.thumb
  25              		.thumb_func
  27              	MX_ADC1_Init:
  28              	.LFB239:
   1:Core/Src/adc.c **** /* USER CODE BEGIN Header */
   2:Core/Src/adc.c **** /**
   3:Core/Src/adc.c ****   ******************************************************************************
   4:Core/Src/adc.c ****   * @file    adc.c
   5:Core/Src/adc.c ****   * @brief   This file provides code for the configuration
   6:Core/Src/adc.c ****   *          of the ADC instances.
   7:Core/Src/adc.c ****   ******************************************************************************
   8:Core/Src/adc.c ****   * @attention
   9:Core/Src/adc.c ****   *
  10:Core/Src/adc.c ****   * Copyright (c) 2026 STMicroelectronics.
  11:Core/Src/adc.c ****   * All rights reserved.
  12:Core/Src/adc.c ****   *
  13:Core/Src/adc.c ****   * This software is licensed under terms that can be found in the LICENSE file
  14:Core/Src/adc.c ****   * in the root directory of this software component.
  15:Core/Src/adc.c ****   * If no LICENSE file comes with this software, it is provided AS-IS.
  16:Core/Src/adc.c ****   *
  17:Core/Src/adc.c ****   ******************************************************************************
  18:Core/Src/adc.c ****   */
  19:Core/Src/adc.c **** /* USER CODE END Header */
  20:Core/Src/adc.c **** /* Includes ------------------------------------------------------------------*/
  21:Core/Src/adc.c **** #include "adc.h"
  22:Core/Src/adc.c **** 
  23:Core/Src/adc.c **** /* USER CODE BEGIN 0 */
  24:Core/Src/adc.c **** 
  25:Core/Src/adc.c **** /* USER CODE END 0 */
  26:Core/Src/adc.c **** 
  27:Core/Src/adc.c **** ADC_HandleTypeDef hadc1;
  28:Core/Src/adc.c **** DMA_HandleTypeDef hdma_adc1;
  29:Core/Src/adc.c **** 
  30:Core/Src/adc.c **** /* ADC1 init function */
ARM GAS  C:\Users\fish\AppData\Local\Temp\cc4Ap64q.s 			page 2


  31:Core/Src/adc.c **** void MX_ADC1_Init(void)
  32:Core/Src/adc.c **** {
  29              		.loc 1 32 1 view -0
  30              		.cfi_startproc
  31              		@ args = 0, pretend = 0, frame = 16
  32              		@ frame_needed = 0, uses_anonymous_args = 0
  33 0000 00B5     		push	{lr}
  34              		.cfi_def_cfa_offset 4
  35              		.cfi_offset 14, -4
  36 0002 85B0     		sub	sp, sp, #20
  37              		.cfi_def_cfa_offset 24
  33:Core/Src/adc.c **** 
  34:Core/Src/adc.c ****   /* USER CODE BEGIN ADC1_Init 0 */
  35:Core/Src/adc.c **** 
  36:Core/Src/adc.c ****   /* USER CODE END ADC1_Init 0 */
  37:Core/Src/adc.c **** 
  38:Core/Src/adc.c ****   ADC_ChannelConfTypeDef sConfig = {0};
  38              		.loc 1 38 3 view .LVU1
  39              		.loc 1 38 26 is_stmt 0 view .LVU2
  40 0004 0023     		movs	r3, #0
  41 0006 0093     		str	r3, [sp]
  42 0008 0193     		str	r3, [sp, #4]
  43 000a 0293     		str	r3, [sp, #8]
  44 000c 0393     		str	r3, [sp, #12]
  39:Core/Src/adc.c **** 
  40:Core/Src/adc.c ****   /* USER CODE BEGIN ADC1_Init 1 */
  41:Core/Src/adc.c **** 
  42:Core/Src/adc.c ****   /* USER CODE END ADC1_Init 1 */
  43:Core/Src/adc.c **** 
  44:Core/Src/adc.c ****   /** Configure the global features of the ADC (Clock, Resolution, Data Alignment and number of con
  45:Core/Src/adc.c ****   */
  46:Core/Src/adc.c ****   hadc1.Instance = ADC1;
  45              		.loc 1 46 3 is_stmt 1 view .LVU3
  46              		.loc 1 46 18 is_stmt 0 view .LVU4
  47 000e 1648     		ldr	r0, .L7
  48 0010 164A     		ldr	r2, .L7+4
  49 0012 0260     		str	r2, [r0]
  47:Core/Src/adc.c ****   hadc1.Init.ClockPrescaler = ADC_CLOCK_SYNC_PCLK_DIV4;
  50              		.loc 1 47 3 is_stmt 1 view .LVU5
  51              		.loc 1 47 29 is_stmt 0 view .LVU6
  52 0014 4FF48032 		mov	r2, #65536
  53 0018 4260     		str	r2, [r0, #4]
  48:Core/Src/adc.c ****   hadc1.Init.Resolution = ADC_RESOLUTION_12B;
  54              		.loc 1 48 3 is_stmt 1 view .LVU7
  55              		.loc 1 48 25 is_stmt 0 view .LVU8
  56 001a 8360     		str	r3, [r0, #8]
  49:Core/Src/adc.c ****   hadc1.Init.ScanConvMode = DISABLE;
  57              		.loc 1 49 3 is_stmt 1 view .LVU9
  58              		.loc 1 49 27 is_stmt 0 view .LVU10
  59 001c 0361     		str	r3, [r0, #16]
  50:Core/Src/adc.c ****   hadc1.Init.ContinuousConvMode = ENABLE;
  60              		.loc 1 50 3 is_stmt 1 view .LVU11
  61              		.loc 1 50 33 is_stmt 0 view .LVU12
  62 001e 0122     		movs	r2, #1
  63 0020 0276     		strb	r2, [r0, #24]
  51:Core/Src/adc.c ****   hadc1.Init.DiscontinuousConvMode = DISABLE;
  64              		.loc 1 51 3 is_stmt 1 view .LVU13
ARM GAS  C:\Users\fish\AppData\Local\Temp\cc4Ap64q.s 			page 3


  65              		.loc 1 51 36 is_stmt 0 view .LVU14
  66 0022 80F82030 		strb	r3, [r0, #32]
  52:Core/Src/adc.c ****   hadc1.Init.ExternalTrigConvEdge = ADC_EXTERNALTRIGCONVEDGE_RISING;
  67              		.loc 1 52 3 is_stmt 1 view .LVU15
  68              		.loc 1 52 35 is_stmt 0 view .LVU16
  69 0026 4FF08051 		mov	r1, #268435456
  70 002a C162     		str	r1, [r0, #44]
  53:Core/Src/adc.c ****   hadc1.Init.ExternalTrigConv = ADC_EXTERNALTRIGCONV_T2_TRGO;
  71              		.loc 1 53 3 is_stmt 1 view .LVU17
  72              		.loc 1 53 31 is_stmt 0 view .LVU18
  73 002c 4FF0C061 		mov	r1, #100663296
  74 0030 8162     		str	r1, [r0, #40]
  54:Core/Src/adc.c ****   hadc1.Init.DataAlign = ADC_DATAALIGN_RIGHT;
  75              		.loc 1 54 3 is_stmt 1 view .LVU19
  76              		.loc 1 54 24 is_stmt 0 view .LVU20
  77 0032 C360     		str	r3, [r0, #12]
  55:Core/Src/adc.c ****   hadc1.Init.NbrOfConversion = 1;
  78              		.loc 1 55 3 is_stmt 1 view .LVU21
  79              		.loc 1 55 30 is_stmt 0 view .LVU22
  80 0034 C261     		str	r2, [r0, #28]
  56:Core/Src/adc.c ****   hadc1.Init.DMAContinuousRequests = ENABLE;
  81              		.loc 1 56 3 is_stmt 1 view .LVU23
  82              		.loc 1 56 36 is_stmt 0 view .LVU24
  83 0036 80F83020 		strb	r2, [r0, #48]
  57:Core/Src/adc.c ****   hadc1.Init.EOCSelection = ADC_EOC_SINGLE_CONV;
  84              		.loc 1 57 3 is_stmt 1 view .LVU25
  85              		.loc 1 57 27 is_stmt 0 view .LVU26
  86 003a 4261     		str	r2, [r0, #20]
  58:Core/Src/adc.c ****   if (HAL_ADC_Init(&hadc1) != HAL_OK)
  87              		.loc 1 58 3 is_stmt 1 view .LVU27
  88              		.loc 1 58 7 is_stmt 0 view .LVU28
  89 003c FFF7FEFF 		bl	HAL_ADC_Init
  90              	.LVL0:
  91              		.loc 1 58 6 discriminator 1 view .LVU29
  92 0040 60B9     		cbnz	r0, .L5
  93              	.L2:
  59:Core/Src/adc.c ****   {
  60:Core/Src/adc.c ****     Error_Handler();
  61:Core/Src/adc.c ****   }
  62:Core/Src/adc.c **** 
  63:Core/Src/adc.c ****   /** Configure for the selected ADC regular channel its corresponding rank in the sequencer and it
  64:Core/Src/adc.c ****   */
  65:Core/Src/adc.c ****   sConfig.Channel = ADC_CHANNEL_1;
  94              		.loc 1 65 3 is_stmt 1 view .LVU30
  95              		.loc 1 65 19 is_stmt 0 view .LVU31
  96 0042 0123     		movs	r3, #1
  97 0044 0093     		str	r3, [sp]
  66:Core/Src/adc.c ****   sConfig.Rank = 1;
  98              		.loc 1 66 3 is_stmt 1 view .LVU32
  99              		.loc 1 66 16 is_stmt 0 view .LVU33
 100 0046 0193     		str	r3, [sp, #4]
  67:Core/Src/adc.c ****   sConfig.SamplingTime = ADC_SAMPLETIME_480CYCLES;
 101              		.loc 1 67 3 is_stmt 1 view .LVU34
 102              		.loc 1 67 24 is_stmt 0 view .LVU35
 103 0048 0723     		movs	r3, #7
 104 004a 0293     		str	r3, [sp, #8]
  68:Core/Src/adc.c ****   if (HAL_ADC_ConfigChannel(&hadc1, &sConfig) != HAL_OK)
ARM GAS  C:\Users\fish\AppData\Local\Temp\cc4Ap64q.s 			page 4


 105              		.loc 1 68 3 is_stmt 1 view .LVU36
 106              		.loc 1 68 7 is_stmt 0 view .LVU37
 107 004c 6946     		mov	r1, sp
 108 004e 0648     		ldr	r0, .L7
 109 0050 FFF7FEFF 		bl	HAL_ADC_ConfigChannel
 110              	.LVL1:
 111              		.loc 1 68 6 discriminator 1 view .LVU38
 112 0054 28B9     		cbnz	r0, .L6
 113              	.L1:
  69:Core/Src/adc.c ****   {
  70:Core/Src/adc.c ****     Error_Handler();
  71:Core/Src/adc.c ****   }
  72:Core/Src/adc.c ****   /* USER CODE BEGIN ADC1_Init 2 */
  73:Core/Src/adc.c **** 
  74:Core/Src/adc.c ****   /* USER CODE END ADC1_Init 2 */
  75:Core/Src/adc.c **** 
  76:Core/Src/adc.c **** }
 114              		.loc 1 76 1 view .LVU39
 115 0056 05B0     		add	sp, sp, #20
 116              		.cfi_remember_state
 117              		.cfi_def_cfa_offset 4
 118              		@ sp needed
 119 0058 5DF804FB 		ldr	pc, [sp], #4
 120              	.L5:
 121              		.cfi_restore_state
  60:Core/Src/adc.c ****   }
 122              		.loc 1 60 5 is_stmt 1 view .LVU40
 123 005c FFF7FEFF 		bl	Error_Handler
 124              	.LVL2:
 125 0060 EFE7     		b	.L2
 126              	.L6:
  70:Core/Src/adc.c ****   }
 127              		.loc 1 70 5 view .LVU41
 128 0062 FFF7FEFF 		bl	Error_Handler
 129              	.LVL3:
 130              		.loc 1 76 1 is_stmt 0 view .LVU42
 131 0066 F6E7     		b	.L1
 132              	.L8:
 133              		.align	2
 134              	.L7:
 135 0068 00000000 		.word	hadc1
 136 006c 00200140 		.word	1073815552
 137              		.cfi_endproc
 138              	.LFE239:
 140              		.section	.text.HAL_ADC_MspInit,"ax",%progbits
 141              		.align	1
 142              		.global	HAL_ADC_MspInit
 143              		.syntax unified
 144              		.thumb
 145              		.thumb_func
 147              	HAL_ADC_MspInit:
 148              	.LVL4:
 149              	.LFB240:
  77:Core/Src/adc.c **** 
  78:Core/Src/adc.c **** void HAL_ADC_MspInit(ADC_HandleTypeDef* adcHandle)
  79:Core/Src/adc.c **** {
 150              		.loc 1 79 1 is_stmt 1 view -0
ARM GAS  C:\Users\fish\AppData\Local\Temp\cc4Ap64q.s 			page 5


 151              		.cfi_startproc
 152              		@ args = 0, pretend = 0, frame = 32
 153              		@ frame_needed = 0, uses_anonymous_args = 0
 154              		.loc 1 79 1 is_stmt 0 view .LVU44
 155 0000 30B5     		push	{r4, r5, lr}
 156              		.cfi_def_cfa_offset 12
 157              		.cfi_offset 4, -12
 158              		.cfi_offset 5, -8
 159              		.cfi_offset 14, -4
 160 0002 89B0     		sub	sp, sp, #36
 161              		.cfi_def_cfa_offset 48
  80:Core/Src/adc.c **** 
  81:Core/Src/adc.c ****   GPIO_InitTypeDef GPIO_InitStruct = {0};
 162              		.loc 1 81 3 is_stmt 1 view .LVU45
 163              		.loc 1 81 20 is_stmt 0 view .LVU46
 164 0004 0023     		movs	r3, #0
 165 0006 0393     		str	r3, [sp, #12]
 166 0008 0493     		str	r3, [sp, #16]
 167 000a 0593     		str	r3, [sp, #20]
 168 000c 0693     		str	r3, [sp, #24]
 169 000e 0793     		str	r3, [sp, #28]
  82:Core/Src/adc.c ****   if(adcHandle->Instance==ADC1)
 170              		.loc 1 82 3 is_stmt 1 view .LVU47
 171              		.loc 1 82 15 is_stmt 0 view .LVU48
 172 0010 0268     		ldr	r2, [r0]
 173              		.loc 1 82 5 view .LVU49
 174 0012 03F18043 		add	r3, r3, #1073741824
 175 0016 03F59033 		add	r3, r3, #73728
 176 001a 9A42     		cmp	r2, r3
 177 001c 01D0     		beq	.L13
 178              	.LVL5:
 179              	.L9:
  83:Core/Src/adc.c ****   {
  84:Core/Src/adc.c ****   /* USER CODE BEGIN ADC1_MspInit 0 */
  85:Core/Src/adc.c **** 
  86:Core/Src/adc.c ****   /* USER CODE END ADC1_MspInit 0 */
  87:Core/Src/adc.c ****     /* ADC1 clock enable */
  88:Core/Src/adc.c ****     __HAL_RCC_ADC1_CLK_ENABLE();
  89:Core/Src/adc.c **** 
  90:Core/Src/adc.c ****     __HAL_RCC_GPIOA_CLK_ENABLE();
  91:Core/Src/adc.c ****     /**ADC1 GPIO Configuration
  92:Core/Src/adc.c ****     PA1     ------> ADC1_IN1
  93:Core/Src/adc.c ****     */
  94:Core/Src/adc.c ****     GPIO_InitStruct.Pin = MX9814_OUT_Pin;
  95:Core/Src/adc.c ****     GPIO_InitStruct.Mode = GPIO_MODE_ANALOG;
  96:Core/Src/adc.c ****     GPIO_InitStruct.Pull = GPIO_NOPULL;
  97:Core/Src/adc.c ****     HAL_GPIO_Init(MX9814_OUT_GPIO_Port, &GPIO_InitStruct);
  98:Core/Src/adc.c **** 
  99:Core/Src/adc.c ****     /* ADC1 DMA Init */
 100:Core/Src/adc.c ****     /* ADC1 Init */
 101:Core/Src/adc.c ****     hdma_adc1.Instance = DMA2_Stream0;
 102:Core/Src/adc.c ****     hdma_adc1.Init.Channel = DMA_CHANNEL_0;
 103:Core/Src/adc.c ****     hdma_adc1.Init.Direction = DMA_PERIPH_TO_MEMORY;
 104:Core/Src/adc.c ****     hdma_adc1.Init.PeriphInc = DMA_PINC_DISABLE;
 105:Core/Src/adc.c ****     hdma_adc1.Init.MemInc = DMA_MINC_ENABLE;
 106:Core/Src/adc.c ****     hdma_adc1.Init.PeriphDataAlignment = DMA_PDATAALIGN_HALFWORD;
 107:Core/Src/adc.c ****     hdma_adc1.Init.MemDataAlignment = DMA_MDATAALIGN_HALFWORD;
ARM GAS  C:\Users\fish\AppData\Local\Temp\cc4Ap64q.s 			page 6


 108:Core/Src/adc.c ****     hdma_adc1.Init.Mode = DMA_CIRCULAR;
 109:Core/Src/adc.c ****     hdma_adc1.Init.Priority = DMA_PRIORITY_LOW;
 110:Core/Src/adc.c ****     hdma_adc1.Init.FIFOMode = DMA_FIFOMODE_DISABLE;
 111:Core/Src/adc.c ****     if (HAL_DMA_Init(&hdma_adc1) != HAL_OK)
 112:Core/Src/adc.c ****     {
 113:Core/Src/adc.c ****       Error_Handler();
 114:Core/Src/adc.c ****     }
 115:Core/Src/adc.c **** 
 116:Core/Src/adc.c ****     __HAL_LINKDMA(adcHandle,DMA_Handle,hdma_adc1);
 117:Core/Src/adc.c **** 
 118:Core/Src/adc.c ****   /* USER CODE BEGIN ADC1_MspInit 1 */
 119:Core/Src/adc.c **** 
 120:Core/Src/adc.c ****   /* USER CODE END ADC1_MspInit 1 */
 121:Core/Src/adc.c ****   }
 122:Core/Src/adc.c **** }
 180              		.loc 1 122 1 view .LVU50
 181 001e 09B0     		add	sp, sp, #36
 182              		.cfi_remember_state
 183              		.cfi_def_cfa_offset 12
 184              		@ sp needed
 185 0020 30BD     		pop	{r4, r5, pc}
 186              	.LVL6:
 187              	.L13:
 188              		.cfi_restore_state
 189              		.loc 1 122 1 view .LVU51
 190 0022 0446     		mov	r4, r0
  88:Core/Src/adc.c **** 
 191              		.loc 1 88 5 is_stmt 1 view .LVU52
 192              	.LBB2:
  88:Core/Src/adc.c **** 
 193              		.loc 1 88 5 view .LVU53
 194 0024 0025     		movs	r5, #0
 195 0026 0195     		str	r5, [sp, #4]
  88:Core/Src/adc.c **** 
 196              		.loc 1 88 5 view .LVU54
 197 0028 03F58C33 		add	r3, r3, #71680
 198 002c 5A6C     		ldr	r2, [r3, #68]
 199 002e 42F48072 		orr	r2, r2, #256
 200 0032 5A64     		str	r2, [r3, #68]
  88:Core/Src/adc.c **** 
 201              		.loc 1 88 5 view .LVU55
 202 0034 5A6C     		ldr	r2, [r3, #68]
 203 0036 02F48072 		and	r2, r2, #256
 204 003a 0192     		str	r2, [sp, #4]
  88:Core/Src/adc.c **** 
 205              		.loc 1 88 5 view .LVU56
 206 003c 019A     		ldr	r2, [sp, #4]
 207              	.LBE2:
  88:Core/Src/adc.c **** 
 208              		.loc 1 88 5 view .LVU57
  90:Core/Src/adc.c ****     /**ADC1 GPIO Configuration
 209              		.loc 1 90 5 view .LVU58
 210              	.LBB3:
  90:Core/Src/adc.c ****     /**ADC1 GPIO Configuration
 211              		.loc 1 90 5 view .LVU59
 212 003e 0295     		str	r5, [sp, #8]
  90:Core/Src/adc.c ****     /**ADC1 GPIO Configuration
ARM GAS  C:\Users\fish\AppData\Local\Temp\cc4Ap64q.s 			page 7


 213              		.loc 1 90 5 view .LVU60
 214 0040 1A6B     		ldr	r2, [r3, #48]
 215 0042 42F00102 		orr	r2, r2, #1
 216 0046 1A63     		str	r2, [r3, #48]
  90:Core/Src/adc.c ****     /**ADC1 GPIO Configuration
 217              		.loc 1 90 5 view .LVU61
 218 0048 1B6B     		ldr	r3, [r3, #48]
 219 004a 03F00103 		and	r3, r3, #1
 220 004e 0293     		str	r3, [sp, #8]
  90:Core/Src/adc.c ****     /**ADC1 GPIO Configuration
 221              		.loc 1 90 5 view .LVU62
 222 0050 029B     		ldr	r3, [sp, #8]
 223              	.LBE3:
  90:Core/Src/adc.c ****     /**ADC1 GPIO Configuration
 224              		.loc 1 90 5 view .LVU63
  94:Core/Src/adc.c ****     GPIO_InitStruct.Mode = GPIO_MODE_ANALOG;
 225              		.loc 1 94 5 view .LVU64
  94:Core/Src/adc.c ****     GPIO_InitStruct.Mode = GPIO_MODE_ANALOG;
 226              		.loc 1 94 25 is_stmt 0 view .LVU65
 227 0052 0223     		movs	r3, #2
 228 0054 0393     		str	r3, [sp, #12]
  95:Core/Src/adc.c ****     GPIO_InitStruct.Pull = GPIO_NOPULL;
 229              		.loc 1 95 5 is_stmt 1 view .LVU66
  95:Core/Src/adc.c ****     GPIO_InitStruct.Pull = GPIO_NOPULL;
 230              		.loc 1 95 26 is_stmt 0 view .LVU67
 231 0056 0323     		movs	r3, #3
 232 0058 0493     		str	r3, [sp, #16]
  96:Core/Src/adc.c ****     HAL_GPIO_Init(MX9814_OUT_GPIO_Port, &GPIO_InitStruct);
 233              		.loc 1 96 5 is_stmt 1 view .LVU68
  97:Core/Src/adc.c **** 
 234              		.loc 1 97 5 view .LVU69
 235 005a 03A9     		add	r1, sp, #12
 236 005c 1048     		ldr	r0, .L15
 237              	.LVL7:
  97:Core/Src/adc.c **** 
 238              		.loc 1 97 5 is_stmt 0 view .LVU70
 239 005e FFF7FEFF 		bl	HAL_GPIO_Init
 240              	.LVL8:
 101:Core/Src/adc.c ****     hdma_adc1.Init.Channel = DMA_CHANNEL_0;
 241              		.loc 1 101 5 is_stmt 1 view .LVU71
 101:Core/Src/adc.c ****     hdma_adc1.Init.Channel = DMA_CHANNEL_0;
 242              		.loc 1 101 24 is_stmt 0 view .LVU72
 243 0062 1048     		ldr	r0, .L15+4
 244 0064 104B     		ldr	r3, .L15+8
 245 0066 0360     		str	r3, [r0]
 102:Core/Src/adc.c ****     hdma_adc1.Init.Direction = DMA_PERIPH_TO_MEMORY;
 246              		.loc 1 102 5 is_stmt 1 view .LVU73
 102:Core/Src/adc.c ****     hdma_adc1.Init.Direction = DMA_PERIPH_TO_MEMORY;
 247              		.loc 1 102 28 is_stmt 0 view .LVU74
 248 0068 4560     		str	r5, [r0, #4]
 103:Core/Src/adc.c ****     hdma_adc1.Init.PeriphInc = DMA_PINC_DISABLE;
 249              		.loc 1 103 5 is_stmt 1 view .LVU75
 103:Core/Src/adc.c ****     hdma_adc1.Init.PeriphInc = DMA_PINC_DISABLE;
 250              		.loc 1 103 30 is_stmt 0 view .LVU76
 251 006a 8560     		str	r5, [r0, #8]
 104:Core/Src/adc.c ****     hdma_adc1.Init.MemInc = DMA_MINC_ENABLE;
 252              		.loc 1 104 5 is_stmt 1 view .LVU77
ARM GAS  C:\Users\fish\AppData\Local\Temp\cc4Ap64q.s 			page 8


 104:Core/Src/adc.c ****     hdma_adc1.Init.MemInc = DMA_MINC_ENABLE;
 253              		.loc 1 104 30 is_stmt 0 view .LVU78
 254 006c C560     		str	r5, [r0, #12]
 105:Core/Src/adc.c ****     hdma_adc1.Init.PeriphDataAlignment = DMA_PDATAALIGN_HALFWORD;
 255              		.loc 1 105 5 is_stmt 1 view .LVU79
 105:Core/Src/adc.c ****     hdma_adc1.Init.PeriphDataAlignment = DMA_PDATAALIGN_HALFWORD;
 256              		.loc 1 105 27 is_stmt 0 view .LVU80
 257 006e 4FF48063 		mov	r3, #1024
 258 0072 0361     		str	r3, [r0, #16]
 106:Core/Src/adc.c ****     hdma_adc1.Init.MemDataAlignment = DMA_MDATAALIGN_HALFWORD;
 259              		.loc 1 106 5 is_stmt 1 view .LVU81
 106:Core/Src/adc.c ****     hdma_adc1.Init.MemDataAlignment = DMA_MDATAALIGN_HALFWORD;
 260              		.loc 1 106 40 is_stmt 0 view .LVU82
 261 0074 4FF40063 		mov	r3, #2048
 262 0078 4361     		str	r3, [r0, #20]
 107:Core/Src/adc.c ****     hdma_adc1.Init.Mode = DMA_CIRCULAR;
 263              		.loc 1 107 5 is_stmt 1 view .LVU83
 107:Core/Src/adc.c ****     hdma_adc1.Init.Mode = DMA_CIRCULAR;
 264              		.loc 1 107 37 is_stmt 0 view .LVU84
 265 007a 4FF40053 		mov	r3, #8192
 266 007e 8361     		str	r3, [r0, #24]
 108:Core/Src/adc.c ****     hdma_adc1.Init.Priority = DMA_PRIORITY_LOW;
 267              		.loc 1 108 5 is_stmt 1 view .LVU85
 108:Core/Src/adc.c ****     hdma_adc1.Init.Priority = DMA_PRIORITY_LOW;
 268              		.loc 1 108 25 is_stmt 0 view .LVU86
 269 0080 4FF48073 		mov	r3, #256
 270 0084 C361     		str	r3, [r0, #28]
 109:Core/Src/adc.c ****     hdma_adc1.Init.FIFOMode = DMA_FIFOMODE_DISABLE;
 271              		.loc 1 109 5 is_stmt 1 view .LVU87
 109:Core/Src/adc.c ****     hdma_adc1.Init.FIFOMode = DMA_FIFOMODE_DISABLE;
 272              		.loc 1 109 29 is_stmt 0 view .LVU88
 273 0086 0562     		str	r5, [r0, #32]
 110:Core/Src/adc.c ****     if (HAL_DMA_Init(&hdma_adc1) != HAL_OK)
 274              		.loc 1 110 5 is_stmt 1 view .LVU89
 110:Core/Src/adc.c ****     if (HAL_DMA_Init(&hdma_adc1) != HAL_OK)
 275              		.loc 1 110 29 is_stmt 0 view .LVU90
 276 0088 4562     		str	r5, [r0, #36]
 111:Core/Src/adc.c ****     {
 277              		.loc 1 111 5 is_stmt 1 view .LVU91
 111:Core/Src/adc.c ****     {
 278              		.loc 1 111 9 is_stmt 0 view .LVU92
 279 008a FFF7FEFF 		bl	HAL_DMA_Init
 280              	.LVL9:
 111:Core/Src/adc.c ****     {
 281              		.loc 1 111 8 discriminator 1 view .LVU93
 282 008e 18B9     		cbnz	r0, .L14
 283              	.L11:
 116:Core/Src/adc.c **** 
 284              		.loc 1 116 5 is_stmt 1 view .LVU94
 116:Core/Src/adc.c **** 
 285              		.loc 1 116 5 view .LVU95
 286 0090 044B     		ldr	r3, .L15+4
 287 0092 A363     		str	r3, [r4, #56]
 116:Core/Src/adc.c **** 
 288              		.loc 1 116 5 view .LVU96
 289 0094 9C63     		str	r4, [r3, #56]
 116:Core/Src/adc.c **** 
ARM GAS  C:\Users\fish\AppData\Local\Temp\cc4Ap64q.s 			page 9


 290              		.loc 1 116 5 discriminator 1 view .LVU97
 291              		.loc 1 122 1 is_stmt 0 view .LVU98
 292 0096 C2E7     		b	.L9
 293              	.L14:
 113:Core/Src/adc.c ****     }
 294              		.loc 1 113 7 is_stmt 1 view .LVU99
 295 0098 FFF7FEFF 		bl	Error_Handler
 296              	.LVL10:
 297 009c F8E7     		b	.L11
 298              	.L16:
 299 009e 00BF     		.align	2
 300              	.L15:
 301 00a0 00000240 		.word	1073872896
 302 00a4 00000000 		.word	hdma_adc1
 303 00a8 10640240 		.word	1073898512
 304              		.cfi_endproc
 305              	.LFE240:
 307              		.section	.text.HAL_ADC_MspDeInit,"ax",%progbits
 308              		.align	1
 309              		.global	HAL_ADC_MspDeInit
 310              		.syntax unified
 311              		.thumb
 312              		.thumb_func
 314              	HAL_ADC_MspDeInit:
 315              	.LVL11:
 316              	.LFB241:
 123:Core/Src/adc.c **** 
 124:Core/Src/adc.c **** void HAL_ADC_MspDeInit(ADC_HandleTypeDef* adcHandle)
 125:Core/Src/adc.c **** {
 317              		.loc 1 125 1 view -0
 318              		.cfi_startproc
 319              		@ args = 0, pretend = 0, frame = 0
 320              		@ frame_needed = 0, uses_anonymous_args = 0
 126:Core/Src/adc.c **** 
 127:Core/Src/adc.c ****   if(adcHandle->Instance==ADC1)
 321              		.loc 1 127 3 view .LVU101
 322              		.loc 1 127 15 is_stmt 0 view .LVU102
 323 0000 0268     		ldr	r2, [r0]
 324              		.loc 1 127 5 view .LVU103
 325 0002 094B     		ldr	r3, .L24
 326 0004 9A42     		cmp	r2, r3
 327 0006 00D0     		beq	.L23
 328 0008 7047     		bx	lr
 329              	.L23:
 125:Core/Src/adc.c **** 
 330              		.loc 1 125 1 view .LVU104
 331 000a 10B5     		push	{r4, lr}
 332              		.cfi_def_cfa_offset 8
 333              		.cfi_offset 4, -8
 334              		.cfi_offset 14, -4
 335 000c 0446     		mov	r4, r0
 128:Core/Src/adc.c ****   {
 129:Core/Src/adc.c ****   /* USER CODE BEGIN ADC1_MspDeInit 0 */
 130:Core/Src/adc.c **** 
 131:Core/Src/adc.c ****   /* USER CODE END ADC1_MspDeInit 0 */
 132:Core/Src/adc.c ****     /* Peripheral clock disable */
 133:Core/Src/adc.c ****     __HAL_RCC_ADC1_CLK_DISABLE();
ARM GAS  C:\Users\fish\AppData\Local\Temp\cc4Ap64q.s 			page 10


 336              		.loc 1 133 5 is_stmt 1 view .LVU105
 337 000e 074A     		ldr	r2, .L24+4
 338 0010 536C     		ldr	r3, [r2, #68]
 339 0012 23F48073 		bic	r3, r3, #256
 340 0016 5364     		str	r3, [r2, #68]
 134:Core/Src/adc.c **** 
 135:Core/Src/adc.c ****     /**ADC1 GPIO Configuration
 136:Core/Src/adc.c ****     PA1     ------> ADC1_IN1
 137:Core/Src/adc.c ****     */
 138:Core/Src/adc.c ****     HAL_GPIO_DeInit(MX9814_OUT_GPIO_Port, MX9814_OUT_Pin);
 341              		.loc 1 138 5 view .LVU106
 342 0018 0221     		movs	r1, #2
 343 001a 0548     		ldr	r0, .L24+8
 344              	.LVL12:
 345              		.loc 1 138 5 is_stmt 0 view .LVU107
 346 001c FFF7FEFF 		bl	HAL_GPIO_DeInit
 347              	.LVL13:
 139:Core/Src/adc.c **** 
 140:Core/Src/adc.c ****     /* ADC1 DMA DeInit */
 141:Core/Src/adc.c ****     HAL_DMA_DeInit(adcHandle->DMA_Handle);
 348              		.loc 1 141 5 is_stmt 1 view .LVU108
 349 0020 A06B     		ldr	r0, [r4, #56]
 350 0022 FFF7FEFF 		bl	HAL_DMA_DeInit
 351              	.LVL14:
 142:Core/Src/adc.c ****   /* USER CODE BEGIN ADC1_MspDeInit 1 */
 143:Core/Src/adc.c **** 
 144:Core/Src/adc.c ****   /* USER CODE END ADC1_MspDeInit 1 */
 145:Core/Src/adc.c ****   }
 146:Core/Src/adc.c **** }
 352              		.loc 1 146 1 is_stmt 0 view .LVU109
 353 0026 10BD     		pop	{r4, pc}
 354              	.LVL15:
 355              	.L25:
 356              		.loc 1 146 1 view .LVU110
 357              		.align	2
 358              	.L24:
 359 0028 00200140 		.word	1073815552
 360 002c 00380240 		.word	1073887232
 361 0030 00000240 		.word	1073872896
 362              		.cfi_endproc
 363              	.LFE241:
 365              		.global	hdma_adc1
 366              		.section	.bss.hdma_adc1,"aw",%nobits
 367              		.align	2
 370              	hdma_adc1:
 371 0000 00000000 		.space	96
 371      00000000 
 371      00000000 
 371      00000000 
 371      00000000 
 372              		.global	hadc1
 373              		.section	.bss.hadc1,"aw",%nobits
 374              		.align	2
 377              	hadc1:
 378 0000 00000000 		.space	72
 378      00000000 
 378      00000000 
ARM GAS  C:\Users\fish\AppData\Local\Temp\cc4Ap64q.s 			page 11


 378      00000000 
 378      00000000 
 379              		.text
 380              	.Letext0:
 381              		.file 2 "C:/STM32/arm-none-eabi-gcc/14.2.1-1.1.1/.content/arm-none-eabi/include/machine/_default_t
 382              		.file 3 "C:/STM32/arm-none-eabi-gcc/14.2.1-1.1.1/.content/arm-none-eabi/include/sys/_stdint.h"
 383              		.file 4 "Drivers/CMSIS/Device/ST/STM32F4xx/Include/stm32f407xx.h"
 384              		.file 5 "Drivers/CMSIS/Device/ST/STM32F4xx/Include/stm32f4xx.h"
 385              		.file 6 "Drivers/STM32F4xx_HAL_Driver/Inc/stm32f4xx_hal_def.h"
 386              		.file 7 "Drivers/STM32F4xx_HAL_Driver/Inc/stm32f4xx_hal_gpio.h"
 387              		.file 8 "Drivers/STM32F4xx_HAL_Driver/Inc/stm32f4xx_hal_dma.h"
 388              		.file 9 "Drivers/STM32F4xx_HAL_Driver/Inc/stm32f4xx_hal_adc.h"
 389              		.file 10 "Core/Inc/adc.h"
 390              		.file 11 "Core/Inc/main.h"
ARM GAS  C:\Users\fish\AppData\Local\Temp\cc4Ap64q.s 			page 12


DEFINED SYMBOLS
                            *ABS*:00000000 adc.c
C:\Users\fish\AppData\Local\Temp\cc4Ap64q.s:21     .text.MX_ADC1_Init:00000000 $t
C:\Users\fish\AppData\Local\Temp\cc4Ap64q.s:27     .text.MX_ADC1_Init:00000000 MX_ADC1_Init
C:\Users\fish\AppData\Local\Temp\cc4Ap64q.s:135    .text.MX_ADC1_Init:00000068 $d
C:\Users\fish\AppData\Local\Temp\cc4Ap64q.s:377    .bss.hadc1:00000000 hadc1
C:\Users\fish\AppData\Local\Temp\cc4Ap64q.s:141    .text.HAL_ADC_MspInit:00000000 $t
C:\Users\fish\AppData\Local\Temp\cc4Ap64q.s:147    .text.HAL_ADC_MspInit:00000000 HAL_ADC_MspInit
C:\Users\fish\AppData\Local\Temp\cc4Ap64q.s:301    .text.HAL_ADC_MspInit:000000a0 $d
C:\Users\fish\AppData\Local\Temp\cc4Ap64q.s:370    .bss.hdma_adc1:00000000 hdma_adc1
C:\Users\fish\AppData\Local\Temp\cc4Ap64q.s:308    .text.HAL_ADC_MspDeInit:00000000 $t
C:\Users\fish\AppData\Local\Temp\cc4Ap64q.s:314    .text.HAL_ADC_MspDeInit:00000000 HAL_ADC_MspDeInit
C:\Users\fish\AppData\Local\Temp\cc4Ap64q.s:359    .text.HAL_ADC_MspDeInit:00000028 $d
C:\Users\fish\AppData\Local\Temp\cc4Ap64q.s:367    .bss.hdma_adc1:00000000 $d
C:\Users\fish\AppData\Local\Temp\cc4Ap64q.s:374    .bss.hadc1:00000000 $d

UNDEFINED SYMBOLS
HAL_ADC_Init
HAL_ADC_ConfigChannel
Error_Handler
HAL_GPIO_Init
HAL_DMA_Init
HAL_GPIO_DeInit
HAL_DMA_DeInit
