ARM GAS  C:\Users\fish\AppData\Local\Temp\ccK0TbDg.s 			page 1


   1              		.cpu cortex-m4
   2              		.arch armv7e-m
   3              		.fpu fpv4-sp-d16
   4              		.eabi_attribute 27, 1
   5              		.eabi_attribute 28, 1
   6              		.eabi_attribute 20, 1
   7              		.eabi_attribute 21, 1
   8              		.eabi_attribute 23, 3
   9              		.eabi_attribute 24, 1
  10              		.eabi_attribute 25, 1
  11              		.eabi_attribute 26, 1
  12              		.eabi_attribute 30, 1
  13              		.eabi_attribute 34, 1
  14              		.eabi_attribute 18, 4
  15              		.file	"stm32f4xx_it.c"
  16              		.text
  17              	.Ltext0:
  18              		.cfi_sections	.debug_frame
  19              		.file 1 "Core/Src/stm32f4xx_it.c"
  20              		.section	.text.NMI_Handler,"ax",%progbits
  21              		.align	1
  22              		.global	NMI_Handler
  23              		.syntax unified
  24              		.thumb
  25              		.thumb_func
  27              	NMI_Handler:
  28              	.LFB239:
   1:Core/Src/stm32f4xx_it.c **** /* USER CODE BEGIN Header */
   2:Core/Src/stm32f4xx_it.c **** /**
   3:Core/Src/stm32f4xx_it.c ****   ******************************************************************************
   4:Core/Src/stm32f4xx_it.c ****   * @file    stm32f4xx_it.c
   5:Core/Src/stm32f4xx_it.c ****   * @brief   Interrupt Service Routines.
   6:Core/Src/stm32f4xx_it.c ****   ******************************************************************************
   7:Core/Src/stm32f4xx_it.c ****   * @attention
   8:Core/Src/stm32f4xx_it.c ****   *
   9:Core/Src/stm32f4xx_it.c ****   * Copyright (c) 2026 STMicroelectronics.
  10:Core/Src/stm32f4xx_it.c ****   * All rights reserved.
  11:Core/Src/stm32f4xx_it.c ****   *
  12:Core/Src/stm32f4xx_it.c ****   * This software is licensed under terms that can be found in the LICENSE file
  13:Core/Src/stm32f4xx_it.c ****   * in the root directory of this software component.
  14:Core/Src/stm32f4xx_it.c ****   * If no LICENSE file comes with this software, it is provided AS-IS.
  15:Core/Src/stm32f4xx_it.c ****   *
  16:Core/Src/stm32f4xx_it.c ****   ******************************************************************************
  17:Core/Src/stm32f4xx_it.c ****   */
  18:Core/Src/stm32f4xx_it.c **** /* USER CODE END Header */
  19:Core/Src/stm32f4xx_it.c **** 
  20:Core/Src/stm32f4xx_it.c **** /* Includes ------------------------------------------------------------------*/
  21:Core/Src/stm32f4xx_it.c **** #include "main.h"
  22:Core/Src/stm32f4xx_it.c **** #include "stm32f4xx_it.h"
  23:Core/Src/stm32f4xx_it.c **** /* Private includes ----------------------------------------------------------*/
  24:Core/Src/stm32f4xx_it.c **** /* USER CODE BEGIN Includes */
  25:Core/Src/stm32f4xx_it.c **** #include "midi.h"
  26:Core/Src/stm32f4xx_it.c **** /* USER CODE END Includes */
  27:Core/Src/stm32f4xx_it.c **** 
  28:Core/Src/stm32f4xx_it.c **** /* Private typedef -----------------------------------------------------------*/
  29:Core/Src/stm32f4xx_it.c **** /* USER CODE BEGIN TD */
  30:Core/Src/stm32f4xx_it.c **** 
ARM GAS  C:\Users\fish\AppData\Local\Temp\ccK0TbDg.s 			page 2


  31:Core/Src/stm32f4xx_it.c **** /* USER CODE END TD */
  32:Core/Src/stm32f4xx_it.c **** 
  33:Core/Src/stm32f4xx_it.c **** /* Private define ------------------------------------------------------------*/
  34:Core/Src/stm32f4xx_it.c **** /* USER CODE BEGIN PD */
  35:Core/Src/stm32f4xx_it.c **** 
  36:Core/Src/stm32f4xx_it.c **** /* USER CODE END PD */
  37:Core/Src/stm32f4xx_it.c **** 
  38:Core/Src/stm32f4xx_it.c **** /* Private macro -------------------------------------------------------------*/
  39:Core/Src/stm32f4xx_it.c **** /* USER CODE BEGIN PM */
  40:Core/Src/stm32f4xx_it.c **** 
  41:Core/Src/stm32f4xx_it.c **** /* USER CODE END PM */
  42:Core/Src/stm32f4xx_it.c **** 
  43:Core/Src/stm32f4xx_it.c **** /* Private variables ---------------------------------------------------------*/
  44:Core/Src/stm32f4xx_it.c **** /* USER CODE BEGIN PV */
  45:Core/Src/stm32f4xx_it.c **** 
  46:Core/Src/stm32f4xx_it.c **** /* USER CODE END PV */
  47:Core/Src/stm32f4xx_it.c **** 
  48:Core/Src/stm32f4xx_it.c **** /* Private function prototypes -----------------------------------------------*/
  49:Core/Src/stm32f4xx_it.c **** /* USER CODE BEGIN PFP */
  50:Core/Src/stm32f4xx_it.c **** 
  51:Core/Src/stm32f4xx_it.c **** /* USER CODE END PFP */
  52:Core/Src/stm32f4xx_it.c **** 
  53:Core/Src/stm32f4xx_it.c **** /* Private user code ---------------------------------------------------------*/
  54:Core/Src/stm32f4xx_it.c **** /* USER CODE BEGIN 0 */
  55:Core/Src/stm32f4xx_it.c **** 
  56:Core/Src/stm32f4xx_it.c **** /* USER CODE END 0 */
  57:Core/Src/stm32f4xx_it.c **** 
  58:Core/Src/stm32f4xx_it.c **** /* External variables --------------------------------------------------------*/
  59:Core/Src/stm32f4xx_it.c **** extern DMA_HandleTypeDef hdma_adc1;
  60:Core/Src/stm32f4xx_it.c **** extern DMA_HandleTypeDef hdma_dac1;
  61:Core/Src/stm32f4xx_it.c **** extern TIM_HandleTypeDef htim3;
  62:Core/Src/stm32f4xx_it.c **** extern TIM_HandleTypeDef htim8;
  63:Core/Src/stm32f4xx_it.c **** extern DMA_HandleTypeDef hdma_usart1_rx;
  64:Core/Src/stm32f4xx_it.c **** extern DMA_HandleTypeDef hdma_usart1_tx;
  65:Core/Src/stm32f4xx_it.c **** extern DMA_HandleTypeDef hdma_usart6_rx;
  66:Core/Src/stm32f4xx_it.c **** extern DMA_HandleTypeDef hdma_usart6_tx;
  67:Core/Src/stm32f4xx_it.c **** extern UART_HandleTypeDef huart1;
  68:Core/Src/stm32f4xx_it.c **** extern UART_HandleTypeDef huart6;
  69:Core/Src/stm32f4xx_it.c **** extern TIM_HandleTypeDef htim7;
  70:Core/Src/stm32f4xx_it.c **** 
  71:Core/Src/stm32f4xx_it.c **** /* USER CODE BEGIN EV */
  72:Core/Src/stm32f4xx_it.c **** 
  73:Core/Src/stm32f4xx_it.c **** /* USER CODE END EV */
  74:Core/Src/stm32f4xx_it.c **** 
  75:Core/Src/stm32f4xx_it.c **** /******************************************************************************/
  76:Core/Src/stm32f4xx_it.c **** /*           Cortex-M4 Processor Interruption and Exception Handlers          */
  77:Core/Src/stm32f4xx_it.c **** /******************************************************************************/
  78:Core/Src/stm32f4xx_it.c **** /**
  79:Core/Src/stm32f4xx_it.c ****   * @brief This function handles Non maskable interrupt.
  80:Core/Src/stm32f4xx_it.c ****   */
  81:Core/Src/stm32f4xx_it.c **** void NMI_Handler(void)
  82:Core/Src/stm32f4xx_it.c **** {
  29              		.loc 1 82 1 view -0
  30              		.cfi_startproc
  31              		@ Volatile: function does not return.
  32              		@ args = 0, pretend = 0, frame = 0
  33              		@ frame_needed = 0, uses_anonymous_args = 0
ARM GAS  C:\Users\fish\AppData\Local\Temp\ccK0TbDg.s 			page 3


  34              		@ link register save eliminated.
  35              	.L2:
  83:Core/Src/stm32f4xx_it.c ****   /* USER CODE BEGIN NonMaskableInt_IRQn 0 */
  84:Core/Src/stm32f4xx_it.c **** 
  85:Core/Src/stm32f4xx_it.c ****   /* USER CODE END NonMaskableInt_IRQn 0 */
  86:Core/Src/stm32f4xx_it.c ****   /* USER CODE BEGIN NonMaskableInt_IRQn 1 */
  87:Core/Src/stm32f4xx_it.c ****    while (1)
  36              		.loc 1 87 4 view .LVU1
  88:Core/Src/stm32f4xx_it.c ****   {
  89:Core/Src/stm32f4xx_it.c ****   }
  37              		.loc 1 89 3 view .LVU2
  87:Core/Src/stm32f4xx_it.c ****   {
  38              		.loc 1 87 10 view .LVU3
  39 0000 FEE7     		b	.L2
  40              		.cfi_endproc
  41              	.LFE239:
  43              		.section	.text.HardFault_Handler,"ax",%progbits
  44              		.align	1
  45              		.global	HardFault_Handler
  46              		.syntax unified
  47              		.thumb
  48              		.thumb_func
  50              	HardFault_Handler:
  51              	.LFB240:
  90:Core/Src/stm32f4xx_it.c ****   /* USER CODE END NonMaskableInt_IRQn 1 */
  91:Core/Src/stm32f4xx_it.c **** }
  92:Core/Src/stm32f4xx_it.c **** 
  93:Core/Src/stm32f4xx_it.c **** /**
  94:Core/Src/stm32f4xx_it.c ****   * @brief This function handles Hard fault interrupt.
  95:Core/Src/stm32f4xx_it.c ****   */
  96:Core/Src/stm32f4xx_it.c **** void HardFault_Handler(void)
  97:Core/Src/stm32f4xx_it.c **** {
  52              		.loc 1 97 1 view -0
  53              		.cfi_startproc
  54              		@ Volatile: function does not return.
  55              		@ args = 0, pretend = 0, frame = 0
  56              		@ frame_needed = 0, uses_anonymous_args = 0
  57              		@ link register save eliminated.
  58              	.L4:
  98:Core/Src/stm32f4xx_it.c ****   /* USER CODE BEGIN HardFault_IRQn 0 */
  99:Core/Src/stm32f4xx_it.c **** 
 100:Core/Src/stm32f4xx_it.c ****   /* USER CODE END HardFault_IRQn 0 */
 101:Core/Src/stm32f4xx_it.c ****   while (1)
  59              		.loc 1 101 3 view .LVU5
 102:Core/Src/stm32f4xx_it.c ****   {
 103:Core/Src/stm32f4xx_it.c ****     /* USER CODE BEGIN W1_HardFault_IRQn 0 */
 104:Core/Src/stm32f4xx_it.c ****     /* USER CODE END W1_HardFault_IRQn 0 */
 105:Core/Src/stm32f4xx_it.c ****   }
  60              		.loc 1 105 3 view .LVU6
 101:Core/Src/stm32f4xx_it.c ****   {
  61              		.loc 1 101 9 view .LVU7
  62 0000 FEE7     		b	.L4
  63              		.cfi_endproc
  64              	.LFE240:
  66              		.section	.text.MemManage_Handler,"ax",%progbits
  67              		.align	1
  68              		.global	MemManage_Handler
ARM GAS  C:\Users\fish\AppData\Local\Temp\ccK0TbDg.s 			page 4


  69              		.syntax unified
  70              		.thumb
  71              		.thumb_func
  73              	MemManage_Handler:
  74              	.LFB241:
 106:Core/Src/stm32f4xx_it.c **** }
 107:Core/Src/stm32f4xx_it.c **** 
 108:Core/Src/stm32f4xx_it.c **** /**
 109:Core/Src/stm32f4xx_it.c ****   * @brief This function handles Memory management fault.
 110:Core/Src/stm32f4xx_it.c ****   */
 111:Core/Src/stm32f4xx_it.c **** void MemManage_Handler(void)
 112:Core/Src/stm32f4xx_it.c **** {
  75              		.loc 1 112 1 view -0
  76              		.cfi_startproc
  77              		@ Volatile: function does not return.
  78              		@ args = 0, pretend = 0, frame = 0
  79              		@ frame_needed = 0, uses_anonymous_args = 0
  80              		@ link register save eliminated.
  81              	.L6:
 113:Core/Src/stm32f4xx_it.c ****   /* USER CODE BEGIN MemoryManagement_IRQn 0 */
 114:Core/Src/stm32f4xx_it.c **** 
 115:Core/Src/stm32f4xx_it.c ****   /* USER CODE END MemoryManagement_IRQn 0 */
 116:Core/Src/stm32f4xx_it.c ****   while (1)
  82              		.loc 1 116 3 view .LVU9
 117:Core/Src/stm32f4xx_it.c ****   {
 118:Core/Src/stm32f4xx_it.c ****     /* USER CODE BEGIN W1_MemoryManagement_IRQn 0 */
 119:Core/Src/stm32f4xx_it.c ****     /* USER CODE END W1_MemoryManagement_IRQn 0 */
 120:Core/Src/stm32f4xx_it.c ****   }
  83              		.loc 1 120 3 view .LVU10
 116:Core/Src/stm32f4xx_it.c ****   {
  84              		.loc 1 116 9 view .LVU11
  85 0000 FEE7     		b	.L6
  86              		.cfi_endproc
  87              	.LFE241:
  89              		.section	.text.BusFault_Handler,"ax",%progbits
  90              		.align	1
  91              		.global	BusFault_Handler
  92              		.syntax unified
  93              		.thumb
  94              		.thumb_func
  96              	BusFault_Handler:
  97              	.LFB242:
 121:Core/Src/stm32f4xx_it.c **** }
 122:Core/Src/stm32f4xx_it.c **** 
 123:Core/Src/stm32f4xx_it.c **** /**
 124:Core/Src/stm32f4xx_it.c ****   * @brief This function handles Pre-fetch fault, memory access fault.
 125:Core/Src/stm32f4xx_it.c ****   */
 126:Core/Src/stm32f4xx_it.c **** void BusFault_Handler(void)
 127:Core/Src/stm32f4xx_it.c **** {
  98              		.loc 1 127 1 view -0
  99              		.cfi_startproc
 100              		@ Volatile: function does not return.
 101              		@ args = 0, pretend = 0, frame = 0
 102              		@ frame_needed = 0, uses_anonymous_args = 0
 103              		@ link register save eliminated.
 104              	.L8:
 128:Core/Src/stm32f4xx_it.c ****   /* USER CODE BEGIN BusFault_IRQn 0 */
ARM GAS  C:\Users\fish\AppData\Local\Temp\ccK0TbDg.s 			page 5


 129:Core/Src/stm32f4xx_it.c **** 
 130:Core/Src/stm32f4xx_it.c ****   /* USER CODE END BusFault_IRQn 0 */
 131:Core/Src/stm32f4xx_it.c ****   while (1)
 105              		.loc 1 131 3 view .LVU13
 132:Core/Src/stm32f4xx_it.c ****   {
 133:Core/Src/stm32f4xx_it.c ****     /* USER CODE BEGIN W1_BusFault_IRQn 0 */
 134:Core/Src/stm32f4xx_it.c ****     /* USER CODE END W1_BusFault_IRQn 0 */
 135:Core/Src/stm32f4xx_it.c ****   }
 106              		.loc 1 135 3 view .LVU14
 131:Core/Src/stm32f4xx_it.c ****   {
 107              		.loc 1 131 9 view .LVU15
 108 0000 FEE7     		b	.L8
 109              		.cfi_endproc
 110              	.LFE242:
 112              		.section	.text.UsageFault_Handler,"ax",%progbits
 113              		.align	1
 114              		.global	UsageFault_Handler
 115              		.syntax unified
 116              		.thumb
 117              		.thumb_func
 119              	UsageFault_Handler:
 120              	.LFB243:
 136:Core/Src/stm32f4xx_it.c **** }
 137:Core/Src/stm32f4xx_it.c **** 
 138:Core/Src/stm32f4xx_it.c **** /**
 139:Core/Src/stm32f4xx_it.c ****   * @brief This function handles Undefined instruction or illegal state.
 140:Core/Src/stm32f4xx_it.c ****   */
 141:Core/Src/stm32f4xx_it.c **** void UsageFault_Handler(void)
 142:Core/Src/stm32f4xx_it.c **** {
 121              		.loc 1 142 1 view -0
 122              		.cfi_startproc
 123              		@ Volatile: function does not return.
 124              		@ args = 0, pretend = 0, frame = 0
 125              		@ frame_needed = 0, uses_anonymous_args = 0
 126              		@ link register save eliminated.
 127              	.L10:
 143:Core/Src/stm32f4xx_it.c ****   /* USER CODE BEGIN UsageFault_IRQn 0 */
 144:Core/Src/stm32f4xx_it.c **** 
 145:Core/Src/stm32f4xx_it.c ****   /* USER CODE END UsageFault_IRQn 0 */
 146:Core/Src/stm32f4xx_it.c ****   while (1)
 128              		.loc 1 146 3 view .LVU17
 147:Core/Src/stm32f4xx_it.c ****   {
 148:Core/Src/stm32f4xx_it.c ****     /* USER CODE BEGIN W1_UsageFault_IRQn 0 */
 149:Core/Src/stm32f4xx_it.c ****     /* USER CODE END W1_UsageFault_IRQn 0 */
 150:Core/Src/stm32f4xx_it.c ****   }
 129              		.loc 1 150 3 view .LVU18
 146:Core/Src/stm32f4xx_it.c ****   {
 130              		.loc 1 146 9 view .LVU19
 131 0000 FEE7     		b	.L10
 132              		.cfi_endproc
 133              	.LFE243:
 135              		.section	.text.DebugMon_Handler,"ax",%progbits
 136              		.align	1
 137              		.global	DebugMon_Handler
 138              		.syntax unified
 139              		.thumb
 140              		.thumb_func
ARM GAS  C:\Users\fish\AppData\Local\Temp\ccK0TbDg.s 			page 6


 142              	DebugMon_Handler:
 143              	.LFB244:
 151:Core/Src/stm32f4xx_it.c **** }
 152:Core/Src/stm32f4xx_it.c **** 
 153:Core/Src/stm32f4xx_it.c **** /**
 154:Core/Src/stm32f4xx_it.c ****   * @brief This function handles Debug monitor.
 155:Core/Src/stm32f4xx_it.c ****   */
 156:Core/Src/stm32f4xx_it.c **** void DebugMon_Handler(void)
 157:Core/Src/stm32f4xx_it.c **** {
 144              		.loc 1 157 1 view -0
 145              		.cfi_startproc
 146              		@ args = 0, pretend = 0, frame = 0
 147              		@ frame_needed = 0, uses_anonymous_args = 0
 148              		@ link register save eliminated.
 158:Core/Src/stm32f4xx_it.c ****   /* USER CODE BEGIN DebugMonitor_IRQn 0 */
 159:Core/Src/stm32f4xx_it.c **** 
 160:Core/Src/stm32f4xx_it.c ****   /* USER CODE END DebugMonitor_IRQn 0 */
 161:Core/Src/stm32f4xx_it.c ****   /* USER CODE BEGIN DebugMonitor_IRQn 1 */
 162:Core/Src/stm32f4xx_it.c **** 
 163:Core/Src/stm32f4xx_it.c ****   /* USER CODE END DebugMonitor_IRQn 1 */
 164:Core/Src/stm32f4xx_it.c **** }
 149              		.loc 1 164 1 view .LVU21
 150 0000 7047     		bx	lr
 151              		.cfi_endproc
 152              	.LFE244:
 154              		.section	.text.DMA1_Stream5_IRQHandler,"ax",%progbits
 155              		.align	1
 156              		.global	DMA1_Stream5_IRQHandler
 157              		.syntax unified
 158              		.thumb
 159              		.thumb_func
 161              	DMA1_Stream5_IRQHandler:
 162              	.LFB245:
 165:Core/Src/stm32f4xx_it.c **** 
 166:Core/Src/stm32f4xx_it.c **** /******************************************************************************/
 167:Core/Src/stm32f4xx_it.c **** /* STM32F4xx Peripheral Interrupt Handlers                                    */
 168:Core/Src/stm32f4xx_it.c **** /* Add here the Interrupt Handlers for the used peripherals.                  */
 169:Core/Src/stm32f4xx_it.c **** /* For the available peripheral interrupt handler names,                      */
 170:Core/Src/stm32f4xx_it.c **** /* please refer to the startup file (startup_stm32f4xx.s).                    */
 171:Core/Src/stm32f4xx_it.c **** /******************************************************************************/
 172:Core/Src/stm32f4xx_it.c **** 
 173:Core/Src/stm32f4xx_it.c **** /**
 174:Core/Src/stm32f4xx_it.c ****   * @brief This function handles DMA1 stream5 global interrupt.
 175:Core/Src/stm32f4xx_it.c ****   */
 176:Core/Src/stm32f4xx_it.c **** void DMA1_Stream5_IRQHandler(void)
 177:Core/Src/stm32f4xx_it.c **** {
 163              		.loc 1 177 1 view -0
 164              		.cfi_startproc
 165              		@ args = 0, pretend = 0, frame = 0
 166              		@ frame_needed = 0, uses_anonymous_args = 0
 167 0000 08B5     		push	{r3, lr}
 168              		.cfi_def_cfa_offset 8
 169              		.cfi_offset 3, -8
 170              		.cfi_offset 14, -4
 178:Core/Src/stm32f4xx_it.c ****   /* USER CODE BEGIN DMA1_Stream5_IRQn 0 */
 179:Core/Src/stm32f4xx_it.c **** 
 180:Core/Src/stm32f4xx_it.c ****   /* USER CODE END DMA1_Stream5_IRQn 0 */
ARM GAS  C:\Users\fish\AppData\Local\Temp\ccK0TbDg.s 			page 7


 181:Core/Src/stm32f4xx_it.c ****   HAL_DMA_IRQHandler(&hdma_dac1);
 171              		.loc 1 181 3 view .LVU23
 172 0002 0248     		ldr	r0, .L14
 173 0004 FFF7FEFF 		bl	HAL_DMA_IRQHandler
 174              	.LVL0:
 182:Core/Src/stm32f4xx_it.c ****   /* USER CODE BEGIN DMA1_Stream5_IRQn 1 */
 183:Core/Src/stm32f4xx_it.c **** 
 184:Core/Src/stm32f4xx_it.c ****   /* USER CODE END DMA1_Stream5_IRQn 1 */
 185:Core/Src/stm32f4xx_it.c **** }
 175              		.loc 1 185 1 is_stmt 0 view .LVU24
 176 0008 08BD     		pop	{r3, pc}
 177              	.L15:
 178 000a 00BF     		.align	2
 179              	.L14:
 180 000c 00000000 		.word	hdma_dac1
 181              		.cfi_endproc
 182              	.LFE245:
 184              		.section	.text.TIM3_IRQHandler,"ax",%progbits
 185              		.align	1
 186              		.global	TIM3_IRQHandler
 187              		.syntax unified
 188              		.thumb
 189              		.thumb_func
 191              	TIM3_IRQHandler:
 192              	.LFB246:
 186:Core/Src/stm32f4xx_it.c **** 
 187:Core/Src/stm32f4xx_it.c **** /**
 188:Core/Src/stm32f4xx_it.c ****   * @brief This function handles TIM3 global interrupt.
 189:Core/Src/stm32f4xx_it.c ****   */
 190:Core/Src/stm32f4xx_it.c **** void TIM3_IRQHandler(void)
 191:Core/Src/stm32f4xx_it.c **** {
 193              		.loc 1 191 1 is_stmt 1 view -0
 194              		.cfi_startproc
 195              		@ args = 0, pretend = 0, frame = 0
 196              		@ frame_needed = 0, uses_anonymous_args = 0
 197 0000 10B5     		push	{r4, lr}
 198              		.cfi_def_cfa_offset 8
 199              		.cfi_offset 4, -8
 200              		.cfi_offset 14, -4
 192:Core/Src/stm32f4xx_it.c ****   /* USER CODE BEGIN TIM3_IRQn 0 */
 193:Core/Src/stm32f4xx_it.c **** 
 194:Core/Src/stm32f4xx_it.c ****   /* USER CODE END TIM3_IRQn 0 */
 195:Core/Src/stm32f4xx_it.c ****   HAL_TIM_IRQHandler(&htim3);
 201              		.loc 1 195 3 view .LVU26
 202 0002 044C     		ldr	r4, .L18
 203 0004 2046     		mov	r0, r4
 204 0006 FFF7FEFF 		bl	HAL_TIM_IRQHandler
 205              	.LVL1:
 196:Core/Src/stm32f4xx_it.c ****   /* USER CODE BEGIN TIM3_IRQn 1 */
 197:Core/Src/stm32f4xx_it.c ****   MIDI_TimerCallback(&htim3);
 206              		.loc 1 197 3 view .LVU27
 207 000a 2046     		mov	r0, r4
 208 000c FFF7FEFF 		bl	MIDI_TimerCallback
 209              	.LVL2:
 198:Core/Src/stm32f4xx_it.c ****   /* USER CODE END TIM3_IRQn 1 */
 199:Core/Src/stm32f4xx_it.c **** }
 210              		.loc 1 199 1 is_stmt 0 view .LVU28
ARM GAS  C:\Users\fish\AppData\Local\Temp\ccK0TbDg.s 			page 8


 211 0010 10BD     		pop	{r4, pc}
 212              	.L19:
 213 0012 00BF     		.align	2
 214              	.L18:
 215 0014 00000000 		.word	htim3
 216              		.cfi_endproc
 217              	.LFE246:
 219              		.section	.text.USART1_IRQHandler,"ax",%progbits
 220              		.align	1
 221              		.global	USART1_IRQHandler
 222              		.syntax unified
 223              		.thumb
 224              		.thumb_func
 226              	USART1_IRQHandler:
 227              	.LFB247:
 200:Core/Src/stm32f4xx_it.c **** 
 201:Core/Src/stm32f4xx_it.c **** /**
 202:Core/Src/stm32f4xx_it.c ****   * @brief This function handles USART1 global interrupt.
 203:Core/Src/stm32f4xx_it.c ****   */
 204:Core/Src/stm32f4xx_it.c **** void USART1_IRQHandler(void)
 205:Core/Src/stm32f4xx_it.c **** {
 228              		.loc 1 205 1 is_stmt 1 view -0
 229              		.cfi_startproc
 230              		@ args = 0, pretend = 0, frame = 0
 231              		@ frame_needed = 0, uses_anonymous_args = 0
 232 0000 08B5     		push	{r3, lr}
 233              		.cfi_def_cfa_offset 8
 234              		.cfi_offset 3, -8
 235              		.cfi_offset 14, -4
 206:Core/Src/stm32f4xx_it.c ****   /* USER CODE BEGIN USART1_IRQn 0 */
 207:Core/Src/stm32f4xx_it.c **** 
 208:Core/Src/stm32f4xx_it.c ****   /* USER CODE END USART1_IRQn 0 */
 209:Core/Src/stm32f4xx_it.c ****   HAL_UART_IRQHandler(&huart1);
 236              		.loc 1 209 3 view .LVU30
 237 0002 0248     		ldr	r0, .L22
 238 0004 FFF7FEFF 		bl	HAL_UART_IRQHandler
 239              	.LVL3:
 210:Core/Src/stm32f4xx_it.c ****   /* USER CODE BEGIN USART1_IRQn 1 */
 211:Core/Src/stm32f4xx_it.c **** 
 212:Core/Src/stm32f4xx_it.c ****   /* USER CODE END USART1_IRQn 1 */
 213:Core/Src/stm32f4xx_it.c **** }
 240              		.loc 1 213 1 is_stmt 0 view .LVU31
 241 0008 08BD     		pop	{r3, pc}
 242              	.L23:
 243 000a 00BF     		.align	2
 244              	.L22:
 245 000c 00000000 		.word	huart1
 246              		.cfi_endproc
 247              	.LFE247:
 249              		.section	.text.TIM8_UP_TIM13_IRQHandler,"ax",%progbits
 250              		.align	1
 251              		.global	TIM8_UP_TIM13_IRQHandler
 252              		.syntax unified
 253              		.thumb
 254              		.thumb_func
 256              	TIM8_UP_TIM13_IRQHandler:
 257              	.LFB248:
ARM GAS  C:\Users\fish\AppData\Local\Temp\ccK0TbDg.s 			page 9


 214:Core/Src/stm32f4xx_it.c **** 
 215:Core/Src/stm32f4xx_it.c **** /**
 216:Core/Src/stm32f4xx_it.c ****   * @brief This function handles TIM8 update interrupt and TIM13 global interrupt.
 217:Core/Src/stm32f4xx_it.c ****   */
 218:Core/Src/stm32f4xx_it.c **** void TIM8_UP_TIM13_IRQHandler(void)
 219:Core/Src/stm32f4xx_it.c **** {
 258              		.loc 1 219 1 is_stmt 1 view -0
 259              		.cfi_startproc
 260              		@ args = 0, pretend = 0, frame = 0
 261              		@ frame_needed = 0, uses_anonymous_args = 0
 262 0000 08B5     		push	{r3, lr}
 263              		.cfi_def_cfa_offset 8
 264              		.cfi_offset 3, -8
 265              		.cfi_offset 14, -4
 220:Core/Src/stm32f4xx_it.c ****   /* USER CODE BEGIN TIM8_UP_TIM13_IRQn 0 */
 221:Core/Src/stm32f4xx_it.c **** 
 222:Core/Src/stm32f4xx_it.c ****   /* USER CODE END TIM8_UP_TIM13_IRQn 0 */
 223:Core/Src/stm32f4xx_it.c ****   HAL_TIM_IRQHandler(&htim8);
 266              		.loc 1 223 3 view .LVU33
 267 0002 0248     		ldr	r0, .L26
 268 0004 FFF7FEFF 		bl	HAL_TIM_IRQHandler
 269              	.LVL4:
 224:Core/Src/stm32f4xx_it.c ****   /* USER CODE BEGIN TIM8_UP_TIM13_IRQn 1 */
 225:Core/Src/stm32f4xx_it.c **** 
 226:Core/Src/stm32f4xx_it.c ****   /* USER CODE END TIM8_UP_TIM13_IRQn 1 */
 227:Core/Src/stm32f4xx_it.c **** }
 270              		.loc 1 227 1 is_stmt 0 view .LVU34
 271 0008 08BD     		pop	{r3, pc}
 272              	.L27:
 273 000a 00BF     		.align	2
 274              	.L26:
 275 000c 00000000 		.word	htim8
 276              		.cfi_endproc
 277              	.LFE248:
 279              		.section	.text.TIM7_IRQHandler,"ax",%progbits
 280              		.align	1
 281              		.global	TIM7_IRQHandler
 282              		.syntax unified
 283              		.thumb
 284              		.thumb_func
 286              	TIM7_IRQHandler:
 287              	.LFB249:
 228:Core/Src/stm32f4xx_it.c **** 
 229:Core/Src/stm32f4xx_it.c **** /**
 230:Core/Src/stm32f4xx_it.c ****   * @brief This function handles TIM7 global interrupt.
 231:Core/Src/stm32f4xx_it.c ****   */
 232:Core/Src/stm32f4xx_it.c **** void TIM7_IRQHandler(void)
 233:Core/Src/stm32f4xx_it.c **** {
 288              		.loc 1 233 1 is_stmt 1 view -0
 289              		.cfi_startproc
 290              		@ args = 0, pretend = 0, frame = 0
 291              		@ frame_needed = 0, uses_anonymous_args = 0
 292 0000 08B5     		push	{r3, lr}
 293              		.cfi_def_cfa_offset 8
 294              		.cfi_offset 3, -8
 295              		.cfi_offset 14, -4
 234:Core/Src/stm32f4xx_it.c ****   /* USER CODE BEGIN TIM7_IRQn 0 */
ARM GAS  C:\Users\fish\AppData\Local\Temp\ccK0TbDg.s 			page 10


 235:Core/Src/stm32f4xx_it.c **** 
 236:Core/Src/stm32f4xx_it.c ****   /* USER CODE END TIM7_IRQn 0 */
 237:Core/Src/stm32f4xx_it.c ****   HAL_TIM_IRQHandler(&htim7);
 296              		.loc 1 237 3 view .LVU36
 297 0002 0248     		ldr	r0, .L30
 298 0004 FFF7FEFF 		bl	HAL_TIM_IRQHandler
 299              	.LVL5:
 238:Core/Src/stm32f4xx_it.c ****   /* USER CODE BEGIN TIM7_IRQn 1 */
 239:Core/Src/stm32f4xx_it.c **** 
 240:Core/Src/stm32f4xx_it.c ****   /* USER CODE END TIM7_IRQn 1 */
 241:Core/Src/stm32f4xx_it.c **** }
 300              		.loc 1 241 1 is_stmt 0 view .LVU37
 301 0008 08BD     		pop	{r3, pc}
 302              	.L31:
 303 000a 00BF     		.align	2
 304              	.L30:
 305 000c 00000000 		.word	htim7
 306              		.cfi_endproc
 307              	.LFE249:
 309              		.section	.text.DMA2_Stream0_IRQHandler,"ax",%progbits
 310              		.align	1
 311              		.global	DMA2_Stream0_IRQHandler
 312              		.syntax unified
 313              		.thumb
 314              		.thumb_func
 316              	DMA2_Stream0_IRQHandler:
 317              	.LFB250:
 242:Core/Src/stm32f4xx_it.c **** 
 243:Core/Src/stm32f4xx_it.c **** /**
 244:Core/Src/stm32f4xx_it.c ****   * @brief This function handles DMA2 stream0 global interrupt.
 245:Core/Src/stm32f4xx_it.c ****   */
 246:Core/Src/stm32f4xx_it.c **** void DMA2_Stream0_IRQHandler(void)
 247:Core/Src/stm32f4xx_it.c **** {
 318              		.loc 1 247 1 is_stmt 1 view -0
 319              		.cfi_startproc
 320              		@ args = 0, pretend = 0, frame = 0
 321              		@ frame_needed = 0, uses_anonymous_args = 0
 322 0000 08B5     		push	{r3, lr}
 323              		.cfi_def_cfa_offset 8
 324              		.cfi_offset 3, -8
 325              		.cfi_offset 14, -4
 248:Core/Src/stm32f4xx_it.c ****   /* USER CODE BEGIN DMA2_Stream0_IRQn 0 */
 249:Core/Src/stm32f4xx_it.c **** 
 250:Core/Src/stm32f4xx_it.c ****   /* USER CODE END DMA2_Stream0_IRQn 0 */
 251:Core/Src/stm32f4xx_it.c ****   HAL_DMA_IRQHandler(&hdma_adc1);
 326              		.loc 1 251 3 view .LVU39
 327 0002 0248     		ldr	r0, .L34
 328 0004 FFF7FEFF 		bl	HAL_DMA_IRQHandler
 329              	.LVL6:
 252:Core/Src/stm32f4xx_it.c ****   /* USER CODE BEGIN DMA2_Stream0_IRQn 1 */
 253:Core/Src/stm32f4xx_it.c **** 
 254:Core/Src/stm32f4xx_it.c ****   /* USER CODE END DMA2_Stream0_IRQn 1 */
 255:Core/Src/stm32f4xx_it.c **** }
 330              		.loc 1 255 1 is_stmt 0 view .LVU40
 331 0008 08BD     		pop	{r3, pc}
 332              	.L35:
 333 000a 00BF     		.align	2
ARM GAS  C:\Users\fish\AppData\Local\Temp\ccK0TbDg.s 			page 11


 334              	.L34:
 335 000c 00000000 		.word	hdma_adc1
 336              		.cfi_endproc
 337              	.LFE250:
 339              		.section	.text.DMA2_Stream1_IRQHandler,"ax",%progbits
 340              		.align	1
 341              		.global	DMA2_Stream1_IRQHandler
 342              		.syntax unified
 343              		.thumb
 344              		.thumb_func
 346              	DMA2_Stream1_IRQHandler:
 347              	.LFB251:
 256:Core/Src/stm32f4xx_it.c **** 
 257:Core/Src/stm32f4xx_it.c **** /**
 258:Core/Src/stm32f4xx_it.c ****   * @brief This function handles DMA2 stream1 global interrupt.
 259:Core/Src/stm32f4xx_it.c ****   */
 260:Core/Src/stm32f4xx_it.c **** void DMA2_Stream1_IRQHandler(void)
 261:Core/Src/stm32f4xx_it.c **** {
 348              		.loc 1 261 1 is_stmt 1 view -0
 349              		.cfi_startproc
 350              		@ args = 0, pretend = 0, frame = 0
 351              		@ frame_needed = 0, uses_anonymous_args = 0
 352 0000 08B5     		push	{r3, lr}
 353              		.cfi_def_cfa_offset 8
 354              		.cfi_offset 3, -8
 355              		.cfi_offset 14, -4
 262:Core/Src/stm32f4xx_it.c ****   /* USER CODE BEGIN DMA2_Stream1_IRQn 0 */
 263:Core/Src/stm32f4xx_it.c **** 
 264:Core/Src/stm32f4xx_it.c ****   /* USER CODE END DMA2_Stream1_IRQn 0 */
 265:Core/Src/stm32f4xx_it.c ****   HAL_DMA_IRQHandler(&hdma_usart6_rx);
 356              		.loc 1 265 3 view .LVU42
 357 0002 0248     		ldr	r0, .L38
 358 0004 FFF7FEFF 		bl	HAL_DMA_IRQHandler
 359              	.LVL7:
 266:Core/Src/stm32f4xx_it.c ****   /* USER CODE BEGIN DMA2_Stream1_IRQn 1 */
 267:Core/Src/stm32f4xx_it.c **** 
 268:Core/Src/stm32f4xx_it.c ****   /* USER CODE END DMA2_Stream1_IRQn 1 */
 269:Core/Src/stm32f4xx_it.c **** }
 360              		.loc 1 269 1 is_stmt 0 view .LVU43
 361 0008 08BD     		pop	{r3, pc}
 362              	.L39:
 363 000a 00BF     		.align	2
 364              	.L38:
 365 000c 00000000 		.word	hdma_usart6_rx
 366              		.cfi_endproc
 367              	.LFE251:
 369              		.section	.text.DMA2_Stream2_IRQHandler,"ax",%progbits
 370              		.align	1
 371              		.global	DMA2_Stream2_IRQHandler
 372              		.syntax unified
 373              		.thumb
 374              		.thumb_func
 376              	DMA2_Stream2_IRQHandler:
 377              	.LFB252:
 270:Core/Src/stm32f4xx_it.c **** 
 271:Core/Src/stm32f4xx_it.c **** /**
 272:Core/Src/stm32f4xx_it.c ****   * @brief This function handles DMA2 stream2 global interrupt.
ARM GAS  C:\Users\fish\AppData\Local\Temp\ccK0TbDg.s 			page 12


 273:Core/Src/stm32f4xx_it.c ****   */
 274:Core/Src/stm32f4xx_it.c **** void DMA2_Stream2_IRQHandler(void)
 275:Core/Src/stm32f4xx_it.c **** {
 378              		.loc 1 275 1 is_stmt 1 view -0
 379              		.cfi_startproc
 380              		@ args = 0, pretend = 0, frame = 0
 381              		@ frame_needed = 0, uses_anonymous_args = 0
 382 0000 08B5     		push	{r3, lr}
 383              		.cfi_def_cfa_offset 8
 384              		.cfi_offset 3, -8
 385              		.cfi_offset 14, -4
 276:Core/Src/stm32f4xx_it.c ****   /* USER CODE BEGIN DMA2_Stream2_IRQn 0 */
 277:Core/Src/stm32f4xx_it.c **** 
 278:Core/Src/stm32f4xx_it.c ****   /* USER CODE END DMA2_Stream2_IRQn 0 */
 279:Core/Src/stm32f4xx_it.c ****   HAL_DMA_IRQHandler(&hdma_usart1_rx);
 386              		.loc 1 279 3 view .LVU45
 387 0002 0248     		ldr	r0, .L42
 388 0004 FFF7FEFF 		bl	HAL_DMA_IRQHandler
 389              	.LVL8:
 280:Core/Src/stm32f4xx_it.c ****   /* USER CODE BEGIN DMA2_Stream2_IRQn 1 */
 281:Core/Src/stm32f4xx_it.c **** 
 282:Core/Src/stm32f4xx_it.c ****   /* USER CODE END DMA2_Stream2_IRQn 1 */
 283:Core/Src/stm32f4xx_it.c **** }
 390              		.loc 1 283 1 is_stmt 0 view .LVU46
 391 0008 08BD     		pop	{r3, pc}
 392              	.L43:
 393 000a 00BF     		.align	2
 394              	.L42:
 395 000c 00000000 		.word	hdma_usart1_rx
 396              		.cfi_endproc
 397              	.LFE252:
 399              		.section	.text.DMA2_Stream6_IRQHandler,"ax",%progbits
 400              		.align	1
 401              		.global	DMA2_Stream6_IRQHandler
 402              		.syntax unified
 403              		.thumb
 404              		.thumb_func
 406              	DMA2_Stream6_IRQHandler:
 407              	.LFB253:
 284:Core/Src/stm32f4xx_it.c **** 
 285:Core/Src/stm32f4xx_it.c **** /**
 286:Core/Src/stm32f4xx_it.c ****   * @brief This function handles DMA2 stream6 global interrupt.
 287:Core/Src/stm32f4xx_it.c ****   */
 288:Core/Src/stm32f4xx_it.c **** void DMA2_Stream6_IRQHandler(void)
 289:Core/Src/stm32f4xx_it.c **** {
 408              		.loc 1 289 1 is_stmt 1 view -0
 409              		.cfi_startproc
 410              		@ args = 0, pretend = 0, frame = 0
 411              		@ frame_needed = 0, uses_anonymous_args = 0
 412 0000 08B5     		push	{r3, lr}
 413              		.cfi_def_cfa_offset 8
 414              		.cfi_offset 3, -8
 415              		.cfi_offset 14, -4
 290:Core/Src/stm32f4xx_it.c ****   /* USER CODE BEGIN DMA2_Stream6_IRQn 0 */
 291:Core/Src/stm32f4xx_it.c **** 
 292:Core/Src/stm32f4xx_it.c ****   /* USER CODE END DMA2_Stream6_IRQn 0 */
 293:Core/Src/stm32f4xx_it.c ****   HAL_DMA_IRQHandler(&hdma_usart6_tx);
ARM GAS  C:\Users\fish\AppData\Local\Temp\ccK0TbDg.s 			page 13


 416              		.loc 1 293 3 view .LVU48
 417 0002 0248     		ldr	r0, .L46
 418 0004 FFF7FEFF 		bl	HAL_DMA_IRQHandler
 419              	.LVL9:
 294:Core/Src/stm32f4xx_it.c ****   /* USER CODE BEGIN DMA2_Stream6_IRQn 1 */
 295:Core/Src/stm32f4xx_it.c **** 
 296:Core/Src/stm32f4xx_it.c ****   /* USER CODE END DMA2_Stream6_IRQn 1 */
 297:Core/Src/stm32f4xx_it.c **** }
 420              		.loc 1 297 1 is_stmt 0 view .LVU49
 421 0008 08BD     		pop	{r3, pc}
 422              	.L47:
 423 000a 00BF     		.align	2
 424              	.L46:
 425 000c 00000000 		.word	hdma_usart6_tx
 426              		.cfi_endproc
 427              	.LFE253:
 429              		.section	.text.DMA2_Stream7_IRQHandler,"ax",%progbits
 430              		.align	1
 431              		.global	DMA2_Stream7_IRQHandler
 432              		.syntax unified
 433              		.thumb
 434              		.thumb_func
 436              	DMA2_Stream7_IRQHandler:
 437              	.LFB254:
 298:Core/Src/stm32f4xx_it.c **** 
 299:Core/Src/stm32f4xx_it.c **** /**
 300:Core/Src/stm32f4xx_it.c ****   * @brief This function handles DMA2 stream7 global interrupt.
 301:Core/Src/stm32f4xx_it.c ****   */
 302:Core/Src/stm32f4xx_it.c **** void DMA2_Stream7_IRQHandler(void)
 303:Core/Src/stm32f4xx_it.c **** {
 438              		.loc 1 303 1 is_stmt 1 view -0
 439              		.cfi_startproc
 440              		@ args = 0, pretend = 0, frame = 0
 441              		@ frame_needed = 0, uses_anonymous_args = 0
 442 0000 08B5     		push	{r3, lr}
 443              		.cfi_def_cfa_offset 8
 444              		.cfi_offset 3, -8
 445              		.cfi_offset 14, -4
 304:Core/Src/stm32f4xx_it.c ****   /* USER CODE BEGIN DMA2_Stream7_IRQn 0 */
 305:Core/Src/stm32f4xx_it.c **** 
 306:Core/Src/stm32f4xx_it.c ****   /* USER CODE END DMA2_Stream7_IRQn 0 */
 307:Core/Src/stm32f4xx_it.c ****   HAL_DMA_IRQHandler(&hdma_usart1_tx);
 446              		.loc 1 307 3 view .LVU51
 447 0002 0248     		ldr	r0, .L50
 448 0004 FFF7FEFF 		bl	HAL_DMA_IRQHandler
 449              	.LVL10:
 308:Core/Src/stm32f4xx_it.c ****   /* USER CODE BEGIN DMA2_Stream7_IRQn 1 */
 309:Core/Src/stm32f4xx_it.c **** 
 310:Core/Src/stm32f4xx_it.c ****   /* USER CODE END DMA2_Stream7_IRQn 1 */
 311:Core/Src/stm32f4xx_it.c **** }
 450              		.loc 1 311 1 is_stmt 0 view .LVU52
 451 0008 08BD     		pop	{r3, pc}
 452              	.L51:
 453 000a 00BF     		.align	2
 454              	.L50:
 455 000c 00000000 		.word	hdma_usart1_tx
 456              		.cfi_endproc
ARM GAS  C:\Users\fish\AppData\Local\Temp\ccK0TbDg.s 			page 14


 457              	.LFE254:
 459              		.section	.text.USART6_IRQHandler,"ax",%progbits
 460              		.align	1
 461              		.global	USART6_IRQHandler
 462              		.syntax unified
 463              		.thumb
 464              		.thumb_func
 466              	USART6_IRQHandler:
 467              	.LFB255:
 312:Core/Src/stm32f4xx_it.c **** 
 313:Core/Src/stm32f4xx_it.c **** /**
 314:Core/Src/stm32f4xx_it.c ****   * @brief This function handles USART6 global interrupt.
 315:Core/Src/stm32f4xx_it.c ****   */
 316:Core/Src/stm32f4xx_it.c **** void USART6_IRQHandler(void)
 317:Core/Src/stm32f4xx_it.c **** {
 468              		.loc 1 317 1 is_stmt 1 view -0
 469              		.cfi_startproc
 470              		@ args = 0, pretend = 0, frame = 0
 471              		@ frame_needed = 0, uses_anonymous_args = 0
 472 0000 08B5     		push	{r3, lr}
 473              		.cfi_def_cfa_offset 8
 474              		.cfi_offset 3, -8
 475              		.cfi_offset 14, -4
 318:Core/Src/stm32f4xx_it.c ****   /* USER CODE BEGIN USART6_IRQn 0 */
 319:Core/Src/stm32f4xx_it.c **** 
 320:Core/Src/stm32f4xx_it.c ****   /* USER CODE END USART6_IRQn 0 */
 321:Core/Src/stm32f4xx_it.c ****   HAL_UART_IRQHandler(&huart6);
 476              		.loc 1 321 3 view .LVU54
 477 0002 0248     		ldr	r0, .L54
 478 0004 FFF7FEFF 		bl	HAL_UART_IRQHandler
 479              	.LVL11:
 322:Core/Src/stm32f4xx_it.c ****   /* USER CODE BEGIN USART6_IRQn 1 */
 323:Core/Src/stm32f4xx_it.c **** 
 324:Core/Src/stm32f4xx_it.c ****   /* USER CODE END USART6_IRQn 1 */
 325:Core/Src/stm32f4xx_it.c **** }
 480              		.loc 1 325 1 is_stmt 0 view .LVU55
 481 0008 08BD     		pop	{r3, pc}
 482              	.L55:
 483 000a 00BF     		.align	2
 484              	.L54:
 485 000c 00000000 		.word	huart6
 486              		.cfi_endproc
 487              	.LFE255:
 489              		.text
 490              	.Letext0:
 491              		.file 2 "C:/STM32/arm-none-eabi-gcc/14.2.1-1.1.1/.content/arm-none-eabi/include/machine/_default_t
 492              		.file 3 "C:/STM32/arm-none-eabi-gcc/14.2.1-1.1.1/.content/arm-none-eabi/include/sys/_stdint.h"
 493              		.file 4 "Drivers/CMSIS/Device/ST/STM32F4xx/Include/stm32f407xx.h"
 494              		.file 5 "Drivers/STM32F4xx_HAL_Driver/Inc/stm32f4xx_hal_def.h"
 495              		.file 6 "Drivers/STM32F4xx_HAL_Driver/Inc/stm32f4xx_hal_dma.h"
 496              		.file 7 "Drivers/STM32F4xx_HAL_Driver/Inc/stm32f4xx_hal_tim.h"
 497              		.file 8 "Drivers/STM32F4xx_HAL_Driver/Inc/stm32f4xx_hal_uart.h"
 498              		.file 9 "../Bsp/MIDI/midi.h"
ARM GAS  C:\Users\fish\AppData\Local\Temp\ccK0TbDg.s 			page 15


DEFINED SYMBOLS
                            *ABS*:00000000 stm32f4xx_it.c
C:\Users\fish\AppData\Local\Temp\ccK0TbDg.s:21     .text.NMI_Handler:00000000 $t
C:\Users\fish\AppData\Local\Temp\ccK0TbDg.s:27     .text.NMI_Handler:00000000 NMI_Handler
C:\Users\fish\AppData\Local\Temp\ccK0TbDg.s:44     .text.HardFault_Handler:00000000 $t
C:\Users\fish\AppData\Local\Temp\ccK0TbDg.s:50     .text.HardFault_Handler:00000000 HardFault_Handler
C:\Users\fish\AppData\Local\Temp\ccK0TbDg.s:67     .text.MemManage_Handler:00000000 $t
C:\Users\fish\AppData\Local\Temp\ccK0TbDg.s:73     .text.MemManage_Handler:00000000 MemManage_Handler
C:\Users\fish\AppData\Local\Temp\ccK0TbDg.s:90     .text.BusFault_Handler:00000000 $t
C:\Users\fish\AppData\Local\Temp\ccK0TbDg.s:96     .text.BusFault_Handler:00000000 BusFault_Handler
C:\Users\fish\AppData\Local\Temp\ccK0TbDg.s:113    .text.UsageFault_Handler:00000000 $t
C:\Users\fish\AppData\Local\Temp\ccK0TbDg.s:119    .text.UsageFault_Handler:00000000 UsageFault_Handler
C:\Users\fish\AppData\Local\Temp\ccK0TbDg.s:136    .text.DebugMon_Handler:00000000 $t
C:\Users\fish\AppData\Local\Temp\ccK0TbDg.s:142    .text.DebugMon_Handler:00000000 DebugMon_Handler
C:\Users\fish\AppData\Local\Temp\ccK0TbDg.s:155    .text.DMA1_Stream5_IRQHandler:00000000 $t
C:\Users\fish\AppData\Local\Temp\ccK0TbDg.s:161    .text.DMA1_Stream5_IRQHandler:00000000 DMA1_Stream5_IRQHandler
C:\Users\fish\AppData\Local\Temp\ccK0TbDg.s:180    .text.DMA1_Stream5_IRQHandler:0000000c $d
C:\Users\fish\AppData\Local\Temp\ccK0TbDg.s:185    .text.TIM3_IRQHandler:00000000 $t
C:\Users\fish\AppData\Local\Temp\ccK0TbDg.s:191    .text.TIM3_IRQHandler:00000000 TIM3_IRQHandler
C:\Users\fish\AppData\Local\Temp\ccK0TbDg.s:215    .text.TIM3_IRQHandler:00000014 $d
C:\Users\fish\AppData\Local\Temp\ccK0TbDg.s:220    .text.USART1_IRQHandler:00000000 $t
C:\Users\fish\AppData\Local\Temp\ccK0TbDg.s:226    .text.USART1_IRQHandler:00000000 USART1_IRQHandler
C:\Users\fish\AppData\Local\Temp\ccK0TbDg.s:245    .text.USART1_IRQHandler:0000000c $d
C:\Users\fish\AppData\Local\Temp\ccK0TbDg.s:250    .text.TIM8_UP_TIM13_IRQHandler:00000000 $t
C:\Users\fish\AppData\Local\Temp\ccK0TbDg.s:256    .text.TIM8_UP_TIM13_IRQHandler:00000000 TIM8_UP_TIM13_IRQHandler
C:\Users\fish\AppData\Local\Temp\ccK0TbDg.s:275    .text.TIM8_UP_TIM13_IRQHandler:0000000c $d
C:\Users\fish\AppData\Local\Temp\ccK0TbDg.s:280    .text.TIM7_IRQHandler:00000000 $t
C:\Users\fish\AppData\Local\Temp\ccK0TbDg.s:286    .text.TIM7_IRQHandler:00000000 TIM7_IRQHandler
C:\Users\fish\AppData\Local\Temp\ccK0TbDg.s:305    .text.TIM7_IRQHandler:0000000c $d
C:\Users\fish\AppData\Local\Temp\ccK0TbDg.s:310    .text.DMA2_Stream0_IRQHandler:00000000 $t
C:\Users\fish\AppData\Local\Temp\ccK0TbDg.s:316    .text.DMA2_Stream0_IRQHandler:00000000 DMA2_Stream0_IRQHandler
C:\Users\fish\AppData\Local\Temp\ccK0TbDg.s:335    .text.DMA2_Stream0_IRQHandler:0000000c $d
C:\Users\fish\AppData\Local\Temp\ccK0TbDg.s:340    .text.DMA2_Stream1_IRQHandler:00000000 $t
C:\Users\fish\AppData\Local\Temp\ccK0TbDg.s:346    .text.DMA2_Stream1_IRQHandler:00000000 DMA2_Stream1_IRQHandler
C:\Users\fish\AppData\Local\Temp\ccK0TbDg.s:365    .text.DMA2_Stream1_IRQHandler:0000000c $d
C:\Users\fish\AppData\Local\Temp\ccK0TbDg.s:370    .text.DMA2_Stream2_IRQHandler:00000000 $t
C:\Users\fish\AppData\Local\Temp\ccK0TbDg.s:376    .text.DMA2_Stream2_IRQHandler:00000000 DMA2_Stream2_IRQHandler
C:\Users\fish\AppData\Local\Temp\ccK0TbDg.s:395    .text.DMA2_Stream2_IRQHandler:0000000c $d
C:\Users\fish\AppData\Local\Temp\ccK0TbDg.s:400    .text.DMA2_Stream6_IRQHandler:00000000 $t
C:\Users\fish\AppData\Local\Temp\ccK0TbDg.s:406    .text.DMA2_Stream6_IRQHandler:00000000 DMA2_Stream6_IRQHandler
C:\Users\fish\AppData\Local\Temp\ccK0TbDg.s:425    .text.DMA2_Stream6_IRQHandler:0000000c $d
C:\Users\fish\AppData\Local\Temp\ccK0TbDg.s:430    .text.DMA2_Stream7_IRQHandler:00000000 $t
C:\Users\fish\AppData\Local\Temp\ccK0TbDg.s:436    .text.DMA2_Stream7_IRQHandler:00000000 DMA2_Stream7_IRQHandler
C:\Users\fish\AppData\Local\Temp\ccK0TbDg.s:455    .text.DMA2_Stream7_IRQHandler:0000000c $d
C:\Users\fish\AppData\Local\Temp\ccK0TbDg.s:460    .text.USART6_IRQHandler:00000000 $t
C:\Users\fish\AppData\Local\Temp\ccK0TbDg.s:466    .text.USART6_IRQHandler:00000000 USART6_IRQHandler
C:\Users\fish\AppData\Local\Temp\ccK0TbDg.s:485    .text.USART6_IRQHandler:0000000c $d

UNDEFINED SYMBOLS
HAL_DMA_IRQHandler
hdma_dac1
HAL_TIM_IRQHandler
MIDI_TimerCallback
htim3
HAL_UART_IRQHandler
huart1
htim8
ARM GAS  C:\Users\fish\AppData\Local\Temp\ccK0TbDg.s 			page 16


htim7
hdma_adc1
hdma_usart6_rx
hdma_usart1_rx
hdma_usart6_tx
hdma_usart1_tx
huart6
