ARM GAS  C:\Users\fish\AppData\Local\Temp\ccAtuPG1.s 			page 1


   1              		.cpu cortex-m4
   2              		.arch armv7e-m
   3              		.fpu fpv4-sp-d16
   4              		.eabi_attribute 27, 1
   5              		.eabi_attribute 28, 1
   6              		.eabi_attribute 20, 1
   7              		.eabi_attribute 21, 1
   8              		.eabi_attribute 23, 3
   9              		.eabi_attribute 24, 1
  10              		.eabi_attribute 25, 1
  11              		.eabi_attribute 26, 1
  12              		.eabi_attribute 30, 1
  13              		.eabi_attribute 34, 1
  14              		.eabi_attribute 18, 4
  15              		.file	"tim.c"
  16              		.text
  17              	.Ltext0:
  18              		.cfi_sections	.debug_frame
  19              		.file 1 "Core/Src/tim.c"
  20              		.section	.text.MX_TIM2_Init,"ax",%progbits
  21              		.align	1
  22              		.global	MX_TIM2_Init
  23              		.syntax unified
  24              		.thumb
  25              		.thumb_func
  27              	MX_TIM2_Init:
  28              	.LFB239:
   1:Core/Src/tim.c **** /* USER CODE BEGIN Header */
   2:Core/Src/tim.c **** /**
   3:Core/Src/tim.c ****   ******************************************************************************
   4:Core/Src/tim.c ****   * @file    tim.c
   5:Core/Src/tim.c ****   * @brief   This file provides code for the configuration
   6:Core/Src/tim.c ****   *          of the TIM instances.
   7:Core/Src/tim.c ****   ******************************************************************************
   8:Core/Src/tim.c ****   * @attention
   9:Core/Src/tim.c ****   *
  10:Core/Src/tim.c ****   * Copyright (c) 2026 STMicroelectronics.
  11:Core/Src/tim.c ****   * All rights reserved.
  12:Core/Src/tim.c ****   *
  13:Core/Src/tim.c ****   * This software is licensed under terms that can be found in the LICENSE file
  14:Core/Src/tim.c ****   * in the root directory of this software component.
  15:Core/Src/tim.c ****   * If no LICENSE file comes with this software, it is provided AS-IS.
  16:Core/Src/tim.c ****   *
  17:Core/Src/tim.c ****   ******************************************************************************
  18:Core/Src/tim.c ****   */
  19:Core/Src/tim.c **** /* USER CODE END Header */
  20:Core/Src/tim.c **** /* Includes ------------------------------------------------------------------*/
  21:Core/Src/tim.c **** #include "tim.h"
  22:Core/Src/tim.c **** 
  23:Core/Src/tim.c **** /* USER CODE BEGIN 0 */
  24:Core/Src/tim.c **** 
  25:Core/Src/tim.c **** /* USER CODE END 0 */
  26:Core/Src/tim.c **** 
  27:Core/Src/tim.c **** TIM_HandleTypeDef htim2;
  28:Core/Src/tim.c **** TIM_HandleTypeDef htim3;
  29:Core/Src/tim.c **** TIM_HandleTypeDef htim8;
  30:Core/Src/tim.c **** 
ARM GAS  C:\Users\fish\AppData\Local\Temp\ccAtuPG1.s 			page 2


  31:Core/Src/tim.c **** /* TIM2 init function */
  32:Core/Src/tim.c **** void MX_TIM2_Init(void)
  33:Core/Src/tim.c **** {
  29              		.loc 1 33 1 view -0
  30              		.cfi_startproc
  31              		@ args = 0, pretend = 0, frame = 24
  32              		@ frame_needed = 0, uses_anonymous_args = 0
  33 0000 00B5     		push	{lr}
  34              		.cfi_def_cfa_offset 4
  35              		.cfi_offset 14, -4
  36 0002 87B0     		sub	sp, sp, #28
  37              		.cfi_def_cfa_offset 32
  34:Core/Src/tim.c **** 
  35:Core/Src/tim.c ****   /* USER CODE BEGIN TIM2_Init 0 */
  36:Core/Src/tim.c **** 
  37:Core/Src/tim.c ****   /* USER CODE END TIM2_Init 0 */
  38:Core/Src/tim.c **** 
  39:Core/Src/tim.c ****   TIM_ClockConfigTypeDef sClockSourceConfig = {0};
  38              		.loc 1 39 3 view .LVU1
  39              		.loc 1 39 26 is_stmt 0 view .LVU2
  40 0004 0023     		movs	r3, #0
  41 0006 0293     		str	r3, [sp, #8]
  42 0008 0393     		str	r3, [sp, #12]
  43 000a 0493     		str	r3, [sp, #16]
  44 000c 0593     		str	r3, [sp, #20]
  40:Core/Src/tim.c ****   TIM_MasterConfigTypeDef sMasterConfig = {0};
  45              		.loc 1 40 3 is_stmt 1 view .LVU3
  46              		.loc 1 40 27 is_stmt 0 view .LVU4
  47 000e 0093     		str	r3, [sp]
  48 0010 0193     		str	r3, [sp, #4]
  41:Core/Src/tim.c **** 
  42:Core/Src/tim.c ****   /* USER CODE BEGIN TIM2_Init 1 */
  43:Core/Src/tim.c **** 
  44:Core/Src/tim.c ****   /* USER CODE END TIM2_Init 1 */
  45:Core/Src/tim.c ****   htim2.Instance = TIM2;
  49              		.loc 1 45 3 is_stmt 1 view .LVU5
  50              		.loc 1 45 18 is_stmt 0 view .LVU6
  51 0012 1648     		ldr	r0, .L9
  52 0014 4FF08042 		mov	r2, #1073741824
  53 0018 0260     		str	r2, [r0]
  46:Core/Src/tim.c ****   htim2.Init.Prescaler = 84-1;
  54              		.loc 1 46 3 is_stmt 1 view .LVU7
  55              		.loc 1 46 24 is_stmt 0 view .LVU8
  56 001a 5322     		movs	r2, #83
  57 001c 4260     		str	r2, [r0, #4]
  47:Core/Src/tim.c ****   htim2.Init.CounterMode = TIM_COUNTERMODE_UP;
  58              		.loc 1 47 3 is_stmt 1 view .LVU9
  59              		.loc 1 47 26 is_stmt 0 view .LVU10
  60 001e 8360     		str	r3, [r0, #8]
  48:Core/Src/tim.c ****   htim2.Init.Period = 125-1;
  61              		.loc 1 48 3 is_stmt 1 view .LVU11
  62              		.loc 1 48 21 is_stmt 0 view .LVU12
  63 0020 7C22     		movs	r2, #124
  64 0022 C260     		str	r2, [r0, #12]
  49:Core/Src/tim.c ****   htim2.Init.ClockDivision = TIM_CLOCKDIVISION_DIV1;
  65              		.loc 1 49 3 is_stmt 1 view .LVU13
  66              		.loc 1 49 28 is_stmt 0 view .LVU14
ARM GAS  C:\Users\fish\AppData\Local\Temp\ccAtuPG1.s 			page 3


  67 0024 0361     		str	r3, [r0, #16]
  50:Core/Src/tim.c ****   htim2.Init.AutoReloadPreload = TIM_AUTORELOAD_PRELOAD_ENABLE;
  68              		.loc 1 50 3 is_stmt 1 view .LVU15
  69              		.loc 1 50 32 is_stmt 0 view .LVU16
  70 0026 8023     		movs	r3, #128
  71 0028 8361     		str	r3, [r0, #24]
  51:Core/Src/tim.c ****   if (HAL_TIM_Base_Init(&htim2) != HAL_OK)
  72              		.loc 1 51 3 is_stmt 1 view .LVU17
  73              		.loc 1 51 7 is_stmt 0 view .LVU18
  74 002a FFF7FEFF 		bl	HAL_TIM_Base_Init
  75              	.LVL0:
  76              		.loc 1 51 6 discriminator 1 view .LVU19
  77 002e 98B9     		cbnz	r0, .L6
  78              	.L2:
  52:Core/Src/tim.c ****   {
  53:Core/Src/tim.c ****     Error_Handler();
  54:Core/Src/tim.c ****   }
  55:Core/Src/tim.c ****   sClockSourceConfig.ClockSource = TIM_CLOCKSOURCE_INTERNAL;
  79              		.loc 1 55 3 is_stmt 1 view .LVU20
  80              		.loc 1 55 34 is_stmt 0 view .LVU21
  81 0030 4FF48053 		mov	r3, #4096
  82 0034 0293     		str	r3, [sp, #8]
  56:Core/Src/tim.c ****   if (HAL_TIM_ConfigClockSource(&htim2, &sClockSourceConfig) != HAL_OK)
  83              		.loc 1 56 3 is_stmt 1 view .LVU22
  84              		.loc 1 56 7 is_stmt 0 view .LVU23
  85 0036 02A9     		add	r1, sp, #8
  86 0038 0C48     		ldr	r0, .L9
  87 003a FFF7FEFF 		bl	HAL_TIM_ConfigClockSource
  88              	.LVL1:
  89              		.loc 1 56 6 discriminator 1 view .LVU24
  90 003e 70B9     		cbnz	r0, .L7
  91              	.L3:
  57:Core/Src/tim.c ****   {
  58:Core/Src/tim.c ****     Error_Handler();
  59:Core/Src/tim.c ****   }
  60:Core/Src/tim.c ****   sMasterConfig.MasterOutputTrigger = TIM_TRGO_UPDATE;
  92              		.loc 1 60 3 is_stmt 1 view .LVU25
  93              		.loc 1 60 37 is_stmt 0 view .LVU26
  94 0040 2023     		movs	r3, #32
  95 0042 0093     		str	r3, [sp]
  61:Core/Src/tim.c ****   sMasterConfig.MasterSlaveMode = TIM_MASTERSLAVEMODE_DISABLE;
  96              		.loc 1 61 3 is_stmt 1 view .LVU27
  97              		.loc 1 61 33 is_stmt 0 view .LVU28
  98 0044 0023     		movs	r3, #0
  99 0046 0193     		str	r3, [sp, #4]
  62:Core/Src/tim.c ****   if (HAL_TIMEx_MasterConfigSynchronization(&htim2, &sMasterConfig) != HAL_OK)
 100              		.loc 1 62 3 is_stmt 1 view .LVU29
 101              		.loc 1 62 7 is_stmt 0 view .LVU30
 102 0048 6946     		mov	r1, sp
 103 004a 0848     		ldr	r0, .L9
 104 004c FFF7FEFF 		bl	HAL_TIMEx_MasterConfigSynchronization
 105              	.LVL2:
 106              		.loc 1 62 6 discriminator 1 view .LVU31
 107 0050 40B9     		cbnz	r0, .L8
 108              	.L1:
  63:Core/Src/tim.c ****   {
  64:Core/Src/tim.c ****     Error_Handler();
ARM GAS  C:\Users\fish\AppData\Local\Temp\ccAtuPG1.s 			page 4


  65:Core/Src/tim.c ****   }
  66:Core/Src/tim.c ****   /* USER CODE BEGIN TIM2_Init 2 */
  67:Core/Src/tim.c **** 
  68:Core/Src/tim.c ****   /* USER CODE END TIM2_Init 2 */
  69:Core/Src/tim.c **** 
  70:Core/Src/tim.c **** }
 109              		.loc 1 70 1 view .LVU32
 110 0052 07B0     		add	sp, sp, #28
 111              		.cfi_remember_state
 112              		.cfi_def_cfa_offset 4
 113              		@ sp needed
 114 0054 5DF804FB 		ldr	pc, [sp], #4
 115              	.L6:
 116              		.cfi_restore_state
  53:Core/Src/tim.c ****   }
 117              		.loc 1 53 5 is_stmt 1 view .LVU33
 118 0058 FFF7FEFF 		bl	Error_Handler
 119              	.LVL3:
 120 005c E8E7     		b	.L2
 121              	.L7:
  58:Core/Src/tim.c ****   }
 122              		.loc 1 58 5 view .LVU34
 123 005e FFF7FEFF 		bl	Error_Handler
 124              	.LVL4:
 125 0062 EDE7     		b	.L3
 126              	.L8:
  64:Core/Src/tim.c ****   }
 127              		.loc 1 64 5 view .LVU35
 128 0064 FFF7FEFF 		bl	Error_Handler
 129              	.LVL5:
 130              		.loc 1 70 1 is_stmt 0 view .LVU36
 131 0068 F3E7     		b	.L1
 132              	.L10:
 133 006a 00BF     		.align	2
 134              	.L9:
 135 006c 00000000 		.word	htim2
 136              		.cfi_endproc
 137              	.LFE239:
 139              		.section	.text.MX_TIM8_Init,"ax",%progbits
 140              		.align	1
 141              		.global	MX_TIM8_Init
 142              		.syntax unified
 143              		.thumb
 144              		.thumb_func
 146              	MX_TIM8_Init:
 147              	.LFB241:
  71:Core/Src/tim.c **** /* TIM3 init function */
  72:Core/Src/tim.c **** void MX_TIM3_Init(void)
  73:Core/Src/tim.c **** {
  74:Core/Src/tim.c **** 
  75:Core/Src/tim.c ****   /* USER CODE BEGIN TIM3_Init 0 */
  76:Core/Src/tim.c **** 
  77:Core/Src/tim.c ****   /* USER CODE END TIM3_Init 0 */
  78:Core/Src/tim.c **** 
  79:Core/Src/tim.c ****   TIM_ClockConfigTypeDef sClockSourceConfig = {0};
  80:Core/Src/tim.c ****   TIM_MasterConfigTypeDef sMasterConfig = {0};
  81:Core/Src/tim.c ****   TIM_OC_InitTypeDef sConfigOC = {0};
ARM GAS  C:\Users\fish\AppData\Local\Temp\ccAtuPG1.s 			page 5


  82:Core/Src/tim.c **** 
  83:Core/Src/tim.c ****   /* USER CODE BEGIN TIM3_Init 1 */
  84:Core/Src/tim.c **** 
  85:Core/Src/tim.c ****   /* USER CODE END TIM3_Init 1 */
  86:Core/Src/tim.c ****   htim3.Instance = TIM3;
  87:Core/Src/tim.c ****   htim3.Init.Prescaler = 84-1;
  88:Core/Src/tim.c ****   htim3.Init.CounterMode = TIM_COUNTERMODE_UP;
  89:Core/Src/tim.c ****   htim3.Init.Period = 1000-1;
  90:Core/Src/tim.c ****   htim3.Init.ClockDivision = TIM_CLOCKDIVISION_DIV1;
  91:Core/Src/tim.c ****   htim3.Init.AutoReloadPreload = TIM_AUTORELOAD_PRELOAD_ENABLE;
  92:Core/Src/tim.c ****   if (HAL_TIM_Base_Init(&htim3) != HAL_OK)
  93:Core/Src/tim.c ****   {
  94:Core/Src/tim.c ****     Error_Handler();
  95:Core/Src/tim.c ****   }
  96:Core/Src/tim.c ****   sClockSourceConfig.ClockSource = TIM_CLOCKSOURCE_INTERNAL;
  97:Core/Src/tim.c ****   if (HAL_TIM_ConfigClockSource(&htim3, &sClockSourceConfig) != HAL_OK)
  98:Core/Src/tim.c ****   {
  99:Core/Src/tim.c ****     Error_Handler();
 100:Core/Src/tim.c ****   }
 101:Core/Src/tim.c ****   if (HAL_TIM_PWM_Init(&htim3) != HAL_OK)
 102:Core/Src/tim.c ****   {
 103:Core/Src/tim.c ****     Error_Handler();
 104:Core/Src/tim.c ****   }
 105:Core/Src/tim.c ****   sMasterConfig.MasterOutputTrigger = TIM_TRGO_RESET;
 106:Core/Src/tim.c ****   sMasterConfig.MasterSlaveMode = TIM_MASTERSLAVEMODE_DISABLE;
 107:Core/Src/tim.c ****   if (HAL_TIMEx_MasterConfigSynchronization(&htim3, &sMasterConfig) != HAL_OK)
 108:Core/Src/tim.c ****   {
 109:Core/Src/tim.c ****     Error_Handler();
 110:Core/Src/tim.c ****   }
 111:Core/Src/tim.c ****   sConfigOC.OCMode = TIM_OCMODE_PWM1;
 112:Core/Src/tim.c ****   sConfigOC.Pulse = 500;
 113:Core/Src/tim.c ****   sConfigOC.OCPolarity = TIM_OCPOLARITY_HIGH;
 114:Core/Src/tim.c ****   sConfigOC.OCFastMode = TIM_OCFAST_DISABLE;
 115:Core/Src/tim.c ****   if (HAL_TIM_PWM_ConfigChannel(&htim3, &sConfigOC, TIM_CHANNEL_1) != HAL_OK)
 116:Core/Src/tim.c ****   {
 117:Core/Src/tim.c ****     Error_Handler();
 118:Core/Src/tim.c ****   }
 119:Core/Src/tim.c ****   /* USER CODE BEGIN TIM3_Init 2 */
 120:Core/Src/tim.c **** 
 121:Core/Src/tim.c ****   /* USER CODE END TIM3_Init 2 */
 122:Core/Src/tim.c ****   HAL_TIM_MspPostInit(&htim3);
 123:Core/Src/tim.c **** 
 124:Core/Src/tim.c **** }
 125:Core/Src/tim.c **** /* TIM8 init function */
 126:Core/Src/tim.c **** void MX_TIM8_Init(void)
 127:Core/Src/tim.c **** {
 148              		.loc 1 127 1 is_stmt 1 view -0
 149              		.cfi_startproc
 150              		@ args = 0, pretend = 0, frame = 24
 151              		@ frame_needed = 0, uses_anonymous_args = 0
 152 0000 00B5     		push	{lr}
 153              		.cfi_def_cfa_offset 4
 154              		.cfi_offset 14, -4
 155 0002 87B0     		sub	sp, sp, #28
 156              		.cfi_def_cfa_offset 32
 128:Core/Src/tim.c **** 
 129:Core/Src/tim.c ****   /* USER CODE BEGIN TIM8_Init 0 */
ARM GAS  C:\Users\fish\AppData\Local\Temp\ccAtuPG1.s 			page 6


 130:Core/Src/tim.c **** 
 131:Core/Src/tim.c ****   /* USER CODE END TIM8_Init 0 */
 132:Core/Src/tim.c **** 
 133:Core/Src/tim.c ****   TIM_ClockConfigTypeDef sClockSourceConfig = {0};
 157              		.loc 1 133 3 view .LVU38
 158              		.loc 1 133 26 is_stmt 0 view .LVU39
 159 0004 0023     		movs	r3, #0
 160 0006 0293     		str	r3, [sp, #8]
 161 0008 0393     		str	r3, [sp, #12]
 162 000a 0493     		str	r3, [sp, #16]
 163 000c 0593     		str	r3, [sp, #20]
 134:Core/Src/tim.c ****   TIM_MasterConfigTypeDef sMasterConfig = {0};
 164              		.loc 1 134 3 is_stmt 1 view .LVU40
 165              		.loc 1 134 27 is_stmt 0 view .LVU41
 166 000e 0093     		str	r3, [sp]
 167 0010 0193     		str	r3, [sp, #4]
 135:Core/Src/tim.c **** 
 136:Core/Src/tim.c ****   /* USER CODE BEGIN TIM8_Init 1 */
 137:Core/Src/tim.c **** 
 138:Core/Src/tim.c ****   /* USER CODE END TIM8_Init 1 */
 139:Core/Src/tim.c ****   htim8.Instance = TIM8;
 168              		.loc 1 139 3 is_stmt 1 view .LVU42
 169              		.loc 1 139 18 is_stmt 0 view .LVU43
 170 0012 1548     		ldr	r0, .L19
 171 0014 154A     		ldr	r2, .L19+4
 172 0016 0260     		str	r2, [r0]
 140:Core/Src/tim.c ****   htim8.Init.Prescaler = 168-1;
 173              		.loc 1 140 3 is_stmt 1 view .LVU44
 174              		.loc 1 140 24 is_stmt 0 view .LVU45
 175 0018 A722     		movs	r2, #167
 176 001a 4260     		str	r2, [r0, #4]
 141:Core/Src/tim.c ****   htim8.Init.CounterMode = TIM_COUNTERMODE_UP;
 177              		.loc 1 141 3 is_stmt 1 view .LVU46
 178              		.loc 1 141 26 is_stmt 0 view .LVU47
 179 001c 8360     		str	r3, [r0, #8]
 142:Core/Src/tim.c ****   htim8.Init.Period = 100-1;
 180              		.loc 1 142 3 is_stmt 1 view .LVU48
 181              		.loc 1 142 21 is_stmt 0 view .LVU49
 182 001e 6322     		movs	r2, #99
 183 0020 C260     		str	r2, [r0, #12]
 143:Core/Src/tim.c ****   htim8.Init.ClockDivision = TIM_CLOCKDIVISION_DIV1;
 184              		.loc 1 143 3 is_stmt 1 view .LVU50
 185              		.loc 1 143 28 is_stmt 0 view .LVU51
 186 0022 0361     		str	r3, [r0, #16]
 144:Core/Src/tim.c ****   htim8.Init.RepetitionCounter = 0;
 187              		.loc 1 144 3 is_stmt 1 view .LVU52
 188              		.loc 1 144 32 is_stmt 0 view .LVU53
 189 0024 4361     		str	r3, [r0, #20]
 145:Core/Src/tim.c ****   htim8.Init.AutoReloadPreload = TIM_AUTORELOAD_PRELOAD_ENABLE;
 190              		.loc 1 145 3 is_stmt 1 view .LVU54
 191              		.loc 1 145 32 is_stmt 0 view .LVU55
 192 0026 8023     		movs	r3, #128
 193 0028 8361     		str	r3, [r0, #24]
 146:Core/Src/tim.c ****   if (HAL_TIM_Base_Init(&htim8) != HAL_OK)
 194              		.loc 1 146 3 is_stmt 1 view .LVU56
 195              		.loc 1 146 7 is_stmt 0 view .LVU57
 196 002a FFF7FEFF 		bl	HAL_TIM_Base_Init
ARM GAS  C:\Users\fish\AppData\Local\Temp\ccAtuPG1.s 			page 7


 197              	.LVL6:
 198              		.loc 1 146 6 discriminator 1 view .LVU58
 199 002e 90B9     		cbnz	r0, .L16
 200              	.L12:
 147:Core/Src/tim.c ****   {
 148:Core/Src/tim.c ****     Error_Handler();
 149:Core/Src/tim.c ****   }
 150:Core/Src/tim.c ****   sClockSourceConfig.ClockSource = TIM_CLOCKSOURCE_INTERNAL;
 201              		.loc 1 150 3 is_stmt 1 view .LVU59
 202              		.loc 1 150 34 is_stmt 0 view .LVU60
 203 0030 4FF48053 		mov	r3, #4096
 204 0034 0293     		str	r3, [sp, #8]
 151:Core/Src/tim.c ****   if (HAL_TIM_ConfigClockSource(&htim8, &sClockSourceConfig) != HAL_OK)
 205              		.loc 1 151 3 is_stmt 1 view .LVU61
 206              		.loc 1 151 7 is_stmt 0 view .LVU62
 207 0036 02A9     		add	r1, sp, #8
 208 0038 0B48     		ldr	r0, .L19
 209 003a FFF7FEFF 		bl	HAL_TIM_ConfigClockSource
 210              	.LVL7:
 211              		.loc 1 151 6 discriminator 1 view .LVU63
 212 003e 68B9     		cbnz	r0, .L17
 213              	.L13:
 152:Core/Src/tim.c ****   {
 153:Core/Src/tim.c ****     Error_Handler();
 154:Core/Src/tim.c ****   }
 155:Core/Src/tim.c ****   sMasterConfig.MasterOutputTrigger = TIM_TRGO_RESET;
 214              		.loc 1 155 3 is_stmt 1 view .LVU64
 215              		.loc 1 155 37 is_stmt 0 view .LVU65
 216 0040 0023     		movs	r3, #0
 217 0042 0093     		str	r3, [sp]
 156:Core/Src/tim.c ****   sMasterConfig.MasterSlaveMode = TIM_MASTERSLAVEMODE_DISABLE;
 218              		.loc 1 156 3 is_stmt 1 view .LVU66
 219              		.loc 1 156 33 is_stmt 0 view .LVU67
 220 0044 0193     		str	r3, [sp, #4]
 157:Core/Src/tim.c ****   if (HAL_TIMEx_MasterConfigSynchronization(&htim8, &sMasterConfig) != HAL_OK)
 221              		.loc 1 157 3 is_stmt 1 view .LVU68
 222              		.loc 1 157 7 is_stmt 0 view .LVU69
 223 0046 6946     		mov	r1, sp
 224 0048 0748     		ldr	r0, .L19
 225 004a FFF7FEFF 		bl	HAL_TIMEx_MasterConfigSynchronization
 226              	.LVL8:
 227              		.loc 1 157 6 discriminator 1 view .LVU70
 228 004e 40B9     		cbnz	r0, .L18
 229              	.L11:
 158:Core/Src/tim.c ****   {
 159:Core/Src/tim.c ****     Error_Handler();
 160:Core/Src/tim.c ****   }
 161:Core/Src/tim.c ****   /* USER CODE BEGIN TIM8_Init 2 */
 162:Core/Src/tim.c **** 
 163:Core/Src/tim.c ****   /* USER CODE END TIM8_Init 2 */
 164:Core/Src/tim.c **** 
 165:Core/Src/tim.c **** }
 230              		.loc 1 165 1 view .LVU71
 231 0050 07B0     		add	sp, sp, #28
 232              		.cfi_remember_state
 233              		.cfi_def_cfa_offset 4
 234              		@ sp needed
ARM GAS  C:\Users\fish\AppData\Local\Temp\ccAtuPG1.s 			page 8


 235 0052 5DF804FB 		ldr	pc, [sp], #4
 236              	.L16:
 237              		.cfi_restore_state
 148:Core/Src/tim.c ****   }
 238              		.loc 1 148 5 is_stmt 1 view .LVU72
 239 0056 FFF7FEFF 		bl	Error_Handler
 240              	.LVL9:
 241 005a E9E7     		b	.L12
 242              	.L17:
 153:Core/Src/tim.c ****   }
 243              		.loc 1 153 5 view .LVU73
 244 005c FFF7FEFF 		bl	Error_Handler
 245              	.LVL10:
 246 0060 EEE7     		b	.L13
 247              	.L18:
 159:Core/Src/tim.c ****   }
 248              		.loc 1 159 5 view .LVU74
 249 0062 FFF7FEFF 		bl	Error_Handler
 250              	.LVL11:
 251              		.loc 1 165 1 is_stmt 0 view .LVU75
 252 0066 F3E7     		b	.L11
 253              	.L20:
 254              		.align	2
 255              	.L19:
 256 0068 00000000 		.word	htim8
 257 006c 00040140 		.word	1073808384
 258              		.cfi_endproc
 259              	.LFE241:
 261              		.section	.text.HAL_TIM_Base_MspInit,"ax",%progbits
 262              		.align	1
 263              		.global	HAL_TIM_Base_MspInit
 264              		.syntax unified
 265              		.thumb
 266              		.thumb_func
 268              	HAL_TIM_Base_MspInit:
 269              	.LVL12:
 270              	.LFB242:
 166:Core/Src/tim.c **** 
 167:Core/Src/tim.c **** void HAL_TIM_Base_MspInit(TIM_HandleTypeDef* tim_baseHandle)
 168:Core/Src/tim.c **** {
 271              		.loc 1 168 1 is_stmt 1 view -0
 272              		.cfi_startproc
 273              		@ args = 0, pretend = 0, frame = 16
 274              		@ frame_needed = 0, uses_anonymous_args = 0
 275              		.loc 1 168 1 is_stmt 0 view .LVU77
 276 0000 00B5     		push	{lr}
 277              		.cfi_def_cfa_offset 4
 278              		.cfi_offset 14, -4
 279 0002 85B0     		sub	sp, sp, #20
 280              		.cfi_def_cfa_offset 24
 169:Core/Src/tim.c **** 
 170:Core/Src/tim.c ****   if(tim_baseHandle->Instance==TIM2)
 281              		.loc 1 170 3 is_stmt 1 view .LVU78
 282              		.loc 1 170 20 is_stmt 0 view .LVU79
 283 0004 0368     		ldr	r3, [r0]
 284              		.loc 1 170 5 view .LVU80
 285 0006 B3F1804F 		cmp	r3, #1073741824
ARM GAS  C:\Users\fish\AppData\Local\Temp\ccAtuPG1.s 			page 9


 286 000a 08D0     		beq	.L26
 171:Core/Src/tim.c ****   {
 172:Core/Src/tim.c ****   /* USER CODE BEGIN TIM2_MspInit 0 */
 173:Core/Src/tim.c **** 
 174:Core/Src/tim.c ****   /* USER CODE END TIM2_MspInit 0 */
 175:Core/Src/tim.c ****     /* TIM2 clock enable */
 176:Core/Src/tim.c ****     __HAL_RCC_TIM2_CLK_ENABLE();
 177:Core/Src/tim.c ****   /* USER CODE BEGIN TIM2_MspInit 1 */
 178:Core/Src/tim.c **** 
 179:Core/Src/tim.c ****   /* USER CODE END TIM2_MspInit 1 */
 180:Core/Src/tim.c ****   }
 181:Core/Src/tim.c ****   else if(tim_baseHandle->Instance==TIM3)
 287              		.loc 1 181 8 is_stmt 1 view .LVU81
 288              		.loc 1 181 10 is_stmt 0 view .LVU82
 289 000c 1E4A     		ldr	r2, .L29
 290 000e 9342     		cmp	r3, r2
 291 0010 12D0     		beq	.L27
 182:Core/Src/tim.c ****   {
 183:Core/Src/tim.c ****   /* USER CODE BEGIN TIM3_MspInit 0 */
 184:Core/Src/tim.c **** 
 185:Core/Src/tim.c ****   /* USER CODE END TIM3_MspInit 0 */
 186:Core/Src/tim.c ****     /* TIM3 clock enable */
 187:Core/Src/tim.c ****     __HAL_RCC_TIM3_CLK_ENABLE();
 188:Core/Src/tim.c **** 
 189:Core/Src/tim.c ****     /* TIM3 interrupt Init */
 190:Core/Src/tim.c ****     HAL_NVIC_SetPriority(TIM3_IRQn, 5, 0);
 191:Core/Src/tim.c ****     HAL_NVIC_EnableIRQ(TIM3_IRQn);
 192:Core/Src/tim.c ****   /* USER CODE BEGIN TIM3_MspInit 1 */
 193:Core/Src/tim.c **** 
 194:Core/Src/tim.c ****   /* USER CODE END TIM3_MspInit 1 */
 195:Core/Src/tim.c ****   }
 196:Core/Src/tim.c ****   else if(tim_baseHandle->Instance==TIM8)
 292              		.loc 1 196 8 is_stmt 1 view .LVU83
 293              		.loc 1 196 10 is_stmt 0 view .LVU84
 294 0012 1E4A     		ldr	r2, .L29+4
 295 0014 9342     		cmp	r3, r2
 296 0016 23D0     		beq	.L28
 297              	.LVL13:
 298              	.L21:
 197:Core/Src/tim.c ****   {
 198:Core/Src/tim.c ****   /* USER CODE BEGIN TIM8_MspInit 0 */
 199:Core/Src/tim.c **** 
 200:Core/Src/tim.c ****   /* USER CODE END TIM8_MspInit 0 */
 201:Core/Src/tim.c ****     /* TIM8 clock enable */
 202:Core/Src/tim.c ****     __HAL_RCC_TIM8_CLK_ENABLE();
 203:Core/Src/tim.c **** 
 204:Core/Src/tim.c ****     /* TIM8 interrupt Init */
 205:Core/Src/tim.c ****     HAL_NVIC_SetPriority(TIM8_UP_TIM13_IRQn, 5, 0);
 206:Core/Src/tim.c ****     HAL_NVIC_EnableIRQ(TIM8_UP_TIM13_IRQn);
 207:Core/Src/tim.c ****   /* USER CODE BEGIN TIM8_MspInit 1 */
 208:Core/Src/tim.c **** 
 209:Core/Src/tim.c ****   /* USER CODE END TIM8_MspInit 1 */
 210:Core/Src/tim.c ****   }
 211:Core/Src/tim.c **** }
 299              		.loc 1 211 1 view .LVU85
 300 0018 05B0     		add	sp, sp, #20
 301              		.cfi_remember_state
ARM GAS  C:\Users\fish\AppData\Local\Temp\ccAtuPG1.s 			page 10


 302              		.cfi_def_cfa_offset 4
 303              		@ sp needed
 304 001a 5DF804FB 		ldr	pc, [sp], #4
 305              	.LVL14:
 306              	.L26:
 307              		.cfi_restore_state
 176:Core/Src/tim.c ****   /* USER CODE BEGIN TIM2_MspInit 1 */
 308              		.loc 1 176 5 is_stmt 1 view .LVU86
 309              	.LBB2:
 176:Core/Src/tim.c ****   /* USER CODE BEGIN TIM2_MspInit 1 */
 310              		.loc 1 176 5 view .LVU87
 311 001e 0023     		movs	r3, #0
 312 0020 0193     		str	r3, [sp, #4]
 176:Core/Src/tim.c ****   /* USER CODE BEGIN TIM2_MspInit 1 */
 313              		.loc 1 176 5 view .LVU88
 314 0022 1B4B     		ldr	r3, .L29+8
 315 0024 1A6C     		ldr	r2, [r3, #64]
 316 0026 42F00102 		orr	r2, r2, #1
 317 002a 1A64     		str	r2, [r3, #64]
 176:Core/Src/tim.c ****   /* USER CODE BEGIN TIM2_MspInit 1 */
 318              		.loc 1 176 5 view .LVU89
 319 002c 1B6C     		ldr	r3, [r3, #64]
 320 002e 03F00103 		and	r3, r3, #1
 321 0032 0193     		str	r3, [sp, #4]
 176:Core/Src/tim.c ****   /* USER CODE BEGIN TIM2_MspInit 1 */
 322              		.loc 1 176 5 view .LVU90
 323 0034 019B     		ldr	r3, [sp, #4]
 324              	.LBE2:
 176:Core/Src/tim.c ****   /* USER CODE BEGIN TIM2_MspInit 1 */
 325              		.loc 1 176 5 view .LVU91
 326 0036 EFE7     		b	.L21
 327              	.L27:
 187:Core/Src/tim.c **** 
 328              		.loc 1 187 5 view .LVU92
 329              	.LBB3:
 187:Core/Src/tim.c **** 
 330              		.loc 1 187 5 view .LVU93
 331 0038 0022     		movs	r2, #0
 332 003a 0292     		str	r2, [sp, #8]
 187:Core/Src/tim.c **** 
 333              		.loc 1 187 5 view .LVU94
 334 003c 144B     		ldr	r3, .L29+8
 335 003e 196C     		ldr	r1, [r3, #64]
 336 0040 41F00201 		orr	r1, r1, #2
 337 0044 1964     		str	r1, [r3, #64]
 187:Core/Src/tim.c **** 
 338              		.loc 1 187 5 view .LVU95
 339 0046 1B6C     		ldr	r3, [r3, #64]
 340 0048 03F00203 		and	r3, r3, #2
 341 004c 0293     		str	r3, [sp, #8]
 187:Core/Src/tim.c **** 
 342              		.loc 1 187 5 view .LVU96
 343 004e 029B     		ldr	r3, [sp, #8]
 344              	.LBE3:
 187:Core/Src/tim.c **** 
 345              		.loc 1 187 5 view .LVU97
 190:Core/Src/tim.c ****     HAL_NVIC_EnableIRQ(TIM3_IRQn);
ARM GAS  C:\Users\fish\AppData\Local\Temp\ccAtuPG1.s 			page 11


 346              		.loc 1 190 5 view .LVU98
 347 0050 0521     		movs	r1, #5
 348 0052 1D20     		movs	r0, #29
 349              	.LVL15:
 190:Core/Src/tim.c ****     HAL_NVIC_EnableIRQ(TIM3_IRQn);
 350              		.loc 1 190 5 is_stmt 0 view .LVU99
 351 0054 FFF7FEFF 		bl	HAL_NVIC_SetPriority
 352              	.LVL16:
 191:Core/Src/tim.c ****   /* USER CODE BEGIN TIM3_MspInit 1 */
 353              		.loc 1 191 5 is_stmt 1 view .LVU100
 354 0058 1D20     		movs	r0, #29
 355 005a FFF7FEFF 		bl	HAL_NVIC_EnableIRQ
 356              	.LVL17:
 357 005e DBE7     		b	.L21
 358              	.LVL18:
 359              	.L28:
 202:Core/Src/tim.c **** 
 360              		.loc 1 202 5 view .LVU101
 361              	.LBB4:
 202:Core/Src/tim.c **** 
 362              		.loc 1 202 5 view .LVU102
 363 0060 0022     		movs	r2, #0
 364 0062 0392     		str	r2, [sp, #12]
 202:Core/Src/tim.c **** 
 365              		.loc 1 202 5 view .LVU103
 366 0064 0A4B     		ldr	r3, .L29+8
 367 0066 596C     		ldr	r1, [r3, #68]
 368 0068 41F00201 		orr	r1, r1, #2
 369 006c 5964     		str	r1, [r3, #68]
 202:Core/Src/tim.c **** 
 370              		.loc 1 202 5 view .LVU104
 371 006e 5B6C     		ldr	r3, [r3, #68]
 372 0070 03F00203 		and	r3, r3, #2
 373 0074 0393     		str	r3, [sp, #12]
 202:Core/Src/tim.c **** 
 374              		.loc 1 202 5 view .LVU105
 375 0076 039B     		ldr	r3, [sp, #12]
 376              	.LBE4:
 202:Core/Src/tim.c **** 
 377              		.loc 1 202 5 view .LVU106
 205:Core/Src/tim.c ****     HAL_NVIC_EnableIRQ(TIM8_UP_TIM13_IRQn);
 378              		.loc 1 205 5 view .LVU107
 379 0078 0521     		movs	r1, #5
 380 007a 2C20     		movs	r0, #44
 381              	.LVL19:
 205:Core/Src/tim.c ****     HAL_NVIC_EnableIRQ(TIM8_UP_TIM13_IRQn);
 382              		.loc 1 205 5 is_stmt 0 view .LVU108
 383 007c FFF7FEFF 		bl	HAL_NVIC_SetPriority
 384              	.LVL20:
 206:Core/Src/tim.c ****   /* USER CODE BEGIN TIM8_MspInit 1 */
 385              		.loc 1 206 5 is_stmt 1 view .LVU109
 386 0080 2C20     		movs	r0, #44
 387 0082 FFF7FEFF 		bl	HAL_NVIC_EnableIRQ
 388              	.LVL21:
 389              		.loc 1 211 1 is_stmt 0 view .LVU110
 390 0086 C7E7     		b	.L21
 391              	.L30:
ARM GAS  C:\Users\fish\AppData\Local\Temp\ccAtuPG1.s 			page 12


 392              		.align	2
 393              	.L29:
 394 0088 00040040 		.word	1073742848
 395 008c 00040140 		.word	1073808384
 396 0090 00380240 		.word	1073887232
 397              		.cfi_endproc
 398              	.LFE242:
 400              		.section	.text.HAL_TIM_MspPostInit,"ax",%progbits
 401              		.align	1
 402              		.global	HAL_TIM_MspPostInit
 403              		.syntax unified
 404              		.thumb
 405              		.thumb_func
 407              	HAL_TIM_MspPostInit:
 408              	.LVL22:
 409              	.LFB243:
 212:Core/Src/tim.c **** void HAL_TIM_MspPostInit(TIM_HandleTypeDef* timHandle)
 213:Core/Src/tim.c **** {
 410              		.loc 1 213 1 is_stmt 1 view -0
 411              		.cfi_startproc
 412              		@ args = 0, pretend = 0, frame = 24
 413              		@ frame_needed = 0, uses_anonymous_args = 0
 414              		.loc 1 213 1 is_stmt 0 view .LVU112
 415 0000 00B5     		push	{lr}
 416              		.cfi_def_cfa_offset 4
 417              		.cfi_offset 14, -4
 418 0002 87B0     		sub	sp, sp, #28
 419              		.cfi_def_cfa_offset 32
 214:Core/Src/tim.c **** 
 215:Core/Src/tim.c ****   GPIO_InitTypeDef GPIO_InitStruct = {0};
 420              		.loc 1 215 3 is_stmt 1 view .LVU113
 421              		.loc 1 215 20 is_stmt 0 view .LVU114
 422 0004 0023     		movs	r3, #0
 423 0006 0193     		str	r3, [sp, #4]
 424 0008 0293     		str	r3, [sp, #8]
 425 000a 0393     		str	r3, [sp, #12]
 426 000c 0493     		str	r3, [sp, #16]
 427 000e 0593     		str	r3, [sp, #20]
 216:Core/Src/tim.c ****   if(timHandle->Instance==TIM3)
 428              		.loc 1 216 3 is_stmt 1 view .LVU115
 429              		.loc 1 216 15 is_stmt 0 view .LVU116
 430 0010 0268     		ldr	r2, [r0]
 431              		.loc 1 216 5 view .LVU117
 432 0012 0E4B     		ldr	r3, .L35
 433 0014 9A42     		cmp	r2, r3
 434 0016 02D0     		beq	.L34
 435              	.LVL23:
 436              	.L31:
 217:Core/Src/tim.c ****   {
 218:Core/Src/tim.c ****   /* USER CODE BEGIN TIM3_MspPostInit 0 */
 219:Core/Src/tim.c **** 
 220:Core/Src/tim.c ****   /* USER CODE END TIM3_MspPostInit 0 */
 221:Core/Src/tim.c **** 
 222:Core/Src/tim.c ****     __HAL_RCC_GPIOB_CLK_ENABLE();
 223:Core/Src/tim.c ****     /**TIM3 GPIO Configuration
 224:Core/Src/tim.c ****     PB4     ------> TIM3_CH1
 225:Core/Src/tim.c ****     */
ARM GAS  C:\Users\fish\AppData\Local\Temp\ccAtuPG1.s 			page 13


 226:Core/Src/tim.c ****     GPIO_InitStruct.Pin = BEEP_Pin;
 227:Core/Src/tim.c ****     GPIO_InitStruct.Mode = GPIO_MODE_AF_PP;
 228:Core/Src/tim.c ****     GPIO_InitStruct.Pull = GPIO_NOPULL;
 229:Core/Src/tim.c ****     GPIO_InitStruct.Speed = GPIO_SPEED_FREQ_LOW;
 230:Core/Src/tim.c ****     GPIO_InitStruct.Alternate = GPIO_AF2_TIM3;
 231:Core/Src/tim.c ****     HAL_GPIO_Init(BEEP_GPIO_Port, &GPIO_InitStruct);
 232:Core/Src/tim.c **** 
 233:Core/Src/tim.c ****   /* USER CODE BEGIN TIM3_MspPostInit 1 */
 234:Core/Src/tim.c **** 
 235:Core/Src/tim.c ****   /* USER CODE END TIM3_MspPostInit 1 */
 236:Core/Src/tim.c ****   }
 237:Core/Src/tim.c **** 
 238:Core/Src/tim.c **** }
 437              		.loc 1 238 1 view .LVU118
 438 0018 07B0     		add	sp, sp, #28
 439              		.cfi_remember_state
 440              		.cfi_def_cfa_offset 4
 441              		@ sp needed
 442 001a 5DF804FB 		ldr	pc, [sp], #4
 443              	.LVL24:
 444              	.L34:
 445              		.cfi_restore_state
 222:Core/Src/tim.c ****     /**TIM3 GPIO Configuration
 446              		.loc 1 222 5 is_stmt 1 view .LVU119
 447              	.LBB5:
 222:Core/Src/tim.c ****     /**TIM3 GPIO Configuration
 448              		.loc 1 222 5 view .LVU120
 449 001e 0023     		movs	r3, #0
 450 0020 0093     		str	r3, [sp]
 222:Core/Src/tim.c ****     /**TIM3 GPIO Configuration
 451              		.loc 1 222 5 view .LVU121
 452 0022 0B4B     		ldr	r3, .L35+4
 453 0024 1A6B     		ldr	r2, [r3, #48]
 454 0026 42F00202 		orr	r2, r2, #2
 455 002a 1A63     		str	r2, [r3, #48]
 222:Core/Src/tim.c ****     /**TIM3 GPIO Configuration
 456              		.loc 1 222 5 view .LVU122
 457 002c 1B6B     		ldr	r3, [r3, #48]
 458 002e 03F00203 		and	r3, r3, #2
 459 0032 0093     		str	r3, [sp]
 222:Core/Src/tim.c ****     /**TIM3 GPIO Configuration
 460              		.loc 1 222 5 view .LVU123
 461 0034 009B     		ldr	r3, [sp]
 462              	.LBE5:
 222:Core/Src/tim.c ****     /**TIM3 GPIO Configuration
 463              		.loc 1 222 5 view .LVU124
 226:Core/Src/tim.c ****     GPIO_InitStruct.Mode = GPIO_MODE_AF_PP;
 464              		.loc 1 226 5 view .LVU125
 226:Core/Src/tim.c ****     GPIO_InitStruct.Mode = GPIO_MODE_AF_PP;
 465              		.loc 1 226 25 is_stmt 0 view .LVU126
 466 0036 1023     		movs	r3, #16
 467 0038 0193     		str	r3, [sp, #4]
 227:Core/Src/tim.c ****     GPIO_InitStruct.Pull = GPIO_NOPULL;
 468              		.loc 1 227 5 is_stmt 1 view .LVU127
 227:Core/Src/tim.c ****     GPIO_InitStruct.Pull = GPIO_NOPULL;
 469              		.loc 1 227 26 is_stmt 0 view .LVU128
 470 003a 0223     		movs	r3, #2
ARM GAS  C:\Users\fish\AppData\Local\Temp\ccAtuPG1.s 			page 14


 471 003c 0293     		str	r3, [sp, #8]
 228:Core/Src/tim.c ****     GPIO_InitStruct.Speed = GPIO_SPEED_FREQ_LOW;
 472              		.loc 1 228 5 is_stmt 1 view .LVU129
 229:Core/Src/tim.c ****     GPIO_InitStruct.Alternate = GPIO_AF2_TIM3;
 473              		.loc 1 229 5 view .LVU130
 230:Core/Src/tim.c ****     HAL_GPIO_Init(BEEP_GPIO_Port, &GPIO_InitStruct);
 474              		.loc 1 230 5 view .LVU131
 230:Core/Src/tim.c ****     HAL_GPIO_Init(BEEP_GPIO_Port, &GPIO_InitStruct);
 475              		.loc 1 230 31 is_stmt 0 view .LVU132
 476 003e 0593     		str	r3, [sp, #20]
 231:Core/Src/tim.c **** 
 477              		.loc 1 231 5 is_stmt 1 view .LVU133
 478 0040 01A9     		add	r1, sp, #4
 479 0042 0448     		ldr	r0, .L35+8
 480              	.LVL25:
 231:Core/Src/tim.c **** 
 481              		.loc 1 231 5 is_stmt 0 view .LVU134
 482 0044 FFF7FEFF 		bl	HAL_GPIO_Init
 483              	.LVL26:
 484              		.loc 1 238 1 view .LVU135
 485 0048 E6E7     		b	.L31
 486              	.L36:
 487 004a 00BF     		.align	2
 488              	.L35:
 489 004c 00040040 		.word	1073742848
 490 0050 00380240 		.word	1073887232
 491 0054 00040240 		.word	1073873920
 492              		.cfi_endproc
 493              	.LFE243:
 495              		.section	.text.MX_TIM3_Init,"ax",%progbits
 496              		.align	1
 497              		.global	MX_TIM3_Init
 498              		.syntax unified
 499              		.thumb
 500              		.thumb_func
 502              	MX_TIM3_Init:
 503              	.LFB240:
  73:Core/Src/tim.c **** 
 504              		.loc 1 73 1 is_stmt 1 view -0
 505              		.cfi_startproc
 506              		@ args = 0, pretend = 0, frame = 56
 507              		@ frame_needed = 0, uses_anonymous_args = 0
 508 0000 00B5     		push	{lr}
 509              		.cfi_def_cfa_offset 4
 510              		.cfi_offset 14, -4
 511 0002 8FB0     		sub	sp, sp, #60
 512              		.cfi_def_cfa_offset 64
  79:Core/Src/tim.c ****   TIM_MasterConfigTypeDef sMasterConfig = {0};
 513              		.loc 1 79 3 view .LVU137
  79:Core/Src/tim.c ****   TIM_MasterConfigTypeDef sMasterConfig = {0};
 514              		.loc 1 79 26 is_stmt 0 view .LVU138
 515 0004 0023     		movs	r3, #0
 516 0006 0A93     		str	r3, [sp, #40]
 517 0008 0B93     		str	r3, [sp, #44]
 518 000a 0C93     		str	r3, [sp, #48]
 519 000c 0D93     		str	r3, [sp, #52]
  80:Core/Src/tim.c ****   TIM_OC_InitTypeDef sConfigOC = {0};
ARM GAS  C:\Users\fish\AppData\Local\Temp\ccAtuPG1.s 			page 15


 520              		.loc 1 80 3 is_stmt 1 view .LVU139
  80:Core/Src/tim.c ****   TIM_OC_InitTypeDef sConfigOC = {0};
 521              		.loc 1 80 27 is_stmt 0 view .LVU140
 522 000e 0893     		str	r3, [sp, #32]
 523 0010 0993     		str	r3, [sp, #36]
  81:Core/Src/tim.c **** 
 524              		.loc 1 81 3 is_stmt 1 view .LVU141
  81:Core/Src/tim.c **** 
 525              		.loc 1 81 22 is_stmt 0 view .LVU142
 526 0012 0193     		str	r3, [sp, #4]
 527 0014 0293     		str	r3, [sp, #8]
 528 0016 0393     		str	r3, [sp, #12]
 529 0018 0493     		str	r3, [sp, #16]
 530 001a 0593     		str	r3, [sp, #20]
 531 001c 0693     		str	r3, [sp, #24]
 532 001e 0793     		str	r3, [sp, #28]
  86:Core/Src/tim.c ****   htim3.Init.Prescaler = 84-1;
 533              		.loc 1 86 3 is_stmt 1 view .LVU143
  86:Core/Src/tim.c ****   htim3.Init.Prescaler = 84-1;
 534              		.loc 1 86 18 is_stmt 0 view .LVU144
 535 0020 2248     		ldr	r0, .L49
 536 0022 234A     		ldr	r2, .L49+4
 537 0024 0260     		str	r2, [r0]
  87:Core/Src/tim.c ****   htim3.Init.CounterMode = TIM_COUNTERMODE_UP;
 538              		.loc 1 87 3 is_stmt 1 view .LVU145
  87:Core/Src/tim.c ****   htim3.Init.CounterMode = TIM_COUNTERMODE_UP;
 539              		.loc 1 87 24 is_stmt 0 view .LVU146
 540 0026 5322     		movs	r2, #83
 541 0028 4260     		str	r2, [r0, #4]
  88:Core/Src/tim.c ****   htim3.Init.Period = 1000-1;
 542              		.loc 1 88 3 is_stmt 1 view .LVU147
  88:Core/Src/tim.c ****   htim3.Init.Period = 1000-1;
 543              		.loc 1 88 26 is_stmt 0 view .LVU148
 544 002a 8360     		str	r3, [r0, #8]
  89:Core/Src/tim.c ****   htim3.Init.ClockDivision = TIM_CLOCKDIVISION_DIV1;
 545              		.loc 1 89 3 is_stmt 1 view .LVU149
  89:Core/Src/tim.c ****   htim3.Init.ClockDivision = TIM_CLOCKDIVISION_DIV1;
 546              		.loc 1 89 21 is_stmt 0 view .LVU150
 547 002c 40F2E732 		movw	r2, #999
 548 0030 C260     		str	r2, [r0, #12]
  90:Core/Src/tim.c ****   htim3.Init.AutoReloadPreload = TIM_AUTORELOAD_PRELOAD_ENABLE;
 549              		.loc 1 90 3 is_stmt 1 view .LVU151
  90:Core/Src/tim.c ****   htim3.Init.AutoReloadPreload = TIM_AUTORELOAD_PRELOAD_ENABLE;
 550              		.loc 1 90 28 is_stmt 0 view .LVU152
 551 0032 0361     		str	r3, [r0, #16]
  91:Core/Src/tim.c ****   if (HAL_TIM_Base_Init(&htim3) != HAL_OK)
 552              		.loc 1 91 3 is_stmt 1 view .LVU153
  91:Core/Src/tim.c ****   if (HAL_TIM_Base_Init(&htim3) != HAL_OK)
 553              		.loc 1 91 32 is_stmt 0 view .LVU154
 554 0034 8023     		movs	r3, #128
 555 0036 8361     		str	r3, [r0, #24]
  92:Core/Src/tim.c ****   {
 556              		.loc 1 92 3 is_stmt 1 view .LVU155
  92:Core/Src/tim.c ****   {
 557              		.loc 1 92 7 is_stmt 0 view .LVU156
 558 0038 FFF7FEFF 		bl	HAL_TIM_Base_Init
 559              	.LVL27:
ARM GAS  C:\Users\fish\AppData\Local\Temp\ccAtuPG1.s 			page 16


  92:Core/Src/tim.c ****   {
 560              		.loc 1 92 6 discriminator 1 view .LVU157
 561 003c 30BB     		cbnz	r0, .L44
 562              	.L38:
  96:Core/Src/tim.c ****   if (HAL_TIM_ConfigClockSource(&htim3, &sClockSourceConfig) != HAL_OK)
 563              		.loc 1 96 3 is_stmt 1 view .LVU158
  96:Core/Src/tim.c ****   if (HAL_TIM_ConfigClockSource(&htim3, &sClockSourceConfig) != HAL_OK)
 564              		.loc 1 96 34 is_stmt 0 view .LVU159
 565 003e 4FF48053 		mov	r3, #4096
 566 0042 0A93     		str	r3, [sp, #40]
  97:Core/Src/tim.c ****   {
 567              		.loc 1 97 3 is_stmt 1 view .LVU160
  97:Core/Src/tim.c ****   {
 568              		.loc 1 97 7 is_stmt 0 view .LVU161
 569 0044 0AA9     		add	r1, sp, #40
 570 0046 1948     		ldr	r0, .L49
 571 0048 FFF7FEFF 		bl	HAL_TIM_ConfigClockSource
 572              	.LVL28:
  97:Core/Src/tim.c ****   {
 573              		.loc 1 97 6 discriminator 1 view .LVU162
 574 004c 08BB     		cbnz	r0, .L45
 575              	.L39:
 101:Core/Src/tim.c ****   {
 576              		.loc 1 101 3 is_stmt 1 view .LVU163
 101:Core/Src/tim.c ****   {
 577              		.loc 1 101 7 is_stmt 0 view .LVU164
 578 004e 1748     		ldr	r0, .L49
 579 0050 FFF7FEFF 		bl	HAL_TIM_PWM_Init
 580              	.LVL29:
 101:Core/Src/tim.c ****   {
 581              		.loc 1 101 6 discriminator 1 view .LVU165
 582 0054 00BB     		cbnz	r0, .L46
 583              	.L40:
 105:Core/Src/tim.c ****   sMasterConfig.MasterSlaveMode = TIM_MASTERSLAVEMODE_DISABLE;
 584              		.loc 1 105 3 is_stmt 1 view .LVU166
 105:Core/Src/tim.c ****   sMasterConfig.MasterSlaveMode = TIM_MASTERSLAVEMODE_DISABLE;
 585              		.loc 1 105 37 is_stmt 0 view .LVU167
 586 0056 0023     		movs	r3, #0
 587 0058 0893     		str	r3, [sp, #32]
 106:Core/Src/tim.c ****   if (HAL_TIMEx_MasterConfigSynchronization(&htim3, &sMasterConfig) != HAL_OK)
 588              		.loc 1 106 3 is_stmt 1 view .LVU168
 106:Core/Src/tim.c ****   if (HAL_TIMEx_MasterConfigSynchronization(&htim3, &sMasterConfig) != HAL_OK)
 589              		.loc 1 106 33 is_stmt 0 view .LVU169
 590 005a 0993     		str	r3, [sp, #36]
 107:Core/Src/tim.c ****   {
 591              		.loc 1 107 3 is_stmt 1 view .LVU170
 107:Core/Src/tim.c ****   {
 592              		.loc 1 107 7 is_stmt 0 view .LVU171
 593 005c 08A9     		add	r1, sp, #32
 594 005e 1348     		ldr	r0, .L49
 595 0060 FFF7FEFF 		bl	HAL_TIMEx_MasterConfigSynchronization
 596              	.LVL30:
 107:Core/Src/tim.c ****   {
 597              		.loc 1 107 6 discriminator 1 view .LVU172
 598 0064 D8B9     		cbnz	r0, .L47
 599              	.L41:
 111:Core/Src/tim.c ****   sConfigOC.Pulse = 500;
ARM GAS  C:\Users\fish\AppData\Local\Temp\ccAtuPG1.s 			page 17


 600              		.loc 1 111 3 is_stmt 1 view .LVU173
 111:Core/Src/tim.c ****   sConfigOC.Pulse = 500;
 601              		.loc 1 111 20 is_stmt 0 view .LVU174
 602 0066 6023     		movs	r3, #96
 603 0068 0193     		str	r3, [sp, #4]
 112:Core/Src/tim.c ****   sConfigOC.OCPolarity = TIM_OCPOLARITY_HIGH;
 604              		.loc 1 112 3 is_stmt 1 view .LVU175
 112:Core/Src/tim.c ****   sConfigOC.OCPolarity = TIM_OCPOLARITY_HIGH;
 605              		.loc 1 112 19 is_stmt 0 view .LVU176
 606 006a 4FF4FA73 		mov	r3, #500
 607 006e 0293     		str	r3, [sp, #8]
 113:Core/Src/tim.c ****   sConfigOC.OCFastMode = TIM_OCFAST_DISABLE;
 608              		.loc 1 113 3 is_stmt 1 view .LVU177
 113:Core/Src/tim.c ****   sConfigOC.OCFastMode = TIM_OCFAST_DISABLE;
 609              		.loc 1 113 24 is_stmt 0 view .LVU178
 610 0070 0022     		movs	r2, #0
 611 0072 0392     		str	r2, [sp, #12]
 114:Core/Src/tim.c ****   if (HAL_TIM_PWM_ConfigChannel(&htim3, &sConfigOC, TIM_CHANNEL_1) != HAL_OK)
 612              		.loc 1 114 3 is_stmt 1 view .LVU179
 114:Core/Src/tim.c ****   if (HAL_TIM_PWM_ConfigChannel(&htim3, &sConfigOC, TIM_CHANNEL_1) != HAL_OK)
 613              		.loc 1 114 24 is_stmt 0 view .LVU180
 614 0074 0592     		str	r2, [sp, #20]
 115:Core/Src/tim.c ****   {
 615              		.loc 1 115 3 is_stmt 1 view .LVU181
 115:Core/Src/tim.c ****   {
 616              		.loc 1 115 7 is_stmt 0 view .LVU182
 617 0076 01A9     		add	r1, sp, #4
 618 0078 0C48     		ldr	r0, .L49
 619 007a FFF7FEFF 		bl	HAL_TIM_PWM_ConfigChannel
 620              	.LVL31:
 115:Core/Src/tim.c ****   {
 621              		.loc 1 115 6 discriminator 1 view .LVU183
 622 007e 88B9     		cbnz	r0, .L48
 623              	.L42:
 122:Core/Src/tim.c **** 
 624              		.loc 1 122 3 is_stmt 1 view .LVU184
 625 0080 0A48     		ldr	r0, .L49
 626 0082 FFF7FEFF 		bl	HAL_TIM_MspPostInit
 627              	.LVL32:
 124:Core/Src/tim.c **** /* TIM8 init function */
 628              		.loc 1 124 1 is_stmt 0 view .LVU185
 629 0086 0FB0     		add	sp, sp, #60
 630              		.cfi_remember_state
 631              		.cfi_def_cfa_offset 4
 632              		@ sp needed
 633 0088 5DF804FB 		ldr	pc, [sp], #4
 634              	.L44:
 635              		.cfi_restore_state
  94:Core/Src/tim.c ****   }
 636              		.loc 1 94 5 is_stmt 1 view .LVU186
 637 008c FFF7FEFF 		bl	Error_Handler
 638              	.LVL33:
 639 0090 D5E7     		b	.L38
 640              	.L45:
  99:Core/Src/tim.c ****   }
 641              		.loc 1 99 5 view .LVU187
 642 0092 FFF7FEFF 		bl	Error_Handler
ARM GAS  C:\Users\fish\AppData\Local\Temp\ccAtuPG1.s 			page 18


 643              	.LVL34:
 644 0096 DAE7     		b	.L39
 645              	.L46:
 103:Core/Src/tim.c ****   }
 646              		.loc 1 103 5 view .LVU188
 647 0098 FFF7FEFF 		bl	Error_Handler
 648              	.LVL35:
 649 009c DBE7     		b	.L40
 650              	.L47:
 109:Core/Src/tim.c ****   }
 651              		.loc 1 109 5 view .LVU189
 652 009e FFF7FEFF 		bl	Error_Handler
 653              	.LVL36:
 654 00a2 E0E7     		b	.L41
 655              	.L48:
 117:Core/Src/tim.c ****   }
 656              		.loc 1 117 5 view .LVU190
 657 00a4 FFF7FEFF 		bl	Error_Handler
 658              	.LVL37:
 659 00a8 EAE7     		b	.L42
 660              	.L50:
 661 00aa 00BF     		.align	2
 662              	.L49:
 663 00ac 00000000 		.word	htim3
 664 00b0 00040040 		.word	1073742848
 665              		.cfi_endproc
 666              	.LFE240:
 668              		.section	.text.HAL_TIM_Base_MspDeInit,"ax",%progbits
 669              		.align	1
 670              		.global	HAL_TIM_Base_MspDeInit
 671              		.syntax unified
 672              		.thumb
 673              		.thumb_func
 675              	HAL_TIM_Base_MspDeInit:
 676              	.LVL38:
 677              	.LFB244:
 239:Core/Src/tim.c **** 
 240:Core/Src/tim.c **** void HAL_TIM_Base_MspDeInit(TIM_HandleTypeDef* tim_baseHandle)
 241:Core/Src/tim.c **** {
 678              		.loc 1 241 1 view -0
 679              		.cfi_startproc
 680              		@ args = 0, pretend = 0, frame = 0
 681              		@ frame_needed = 0, uses_anonymous_args = 0
 682              		.loc 1 241 1 is_stmt 0 view .LVU192
 683 0000 08B5     		push	{r3, lr}
 684              		.cfi_def_cfa_offset 8
 685              		.cfi_offset 3, -8
 686              		.cfi_offset 14, -4
 242:Core/Src/tim.c **** 
 243:Core/Src/tim.c ****   if(tim_baseHandle->Instance==TIM2)
 687              		.loc 1 243 3 is_stmt 1 view .LVU193
 688              		.loc 1 243 20 is_stmt 0 view .LVU194
 689 0002 0368     		ldr	r3, [r0]
 690              		.loc 1 243 5 view .LVU195
 691 0004 B3F1804F 		cmp	r3, #1073741824
 692 0008 06D0     		beq	.L56
 244:Core/Src/tim.c ****   {
ARM GAS  C:\Users\fish\AppData\Local\Temp\ccAtuPG1.s 			page 19


 245:Core/Src/tim.c ****   /* USER CODE BEGIN TIM2_MspDeInit 0 */
 246:Core/Src/tim.c **** 
 247:Core/Src/tim.c ****   /* USER CODE END TIM2_MspDeInit 0 */
 248:Core/Src/tim.c ****     /* Peripheral clock disable */
 249:Core/Src/tim.c ****     __HAL_RCC_TIM2_CLK_DISABLE();
 250:Core/Src/tim.c ****   /* USER CODE BEGIN TIM2_MspDeInit 1 */
 251:Core/Src/tim.c **** 
 252:Core/Src/tim.c ****   /* USER CODE END TIM2_MspDeInit 1 */
 253:Core/Src/tim.c ****   }
 254:Core/Src/tim.c ****   else if(tim_baseHandle->Instance==TIM3)
 693              		.loc 1 254 8 is_stmt 1 view .LVU196
 694              		.loc 1 254 10 is_stmt 0 view .LVU197
 695 000a 104A     		ldr	r2, .L59
 696 000c 9342     		cmp	r3, r2
 697 000e 09D0     		beq	.L57
 255:Core/Src/tim.c ****   {
 256:Core/Src/tim.c ****   /* USER CODE BEGIN TIM3_MspDeInit 0 */
 257:Core/Src/tim.c **** 
 258:Core/Src/tim.c ****   /* USER CODE END TIM3_MspDeInit 0 */
 259:Core/Src/tim.c ****     /* Peripheral clock disable */
 260:Core/Src/tim.c ****     __HAL_RCC_TIM3_CLK_DISABLE();
 261:Core/Src/tim.c **** 
 262:Core/Src/tim.c ****     /* TIM3 interrupt Deinit */
 263:Core/Src/tim.c ****     HAL_NVIC_DisableIRQ(TIM3_IRQn);
 264:Core/Src/tim.c ****   /* USER CODE BEGIN TIM3_MspDeInit 1 */
 265:Core/Src/tim.c **** 
 266:Core/Src/tim.c ****   /* USER CODE END TIM3_MspDeInit 1 */
 267:Core/Src/tim.c ****   }
 268:Core/Src/tim.c ****   else if(tim_baseHandle->Instance==TIM8)
 698              		.loc 1 268 8 is_stmt 1 view .LVU198
 699              		.loc 1 268 10 is_stmt 0 view .LVU199
 700 0010 0F4A     		ldr	r2, .L59+4
 701 0012 9342     		cmp	r3, r2
 702 0014 10D0     		beq	.L58
 703              	.LVL39:
 704              	.L51:
 269:Core/Src/tim.c ****   {
 270:Core/Src/tim.c ****   /* USER CODE BEGIN TIM8_MspDeInit 0 */
 271:Core/Src/tim.c **** 
 272:Core/Src/tim.c ****   /* USER CODE END TIM8_MspDeInit 0 */
 273:Core/Src/tim.c ****     /* Peripheral clock disable */
 274:Core/Src/tim.c ****     __HAL_RCC_TIM8_CLK_DISABLE();
 275:Core/Src/tim.c **** 
 276:Core/Src/tim.c ****     /* TIM8 interrupt Deinit */
 277:Core/Src/tim.c ****     HAL_NVIC_DisableIRQ(TIM8_UP_TIM13_IRQn);
 278:Core/Src/tim.c ****   /* USER CODE BEGIN TIM8_MspDeInit 1 */
 279:Core/Src/tim.c **** 
 280:Core/Src/tim.c ****   /* USER CODE END TIM8_MspDeInit 1 */
 281:Core/Src/tim.c ****   }
 282:Core/Src/tim.c **** }
 705              		.loc 1 282 1 view .LVU200
 706 0016 08BD     		pop	{r3, pc}
 707              	.LVL40:
 708              	.L56:
 249:Core/Src/tim.c ****   /* USER CODE BEGIN TIM2_MspDeInit 1 */
 709              		.loc 1 249 5 is_stmt 1 view .LVU201
 710 0018 0E4A     		ldr	r2, .L59+8
ARM GAS  C:\Users\fish\AppData\Local\Temp\ccAtuPG1.s 			page 20


 711 001a 136C     		ldr	r3, [r2, #64]
 712 001c 23F00103 		bic	r3, r3, #1
 713 0020 1364     		str	r3, [r2, #64]
 714 0022 F8E7     		b	.L51
 715              	.L57:
 260:Core/Src/tim.c **** 
 716              		.loc 1 260 5 view .LVU202
 717 0024 02F50D32 		add	r2, r2, #144384
 718 0028 136C     		ldr	r3, [r2, #64]
 719 002a 23F00203 		bic	r3, r3, #2
 720 002e 1364     		str	r3, [r2, #64]
 263:Core/Src/tim.c ****   /* USER CODE BEGIN TIM3_MspDeInit 1 */
 721              		.loc 1 263 5 view .LVU203
 722 0030 1D20     		movs	r0, #29
 723              	.LVL41:
 263:Core/Src/tim.c ****   /* USER CODE BEGIN TIM3_MspDeInit 1 */
 724              		.loc 1 263 5 is_stmt 0 view .LVU204
 725 0032 FFF7FEFF 		bl	HAL_NVIC_DisableIRQ
 726              	.LVL42:
 727 0036 EEE7     		b	.L51
 728              	.LVL43:
 729              	.L58:
 274:Core/Src/tim.c **** 
 730              		.loc 1 274 5 is_stmt 1 view .LVU205
 731 0038 02F59A32 		add	r2, r2, #78848
 732 003c 536C     		ldr	r3, [r2, #68]
 733 003e 23F00203 		bic	r3, r3, #2
 734 0042 5364     		str	r3, [r2, #68]
 277:Core/Src/tim.c ****   /* USER CODE BEGIN TIM8_MspDeInit 1 */
 735              		.loc 1 277 5 view .LVU206
 736 0044 2C20     		movs	r0, #44
 737              	.LVL44:
 277:Core/Src/tim.c ****   /* USER CODE BEGIN TIM8_MspDeInit 1 */
 738              		.loc 1 277 5 is_stmt 0 view .LVU207
 739 0046 FFF7FEFF 		bl	HAL_NVIC_DisableIRQ
 740              	.LVL45:
 741              		.loc 1 282 1 view .LVU208
 742 004a E4E7     		b	.L51
 743              	.L60:
 744              		.align	2
 745              	.L59:
 746 004c 00040040 		.word	1073742848
 747 0050 00040140 		.word	1073808384
 748 0054 00380240 		.word	1073887232
 749              		.cfi_endproc
 750              	.LFE244:
 752              		.global	htim8
 753              		.section	.bss.htim8,"aw",%nobits
 754              		.align	2
 757              	htim8:
 758 0000 00000000 		.space	72
 758      00000000 
 758      00000000 
 758      00000000 
 758      00000000 
 759              		.global	htim3
 760              		.section	.bss.htim3,"aw",%nobits
ARM GAS  C:\Users\fish\AppData\Local\Temp\ccAtuPG1.s 			page 21


 761              		.align	2
 764              	htim3:
 765 0000 00000000 		.space	72
 765      00000000 
 765      00000000 
 765      00000000 
 765      00000000 
 766              		.global	htim2
 767              		.section	.bss.htim2,"aw",%nobits
 768              		.align	2
 771              	htim2:
 772 0000 00000000 		.space	72
 772      00000000 
 772      00000000 
 772      00000000 
 772      00000000 
 773              		.text
 774              	.Letext0:
 775              		.file 2 "Drivers/CMSIS/Device/ST/STM32F4xx/Include/stm32f407xx.h"
 776              		.file 3 "C:/STM32/arm-none-eabi-gcc/14.2.1-1.1.1/.content/arm-none-eabi/include/machine/_default_t
 777              		.file 4 "C:/STM32/arm-none-eabi-gcc/14.2.1-1.1.1/.content/arm-none-eabi/include/sys/_stdint.h"
 778              		.file 5 "Drivers/STM32F4xx_HAL_Driver/Inc/stm32f4xx_hal_def.h"
 779              		.file 6 "Drivers/STM32F4xx_HAL_Driver/Inc/stm32f4xx_hal_gpio.h"
 780              		.file 7 "Drivers/STM32F4xx_HAL_Driver/Inc/stm32f4xx_hal_dma.h"
 781              		.file 8 "Drivers/STM32F4xx_HAL_Driver/Inc/stm32f4xx_hal_tim.h"
 782              		.file 9 "Core/Inc/tim.h"
 783              		.file 10 "Drivers/STM32F4xx_HAL_Driver/Inc/stm32f4xx_hal_cortex.h"
 784              		.file 11 "Drivers/STM32F4xx_HAL_Driver/Inc/stm32f4xx_hal_tim_ex.h"
 785              		.file 12 "Core/Inc/main.h"
ARM GAS  C:\Users\fish\AppData\Local\Temp\ccAtuPG1.s 			page 22


DEFINED SYMBOLS
                            *ABS*:00000000 tim.c
C:\Users\fish\AppData\Local\Temp\ccAtuPG1.s:21     .text.MX_TIM2_Init:00000000 $t
C:\Users\fish\AppData\Local\Temp\ccAtuPG1.s:27     .text.MX_TIM2_Init:00000000 MX_TIM2_Init
C:\Users\fish\AppData\Local\Temp\ccAtuPG1.s:135    .text.MX_TIM2_Init:0000006c $d
C:\Users\fish\AppData\Local\Temp\ccAtuPG1.s:771    .bss.htim2:00000000 htim2
C:\Users\fish\AppData\Local\Temp\ccAtuPG1.s:140    .text.MX_TIM8_Init:00000000 $t
C:\Users\fish\AppData\Local\Temp\ccAtuPG1.s:146    .text.MX_TIM8_Init:00000000 MX_TIM8_Init
C:\Users\fish\AppData\Local\Temp\ccAtuPG1.s:256    .text.MX_TIM8_Init:00000068 $d
C:\Users\fish\AppData\Local\Temp\ccAtuPG1.s:757    .bss.htim8:00000000 htim8
C:\Users\fish\AppData\Local\Temp\ccAtuPG1.s:262    .text.HAL_TIM_Base_MspInit:00000000 $t
C:\Users\fish\AppData\Local\Temp\ccAtuPG1.s:268    .text.HAL_TIM_Base_MspInit:00000000 HAL_TIM_Base_MspInit
C:\Users\fish\AppData\Local\Temp\ccAtuPG1.s:394    .text.HAL_TIM_Base_MspInit:00000088 $d
C:\Users\fish\AppData\Local\Temp\ccAtuPG1.s:401    .text.HAL_TIM_MspPostInit:00000000 $t
C:\Users\fish\AppData\Local\Temp\ccAtuPG1.s:407    .text.HAL_TIM_MspPostInit:00000000 HAL_TIM_MspPostInit
C:\Users\fish\AppData\Local\Temp\ccAtuPG1.s:489    .text.HAL_TIM_MspPostInit:0000004c $d
C:\Users\fish\AppData\Local\Temp\ccAtuPG1.s:496    .text.MX_TIM3_Init:00000000 $t
C:\Users\fish\AppData\Local\Temp\ccAtuPG1.s:502    .text.MX_TIM3_Init:00000000 MX_TIM3_Init
C:\Users\fish\AppData\Local\Temp\ccAtuPG1.s:663    .text.MX_TIM3_Init:000000ac $d
C:\Users\fish\AppData\Local\Temp\ccAtuPG1.s:764    .bss.htim3:00000000 htim3
C:\Users\fish\AppData\Local\Temp\ccAtuPG1.s:669    .text.HAL_TIM_Base_MspDeInit:00000000 $t
C:\Users\fish\AppData\Local\Temp\ccAtuPG1.s:675    .text.HAL_TIM_Base_MspDeInit:00000000 HAL_TIM_Base_MspDeInit
C:\Users\fish\AppData\Local\Temp\ccAtuPG1.s:746    .text.HAL_TIM_Base_MspDeInit:0000004c $d
C:\Users\fish\AppData\Local\Temp\ccAtuPG1.s:754    .bss.htim8:00000000 $d
C:\Users\fish\AppData\Local\Temp\ccAtuPG1.s:761    .bss.htim3:00000000 $d
C:\Users\fish\AppData\Local\Temp\ccAtuPG1.s:768    .bss.htim2:00000000 $d

UNDEFINED SYMBOLS
HAL_TIM_Base_Init
HAL_TIM_ConfigClockSource
HAL_TIMEx_MasterConfigSynchronization
Error_Handler
HAL_NVIC_SetPriority
HAL_NVIC_EnableIRQ
HAL_GPIO_Init
HAL_TIM_PWM_Init
HAL_TIM_PWM_ConfigChannel
HAL_NVIC_DisableIRQ
