ARM GAS  C:\Users\fish\AppData\Local\Temp\ccXUW8sV.s 			page 1


   1              		.cpu cortex-m4
   2              		.arch armv7e-m
   3              		.fpu fpv4-sp-d16
   4              		.eabi_attribute 27, 1
   5              		.eabi_attribute 28, 1
   6              		.eabi_attribute 20, 1
   7              		.eabi_attribute 21, 1
   8              		.eabi_attribute 23, 3
   9              		.eabi_attribute 24, 1
  10              		.eabi_attribute 25, 1
  11              		.eabi_attribute 26, 1
  12              		.eabi_attribute 30, 1
  13              		.eabi_attribute 34, 1
  14              		.eabi_attribute 18, 4
  15              		.file	"usart.c"
  16              		.text
  17              	.Ltext0:
  18              		.cfi_sections	.debug_frame
  19              		.file 1 "Core/Src/usart.c"
  20              		.section	.text.MX_USART1_UART_Init,"ax",%progbits
  21              		.align	1
  22              		.global	MX_USART1_UART_Init
  23              		.syntax unified
  24              		.thumb
  25              		.thumb_func
  27              	MX_USART1_UART_Init:
  28              	.LFB239:
   1:Core/Src/usart.c **** /* USER CODE BEGIN Header */
   2:Core/Src/usart.c **** /**
   3:Core/Src/usart.c ****   ******************************************************************************
   4:Core/Src/usart.c ****   * @file    usart.c
   5:Core/Src/usart.c ****   * @brief   This file provides code for the configuration
   6:Core/Src/usart.c ****   *          of the USART instances.
   7:Core/Src/usart.c ****   ******************************************************************************
   8:Core/Src/usart.c ****   * @attention
   9:Core/Src/usart.c ****   *
  10:Core/Src/usart.c ****   * Copyright (c) 2026 STMicroelectronics.
  11:Core/Src/usart.c ****   * All rights reserved.
  12:Core/Src/usart.c ****   *
  13:Core/Src/usart.c ****   * This software is licensed under terms that can be found in the LICENSE file
  14:Core/Src/usart.c ****   * in the root directory of this software component.
  15:Core/Src/usart.c ****   * If no LICENSE file comes with this software, it is provided AS-IS.
  16:Core/Src/usart.c ****   *
  17:Core/Src/usart.c ****   ******************************************************************************
  18:Core/Src/usart.c ****   */
  19:Core/Src/usart.c **** /* USER CODE END Header */
  20:Core/Src/usart.c **** /* Includes ------------------------------------------------------------------*/
  21:Core/Src/usart.c **** #include "usart.h"
  22:Core/Src/usart.c **** 
  23:Core/Src/usart.c **** /* USER CODE BEGIN 0 */
  24:Core/Src/usart.c **** 
  25:Core/Src/usart.c **** /* USER CODE END 0 */
  26:Core/Src/usart.c **** 
  27:Core/Src/usart.c **** UART_HandleTypeDef huart1;
  28:Core/Src/usart.c **** UART_HandleTypeDef huart6;
  29:Core/Src/usart.c **** DMA_HandleTypeDef hdma_usart1_rx;
  30:Core/Src/usart.c **** DMA_HandleTypeDef hdma_usart1_tx;
ARM GAS  C:\Users\fish\AppData\Local\Temp\ccXUW8sV.s 			page 2


  31:Core/Src/usart.c **** DMA_HandleTypeDef hdma_usart6_rx;
  32:Core/Src/usart.c **** DMA_HandleTypeDef hdma_usart6_tx;
  33:Core/Src/usart.c **** 
  34:Core/Src/usart.c **** /* USART1 init function */
  35:Core/Src/usart.c **** 
  36:Core/Src/usart.c **** void MX_USART1_UART_Init(void)
  37:Core/Src/usart.c **** {
  29              		.loc 1 37 1 view -0
  30              		.cfi_startproc
  31              		@ args = 0, pretend = 0, frame = 0
  32              		@ frame_needed = 0, uses_anonymous_args = 0
  33 0000 08B5     		push	{r3, lr}
  34              		.cfi_def_cfa_offset 8
  35              		.cfi_offset 3, -8
  36              		.cfi_offset 14, -4
  38:Core/Src/usart.c **** 
  39:Core/Src/usart.c ****   /* USER CODE BEGIN USART1_Init 0 */
  40:Core/Src/usart.c **** 
  41:Core/Src/usart.c ****   /* USER CODE END USART1_Init 0 */
  42:Core/Src/usart.c **** 
  43:Core/Src/usart.c ****   /* USER CODE BEGIN USART1_Init 1 */
  44:Core/Src/usart.c **** 
  45:Core/Src/usart.c ****   /* USER CODE END USART1_Init 1 */
  46:Core/Src/usart.c ****   huart1.Instance = USART1;
  37              		.loc 1 46 3 view .LVU1
  38              		.loc 1 46 19 is_stmt 0 view .LVU2
  39 0002 0A48     		ldr	r0, .L5
  40 0004 0A4B     		ldr	r3, .L5+4
  41 0006 0360     		str	r3, [r0]
  47:Core/Src/usart.c ****   huart1.Init.BaudRate = 115200;
  42              		.loc 1 47 3 is_stmt 1 view .LVU3
  43              		.loc 1 47 24 is_stmt 0 view .LVU4
  44 0008 4FF4E133 		mov	r3, #115200
  45 000c 4360     		str	r3, [r0, #4]
  48:Core/Src/usart.c ****   huart1.Init.WordLength = UART_WORDLENGTH_8B;
  46              		.loc 1 48 3 is_stmt 1 view .LVU5
  47              		.loc 1 48 26 is_stmt 0 view .LVU6
  48 000e 0023     		movs	r3, #0
  49 0010 8360     		str	r3, [r0, #8]
  49:Core/Src/usart.c ****   huart1.Init.StopBits = UART_STOPBITS_1;
  50              		.loc 1 49 3 is_stmt 1 view .LVU7
  51              		.loc 1 49 24 is_stmt 0 view .LVU8
  52 0012 C360     		str	r3, [r0, #12]
  50:Core/Src/usart.c ****   huart1.Init.Parity = UART_PARITY_NONE;
  53              		.loc 1 50 3 is_stmt 1 view .LVU9
  54              		.loc 1 50 22 is_stmt 0 view .LVU10
  55 0014 0361     		str	r3, [r0, #16]
  51:Core/Src/usart.c ****   huart1.Init.Mode = UART_MODE_TX_RX;
  56              		.loc 1 51 3 is_stmt 1 view .LVU11
  57              		.loc 1 51 20 is_stmt 0 view .LVU12
  58 0016 0C22     		movs	r2, #12
  59 0018 4261     		str	r2, [r0, #20]
  52:Core/Src/usart.c ****   huart1.Init.HwFlowCtl = UART_HWCONTROL_NONE;
  60              		.loc 1 52 3 is_stmt 1 view .LVU13
  61              		.loc 1 52 25 is_stmt 0 view .LVU14
  62 001a 8361     		str	r3, [r0, #24]
  53:Core/Src/usart.c ****   huart1.Init.OverSampling = UART_OVERSAMPLING_16;
ARM GAS  C:\Users\fish\AppData\Local\Temp\ccXUW8sV.s 			page 3


  63              		.loc 1 53 3 is_stmt 1 view .LVU15
  64              		.loc 1 53 28 is_stmt 0 view .LVU16
  65 001c C361     		str	r3, [r0, #28]
  54:Core/Src/usart.c ****   if (HAL_UART_Init(&huart1) != HAL_OK)
  66              		.loc 1 54 3 is_stmt 1 view .LVU17
  67              		.loc 1 54 7 is_stmt 0 view .LVU18
  68 001e FFF7FEFF 		bl	HAL_UART_Init
  69              	.LVL0:
  70              		.loc 1 54 6 discriminator 1 view .LVU19
  71 0022 00B9     		cbnz	r0, .L4
  72              	.L1:
  55:Core/Src/usart.c ****   {
  56:Core/Src/usart.c ****     Error_Handler();
  57:Core/Src/usart.c ****   }
  58:Core/Src/usart.c ****   /* USER CODE BEGIN USART1_Init 2 */
  59:Core/Src/usart.c **** 
  60:Core/Src/usart.c ****   /* USER CODE END USART1_Init 2 */
  61:Core/Src/usart.c **** 
  62:Core/Src/usart.c **** }
  73              		.loc 1 62 1 view .LVU20
  74 0024 08BD     		pop	{r3, pc}
  75              	.L4:
  56:Core/Src/usart.c ****   }
  76              		.loc 1 56 5 is_stmt 1 view .LVU21
  77 0026 FFF7FEFF 		bl	Error_Handler
  78              	.LVL1:
  79              		.loc 1 62 1 is_stmt 0 view .LVU22
  80 002a FBE7     		b	.L1
  81              	.L6:
  82              		.align	2
  83              	.L5:
  84 002c 00000000 		.word	huart1
  85 0030 00100140 		.word	1073811456
  86              		.cfi_endproc
  87              	.LFE239:
  89              		.section	.text.MX_USART6_UART_Init,"ax",%progbits
  90              		.align	1
  91              		.global	MX_USART6_UART_Init
  92              		.syntax unified
  93              		.thumb
  94              		.thumb_func
  96              	MX_USART6_UART_Init:
  97              	.LFB240:
  63:Core/Src/usart.c **** /* USART6 init function */
  64:Core/Src/usart.c **** 
  65:Core/Src/usart.c **** void MX_USART6_UART_Init(void)
  66:Core/Src/usart.c **** {
  98              		.loc 1 66 1 is_stmt 1 view -0
  99              		.cfi_startproc
 100              		@ args = 0, pretend = 0, frame = 0
 101              		@ frame_needed = 0, uses_anonymous_args = 0
 102 0000 08B5     		push	{r3, lr}
 103              		.cfi_def_cfa_offset 8
 104              		.cfi_offset 3, -8
 105              		.cfi_offset 14, -4
  67:Core/Src/usart.c **** 
  68:Core/Src/usart.c ****   /* USER CODE BEGIN USART6_Init 0 */
ARM GAS  C:\Users\fish\AppData\Local\Temp\ccXUW8sV.s 			page 4


  69:Core/Src/usart.c **** 
  70:Core/Src/usart.c ****   /* USER CODE END USART6_Init 0 */
  71:Core/Src/usart.c **** 
  72:Core/Src/usart.c ****   /* USER CODE BEGIN USART6_Init 1 */
  73:Core/Src/usart.c **** 
  74:Core/Src/usart.c ****   /* USER CODE END USART6_Init 1 */
  75:Core/Src/usart.c ****   huart6.Instance = USART6;
 106              		.loc 1 75 3 view .LVU24
 107              		.loc 1 75 19 is_stmt 0 view .LVU25
 108 0002 0A48     		ldr	r0, .L11
 109 0004 0A4B     		ldr	r3, .L11+4
 110 0006 0360     		str	r3, [r0]
  76:Core/Src/usart.c ****   huart6.Init.BaudRate = 115200;
 111              		.loc 1 76 3 is_stmt 1 view .LVU26
 112              		.loc 1 76 24 is_stmt 0 view .LVU27
 113 0008 4FF4E133 		mov	r3, #115200
 114 000c 4360     		str	r3, [r0, #4]
  77:Core/Src/usart.c ****   huart6.Init.WordLength = UART_WORDLENGTH_8B;
 115              		.loc 1 77 3 is_stmt 1 view .LVU28
 116              		.loc 1 77 26 is_stmt 0 view .LVU29
 117 000e 0023     		movs	r3, #0
 118 0010 8360     		str	r3, [r0, #8]
  78:Core/Src/usart.c ****   huart6.Init.StopBits = UART_STOPBITS_1;
 119              		.loc 1 78 3 is_stmt 1 view .LVU30
 120              		.loc 1 78 24 is_stmt 0 view .LVU31
 121 0012 C360     		str	r3, [r0, #12]
  79:Core/Src/usart.c ****   huart6.Init.Parity = UART_PARITY_NONE;
 122              		.loc 1 79 3 is_stmt 1 view .LVU32
 123              		.loc 1 79 22 is_stmt 0 view .LVU33
 124 0014 0361     		str	r3, [r0, #16]
  80:Core/Src/usart.c ****   huart6.Init.Mode = UART_MODE_TX_RX;
 125              		.loc 1 80 3 is_stmt 1 view .LVU34
 126              		.loc 1 80 20 is_stmt 0 view .LVU35
 127 0016 0C22     		movs	r2, #12
 128 0018 4261     		str	r2, [r0, #20]
  81:Core/Src/usart.c ****   huart6.Init.HwFlowCtl = UART_HWCONTROL_NONE;
 129              		.loc 1 81 3 is_stmt 1 view .LVU36
 130              		.loc 1 81 25 is_stmt 0 view .LVU37
 131 001a 8361     		str	r3, [r0, #24]
  82:Core/Src/usart.c ****   huart6.Init.OverSampling = UART_OVERSAMPLING_16;
 132              		.loc 1 82 3 is_stmt 1 view .LVU38
 133              		.loc 1 82 28 is_stmt 0 view .LVU39
 134 001c C361     		str	r3, [r0, #28]
  83:Core/Src/usart.c ****   if (HAL_UART_Init(&huart6) != HAL_OK)
 135              		.loc 1 83 3 is_stmt 1 view .LVU40
 136              		.loc 1 83 7 is_stmt 0 view .LVU41
 137 001e FFF7FEFF 		bl	HAL_UART_Init
 138              	.LVL2:
 139              		.loc 1 83 6 discriminator 1 view .LVU42
 140 0022 00B9     		cbnz	r0, .L10
 141              	.L7:
  84:Core/Src/usart.c ****   {
  85:Core/Src/usart.c ****     Error_Handler();
  86:Core/Src/usart.c ****   }
  87:Core/Src/usart.c ****   /* USER CODE BEGIN USART6_Init 2 */
  88:Core/Src/usart.c **** 
  89:Core/Src/usart.c ****   /* USER CODE END USART6_Init 2 */
ARM GAS  C:\Users\fish\AppData\Local\Temp\ccXUW8sV.s 			page 5


  90:Core/Src/usart.c **** 
  91:Core/Src/usart.c **** }
 142              		.loc 1 91 1 view .LVU43
 143 0024 08BD     		pop	{r3, pc}
 144              	.L10:
  85:Core/Src/usart.c ****   }
 145              		.loc 1 85 5 is_stmt 1 view .LVU44
 146 0026 FFF7FEFF 		bl	Error_Handler
 147              	.LVL3:
 148              		.loc 1 91 1 is_stmt 0 view .LVU45
 149 002a FBE7     		b	.L7
 150              	.L12:
 151              		.align	2
 152              	.L11:
 153 002c 00000000 		.word	huart6
 154 0030 00140140 		.word	1073812480
 155              		.cfi_endproc
 156              	.LFE240:
 158              		.section	.text.HAL_UART_MspInit,"ax",%progbits
 159              		.align	1
 160              		.global	HAL_UART_MspInit
 161              		.syntax unified
 162              		.thumb
 163              		.thumb_func
 165              	HAL_UART_MspInit:
 166              	.LVL4:
 167              	.LFB241:
  92:Core/Src/usart.c **** 
  93:Core/Src/usart.c **** void HAL_UART_MspInit(UART_HandleTypeDef* uartHandle)
  94:Core/Src/usart.c **** {
 168              		.loc 1 94 1 is_stmt 1 view -0
 169              		.cfi_startproc
 170              		@ args = 0, pretend = 0, frame = 40
 171              		@ frame_needed = 0, uses_anonymous_args = 0
 172              		.loc 1 94 1 is_stmt 0 view .LVU47
 173 0000 30B5     		push	{r4, r5, lr}
 174              		.cfi_def_cfa_offset 12
 175              		.cfi_offset 4, -12
 176              		.cfi_offset 5, -8
 177              		.cfi_offset 14, -4
 178 0002 8BB0     		sub	sp, sp, #44
 179              		.cfi_def_cfa_offset 56
 180 0004 0446     		mov	r4, r0
  95:Core/Src/usart.c **** 
  96:Core/Src/usart.c ****   GPIO_InitTypeDef GPIO_InitStruct = {0};
 181              		.loc 1 96 3 is_stmt 1 view .LVU48
 182              		.loc 1 96 20 is_stmt 0 view .LVU49
 183 0006 0023     		movs	r3, #0
 184 0008 0593     		str	r3, [sp, #20]
 185 000a 0693     		str	r3, [sp, #24]
 186 000c 0793     		str	r3, [sp, #28]
 187 000e 0893     		str	r3, [sp, #32]
 188 0010 0993     		str	r3, [sp, #36]
  97:Core/Src/usart.c ****   if(uartHandle->Instance==USART1)
 189              		.loc 1 97 3 is_stmt 1 view .LVU50
 190              		.loc 1 97 16 is_stmt 0 view .LVU51
 191 0012 0368     		ldr	r3, [r0]
ARM GAS  C:\Users\fish\AppData\Local\Temp\ccXUW8sV.s 			page 6


 192              		.loc 1 97 5 view .LVU52
 193 0014 634A     		ldr	r2, .L27
 194 0016 9342     		cmp	r3, r2
 195 0018 04D0     		beq	.L21
  98:Core/Src/usart.c ****   {
  99:Core/Src/usart.c ****   /* USER CODE BEGIN USART1_MspInit 0 */
 100:Core/Src/usart.c **** 
 101:Core/Src/usart.c ****   /* USER CODE END USART1_MspInit 0 */
 102:Core/Src/usart.c ****     /* USART1 clock enable */
 103:Core/Src/usart.c ****     __HAL_RCC_USART1_CLK_ENABLE();
 104:Core/Src/usart.c **** 
 105:Core/Src/usart.c ****     __HAL_RCC_GPIOA_CLK_ENABLE();
 106:Core/Src/usart.c ****     /**USART1 GPIO Configuration
 107:Core/Src/usart.c ****     PA9     ------> USART1_TX
 108:Core/Src/usart.c ****     PA10     ------> USART1_RX
 109:Core/Src/usart.c ****     */
 110:Core/Src/usart.c ****     GPIO_InitStruct.Pin = GPIO_PIN_9|GPIO_PIN_10;
 111:Core/Src/usart.c ****     GPIO_InitStruct.Mode = GPIO_MODE_AF_PP;
 112:Core/Src/usart.c ****     GPIO_InitStruct.Pull = GPIO_NOPULL;
 113:Core/Src/usart.c ****     GPIO_InitStruct.Speed = GPIO_SPEED_FREQ_VERY_HIGH;
 114:Core/Src/usart.c ****     GPIO_InitStruct.Alternate = GPIO_AF7_USART1;
 115:Core/Src/usart.c ****     HAL_GPIO_Init(GPIOA, &GPIO_InitStruct);
 116:Core/Src/usart.c **** 
 117:Core/Src/usart.c ****     /* USART1 DMA Init */
 118:Core/Src/usart.c ****     /* USART1_RX Init */
 119:Core/Src/usart.c ****     hdma_usart1_rx.Instance = DMA2_Stream2;
 120:Core/Src/usart.c ****     hdma_usart1_rx.Init.Channel = DMA_CHANNEL_4;
 121:Core/Src/usart.c ****     hdma_usart1_rx.Init.Direction = DMA_PERIPH_TO_MEMORY;
 122:Core/Src/usart.c ****     hdma_usart1_rx.Init.PeriphInc = DMA_PINC_DISABLE;
 123:Core/Src/usart.c ****     hdma_usart1_rx.Init.MemInc = DMA_MINC_ENABLE;
 124:Core/Src/usart.c ****     hdma_usart1_rx.Init.PeriphDataAlignment = DMA_PDATAALIGN_BYTE;
 125:Core/Src/usart.c ****     hdma_usart1_rx.Init.MemDataAlignment = DMA_MDATAALIGN_BYTE;
 126:Core/Src/usart.c ****     hdma_usart1_rx.Init.Mode = DMA_NORMAL;
 127:Core/Src/usart.c ****     hdma_usart1_rx.Init.Priority = DMA_PRIORITY_LOW;
 128:Core/Src/usart.c ****     hdma_usart1_rx.Init.FIFOMode = DMA_FIFOMODE_DISABLE;
 129:Core/Src/usart.c ****     if (HAL_DMA_Init(&hdma_usart1_rx) != HAL_OK)
 130:Core/Src/usart.c ****     {
 131:Core/Src/usart.c ****       Error_Handler();
 132:Core/Src/usart.c ****     }
 133:Core/Src/usart.c **** 
 134:Core/Src/usart.c ****     __HAL_LINKDMA(uartHandle,hdmarx,hdma_usart1_rx);
 135:Core/Src/usart.c **** 
 136:Core/Src/usart.c ****     /* USART1_TX Init */
 137:Core/Src/usart.c ****     hdma_usart1_tx.Instance = DMA2_Stream7;
 138:Core/Src/usart.c ****     hdma_usart1_tx.Init.Channel = DMA_CHANNEL_4;
 139:Core/Src/usart.c ****     hdma_usart1_tx.Init.Direction = DMA_MEMORY_TO_PERIPH;
 140:Core/Src/usart.c ****     hdma_usart1_tx.Init.PeriphInc = DMA_PINC_DISABLE;
 141:Core/Src/usart.c ****     hdma_usart1_tx.Init.MemInc = DMA_MINC_ENABLE;
 142:Core/Src/usart.c ****     hdma_usart1_tx.Init.PeriphDataAlignment = DMA_PDATAALIGN_BYTE;
 143:Core/Src/usart.c ****     hdma_usart1_tx.Init.MemDataAlignment = DMA_MDATAALIGN_BYTE;
 144:Core/Src/usart.c ****     hdma_usart1_tx.Init.Mode = DMA_NORMAL;
 145:Core/Src/usart.c ****     hdma_usart1_tx.Init.Priority = DMA_PRIORITY_LOW;
 146:Core/Src/usart.c ****     hdma_usart1_tx.Init.FIFOMode = DMA_FIFOMODE_DISABLE;
 147:Core/Src/usart.c ****     if (HAL_DMA_Init(&hdma_usart1_tx) != HAL_OK)
 148:Core/Src/usart.c ****     {
 149:Core/Src/usart.c ****       Error_Handler();
 150:Core/Src/usart.c ****     }
ARM GAS  C:\Users\fish\AppData\Local\Temp\ccXUW8sV.s 			page 7


 151:Core/Src/usart.c **** 
 152:Core/Src/usart.c ****     __HAL_LINKDMA(uartHandle,hdmatx,hdma_usart1_tx);
 153:Core/Src/usart.c **** 
 154:Core/Src/usart.c ****     /* USART1 interrupt Init */
 155:Core/Src/usart.c ****     HAL_NVIC_SetPriority(USART1_IRQn, 5, 0);
 156:Core/Src/usart.c ****     HAL_NVIC_EnableIRQ(USART1_IRQn);
 157:Core/Src/usart.c ****   /* USER CODE BEGIN USART1_MspInit 1 */
 158:Core/Src/usart.c **** 
 159:Core/Src/usart.c ****   /* USER CODE END USART1_MspInit 1 */
 160:Core/Src/usart.c ****   }
 161:Core/Src/usart.c ****   else if(uartHandle->Instance==USART6)
 196              		.loc 1 161 8 is_stmt 1 view .LVU53
 197              		.loc 1 161 10 is_stmt 0 view .LVU54
 198 001a 634A     		ldr	r2, .L27+4
 199 001c 9342     		cmp	r3, r2
 200 001e 61D0     		beq	.L22
 201              	.LVL5:
 202              	.L13:
 162:Core/Src/usart.c ****   {
 163:Core/Src/usart.c ****   /* USER CODE BEGIN USART6_MspInit 0 */
 164:Core/Src/usart.c **** 
 165:Core/Src/usart.c ****   /* USER CODE END USART6_MspInit 0 */
 166:Core/Src/usart.c ****     /* USART6 clock enable */
 167:Core/Src/usart.c ****     __HAL_RCC_USART6_CLK_ENABLE();
 168:Core/Src/usart.c **** 
 169:Core/Src/usart.c ****     __HAL_RCC_GPIOC_CLK_ENABLE();
 170:Core/Src/usart.c ****     /**USART6 GPIO Configuration
 171:Core/Src/usart.c ****     PC6     ------> USART6_TX
 172:Core/Src/usart.c ****     PC7     ------> USART6_RX
 173:Core/Src/usart.c ****     */
 174:Core/Src/usart.c ****     GPIO_InitStruct.Pin = GPIO_PIN_6|GPIO_PIN_7;
 175:Core/Src/usart.c ****     GPIO_InitStruct.Mode = GPIO_MODE_AF_PP;
 176:Core/Src/usart.c ****     GPIO_InitStruct.Pull = GPIO_NOPULL;
 177:Core/Src/usart.c ****     GPIO_InitStruct.Speed = GPIO_SPEED_FREQ_VERY_HIGH;
 178:Core/Src/usart.c ****     GPIO_InitStruct.Alternate = GPIO_AF8_USART6;
 179:Core/Src/usart.c ****     HAL_GPIO_Init(GPIOC, &GPIO_InitStruct);
 180:Core/Src/usart.c **** 
 181:Core/Src/usart.c ****     /* USART6 DMA Init */
 182:Core/Src/usart.c ****     /* USART6_RX Init */
 183:Core/Src/usart.c ****     hdma_usart6_rx.Instance = DMA2_Stream1;
 184:Core/Src/usart.c ****     hdma_usart6_rx.Init.Channel = DMA_CHANNEL_5;
 185:Core/Src/usart.c ****     hdma_usart6_rx.Init.Direction = DMA_PERIPH_TO_MEMORY;
 186:Core/Src/usart.c ****     hdma_usart6_rx.Init.PeriphInc = DMA_PINC_DISABLE;
 187:Core/Src/usart.c ****     hdma_usart6_rx.Init.MemInc = DMA_MINC_ENABLE;
 188:Core/Src/usart.c ****     hdma_usart6_rx.Init.PeriphDataAlignment = DMA_PDATAALIGN_BYTE;
 189:Core/Src/usart.c ****     hdma_usart6_rx.Init.MemDataAlignment = DMA_MDATAALIGN_BYTE;
 190:Core/Src/usart.c ****     hdma_usart6_rx.Init.Mode = DMA_NORMAL;
 191:Core/Src/usart.c ****     hdma_usart6_rx.Init.Priority = DMA_PRIORITY_LOW;
 192:Core/Src/usart.c ****     hdma_usart6_rx.Init.FIFOMode = DMA_FIFOMODE_DISABLE;
 193:Core/Src/usart.c ****     if (HAL_DMA_Init(&hdma_usart6_rx) != HAL_OK)
 194:Core/Src/usart.c ****     {
 195:Core/Src/usart.c ****       Error_Handler();
 196:Core/Src/usart.c ****     }
 197:Core/Src/usart.c **** 
 198:Core/Src/usart.c ****     __HAL_LINKDMA(uartHandle,hdmarx,hdma_usart6_rx);
 199:Core/Src/usart.c **** 
 200:Core/Src/usart.c ****     /* USART6_TX Init */
ARM GAS  C:\Users\fish\AppData\Local\Temp\ccXUW8sV.s 			page 8


 201:Core/Src/usart.c ****     hdma_usart6_tx.Instance = DMA2_Stream6;
 202:Core/Src/usart.c ****     hdma_usart6_tx.Init.Channel = DMA_CHANNEL_5;
 203:Core/Src/usart.c ****     hdma_usart6_tx.Init.Direction = DMA_MEMORY_TO_PERIPH;
 204:Core/Src/usart.c ****     hdma_usart6_tx.Init.PeriphInc = DMA_PINC_DISABLE;
 205:Core/Src/usart.c ****     hdma_usart6_tx.Init.MemInc = DMA_MINC_ENABLE;
 206:Core/Src/usart.c ****     hdma_usart6_tx.Init.PeriphDataAlignment = DMA_PDATAALIGN_BYTE;
 207:Core/Src/usart.c ****     hdma_usart6_tx.Init.MemDataAlignment = DMA_MDATAALIGN_BYTE;
 208:Core/Src/usart.c ****     hdma_usart6_tx.Init.Mode = DMA_NORMAL;
 209:Core/Src/usart.c ****     hdma_usart6_tx.Init.Priority = DMA_PRIORITY_LOW;
 210:Core/Src/usart.c ****     hdma_usart6_tx.Init.FIFOMode = DMA_FIFOMODE_DISABLE;
 211:Core/Src/usart.c ****     if (HAL_DMA_Init(&hdma_usart6_tx) != HAL_OK)
 212:Core/Src/usart.c ****     {
 213:Core/Src/usart.c ****       Error_Handler();
 214:Core/Src/usart.c ****     }
 215:Core/Src/usart.c **** 
 216:Core/Src/usart.c ****     __HAL_LINKDMA(uartHandle,hdmatx,hdma_usart6_tx);
 217:Core/Src/usart.c **** 
 218:Core/Src/usart.c ****     /* USART6 interrupt Init */
 219:Core/Src/usart.c ****     HAL_NVIC_SetPriority(USART6_IRQn, 5, 0);
 220:Core/Src/usart.c ****     HAL_NVIC_EnableIRQ(USART6_IRQn);
 221:Core/Src/usart.c ****   /* USER CODE BEGIN USART6_MspInit 1 */
 222:Core/Src/usart.c **** 
 223:Core/Src/usart.c ****   /* USER CODE END USART6_MspInit 1 */
 224:Core/Src/usart.c ****   }
 225:Core/Src/usart.c **** }
 203              		.loc 1 225 1 view .LVU55
 204 0020 0BB0     		add	sp, sp, #44
 205              		.cfi_remember_state
 206              		.cfi_def_cfa_offset 12
 207              		@ sp needed
 208 0022 30BD     		pop	{r4, r5, pc}
 209              	.LVL6:
 210              	.L21:
 211              		.cfi_restore_state
 103:Core/Src/usart.c **** 
 212              		.loc 1 103 5 is_stmt 1 view .LVU56
 213              	.LBB2:
 103:Core/Src/usart.c **** 
 214              		.loc 1 103 5 view .LVU57
 215 0024 0025     		movs	r5, #0
 216 0026 0195     		str	r5, [sp, #4]
 103:Core/Src/usart.c **** 
 217              		.loc 1 103 5 view .LVU58
 218 0028 604B     		ldr	r3, .L27+8
 219 002a 5A6C     		ldr	r2, [r3, #68]
 220 002c 42F01002 		orr	r2, r2, #16
 221 0030 5A64     		str	r2, [r3, #68]
 103:Core/Src/usart.c **** 
 222              		.loc 1 103 5 view .LVU59
 223 0032 5A6C     		ldr	r2, [r3, #68]
 224 0034 02F01002 		and	r2, r2, #16
 225 0038 0192     		str	r2, [sp, #4]
 103:Core/Src/usart.c **** 
 226              		.loc 1 103 5 view .LVU60
 227 003a 019A     		ldr	r2, [sp, #4]
 228              	.LBE2:
 103:Core/Src/usart.c **** 
ARM GAS  C:\Users\fish\AppData\Local\Temp\ccXUW8sV.s 			page 9


 229              		.loc 1 103 5 view .LVU61
 105:Core/Src/usart.c ****     /**USART1 GPIO Configuration
 230              		.loc 1 105 5 view .LVU62
 231              	.LBB3:
 105:Core/Src/usart.c ****     /**USART1 GPIO Configuration
 232              		.loc 1 105 5 view .LVU63
 233 003c 0295     		str	r5, [sp, #8]
 105:Core/Src/usart.c ****     /**USART1 GPIO Configuration
 234              		.loc 1 105 5 view .LVU64
 235 003e 1A6B     		ldr	r2, [r3, #48]
 236 0040 42F00102 		orr	r2, r2, #1
 237 0044 1A63     		str	r2, [r3, #48]
 105:Core/Src/usart.c ****     /**USART1 GPIO Configuration
 238              		.loc 1 105 5 view .LVU65
 239 0046 1B6B     		ldr	r3, [r3, #48]
 240 0048 03F00103 		and	r3, r3, #1
 241 004c 0293     		str	r3, [sp, #8]
 105:Core/Src/usart.c ****     /**USART1 GPIO Configuration
 242              		.loc 1 105 5 view .LVU66
 243 004e 029B     		ldr	r3, [sp, #8]
 244              	.LBE3:
 105:Core/Src/usart.c ****     /**USART1 GPIO Configuration
 245              		.loc 1 105 5 view .LVU67
 110:Core/Src/usart.c ****     GPIO_InitStruct.Mode = GPIO_MODE_AF_PP;
 246              		.loc 1 110 5 view .LVU68
 110:Core/Src/usart.c ****     GPIO_InitStruct.Mode = GPIO_MODE_AF_PP;
 247              		.loc 1 110 25 is_stmt 0 view .LVU69
 248 0050 4FF4C063 		mov	r3, #1536
 249 0054 0593     		str	r3, [sp, #20]
 111:Core/Src/usart.c ****     GPIO_InitStruct.Pull = GPIO_NOPULL;
 250              		.loc 1 111 5 is_stmt 1 view .LVU70
 111:Core/Src/usart.c ****     GPIO_InitStruct.Pull = GPIO_NOPULL;
 251              		.loc 1 111 26 is_stmt 0 view .LVU71
 252 0056 0223     		movs	r3, #2
 253 0058 0693     		str	r3, [sp, #24]
 112:Core/Src/usart.c ****     GPIO_InitStruct.Speed = GPIO_SPEED_FREQ_VERY_HIGH;
 254              		.loc 1 112 5 is_stmt 1 view .LVU72
 113:Core/Src/usart.c ****     GPIO_InitStruct.Alternate = GPIO_AF7_USART1;
 255              		.loc 1 113 5 view .LVU73
 113:Core/Src/usart.c ****     GPIO_InitStruct.Alternate = GPIO_AF7_USART1;
 256              		.loc 1 113 27 is_stmt 0 view .LVU74
 257 005a 0323     		movs	r3, #3
 258 005c 0893     		str	r3, [sp, #32]
 114:Core/Src/usart.c ****     HAL_GPIO_Init(GPIOA, &GPIO_InitStruct);
 259              		.loc 1 114 5 is_stmt 1 view .LVU75
 114:Core/Src/usart.c ****     HAL_GPIO_Init(GPIOA, &GPIO_InitStruct);
 260              		.loc 1 114 31 is_stmt 0 view .LVU76
 261 005e 0723     		movs	r3, #7
 262 0060 0993     		str	r3, [sp, #36]
 115:Core/Src/usart.c **** 
 263              		.loc 1 115 5 is_stmt 1 view .LVU77
 264 0062 05A9     		add	r1, sp, #20
 265 0064 5248     		ldr	r0, .L27+12
 266              	.LVL7:
 115:Core/Src/usart.c **** 
 267              		.loc 1 115 5 is_stmt 0 view .LVU78
 268 0066 FFF7FEFF 		bl	HAL_GPIO_Init
ARM GAS  C:\Users\fish\AppData\Local\Temp\ccXUW8sV.s 			page 10


 269              	.LVL8:
 119:Core/Src/usart.c ****     hdma_usart1_rx.Init.Channel = DMA_CHANNEL_4;
 270              		.loc 1 119 5 is_stmt 1 view .LVU79
 119:Core/Src/usart.c ****     hdma_usart1_rx.Init.Channel = DMA_CHANNEL_4;
 271              		.loc 1 119 29 is_stmt 0 view .LVU80
 272 006a 5248     		ldr	r0, .L27+16
 273 006c 524B     		ldr	r3, .L27+20
 274 006e 0360     		str	r3, [r0]
 120:Core/Src/usart.c ****     hdma_usart1_rx.Init.Direction = DMA_PERIPH_TO_MEMORY;
 275              		.loc 1 120 5 is_stmt 1 view .LVU81
 120:Core/Src/usart.c ****     hdma_usart1_rx.Init.Direction = DMA_PERIPH_TO_MEMORY;
 276              		.loc 1 120 33 is_stmt 0 view .LVU82
 277 0070 4FF00063 		mov	r3, #134217728
 278 0074 4360     		str	r3, [r0, #4]
 121:Core/Src/usart.c ****     hdma_usart1_rx.Init.PeriphInc = DMA_PINC_DISABLE;
 279              		.loc 1 121 5 is_stmt 1 view .LVU83
 121:Core/Src/usart.c ****     hdma_usart1_rx.Init.PeriphInc = DMA_PINC_DISABLE;
 280              		.loc 1 121 35 is_stmt 0 view .LVU84
 281 0076 8560     		str	r5, [r0, #8]
 122:Core/Src/usart.c ****     hdma_usart1_rx.Init.MemInc = DMA_MINC_ENABLE;
 282              		.loc 1 122 5 is_stmt 1 view .LVU85
 122:Core/Src/usart.c ****     hdma_usart1_rx.Init.MemInc = DMA_MINC_ENABLE;
 283              		.loc 1 122 35 is_stmt 0 view .LVU86
 284 0078 C560     		str	r5, [r0, #12]
 123:Core/Src/usart.c ****     hdma_usart1_rx.Init.PeriphDataAlignment = DMA_PDATAALIGN_BYTE;
 285              		.loc 1 123 5 is_stmt 1 view .LVU87
 123:Core/Src/usart.c ****     hdma_usart1_rx.Init.PeriphDataAlignment = DMA_PDATAALIGN_BYTE;
 286              		.loc 1 123 32 is_stmt 0 view .LVU88
 287 007a 4FF48063 		mov	r3, #1024
 288 007e 0361     		str	r3, [r0, #16]
 124:Core/Src/usart.c ****     hdma_usart1_rx.Init.MemDataAlignment = DMA_MDATAALIGN_BYTE;
 289              		.loc 1 124 5 is_stmt 1 view .LVU89
 124:Core/Src/usart.c ****     hdma_usart1_rx.Init.MemDataAlignment = DMA_MDATAALIGN_BYTE;
 290              		.loc 1 124 45 is_stmt 0 view .LVU90
 291 0080 4561     		str	r5, [r0, #20]
 125:Core/Src/usart.c ****     hdma_usart1_rx.Init.Mode = DMA_NORMAL;
 292              		.loc 1 125 5 is_stmt 1 view .LVU91
 125:Core/Src/usart.c ****     hdma_usart1_rx.Init.Mode = DMA_NORMAL;
 293              		.loc 1 125 42 is_stmt 0 view .LVU92
 294 0082 8561     		str	r5, [r0, #24]
 126:Core/Src/usart.c ****     hdma_usart1_rx.Init.Priority = DMA_PRIORITY_LOW;
 295              		.loc 1 126 5 is_stmt 1 view .LVU93
 126:Core/Src/usart.c ****     hdma_usart1_rx.Init.Priority = DMA_PRIORITY_LOW;
 296              		.loc 1 126 30 is_stmt 0 view .LVU94
 297 0084 C561     		str	r5, [r0, #28]
 127:Core/Src/usart.c ****     hdma_usart1_rx.Init.FIFOMode = DMA_FIFOMODE_DISABLE;
 298              		.loc 1 127 5 is_stmt 1 view .LVU95
 127:Core/Src/usart.c ****     hdma_usart1_rx.Init.FIFOMode = DMA_FIFOMODE_DISABLE;
 299              		.loc 1 127 34 is_stmt 0 view .LVU96
 300 0086 0562     		str	r5, [r0, #32]
 128:Core/Src/usart.c ****     if (HAL_DMA_Init(&hdma_usart1_rx) != HAL_OK)
 301              		.loc 1 128 5 is_stmt 1 view .LVU97
 128:Core/Src/usart.c ****     if (HAL_DMA_Init(&hdma_usart1_rx) != HAL_OK)
 302              		.loc 1 128 34 is_stmt 0 view .LVU98
 303 0088 4562     		str	r5, [r0, #36]
 129:Core/Src/usart.c ****     {
 304              		.loc 1 129 5 is_stmt 1 view .LVU99
ARM GAS  C:\Users\fish\AppData\Local\Temp\ccXUW8sV.s 			page 11


 129:Core/Src/usart.c ****     {
 305              		.loc 1 129 9 is_stmt 0 view .LVU100
 306 008a FFF7FEFF 		bl	HAL_DMA_Init
 307              	.LVL9:
 129:Core/Src/usart.c ****     {
 308              		.loc 1 129 8 discriminator 1 view .LVU101
 309 008e 18BB     		cbnz	r0, .L23
 310              	.L15:
 134:Core/Src/usart.c **** 
 311              		.loc 1 134 5 is_stmt 1 view .LVU102
 134:Core/Src/usart.c **** 
 312              		.loc 1 134 5 view .LVU103
 313 0090 484B     		ldr	r3, .L27+16
 314 0092 E363     		str	r3, [r4, #60]
 134:Core/Src/usart.c **** 
 315              		.loc 1 134 5 view .LVU104
 316 0094 9C63     		str	r4, [r3, #56]
 134:Core/Src/usart.c **** 
 317              		.loc 1 134 5 view .LVU105
 137:Core/Src/usart.c ****     hdma_usart1_tx.Init.Channel = DMA_CHANNEL_4;
 318              		.loc 1 137 5 view .LVU106
 137:Core/Src/usart.c ****     hdma_usart1_tx.Init.Channel = DMA_CHANNEL_4;
 319              		.loc 1 137 29 is_stmt 0 view .LVU107
 320 0096 4948     		ldr	r0, .L27+24
 321 0098 494B     		ldr	r3, .L27+28
 322 009a 0360     		str	r3, [r0]
 138:Core/Src/usart.c ****     hdma_usart1_tx.Init.Direction = DMA_MEMORY_TO_PERIPH;
 323              		.loc 1 138 5 is_stmt 1 view .LVU108
 138:Core/Src/usart.c ****     hdma_usart1_tx.Init.Direction = DMA_MEMORY_TO_PERIPH;
 324              		.loc 1 138 33 is_stmt 0 view .LVU109
 325 009c 4FF00063 		mov	r3, #134217728
 326 00a0 4360     		str	r3, [r0, #4]
 139:Core/Src/usart.c ****     hdma_usart1_tx.Init.PeriphInc = DMA_PINC_DISABLE;
 327              		.loc 1 139 5 is_stmt 1 view .LVU110
 139:Core/Src/usart.c ****     hdma_usart1_tx.Init.PeriphInc = DMA_PINC_DISABLE;
 328              		.loc 1 139 35 is_stmt 0 view .LVU111
 329 00a2 4023     		movs	r3, #64
 330 00a4 8360     		str	r3, [r0, #8]
 140:Core/Src/usart.c ****     hdma_usart1_tx.Init.MemInc = DMA_MINC_ENABLE;
 331              		.loc 1 140 5 is_stmt 1 view .LVU112
 140:Core/Src/usart.c ****     hdma_usart1_tx.Init.MemInc = DMA_MINC_ENABLE;
 332              		.loc 1 140 35 is_stmt 0 view .LVU113
 333 00a6 0023     		movs	r3, #0
 334 00a8 C360     		str	r3, [r0, #12]
 141:Core/Src/usart.c ****     hdma_usart1_tx.Init.PeriphDataAlignment = DMA_PDATAALIGN_BYTE;
 335              		.loc 1 141 5 is_stmt 1 view .LVU114
 141:Core/Src/usart.c ****     hdma_usart1_tx.Init.PeriphDataAlignment = DMA_PDATAALIGN_BYTE;
 336              		.loc 1 141 32 is_stmt 0 view .LVU115
 337 00aa 4FF48062 		mov	r2, #1024
 338 00ae 0261     		str	r2, [r0, #16]
 142:Core/Src/usart.c ****     hdma_usart1_tx.Init.MemDataAlignment = DMA_MDATAALIGN_BYTE;
 339              		.loc 1 142 5 is_stmt 1 view .LVU116
 142:Core/Src/usart.c ****     hdma_usart1_tx.Init.MemDataAlignment = DMA_MDATAALIGN_BYTE;
 340              		.loc 1 142 45 is_stmt 0 view .LVU117
 341 00b0 4361     		str	r3, [r0, #20]
 143:Core/Src/usart.c ****     hdma_usart1_tx.Init.Mode = DMA_NORMAL;
 342              		.loc 1 143 5 is_stmt 1 view .LVU118
ARM GAS  C:\Users\fish\AppData\Local\Temp\ccXUW8sV.s 			page 12


 143:Core/Src/usart.c ****     hdma_usart1_tx.Init.Mode = DMA_NORMAL;
 343              		.loc 1 143 42 is_stmt 0 view .LVU119
 344 00b2 8361     		str	r3, [r0, #24]
 144:Core/Src/usart.c ****     hdma_usart1_tx.Init.Priority = DMA_PRIORITY_LOW;
 345              		.loc 1 144 5 is_stmt 1 view .LVU120
 144:Core/Src/usart.c ****     hdma_usart1_tx.Init.Priority = DMA_PRIORITY_LOW;
 346              		.loc 1 144 30 is_stmt 0 view .LVU121
 347 00b4 C361     		str	r3, [r0, #28]
 145:Core/Src/usart.c ****     hdma_usart1_tx.Init.FIFOMode = DMA_FIFOMODE_DISABLE;
 348              		.loc 1 145 5 is_stmt 1 view .LVU122
 145:Core/Src/usart.c ****     hdma_usart1_tx.Init.FIFOMode = DMA_FIFOMODE_DISABLE;
 349              		.loc 1 145 34 is_stmt 0 view .LVU123
 350 00b6 0362     		str	r3, [r0, #32]
 146:Core/Src/usart.c ****     if (HAL_DMA_Init(&hdma_usart1_tx) != HAL_OK)
 351              		.loc 1 146 5 is_stmt 1 view .LVU124
 146:Core/Src/usart.c ****     if (HAL_DMA_Init(&hdma_usart1_tx) != HAL_OK)
 352              		.loc 1 146 34 is_stmt 0 view .LVU125
 353 00b8 4362     		str	r3, [r0, #36]
 147:Core/Src/usart.c ****     {
 354              		.loc 1 147 5 is_stmt 1 view .LVU126
 147:Core/Src/usart.c ****     {
 355              		.loc 1 147 9 is_stmt 0 view .LVU127
 356 00ba FFF7FEFF 		bl	HAL_DMA_Init
 357              	.LVL10:
 147:Core/Src/usart.c ****     {
 358              		.loc 1 147 8 discriminator 1 view .LVU128
 359 00be 70B9     		cbnz	r0, .L24
 360              	.L16:
 152:Core/Src/usart.c **** 
 361              		.loc 1 152 5 is_stmt 1 view .LVU129
 152:Core/Src/usart.c **** 
 362              		.loc 1 152 5 view .LVU130
 363 00c0 3E4B     		ldr	r3, .L27+24
 364 00c2 A363     		str	r3, [r4, #56]
 152:Core/Src/usart.c **** 
 365              		.loc 1 152 5 view .LVU131
 366 00c4 9C63     		str	r4, [r3, #56]
 152:Core/Src/usart.c **** 
 367              		.loc 1 152 5 view .LVU132
 155:Core/Src/usart.c ****     HAL_NVIC_EnableIRQ(USART1_IRQn);
 368              		.loc 1 155 5 view .LVU133
 369 00c6 0022     		movs	r2, #0
 370 00c8 0521     		movs	r1, #5
 371 00ca 2520     		movs	r0, #37
 372 00cc FFF7FEFF 		bl	HAL_NVIC_SetPriority
 373              	.LVL11:
 156:Core/Src/usart.c ****   /* USER CODE BEGIN USART1_MspInit 1 */
 374              		.loc 1 156 5 view .LVU134
 375 00d0 2520     		movs	r0, #37
 376 00d2 FFF7FEFF 		bl	HAL_NVIC_EnableIRQ
 377              	.LVL12:
 378 00d6 A3E7     		b	.L13
 379              	.L23:
 131:Core/Src/usart.c ****     }
 380              		.loc 1 131 7 view .LVU135
 381 00d8 FFF7FEFF 		bl	Error_Handler
 382              	.LVL13:
ARM GAS  C:\Users\fish\AppData\Local\Temp\ccXUW8sV.s 			page 13


 383 00dc D8E7     		b	.L15
 384              	.L24:
 149:Core/Src/usart.c ****     }
 385              		.loc 1 149 7 view .LVU136
 386 00de FFF7FEFF 		bl	Error_Handler
 387              	.LVL14:
 388 00e2 EDE7     		b	.L16
 389              	.LVL15:
 390              	.L22:
 167:Core/Src/usart.c **** 
 391              		.loc 1 167 5 view .LVU137
 392              	.LBB4:
 167:Core/Src/usart.c **** 
 393              		.loc 1 167 5 view .LVU138
 394 00e4 0025     		movs	r5, #0
 395 00e6 0395     		str	r5, [sp, #12]
 167:Core/Src/usart.c **** 
 396              		.loc 1 167 5 view .LVU139
 397 00e8 304B     		ldr	r3, .L27+8
 398 00ea 5A6C     		ldr	r2, [r3, #68]
 399 00ec 42F02002 		orr	r2, r2, #32
 400 00f0 5A64     		str	r2, [r3, #68]
 167:Core/Src/usart.c **** 
 401              		.loc 1 167 5 view .LVU140
 402 00f2 5A6C     		ldr	r2, [r3, #68]
 403 00f4 02F02002 		and	r2, r2, #32
 404 00f8 0392     		str	r2, [sp, #12]
 167:Core/Src/usart.c **** 
 405              		.loc 1 167 5 view .LVU141
 406 00fa 039A     		ldr	r2, [sp, #12]
 407              	.LBE4:
 167:Core/Src/usart.c **** 
 408              		.loc 1 167 5 view .LVU142
 169:Core/Src/usart.c ****     /**USART6 GPIO Configuration
 409              		.loc 1 169 5 view .LVU143
 410              	.LBB5:
 169:Core/Src/usart.c ****     /**USART6 GPIO Configuration
 411              		.loc 1 169 5 view .LVU144
 412 00fc 0495     		str	r5, [sp, #16]
 169:Core/Src/usart.c ****     /**USART6 GPIO Configuration
 413              		.loc 1 169 5 view .LVU145
 414 00fe 1A6B     		ldr	r2, [r3, #48]
 415 0100 42F00402 		orr	r2, r2, #4
 416 0104 1A63     		str	r2, [r3, #48]
 169:Core/Src/usart.c ****     /**USART6 GPIO Configuration
 417              		.loc 1 169 5 view .LVU146
 418 0106 1B6B     		ldr	r3, [r3, #48]
 419 0108 03F00403 		and	r3, r3, #4
 420 010c 0493     		str	r3, [sp, #16]
 169:Core/Src/usart.c ****     /**USART6 GPIO Configuration
 421              		.loc 1 169 5 view .LVU147
 422 010e 049B     		ldr	r3, [sp, #16]
 423              	.LBE5:
 169:Core/Src/usart.c ****     /**USART6 GPIO Configuration
 424              		.loc 1 169 5 view .LVU148
 174:Core/Src/usart.c ****     GPIO_InitStruct.Mode = GPIO_MODE_AF_PP;
 425              		.loc 1 174 5 view .LVU149
ARM GAS  C:\Users\fish\AppData\Local\Temp\ccXUW8sV.s 			page 14


 174:Core/Src/usart.c ****     GPIO_InitStruct.Mode = GPIO_MODE_AF_PP;
 426              		.loc 1 174 25 is_stmt 0 view .LVU150
 427 0110 C023     		movs	r3, #192
 428 0112 0593     		str	r3, [sp, #20]
 175:Core/Src/usart.c ****     GPIO_InitStruct.Pull = GPIO_NOPULL;
 429              		.loc 1 175 5 is_stmt 1 view .LVU151
 175:Core/Src/usart.c ****     GPIO_InitStruct.Pull = GPIO_NOPULL;
 430              		.loc 1 175 26 is_stmt 0 view .LVU152
 431 0114 0223     		movs	r3, #2
 432 0116 0693     		str	r3, [sp, #24]
 176:Core/Src/usart.c ****     GPIO_InitStruct.Speed = GPIO_SPEED_FREQ_VERY_HIGH;
 433              		.loc 1 176 5 is_stmt 1 view .LVU153
 177:Core/Src/usart.c ****     GPIO_InitStruct.Alternate = GPIO_AF8_USART6;
 434              		.loc 1 177 5 view .LVU154
 177:Core/Src/usart.c ****     GPIO_InitStruct.Alternate = GPIO_AF8_USART6;
 435              		.loc 1 177 27 is_stmt 0 view .LVU155
 436 0118 0323     		movs	r3, #3
 437 011a 0893     		str	r3, [sp, #32]
 178:Core/Src/usart.c ****     HAL_GPIO_Init(GPIOC, &GPIO_InitStruct);
 438              		.loc 1 178 5 is_stmt 1 view .LVU156
 178:Core/Src/usart.c ****     HAL_GPIO_Init(GPIOC, &GPIO_InitStruct);
 439              		.loc 1 178 31 is_stmt 0 view .LVU157
 440 011c 0823     		movs	r3, #8
 441 011e 0993     		str	r3, [sp, #36]
 179:Core/Src/usart.c **** 
 442              		.loc 1 179 5 is_stmt 1 view .LVU158
 443 0120 05A9     		add	r1, sp, #20
 444 0122 2848     		ldr	r0, .L27+32
 445              	.LVL16:
 179:Core/Src/usart.c **** 
 446              		.loc 1 179 5 is_stmt 0 view .LVU159
 447 0124 FFF7FEFF 		bl	HAL_GPIO_Init
 448              	.LVL17:
 183:Core/Src/usart.c ****     hdma_usart6_rx.Init.Channel = DMA_CHANNEL_5;
 449              		.loc 1 183 5 is_stmt 1 view .LVU160
 183:Core/Src/usart.c ****     hdma_usart6_rx.Init.Channel = DMA_CHANNEL_5;
 450              		.loc 1 183 29 is_stmt 0 view .LVU161
 451 0128 2748     		ldr	r0, .L27+36
 452 012a 284B     		ldr	r3, .L27+40
 453 012c 0360     		str	r3, [r0]
 184:Core/Src/usart.c ****     hdma_usart6_rx.Init.Direction = DMA_PERIPH_TO_MEMORY;
 454              		.loc 1 184 5 is_stmt 1 view .LVU162
 184:Core/Src/usart.c ****     hdma_usart6_rx.Init.Direction = DMA_PERIPH_TO_MEMORY;
 455              		.loc 1 184 33 is_stmt 0 view .LVU163
 456 012e 4FF02063 		mov	r3, #167772160
 457 0132 4360     		str	r3, [r0, #4]
 185:Core/Src/usart.c ****     hdma_usart6_rx.Init.PeriphInc = DMA_PINC_DISABLE;
 458              		.loc 1 185 5 is_stmt 1 view .LVU164
 185:Core/Src/usart.c ****     hdma_usart6_rx.Init.PeriphInc = DMA_PINC_DISABLE;
 459              		.loc 1 185 35 is_stmt 0 view .LVU165
 460 0134 8560     		str	r5, [r0, #8]
 186:Core/Src/usart.c ****     hdma_usart6_rx.Init.MemInc = DMA_MINC_ENABLE;
 461              		.loc 1 186 5 is_stmt 1 view .LVU166
 186:Core/Src/usart.c ****     hdma_usart6_rx.Init.MemInc = DMA_MINC_ENABLE;
 462              		.loc 1 186 35 is_stmt 0 view .LVU167
 463 0136 C560     		str	r5, [r0, #12]
 187:Core/Src/usart.c ****     hdma_usart6_rx.Init.PeriphDataAlignment = DMA_PDATAALIGN_BYTE;
ARM GAS  C:\Users\fish\AppData\Local\Temp\ccXUW8sV.s 			page 15


 464              		.loc 1 187 5 is_stmt 1 view .LVU168
 187:Core/Src/usart.c ****     hdma_usart6_rx.Init.PeriphDataAlignment = DMA_PDATAALIGN_BYTE;
 465              		.loc 1 187 32 is_stmt 0 view .LVU169
 466 0138 4FF48063 		mov	r3, #1024
 467 013c 0361     		str	r3, [r0, #16]
 188:Core/Src/usart.c ****     hdma_usart6_rx.Init.MemDataAlignment = DMA_MDATAALIGN_BYTE;
 468              		.loc 1 188 5 is_stmt 1 view .LVU170
 188:Core/Src/usart.c ****     hdma_usart6_rx.Init.MemDataAlignment = DMA_MDATAALIGN_BYTE;
 469              		.loc 1 188 45 is_stmt 0 view .LVU171
 470 013e 4561     		str	r5, [r0, #20]
 189:Core/Src/usart.c ****     hdma_usart6_rx.Init.Mode = DMA_NORMAL;
 471              		.loc 1 189 5 is_stmt 1 view .LVU172
 189:Core/Src/usart.c ****     hdma_usart6_rx.Init.Mode = DMA_NORMAL;
 472              		.loc 1 189 42 is_stmt 0 view .LVU173
 473 0140 8561     		str	r5, [r0, #24]
 190:Core/Src/usart.c ****     hdma_usart6_rx.Init.Priority = DMA_PRIORITY_LOW;
 474              		.loc 1 190 5 is_stmt 1 view .LVU174
 190:Core/Src/usart.c ****     hdma_usart6_rx.Init.Priority = DMA_PRIORITY_LOW;
 475              		.loc 1 190 30 is_stmt 0 view .LVU175
 476 0142 C561     		str	r5, [r0, #28]
 191:Core/Src/usart.c ****     hdma_usart6_rx.Init.FIFOMode = DMA_FIFOMODE_DISABLE;
 477              		.loc 1 191 5 is_stmt 1 view .LVU176
 191:Core/Src/usart.c ****     hdma_usart6_rx.Init.FIFOMode = DMA_FIFOMODE_DISABLE;
 478              		.loc 1 191 34 is_stmt 0 view .LVU177
 479 0144 0562     		str	r5, [r0, #32]
 192:Core/Src/usart.c ****     if (HAL_DMA_Init(&hdma_usart6_rx) != HAL_OK)
 480              		.loc 1 192 5 is_stmt 1 view .LVU178
 192:Core/Src/usart.c ****     if (HAL_DMA_Init(&hdma_usart6_rx) != HAL_OK)
 481              		.loc 1 192 34 is_stmt 0 view .LVU179
 482 0146 4562     		str	r5, [r0, #36]
 193:Core/Src/usart.c ****     {
 483              		.loc 1 193 5 is_stmt 1 view .LVU180
 193:Core/Src/usart.c ****     {
 484              		.loc 1 193 9 is_stmt 0 view .LVU181
 485 0148 FFF7FEFF 		bl	HAL_DMA_Init
 486              	.LVL18:
 193:Core/Src/usart.c ****     {
 487              		.loc 1 193 8 discriminator 1 view .LVU182
 488 014c 18BB     		cbnz	r0, .L25
 489              	.L18:
 198:Core/Src/usart.c **** 
 490              		.loc 1 198 5 is_stmt 1 view .LVU183
 198:Core/Src/usart.c **** 
 491              		.loc 1 198 5 view .LVU184
 492 014e 1E4B     		ldr	r3, .L27+36
 493 0150 E363     		str	r3, [r4, #60]
 198:Core/Src/usart.c **** 
 494              		.loc 1 198 5 view .LVU185
 495 0152 9C63     		str	r4, [r3, #56]
 198:Core/Src/usart.c **** 
 496              		.loc 1 198 5 view .LVU186
 201:Core/Src/usart.c ****     hdma_usart6_tx.Init.Channel = DMA_CHANNEL_5;
 497              		.loc 1 201 5 view .LVU187
 201:Core/Src/usart.c ****     hdma_usart6_tx.Init.Channel = DMA_CHANNEL_5;
 498              		.loc 1 201 29 is_stmt 0 view .LVU188
 499 0154 1E48     		ldr	r0, .L27+44
 500 0156 1F4B     		ldr	r3, .L27+48
ARM GAS  C:\Users\fish\AppData\Local\Temp\ccXUW8sV.s 			page 16


 501 0158 0360     		str	r3, [r0]
 202:Core/Src/usart.c ****     hdma_usart6_tx.Init.Direction = DMA_MEMORY_TO_PERIPH;
 502              		.loc 1 202 5 is_stmt 1 view .LVU189
 202:Core/Src/usart.c ****     hdma_usart6_tx.Init.Direction = DMA_MEMORY_TO_PERIPH;
 503              		.loc 1 202 33 is_stmt 0 view .LVU190
 504 015a 4FF02063 		mov	r3, #167772160
 505 015e 4360     		str	r3, [r0, #4]
 203:Core/Src/usart.c ****     hdma_usart6_tx.Init.PeriphInc = DMA_PINC_DISABLE;
 506              		.loc 1 203 5 is_stmt 1 view .LVU191
 203:Core/Src/usart.c ****     hdma_usart6_tx.Init.PeriphInc = DMA_PINC_DISABLE;
 507              		.loc 1 203 35 is_stmt 0 view .LVU192
 508 0160 4023     		movs	r3, #64
 509 0162 8360     		str	r3, [r0, #8]
 204:Core/Src/usart.c ****     hdma_usart6_tx.Init.MemInc = DMA_MINC_ENABLE;
 510              		.loc 1 204 5 is_stmt 1 view .LVU193
 204:Core/Src/usart.c ****     hdma_usart6_tx.Init.MemInc = DMA_MINC_ENABLE;
 511              		.loc 1 204 35 is_stmt 0 view .LVU194
 512 0164 0023     		movs	r3, #0
 513 0166 C360     		str	r3, [r0, #12]
 205:Core/Src/usart.c ****     hdma_usart6_tx.Init.PeriphDataAlignment = DMA_PDATAALIGN_BYTE;
 514              		.loc 1 205 5 is_stmt 1 view .LVU195
 205:Core/Src/usart.c ****     hdma_usart6_tx.Init.PeriphDataAlignment = DMA_PDATAALIGN_BYTE;
 515              		.loc 1 205 32 is_stmt 0 view .LVU196
 516 0168 4FF48062 		mov	r2, #1024
 517 016c 0261     		str	r2, [r0, #16]
 206:Core/Src/usart.c ****     hdma_usart6_tx.Init.MemDataAlignment = DMA_MDATAALIGN_BYTE;
 518              		.loc 1 206 5 is_stmt 1 view .LVU197
 206:Core/Src/usart.c ****     hdma_usart6_tx.Init.MemDataAlignment = DMA_MDATAALIGN_BYTE;
 519              		.loc 1 206 45 is_stmt 0 view .LVU198
 520 016e 4361     		str	r3, [r0, #20]
 207:Core/Src/usart.c ****     hdma_usart6_tx.Init.Mode = DMA_NORMAL;
 521              		.loc 1 207 5 is_stmt 1 view .LVU199
 207:Core/Src/usart.c ****     hdma_usart6_tx.Init.Mode = DMA_NORMAL;
 522              		.loc 1 207 42 is_stmt 0 view .LVU200
 523 0170 8361     		str	r3, [r0, #24]
 208:Core/Src/usart.c ****     hdma_usart6_tx.Init.Priority = DMA_PRIORITY_LOW;
 524              		.loc 1 208 5 is_stmt 1 view .LVU201
 208:Core/Src/usart.c ****     hdma_usart6_tx.Init.Priority = DMA_PRIORITY_LOW;
 525              		.loc 1 208 30 is_stmt 0 view .LVU202
 526 0172 C361     		str	r3, [r0, #28]
 209:Core/Src/usart.c ****     hdma_usart6_tx.Init.FIFOMode = DMA_FIFOMODE_DISABLE;
 527              		.loc 1 209 5 is_stmt 1 view .LVU203
 209:Core/Src/usart.c ****     hdma_usart6_tx.Init.FIFOMode = DMA_FIFOMODE_DISABLE;
 528              		.loc 1 209 34 is_stmt 0 view .LVU204
 529 0174 0362     		str	r3, [r0, #32]
 210:Core/Src/usart.c ****     if (HAL_DMA_Init(&hdma_usart6_tx) != HAL_OK)
 530              		.loc 1 210 5 is_stmt 1 view .LVU205
 210:Core/Src/usart.c ****     if (HAL_DMA_Init(&hdma_usart6_tx) != HAL_OK)
 531              		.loc 1 210 34 is_stmt 0 view .LVU206
 532 0176 4362     		str	r3, [r0, #36]
 211:Core/Src/usart.c ****     {
 533              		.loc 1 211 5 is_stmt 1 view .LVU207
 211:Core/Src/usart.c ****     {
 534              		.loc 1 211 9 is_stmt 0 view .LVU208
 535 0178 FFF7FEFF 		bl	HAL_DMA_Init
 536              	.LVL19:
 211:Core/Src/usart.c ****     {
ARM GAS  C:\Users\fish\AppData\Local\Temp\ccXUW8sV.s 			page 17


 537              		.loc 1 211 8 discriminator 1 view .LVU209
 538 017c 70B9     		cbnz	r0, .L26
 539              	.L19:
 216:Core/Src/usart.c **** 
 540              		.loc 1 216 5 is_stmt 1 view .LVU210
 216:Core/Src/usart.c **** 
 541              		.loc 1 216 5 view .LVU211
 542 017e 144B     		ldr	r3, .L27+44
 543 0180 A363     		str	r3, [r4, #56]
 216:Core/Src/usart.c **** 
 544              		.loc 1 216 5 view .LVU212
 545 0182 9C63     		str	r4, [r3, #56]
 216:Core/Src/usart.c **** 
 546              		.loc 1 216 5 view .LVU213
 219:Core/Src/usart.c ****     HAL_NVIC_EnableIRQ(USART6_IRQn);
 547              		.loc 1 219 5 view .LVU214
 548 0184 0022     		movs	r2, #0
 549 0186 0521     		movs	r1, #5
 550 0188 4720     		movs	r0, #71
 551 018a FFF7FEFF 		bl	HAL_NVIC_SetPriority
 552              	.LVL20:
 220:Core/Src/usart.c ****   /* USER CODE BEGIN USART6_MspInit 1 */
 553              		.loc 1 220 5 view .LVU215
 554 018e 4720     		movs	r0, #71
 555 0190 FFF7FEFF 		bl	HAL_NVIC_EnableIRQ
 556              	.LVL21:
 557              		.loc 1 225 1 is_stmt 0 view .LVU216
 558 0194 44E7     		b	.L13
 559              	.L25:
 195:Core/Src/usart.c ****     }
 560              		.loc 1 195 7 is_stmt 1 view .LVU217
 561 0196 FFF7FEFF 		bl	Error_Handler
 562              	.LVL22:
 563 019a D8E7     		b	.L18
 564              	.L26:
 213:Core/Src/usart.c ****     }
 565              		.loc 1 213 7 view .LVU218
 566 019c FFF7FEFF 		bl	Error_Handler
 567              	.LVL23:
 568 01a0 EDE7     		b	.L19
 569              	.L28:
 570 01a2 00BF     		.align	2
 571              	.L27:
 572 01a4 00100140 		.word	1073811456
 573 01a8 00140140 		.word	1073812480
 574 01ac 00380240 		.word	1073887232
 575 01b0 00000240 		.word	1073872896
 576 01b4 00000000 		.word	hdma_usart1_rx
 577 01b8 40640240 		.word	1073898560
 578 01bc 00000000 		.word	hdma_usart1_tx
 579 01c0 B8640240 		.word	1073898680
 580 01c4 00080240 		.word	1073874944
 581 01c8 00000000 		.word	hdma_usart6_rx
 582 01cc 28640240 		.word	1073898536
 583 01d0 00000000 		.word	hdma_usart6_tx
 584 01d4 A0640240 		.word	1073898656
 585              		.cfi_endproc
ARM GAS  C:\Users\fish\AppData\Local\Temp\ccXUW8sV.s 			page 18


 586              	.LFE241:
 588              		.section	.text.HAL_UART_MspDeInit,"ax",%progbits
 589              		.align	1
 590              		.global	HAL_UART_MspDeInit
 591              		.syntax unified
 592              		.thumb
 593              		.thumb_func
 595              	HAL_UART_MspDeInit:
 596              	.LVL24:
 597              	.LFB242:
 226:Core/Src/usart.c **** 
 227:Core/Src/usart.c **** void HAL_UART_MspDeInit(UART_HandleTypeDef* uartHandle)
 228:Core/Src/usart.c **** {
 598              		.loc 1 228 1 view -0
 599              		.cfi_startproc
 600              		@ args = 0, pretend = 0, frame = 0
 601              		@ frame_needed = 0, uses_anonymous_args = 0
 602              		.loc 1 228 1 is_stmt 0 view .LVU220
 603 0000 10B5     		push	{r4, lr}
 604              		.cfi_def_cfa_offset 8
 605              		.cfi_offset 4, -8
 606              		.cfi_offset 14, -4
 607 0002 0446     		mov	r4, r0
 229:Core/Src/usart.c **** 
 230:Core/Src/usart.c ****   if(uartHandle->Instance==USART1)
 608              		.loc 1 230 3 is_stmt 1 view .LVU221
 609              		.loc 1 230 16 is_stmt 0 view .LVU222
 610 0004 0368     		ldr	r3, [r0]
 611              		.loc 1 230 5 view .LVU223
 612 0006 184A     		ldr	r2, .L35
 613 0008 9342     		cmp	r3, r2
 614 000a 03D0     		beq	.L33
 231:Core/Src/usart.c ****   {
 232:Core/Src/usart.c ****   /* USER CODE BEGIN USART1_MspDeInit 0 */
 233:Core/Src/usart.c **** 
 234:Core/Src/usart.c ****   /* USER CODE END USART1_MspDeInit 0 */
 235:Core/Src/usart.c ****     /* Peripheral clock disable */
 236:Core/Src/usart.c ****     __HAL_RCC_USART1_CLK_DISABLE();
 237:Core/Src/usart.c **** 
 238:Core/Src/usart.c ****     /**USART1 GPIO Configuration
 239:Core/Src/usart.c ****     PA9     ------> USART1_TX
 240:Core/Src/usart.c ****     PA10     ------> USART1_RX
 241:Core/Src/usart.c ****     */
 242:Core/Src/usart.c ****     HAL_GPIO_DeInit(GPIOA, GPIO_PIN_9|GPIO_PIN_10);
 243:Core/Src/usart.c **** 
 244:Core/Src/usart.c ****     /* USART1 DMA DeInit */
 245:Core/Src/usart.c ****     HAL_DMA_DeInit(uartHandle->hdmarx);
 246:Core/Src/usart.c ****     HAL_DMA_DeInit(uartHandle->hdmatx);
 247:Core/Src/usart.c **** 
 248:Core/Src/usart.c ****     /* USART1 interrupt Deinit */
 249:Core/Src/usart.c ****     HAL_NVIC_DisableIRQ(USART1_IRQn);
 250:Core/Src/usart.c ****   /* USER CODE BEGIN USART1_MspDeInit 1 */
 251:Core/Src/usart.c **** 
 252:Core/Src/usart.c ****   /* USER CODE END USART1_MspDeInit 1 */
 253:Core/Src/usart.c ****   }
 254:Core/Src/usart.c ****   else if(uartHandle->Instance==USART6)
 615              		.loc 1 254 8 is_stmt 1 view .LVU224
ARM GAS  C:\Users\fish\AppData\Local\Temp\ccXUW8sV.s 			page 19


 616              		.loc 1 254 10 is_stmt 0 view .LVU225
 617 000c 174A     		ldr	r2, .L35+4
 618 000e 9342     		cmp	r3, r2
 619 0010 15D0     		beq	.L34
 620              	.LVL25:
 621              	.L29:
 255:Core/Src/usart.c ****   {
 256:Core/Src/usart.c ****   /* USER CODE BEGIN USART6_MspDeInit 0 */
 257:Core/Src/usart.c **** 
 258:Core/Src/usart.c ****   /* USER CODE END USART6_MspDeInit 0 */
 259:Core/Src/usart.c ****     /* Peripheral clock disable */
 260:Core/Src/usart.c ****     __HAL_RCC_USART6_CLK_DISABLE();
 261:Core/Src/usart.c **** 
 262:Core/Src/usart.c ****     /**USART6 GPIO Configuration
 263:Core/Src/usart.c ****     PC6     ------> USART6_TX
 264:Core/Src/usart.c ****     PC7     ------> USART6_RX
 265:Core/Src/usart.c ****     */
 266:Core/Src/usart.c ****     HAL_GPIO_DeInit(GPIOC, GPIO_PIN_6|GPIO_PIN_7);
 267:Core/Src/usart.c **** 
 268:Core/Src/usart.c ****     /* USART6 DMA DeInit */
 269:Core/Src/usart.c ****     HAL_DMA_DeInit(uartHandle->hdmarx);
 270:Core/Src/usart.c ****     HAL_DMA_DeInit(uartHandle->hdmatx);
 271:Core/Src/usart.c **** 
 272:Core/Src/usart.c ****     /* USART6 interrupt Deinit */
 273:Core/Src/usart.c ****     HAL_NVIC_DisableIRQ(USART6_IRQn);
 274:Core/Src/usart.c ****   /* USER CODE BEGIN USART6_MspDeInit 1 */
 275:Core/Src/usart.c **** 
 276:Core/Src/usart.c ****   /* USER CODE END USART6_MspDeInit 1 */
 277:Core/Src/usart.c ****   }
 278:Core/Src/usart.c **** }
 622              		.loc 1 278 1 view .LVU226
 623 0012 10BD     		pop	{r4, pc}
 624              	.LVL26:
 625              	.L33:
 236:Core/Src/usart.c **** 
 626              		.loc 1 236 5 is_stmt 1 view .LVU227
 627 0014 02F59432 		add	r2, r2, #75776
 628 0018 536C     		ldr	r3, [r2, #68]
 629 001a 23F01003 		bic	r3, r3, #16
 630 001e 5364     		str	r3, [r2, #68]
 242:Core/Src/usart.c **** 
 631              		.loc 1 242 5 view .LVU228
 632 0020 4FF4C061 		mov	r1, #1536
 633 0024 1248     		ldr	r0, .L35+8
 634              	.LVL27:
 242:Core/Src/usart.c **** 
 635              		.loc 1 242 5 is_stmt 0 view .LVU229
 636 0026 FFF7FEFF 		bl	HAL_GPIO_DeInit
 637              	.LVL28:
 245:Core/Src/usart.c ****     HAL_DMA_DeInit(uartHandle->hdmatx);
 638              		.loc 1 245 5 is_stmt 1 view .LVU230
 639 002a E06B     		ldr	r0, [r4, #60]
 640 002c FFF7FEFF 		bl	HAL_DMA_DeInit
 641              	.LVL29:
 246:Core/Src/usart.c **** 
 642              		.loc 1 246 5 view .LVU231
 643 0030 A06B     		ldr	r0, [r4, #56]
ARM GAS  C:\Users\fish\AppData\Local\Temp\ccXUW8sV.s 			page 20


 644 0032 FFF7FEFF 		bl	HAL_DMA_DeInit
 645              	.LVL30:
 249:Core/Src/usart.c ****   /* USER CODE BEGIN USART1_MspDeInit 1 */
 646              		.loc 1 249 5 view .LVU232
 647 0036 2520     		movs	r0, #37
 648 0038 FFF7FEFF 		bl	HAL_NVIC_DisableIRQ
 649              	.LVL31:
 650 003c E9E7     		b	.L29
 651              	.LVL32:
 652              	.L34:
 260:Core/Src/usart.c **** 
 653              		.loc 1 260 5 view .LVU233
 654 003e 02F59232 		add	r2, r2, #74752
 655 0042 536C     		ldr	r3, [r2, #68]
 656 0044 23F02003 		bic	r3, r3, #32
 657 0048 5364     		str	r3, [r2, #68]
 266:Core/Src/usart.c **** 
 658              		.loc 1 266 5 view .LVU234
 659 004a C021     		movs	r1, #192
 660 004c 0948     		ldr	r0, .L35+12
 661              	.LVL33:
 266:Core/Src/usart.c **** 
 662              		.loc 1 266 5 is_stmt 0 view .LVU235
 663 004e FFF7FEFF 		bl	HAL_GPIO_DeInit
 664              	.LVL34:
 269:Core/Src/usart.c ****     HAL_DMA_DeInit(uartHandle->hdmatx);
 665              		.loc 1 269 5 is_stmt 1 view .LVU236
 666 0052 E06B     		ldr	r0, [r4, #60]
 667 0054 FFF7FEFF 		bl	HAL_DMA_DeInit
 668              	.LVL35:
 270:Core/Src/usart.c **** 
 669              		.loc 1 270 5 view .LVU237
 670 0058 A06B     		ldr	r0, [r4, #56]
 671 005a FFF7FEFF 		bl	HAL_DMA_DeInit
 672              	.LVL36:
 273:Core/Src/usart.c ****   /* USER CODE BEGIN USART6_MspDeInit 1 */
 673              		.loc 1 273 5 view .LVU238
 674 005e 4720     		movs	r0, #71
 675 0060 FFF7FEFF 		bl	HAL_NVIC_DisableIRQ
 676              	.LVL37:
 677              		.loc 1 278 1 is_stmt 0 view .LVU239
 678 0064 D5E7     		b	.L29
 679              	.L36:
 680 0066 00BF     		.align	2
 681              	.L35:
 682 0068 00100140 		.word	1073811456
 683 006c 00140140 		.word	1073812480
 684 0070 00000240 		.word	1073872896
 685 0074 00080240 		.word	1073874944
 686              		.cfi_endproc
 687              	.LFE242:
 689              		.global	hdma_usart6_tx
 690              		.section	.bss.hdma_usart6_tx,"aw",%nobits
 691              		.align	2
 694              	hdma_usart6_tx:
 695 0000 00000000 		.space	96
 695      00000000 
ARM GAS  C:\Users\fish\AppData\Local\Temp\ccXUW8sV.s 			page 21


 695      00000000 
 695      00000000 
 695      00000000 
 696              		.global	hdma_usart6_rx
 697              		.section	.bss.hdma_usart6_rx,"aw",%nobits
 698              		.align	2
 701              	hdma_usart6_rx:
 702 0000 00000000 		.space	96
 702      00000000 
 702      00000000 
 702      00000000 
 702      00000000 
 703              		.global	hdma_usart1_tx
 704              		.section	.bss.hdma_usart1_tx,"aw",%nobits
 705              		.align	2
 708              	hdma_usart1_tx:
 709 0000 00000000 		.space	96
 709      00000000 
 709      00000000 
 709      00000000 
 709      00000000 
 710              		.global	hdma_usart1_rx
 711              		.section	.bss.hdma_usart1_rx,"aw",%nobits
 712              		.align	2
 715              	hdma_usart1_rx:
 716 0000 00000000 		.space	96
 716      00000000 
 716      00000000 
 716      00000000 
 716      00000000 
 717              		.global	huart6
 718              		.section	.bss.huart6,"aw",%nobits
 719              		.align	2
 722              	huart6:
 723 0000 00000000 		.space	72
 723      00000000 
 723      00000000 
 723      00000000 
 723      00000000 
 724              		.global	huart1
 725              		.section	.bss.huart1,"aw",%nobits
 726              		.align	2
 729              	huart1:
 730 0000 00000000 		.space	72
 730      00000000 
 730      00000000 
 730      00000000 
 730      00000000 
 731              		.text
 732              	.Letext0:
 733              		.file 2 "Drivers/CMSIS/Device/ST/STM32F4xx/Include/stm32f407xx.h"
 734              		.file 3 "C:/STM32/arm-none-eabi-gcc/14.2.1-1.1.1/.content/arm-none-eabi/include/machine/_default_t
 735              		.file 4 "C:/STM32/arm-none-eabi-gcc/14.2.1-1.1.1/.content/arm-none-eabi/include/sys/_stdint.h"
 736              		.file 5 "Drivers/STM32F4xx_HAL_Driver/Inc/stm32f4xx_hal_def.h"
 737              		.file 6 "Drivers/STM32F4xx_HAL_Driver/Inc/stm32f4xx_hal_gpio.h"
 738              		.file 7 "Drivers/STM32F4xx_HAL_Driver/Inc/stm32f4xx_hal_dma.h"
 739              		.file 8 "Drivers/STM32F4xx_HAL_Driver/Inc/stm32f4xx_hal_uart.h"
ARM GAS  C:\Users\fish\AppData\Local\Temp\ccXUW8sV.s 			page 22


 740              		.file 9 "Core/Inc/usart.h"
 741              		.file 10 "Drivers/STM32F4xx_HAL_Driver/Inc/stm32f4xx_hal_cortex.h"
 742              		.file 11 "Core/Inc/main.h"
ARM GAS  C:\Users\fish\AppData\Local\Temp\ccXUW8sV.s 			page 23


DEFINED SYMBOLS
                            *ABS*:00000000 usart.c
C:\Users\fish\AppData\Local\Temp\ccXUW8sV.s:21     .text.MX_USART1_UART_Init:00000000 $t
C:\Users\fish\AppData\Local\Temp\ccXUW8sV.s:27     .text.MX_USART1_UART_Init:00000000 MX_USART1_UART_Init
C:\Users\fish\AppData\Local\Temp\ccXUW8sV.s:84     .text.MX_USART1_UART_Init:0000002c $d
C:\Users\fish\AppData\Local\Temp\ccXUW8sV.s:729    .bss.huart1:00000000 huart1
C:\Users\fish\AppData\Local\Temp\ccXUW8sV.s:90     .text.MX_USART6_UART_Init:00000000 $t
C:\Users\fish\AppData\Local\Temp\ccXUW8sV.s:96     .text.MX_USART6_UART_Init:00000000 MX_USART6_UART_Init
C:\Users\fish\AppData\Local\Temp\ccXUW8sV.s:153    .text.MX_USART6_UART_Init:0000002c $d
C:\Users\fish\AppData\Local\Temp\ccXUW8sV.s:722    .bss.huart6:00000000 huart6
C:\Users\fish\AppData\Local\Temp\ccXUW8sV.s:159    .text.HAL_UART_MspInit:00000000 $t
C:\Users\fish\AppData\Local\Temp\ccXUW8sV.s:165    .text.HAL_UART_MspInit:00000000 HAL_UART_MspInit
C:\Users\fish\AppData\Local\Temp\ccXUW8sV.s:572    .text.HAL_UART_MspInit:000001a4 $d
C:\Users\fish\AppData\Local\Temp\ccXUW8sV.s:715    .bss.hdma_usart1_rx:00000000 hdma_usart1_rx
C:\Users\fish\AppData\Local\Temp\ccXUW8sV.s:708    .bss.hdma_usart1_tx:00000000 hdma_usart1_tx
C:\Users\fish\AppData\Local\Temp\ccXUW8sV.s:701    .bss.hdma_usart6_rx:00000000 hdma_usart6_rx
C:\Users\fish\AppData\Local\Temp\ccXUW8sV.s:694    .bss.hdma_usart6_tx:00000000 hdma_usart6_tx
C:\Users\fish\AppData\Local\Temp\ccXUW8sV.s:589    .text.HAL_UART_MspDeInit:00000000 $t
C:\Users\fish\AppData\Local\Temp\ccXUW8sV.s:595    .text.HAL_UART_MspDeInit:00000000 HAL_UART_MspDeInit
C:\Users\fish\AppData\Local\Temp\ccXUW8sV.s:682    .text.HAL_UART_MspDeInit:00000068 $d
C:\Users\fish\AppData\Local\Temp\ccXUW8sV.s:691    .bss.hdma_usart6_tx:00000000 $d
C:\Users\fish\AppData\Local\Temp\ccXUW8sV.s:698    .bss.hdma_usart6_rx:00000000 $d
C:\Users\fish\AppData\Local\Temp\ccXUW8sV.s:705    .bss.hdma_usart1_tx:00000000 $d
C:\Users\fish\AppData\Local\Temp\ccXUW8sV.s:712    .bss.hdma_usart1_rx:00000000 $d
C:\Users\fish\AppData\Local\Temp\ccXUW8sV.s:719    .bss.huart6:00000000 $d
C:\Users\fish\AppData\Local\Temp\ccXUW8sV.s:726    .bss.huart1:00000000 $d

UNDEFINED SYMBOLS
HAL_UART_Init
Error_Handler
HAL_GPIO_Init
HAL_DMA_Init
HAL_NVIC_SetPriority
HAL_NVIC_EnableIRQ
HAL_GPIO_DeInit
HAL_DMA_DeInit
HAL_NVIC_DisableIRQ
