ARM GAS  C:\Users\fish\AppData\Local\Temp\cc3GXi35.s 			page 1


   1              		.cpu cortex-m4
   2              		.arch armv7e-m
   3              		.fpu fpv4-sp-d16
   4              		.eabi_attribute 27, 1
   5              		.eabi_attribute 28, 1
   6              		.eabi_attribute 20, 1
   7              		.eabi_attribute 21, 1
   8              		.eabi_attribute 23, 3
   9              		.eabi_attribute 24, 1
  10              		.eabi_attribute 25, 1
  11              		.eabi_attribute 26, 1
  12              		.eabi_attribute 30, 1
  13              		.eabi_attribute 34, 1
  14              		.eabi_attribute 18, 4
  15              		.file	"freertos.c"
  16              		.text
  17              	.Ltext0:
  18              		.cfi_sections	.debug_frame
  19              		.file 1 "Core/Src/freertos.c"
  20              		.section	.rodata.StartTempTask.str1.4,"aMS",%progbits,1
  21              		.align	2
  22              	.LC0:
  23 0000 54656D70 		.ascii	"Temperature: %.2f C\015\012\000"
  23      65726174 
  23      7572653A 
  23      20252E32 
  23      6620430D 
  24              		.section	.text.StartTempTask,"ax",%progbits
  25              		.align	1
  26              		.global	StartTempTask
  27              		.syntax unified
  28              		.thumb
  29              		.thumb_func
  31              	StartTempTask:
  32              	.LVL0:
  33              	.LFB247:
   1:Core/Src/freertos.c **** /* USER CODE BEGIN Header */
   2:Core/Src/freertos.c **** /**
   3:Core/Src/freertos.c ****   ******************************************************************************
   4:Core/Src/freertos.c ****   * File Name          : freertos.c
   5:Core/Src/freertos.c ****   * Description        : Code for freertos applications
   6:Core/Src/freertos.c ****   ******************************************************************************
   7:Core/Src/freertos.c ****   * @attention
   8:Core/Src/freertos.c ****   *
   9:Core/Src/freertos.c ****   * Copyright (c) 2026 STMicroelectronics.
  10:Core/Src/freertos.c ****   * All rights reserved.
  11:Core/Src/freertos.c ****   *
  12:Core/Src/freertos.c ****   * This software is licensed under terms that can be found in the LICENSE file
  13:Core/Src/freertos.c ****   * in the root directory of this software component.
  14:Core/Src/freertos.c ****   * If no LICENSE file comes with this software, it is provided AS-IS.
  15:Core/Src/freertos.c ****   *
  16:Core/Src/freertos.c ****   ******************************************************************************
  17:Core/Src/freertos.c ****   */
  18:Core/Src/freertos.c **** /* USER CODE END Header */
  19:Core/Src/freertos.c **** 
  20:Core/Src/freertos.c **** /* Includes ------------------------------------------------------------------*/
  21:Core/Src/freertos.c **** #include "FreeRTOS.h"
ARM GAS  C:\Users\fish\AppData\Local\Temp\cc3GXi35.s 			page 2


  22:Core/Src/freertos.c **** #include "task.h"
  23:Core/Src/freertos.c **** #include "main.h"
  24:Core/Src/freertos.c **** #include "cmsis_os.h"
  25:Core/Src/freertos.c **** #include "ds18B20.h"
  26:Core/Src/freertos.c **** #include <stdio.h>
  27:Core/Src/freertos.c **** 
  28:Core/Src/freertos.c **** /* Private includes ----------------------------------------------------------*/
  29:Core/Src/freertos.c **** /* USER CODE BEGIN Includes */
  30:Core/Src/freertos.c **** #include "usart.h"
  31:Core/Src/freertos.c **** #include "uart_drv.h"
  32:Core/Src/freertos.c **** /* USER CODE END Includes */
  33:Core/Src/freertos.c **** 
  34:Core/Src/freertos.c **** /* Private typedef -----------------------------------------------------------*/
  35:Core/Src/freertos.c **** /* USER CODE BEGIN PTD */
  36:Core/Src/freertos.c **** 
  37:Core/Src/freertos.c **** /* USER CODE END PTD */
  38:Core/Src/freertos.c **** 
  39:Core/Src/freertos.c **** /* Private define ------------------------------------------------------------*/
  40:Core/Src/freertos.c **** /* USER CODE BEGIN PD */
  41:Core/Src/freertos.c **** 
  42:Core/Src/freertos.c **** /* USER CODE END PD */
  43:Core/Src/freertos.c **** 
  44:Core/Src/freertos.c **** /* Private macro -------------------------------------------------------------*/
  45:Core/Src/freertos.c **** /* USER CODE BEGIN PM */
  46:Core/Src/freertos.c **** 
  47:Core/Src/freertos.c **** /* USER CODE END PM */
  48:Core/Src/freertos.c **** 
  49:Core/Src/freertos.c **** /* Private variables ---------------------------------------------------------*/
  50:Core/Src/freertos.c **** /* USER CODE BEGIN Variables */
  51:Core/Src/freertos.c **** UartDrv_t g_uart1Drv;
  52:Core/Src/freertos.c **** /* USER CODE END Variables */
  53:Core/Src/freertos.c **** /* Definitions for tempTask */
  54:Core/Src/freertos.c **** osThreadId_t tempTaskHandle;
  55:Core/Src/freertos.c **** const osThreadAttr_t tempTask_attributes = {
  56:Core/Src/freertos.c ****   .name = "tempTask",
  57:Core/Src/freertos.c ****   .stack_size = 512 * 4,
  58:Core/Src/freertos.c ****   .priority = (osPriority_t) osPriorityNormal,
  59:Core/Src/freertos.c **** };
  60:Core/Src/freertos.c **** 
  61:Core/Src/freertos.c **** /* Private function prototypes -----------------------------------------------*/
  62:Core/Src/freertos.c **** /* USER CODE BEGIN FunctionPrototypes */
  63:Core/Src/freertos.c **** 
  64:Core/Src/freertos.c **** /* USER CODE END FunctionPrototypes */
  65:Core/Src/freertos.c **** 
  66:Core/Src/freertos.c **** void StartTempTask(void *argument);
  67:Core/Src/freertos.c **** 
  68:Core/Src/freertos.c **** void MX_FREERTOS_Init(void); /* (MISRA C 2004 rule 8.1) */
  69:Core/Src/freertos.c **** 
  70:Core/Src/freertos.c **** /**
  71:Core/Src/freertos.c ****   * @brief  FreeRTOS initialization
  72:Core/Src/freertos.c ****   * @param  None
  73:Core/Src/freertos.c ****   * @retval None
  74:Core/Src/freertos.c ****   */
  75:Core/Src/freertos.c **** void MX_FREERTOS_Init(void) {
  76:Core/Src/freertos.c ****   /* USER CODE BEGIN Init */
  77:Core/Src/freertos.c **** 
  78:Core/Src/freertos.c ****   /* USER CODE END Init */
ARM GAS  C:\Users\fish\AppData\Local\Temp\cc3GXi35.s 			page 3


  79:Core/Src/freertos.c **** 
  80:Core/Src/freertos.c ****   /* USER CODE BEGIN RTOS_MUTEX */
  81:Core/Src/freertos.c ****   /* add mutexes, ... */
  82:Core/Src/freertos.c ****   /* USER CODE END RTOS_MUTEX */
  83:Core/Src/freertos.c **** 
  84:Core/Src/freertos.c ****   /* USER CODE BEGIN RTOS_SEMAPHORES */
  85:Core/Src/freertos.c ****   /* add semaphores, ... */
  86:Core/Src/freertos.c ****   /* USER CODE END RTOS_SEMAPHORES */
  87:Core/Src/freertos.c **** 
  88:Core/Src/freertos.c ****   /* USER CODE BEGIN RTOS_TIMERS */
  89:Core/Src/freertos.c ****   /* start timers, add new ones, ... */
  90:Core/Src/freertos.c ****   /* USER CODE END RTOS_TIMERS */
  91:Core/Src/freertos.c **** 
  92:Core/Src/freertos.c ****   /* USER CODE BEGIN RTOS_QUEUES */
  93:Core/Src/freertos.c ****   /* add queues, ... */
  94:Core/Src/freertos.c ****   /* USER CODE END RTOS_QUEUES */
  95:Core/Src/freertos.c **** 
  96:Core/Src/freertos.c ****   /* Create the thread(s) */
  97:Core/Src/freertos.c ****   /* creation of tempTask */
  98:Core/Src/freertos.c ****   tempTaskHandle = osThreadNew(StartTempTask, NULL, &tempTask_attributes);
  99:Core/Src/freertos.c **** 
 100:Core/Src/freertos.c ****   /* USER CODE BEGIN RTOS_THREADS */
 101:Core/Src/freertos.c ****   /* add threads, ... */
 102:Core/Src/freertos.c ****   /* USER CODE END RTOS_THREADS */
 103:Core/Src/freertos.c **** 
 104:Core/Src/freertos.c ****   /* USER CODE BEGIN RTOS_EVENTS */
 105:Core/Src/freertos.c ****   /* add events, ... */
 106:Core/Src/freertos.c ****   /* USER CODE END RTOS_EVENTS */
 107:Core/Src/freertos.c **** 
 108:Core/Src/freertos.c **** }
 109:Core/Src/freertos.c **** 
 110:Core/Src/freertos.c **** /* USER CODE BEGIN Header_StartTempTask */
 111:Core/Src/freertos.c **** /**
 112:Core/Src/freertos.c ****   * @brief  Function implementing the tempTask thread.
 113:Core/Src/freertos.c ****   * @param  argument: Not used
 114:Core/Src/freertos.c ****   * @retval None
 115:Core/Src/freertos.c ****   */
 116:Core/Src/freertos.c **** /* USER CODE END Header_StartTempTask */
 117:Core/Src/freertos.c **** void StartTempTask(void *argument)
 118:Core/Src/freertos.c **** {
  34              		.loc 1 118 1 view -0
  35              		.cfi_startproc
  36              		@ args = 0, pretend = 0, frame = 0
  37              		@ frame_needed = 0, uses_anonymous_args = 0
  38              		.loc 1 118 1 is_stmt 0 view .LVU1
  39 0000 10B5     		push	{r4, lr}
  40              		.cfi_def_cfa_offset 8
  41              		.cfi_offset 4, -8
  42              		.cfi_offset 14, -4
 119:Core/Src/freertos.c ****   /* USER CODE BEGIN StartTempTask */
 120:Core/Src/freertos.c ****   float temperature;
  43              		.loc 1 120 3 is_stmt 1 view .LVU2
 121:Core/Src/freertos.c **** 
 122:Core/Src/freertos.c ****   /* 初始化 DS18B20 温度传感器 */
 123:Core/Src/freertos.c ****   ds18b20_init();
  44              		.loc 1 123 3 view .LVU3
  45 0002 FFF7FEFF 		bl	ds18b20_init
ARM GAS  C:\Users\fish\AppData\Local\Temp\cc3GXi35.s 			page 4


  46              	.LVL1:
 124:Core/Src/freertos.c **** 
 125:Core/Src/freertos.c ****   /* 初始化串口驱动并设置为 printf 调试输出口 */
 126:Core/Src/freertos.c ****   UartDrv_Init(&g_uart1Drv, &huart1);
  47              		.loc 1 126 3 view .LVU4
  48 0006 0B4C     		ldr	r4, .L4
  49 0008 0B49     		ldr	r1, .L4+4
  50 000a 2046     		mov	r0, r4
  51 000c FFF7FEFF 		bl	UartDrv_Init
  52              	.LVL2:
 127:Core/Src/freertos.c ****   UartDrv_SetDebugPort(&g_uart1Drv);
  53              		.loc 1 127 3 view .LVU5
  54 0010 2046     		mov	r0, r4
  55 0012 FFF7FEFF 		bl	UartDrv_SetDebugPort
  56              	.LVL3:
  57              	.L2:
 128:Core/Src/freertos.c **** 
 129:Core/Src/freertos.c ****   /* Infinite loop */
 130:Core/Src/freertos.c ****   for(;;)
  58              		.loc 1 130 3 view .LVU6
 131:Core/Src/freertos.c ****   {
 132:Core/Src/freertos.c ****     /* 读取温度 */
 133:Core/Src/freertos.c ****     temperature = ds18b20_read();
  59              		.loc 1 133 5 view .LVU7
  60              		.loc 1 133 19 is_stmt 0 view .LVU8
  61 0016 FFF7FEFF 		bl	ds18b20_read
  62              	.LVL4:
  63 001a 10EE100A 		vmov	r0, s0
  64              	.LVL5:
 134:Core/Src/freertos.c **** 
 135:Core/Src/freertos.c ****     /* 通过 printf 打印温度数据 (已重定向到 USART1) */
 136:Core/Src/freertos.c ****     printf("Temperature: %.2f C\r\n", temperature);
  65              		.loc 1 136 5 is_stmt 1 view .LVU9
  66 001e FFF7FEFF 		bl	__aeabi_f2d
  67              	.LVL6:
  68              		.loc 1 136 5 is_stmt 0 view .LVU10
  69 0022 0246     		mov	r2, r0
  70 0024 0B46     		mov	r3, r1
  71 0026 0548     		ldr	r0, .L4+8
  72 0028 FFF7FEFF 		bl	printf
  73              	.LVL7:
 137:Core/Src/freertos.c **** 
 138:Core/Src/freertos.c ****     /* 等待 0.1 秒 (100ms) */
 139:Core/Src/freertos.c ****     osDelay(100);
  74              		.loc 1 139 5 is_stmt 1 discriminator 1 view .LVU11
  75 002c 6420     		movs	r0, #100
  76 002e FFF7FEFF 		bl	osDelay
  77              	.LVL8:
 130:Core/Src/freertos.c ****   {
  78              		.loc 1 130 3 view .LVU12
  79 0032 F0E7     		b	.L2
  80              	.L5:
  81              		.align	2
  82              	.L4:
  83 0034 00000000 		.word	g_uart1Drv
  84 0038 00000000 		.word	huart1
  85 003c 00000000 		.word	.LC0
ARM GAS  C:\Users\fish\AppData\Local\Temp\cc3GXi35.s 			page 5


  86              		.cfi_endproc
  87              	.LFE247:
  89              		.section	.text.MX_FREERTOS_Init,"ax",%progbits
  90              		.align	1
  91              		.global	MX_FREERTOS_Init
  92              		.syntax unified
  93              		.thumb
  94              		.thumb_func
  96              	MX_FREERTOS_Init:
  97              	.LFB246:
  75:Core/Src/freertos.c ****   /* USER CODE BEGIN Init */
  98              		.loc 1 75 29 view -0
  99              		.cfi_startproc
 100              		@ args = 0, pretend = 0, frame = 0
 101              		@ frame_needed = 0, uses_anonymous_args = 0
 102 0000 08B5     		push	{r3, lr}
 103              		.cfi_def_cfa_offset 8
 104              		.cfi_offset 3, -8
 105              		.cfi_offset 14, -4
  98:Core/Src/freertos.c **** 
 106              		.loc 1 98 3 view .LVU14
  98:Core/Src/freertos.c **** 
 107              		.loc 1 98 20 is_stmt 0 view .LVU15
 108 0002 044A     		ldr	r2, .L8
 109 0004 0021     		movs	r1, #0
 110 0006 0448     		ldr	r0, .L8+4
 111 0008 FFF7FEFF 		bl	osThreadNew
 112              	.LVL9:
  98:Core/Src/freertos.c **** 
 113              		.loc 1 98 18 discriminator 1 view .LVU16
 114 000c 034B     		ldr	r3, .L8+8
 115 000e 1860     		str	r0, [r3]
 108:Core/Src/freertos.c **** 
 116              		.loc 1 108 1 view .LVU17
 117 0010 08BD     		pop	{r3, pc}
 118              	.L9:
 119 0012 00BF     		.align	2
 120              	.L8:
 121 0014 00000000 		.word	tempTask_attributes
 122 0018 00000000 		.word	StartTempTask
 123 001c 00000000 		.word	tempTaskHandle
 124              		.cfi_endproc
 125              	.LFE246:
 127              		.global	tempTask_attributes
 128              		.section	.rodata.str1.4,"aMS",%progbits,1
 129              		.align	2
 130              	.LC1:
 131 0000 74656D70 		.ascii	"tempTask\000"
 131      5461736B 
 131      00
 132              		.section	.rodata.tempTask_attributes,"a"
 133              		.align	2
 136              	tempTask_attributes:
 137 0000 00000000 		.word	.LC1
 138 0004 00000000 		.space	16
 138      00000000 
 138      00000000 
ARM GAS  C:\Users\fish\AppData\Local\Temp\cc3GXi35.s 			page 6


 138      00000000 
 139 0014 00080000 		.word	2048
 140 0018 18000000 		.word	24
 141 001c 00000000 		.space	8
 141      00000000 
 142              		.global	tempTaskHandle
 143              		.section	.bss.tempTaskHandle,"aw",%nobits
 144              		.align	2
 147              	tempTaskHandle:
 148 0000 00000000 		.space	4
 149              		.global	g_uart1Drv
 150              		.section	.bss.g_uart1Drv,"aw",%nobits
 151              		.align	2
 154              	g_uart1Drv:
 155 0000 00000000 		.space	536
 155      00000000 
 155      00000000 
 155      00000000 
 155      00000000 
 156              		.text
 157              	.Letext0:
 158              		.file 2 "C:/STM32/arm-none-eabi-gcc/14.2.1-1.1.1/.content/arm-none-eabi/include/machine/_default_t
 159              		.file 3 "C:/STM32/arm-none-eabi-gcc/14.2.1-1.1.1/.content/arm-none-eabi/include/sys/_stdint.h"
 160              		.file 4 "Drivers/CMSIS/Device/ST/STM32F4xx/Include/stm32f407xx.h"
 161              		.file 5 "Drivers/STM32F4xx_HAL_Driver/Inc/stm32f4xx_hal_def.h"
 162              		.file 6 "Drivers/STM32F4xx_HAL_Driver/Inc/stm32f4xx_hal_dma.h"
 163              		.file 7 "Drivers/STM32F4xx_HAL_Driver/Inc/stm32f4xx_hal_uart.h"
 164              		.file 8 "Middlewares/Third_Party/FreeRTOS/Source/CMSIS_RTOS_V2/cmsis_os2.h"
 165              		.file 9 "../Bsp/UartDrv/uart_drv.h"
 166              		.file 10 "Core/Inc/usart.h"
 167              		.file 11 "C:/STM32/arm-none-eabi-gcc/14.2.1-1.1.1/.content/arm-none-eabi/include/stdio.h"
 168              		.file 12 "../Bsp/ds18b20/ds18B20.h"
ARM GAS  C:\Users\fish\AppData\Local\Temp\cc3GXi35.s 			page 7


DEFINED SYMBOLS
                            *ABS*:00000000 freertos.c
C:\Users\fish\AppData\Local\Temp\cc3GXi35.s:21     .rodata.StartTempTask.str1.4:00000000 $d
C:\Users\fish\AppData\Local\Temp\cc3GXi35.s:25     .text.StartTempTask:00000000 $t
C:\Users\fish\AppData\Local\Temp\cc3GXi35.s:31     .text.StartTempTask:00000000 StartTempTask
C:\Users\fish\AppData\Local\Temp\cc3GXi35.s:83     .text.StartTempTask:00000034 $d
C:\Users\fish\AppData\Local\Temp\cc3GXi35.s:154    .bss.g_uart1Drv:00000000 g_uart1Drv
C:\Users\fish\AppData\Local\Temp\cc3GXi35.s:90     .text.MX_FREERTOS_Init:00000000 $t
C:\Users\fish\AppData\Local\Temp\cc3GXi35.s:96     .text.MX_FREERTOS_Init:00000000 MX_FREERTOS_Init
C:\Users\fish\AppData\Local\Temp\cc3GXi35.s:121    .text.MX_FREERTOS_Init:00000014 $d
C:\Users\fish\AppData\Local\Temp\cc3GXi35.s:136    .rodata.tempTask_attributes:00000000 tempTask_attributes
C:\Users\fish\AppData\Local\Temp\cc3GXi35.s:147    .bss.tempTaskHandle:00000000 tempTaskHandle
C:\Users\fish\AppData\Local\Temp\cc3GXi35.s:129    .rodata.str1.4:00000000 $d
C:\Users\fish\AppData\Local\Temp\cc3GXi35.s:133    .rodata.tempTask_attributes:00000000 $d
C:\Users\fish\AppData\Local\Temp\cc3GXi35.s:144    .bss.tempTaskHandle:00000000 $d
C:\Users\fish\AppData\Local\Temp\cc3GXi35.s:151    .bss.g_uart1Drv:00000000 $d

UNDEFINED SYMBOLS
ds18b20_init
UartDrv_Init
UartDrv_SetDebugPort
ds18b20_read
__aeabi_f2d
printf
osDelay
huart1
osThreadNew
