ARM GAS  C:\Users\fish\AppData\Local\Temp\ccixqbWc.s 			page 1


   1              		.cpu cortex-m4
   2              		.arch armv7e-m
   3              		.fpu fpv4-sp-d16
   4              		.eabi_attribute 27, 1
   5              		.eabi_attribute 28, 1
   6              		.eabi_attribute 20, 1
   7              		.eabi_attribute 21, 1
   8              		.eabi_attribute 23, 3
   9              		.eabi_attribute 24, 1
  10              		.eabi_attribute 25, 1
  11              		.eabi_attribute 26, 1
  12              		.eabi_attribute 30, 1
  13              		.eabi_attribute 34, 1
  14              		.eabi_attribute 18, 4
  15              		.file	"F08_ASCII.c"
  16              		.text
  17              	.Ltext0:
  18              		.cfi_sections	.debug_frame
  19              		.file 1 "../Bsp/OLED/F08_ASCII.c"
  20              		.global	GUI_Font8_ASCII
  21              		.section	.rodata.GUI_Font8_ASCII,"a"
  22              		.align	2
  25              	GUI_Font8_ASCII:
  26 0000 00000000 		.word	GUIPROP_DispChar
  27 0004 00000000 		.word	GUIPROP_GetCharDistX
  28 0008 00000000 		.word	GUIPROP_GetFontInfo
  29 000c 00000000 		.word	GUIPROP_IsInFont
  30 0010 00000000 		.word	0
  31 0014 08       		.byte	8
  32 0015 08       		.byte	8
  33 0016 01       		.byte	1
  34 0017 01       		.byte	1
  35 0018 00000000 		.word	GUI_Font8ASCII_Prop
  36 001c 00000000 		.space	12
  36      00000000 
  36      00000000 
  37              		.global	GUI_Font8ASCII_Prop
  38              		.section	.rodata.GUI_Font8ASCII_Prop,"a"
  39              		.align	2
  42              	GUI_Font8ASCII_Prop:
  43 0000 2000     		.short	32
  44 0002 7E00     		.short	126
  45 0004 00000000 		.word	GUI_Font8_ASCII_CharInfo
  46 0008 00000000 		.word	0
  47              		.global	GUI_Font8_ASCII_CharInfo
  48              		.section	.rodata.GUI_Font8_ASCII_CharInfo,"a"
  49              		.align	2
  52              	GUI_Font8_ASCII_CharInfo:
  53 0000 03       		.byte	3
  54 0001 03       		.byte	3
  55 0002 01       		.byte	1
  56 0003 00       		.space	1
  57 0004 00000000 		.word	acFont8ASCII
  58 0008 02       		.byte	2
  59 0009 02       		.byte	2
  60 000a 01       		.byte	1
  61 000b 00       		.space	1
ARM GAS  C:\Users\fish\AppData\Local\Temp\ccixqbWc.s 			page 2


  62 000c 08000000 		.word	acFont8ASCII+8
  63 0010 04       		.byte	4
  64 0011 04       		.byte	4
  65 0012 01       		.byte	1
  66 0013 00       		.space	1
  67 0014 10000000 		.word	acFont8ASCII+16
  68 0018 06       		.byte	6
  69 0019 06       		.byte	6
  70 001a 01       		.byte	1
  71 001b 00       		.space	1
  72 001c 18000000 		.word	acFont8ASCII+24
  73 0020 06       		.byte	6
  74 0021 06       		.byte	6
  75 0022 01       		.byte	1
  76 0023 00       		.space	1
  77 0024 20000000 		.word	acFont8ASCII+32
  78 0028 06       		.byte	6
  79 0029 06       		.byte	6
  80 002a 01       		.byte	1
  81 002b 00       		.space	1
  82 002c 28000000 		.word	acFont8ASCII+40
  83 0030 06       		.byte	6
  84 0031 06       		.byte	6
  85 0032 01       		.byte	1
  86 0033 00       		.space	1
  87 0034 30000000 		.word	acFont8ASCII+48
  88 0038 03       		.byte	3
  89 0039 03       		.byte	3
  90 003a 01       		.byte	1
  91 003b 00       		.space	1
  92 003c 38000000 		.word	acFont8ASCII+56
  93 0040 04       		.byte	4
  94 0041 04       		.byte	4
  95 0042 01       		.byte	1
  96 0043 00       		.space	1
  97 0044 40000000 		.word	acFont8ASCII+64
  98 0048 04       		.byte	4
  99 0049 04       		.byte	4
 100 004a 01       		.byte	1
 101 004b 00       		.space	1
 102 004c 48000000 		.word	acFont8ASCII+72
 103 0050 06       		.byte	6
 104 0051 06       		.byte	6
 105 0052 01       		.byte	1
 106 0053 00       		.space	1
 107 0054 50000000 		.word	acFont8ASCII+80
 108 0058 06       		.byte	6
 109 0059 06       		.byte	6
 110 005a 01       		.byte	1
 111 005b 00       		.space	1
 112 005c 58000000 		.word	acFont8ASCII+88
 113 0060 03       		.byte	3
 114 0061 03       		.byte	3
 115 0062 01       		.byte	1
 116 0063 00       		.space	1
 117 0064 60000000 		.word	acFont8ASCII+96
 118 0068 06       		.byte	6
ARM GAS  C:\Users\fish\AppData\Local\Temp\ccixqbWc.s 			page 3


 119 0069 06       		.byte	6
 120 006a 01       		.byte	1
 121 006b 00       		.space	1
 122 006c 68000000 		.word	acFont8ASCII+104
 123 0070 03       		.byte	3
 124 0071 03       		.byte	3
 125 0072 01       		.byte	1
 126 0073 00       		.space	1
 127 0074 70000000 		.word	acFont8ASCII+112
 128 0078 06       		.byte	6
 129 0079 06       		.byte	6
 130 007a 01       		.byte	1
 131 007b 00       		.space	1
 132 007c 78000000 		.word	acFont8ASCII+120
 133 0080 06       		.byte	6
 134 0081 06       		.byte	6
 135 0082 01       		.byte	1
 136 0083 00       		.space	1
 137 0084 80000000 		.word	acFont8ASCII+128
 138 0088 06       		.byte	6
 139 0089 06       		.byte	6
 140 008a 01       		.byte	1
 141 008b 00       		.space	1
 142 008c 88000000 		.word	acFont8ASCII+136
 143 0090 06       		.byte	6
 144 0091 06       		.byte	6
 145 0092 01       		.byte	1
 146 0093 00       		.space	1
 147 0094 90000000 		.word	acFont8ASCII+144
 148 0098 06       		.byte	6
 149 0099 06       		.byte	6
 150 009a 01       		.byte	1
 151 009b 00       		.space	1
 152 009c 98000000 		.word	acFont8ASCII+152
 153 00a0 06       		.byte	6
 154 00a1 06       		.byte	6
 155 00a2 01       		.byte	1
 156 00a3 00       		.space	1
 157 00a4 A0000000 		.word	acFont8ASCII+160
 158 00a8 06       		.byte	6
 159 00a9 06       		.byte	6
 160 00aa 01       		.byte	1
 161 00ab 00       		.space	1
 162 00ac A8000000 		.word	acFont8ASCII+168
 163 00b0 06       		.byte	6
 164 00b1 06       		.byte	6
 165 00b2 01       		.byte	1
 166 00b3 00       		.space	1
 167 00b4 B0000000 		.word	acFont8ASCII+176
 168 00b8 06       		.byte	6
 169 00b9 06       		.byte	6
 170 00ba 01       		.byte	1
 171 00bb 00       		.space	1
 172 00bc B8000000 		.word	acFont8ASCII+184
 173 00c0 06       		.byte	6
 174 00c1 06       		.byte	6
 175 00c2 01       		.byte	1
ARM GAS  C:\Users\fish\AppData\Local\Temp\ccixqbWc.s 			page 4


 176 00c3 00       		.space	1
 177 00c4 C0000000 		.word	acFont8ASCII+192
 178 00c8 06       		.byte	6
 179 00c9 06       		.byte	6
 180 00ca 01       		.byte	1
 181 00cb 00       		.space	1
 182 00cc C8000000 		.word	acFont8ASCII+200
 183 00d0 03       		.byte	3
 184 00d1 03       		.byte	3
 185 00d2 01       		.byte	1
 186 00d3 00       		.space	1
 187 00d4 D0000000 		.word	acFont8ASCII+208
 188 00d8 03       		.byte	3
 189 00d9 03       		.byte	3
 190 00da 01       		.byte	1
 191 00db 00       		.space	1
 192 00dc D8000000 		.word	acFont8ASCII+216
 193 00e0 05       		.byte	5
 194 00e1 05       		.byte	5
 195 00e2 01       		.byte	1
 196 00e3 00       		.space	1
 197 00e4 E0000000 		.word	acFont8ASCII+224
 198 00e8 06       		.byte	6
 199 00e9 06       		.byte	6
 200 00ea 01       		.byte	1
 201 00eb 00       		.space	1
 202 00ec E8000000 		.word	acFont8ASCII+232
 203 00f0 05       		.byte	5
 204 00f1 05       		.byte	5
 205 00f2 01       		.byte	1
 206 00f3 00       		.space	1
 207 00f4 F0000000 		.word	acFont8ASCII+240
 208 00f8 06       		.byte	6
 209 00f9 06       		.byte	6
 210 00fa 01       		.byte	1
 211 00fb 00       		.space	1
 212 00fc F8000000 		.word	acFont8ASCII+248
 213 0100 06       		.byte	6
 214 0101 06       		.byte	6
 215 0102 01       		.byte	1
 216 0103 00       		.space	1
 217 0104 00010000 		.word	acFont8ASCII+256
 218 0108 06       		.byte	6
 219 0109 06       		.byte	6
 220 010a 01       		.byte	1
 221 010b 00       		.space	1
 222 010c 08010000 		.word	acFont8ASCII+264
 223 0110 06       		.byte	6
 224 0111 06       		.byte	6
 225 0112 01       		.byte	1
 226 0113 00       		.space	1
 227 0114 10010000 		.word	acFont8ASCII+272
 228 0118 06       		.byte	6
 229 0119 06       		.byte	6
 230 011a 01       		.byte	1
 231 011b 00       		.space	1
 232 011c 18010000 		.word	acFont8ASCII+280
ARM GAS  C:\Users\fish\AppData\Local\Temp\ccixqbWc.s 			page 5


 233 0120 06       		.byte	6
 234 0121 06       		.byte	6
 235 0122 01       		.byte	1
 236 0123 00       		.space	1
 237 0124 20010000 		.word	acFont8ASCII+288
 238 0128 06       		.byte	6
 239 0129 06       		.byte	6
 240 012a 01       		.byte	1
 241 012b 00       		.space	1
 242 012c 28010000 		.word	acFont8ASCII+296
 243 0130 06       		.byte	6
 244 0131 06       		.byte	6
 245 0132 01       		.byte	1
 246 0133 00       		.space	1
 247 0134 30010000 		.word	acFont8ASCII+304
 248 0138 06       		.byte	6
 249 0139 06       		.byte	6
 250 013a 01       		.byte	1
 251 013b 00       		.space	1
 252 013c 38010000 		.word	acFont8ASCII+312
 253 0140 06       		.byte	6
 254 0141 06       		.byte	6
 255 0142 01       		.byte	1
 256 0143 00       		.space	1
 257 0144 40010000 		.word	acFont8ASCII+320
 258 0148 04       		.byte	4
 259 0149 04       		.byte	4
 260 014a 01       		.byte	1
 261 014b 00       		.space	1
 262 014c 48010000 		.word	acFont8ASCII+328
 263 0150 06       		.byte	6
 264 0151 06       		.byte	6
 265 0152 01       		.byte	1
 266 0153 00       		.space	1
 267 0154 50010000 		.word	acFont8ASCII+336
 268 0158 06       		.byte	6
 269 0159 06       		.byte	6
 270 015a 01       		.byte	1
 271 015b 00       		.space	1
 272 015c 58010000 		.word	acFont8ASCII+344
 273 0160 06       		.byte	6
 274 0161 06       		.byte	6
 275 0162 01       		.byte	1
 276 0163 00       		.space	1
 277 0164 60010000 		.word	acFont8ASCII+352
 278 0168 06       		.byte	6
 279 0169 06       		.byte	6
 280 016a 01       		.byte	1
 281 016b 00       		.space	1
 282 016c 68010000 		.word	acFont8ASCII+360
 283 0170 06       		.byte	6
 284 0171 06       		.byte	6
 285 0172 01       		.byte	1
 286 0173 00       		.space	1
 287 0174 70010000 		.word	acFont8ASCII+368
 288 0178 06       		.byte	6
 289 0179 06       		.byte	6
ARM GAS  C:\Users\fish\AppData\Local\Temp\ccixqbWc.s 			page 6


 290 017a 01       		.byte	1
 291 017b 00       		.space	1
 292 017c 78010000 		.word	acFont8ASCII+376
 293 0180 06       		.byte	6
 294 0181 06       		.byte	6
 295 0182 01       		.byte	1
 296 0183 00       		.space	1
 297 0184 80010000 		.word	acFont8ASCII+384
 298 0188 06       		.byte	6
 299 0189 06       		.byte	6
 300 018a 01       		.byte	1
 301 018b 00       		.space	1
 302 018c 88010000 		.word	acFont8ASCII+392
 303 0190 06       		.byte	6
 304 0191 06       		.byte	6
 305 0192 01       		.byte	1
 306 0193 00       		.space	1
 307 0194 90010000 		.word	acFont8ASCII+400
 308 0198 06       		.byte	6
 309 0199 06       		.byte	6
 310 019a 01       		.byte	1
 311 019b 00       		.space	1
 312 019c 98010000 		.word	acFont8ASCII+408
 313 01a0 06       		.byte	6
 314 01a1 06       		.byte	6
 315 01a2 01       		.byte	1
 316 01a3 00       		.space	1
 317 01a4 A0010000 		.word	acFont8ASCII+416
 318 01a8 06       		.byte	6
 319 01a9 06       		.byte	6
 320 01aa 01       		.byte	1
 321 01ab 00       		.space	1
 322 01ac A8010000 		.word	acFont8ASCII+424
 323 01b0 06       		.byte	6
 324 01b1 06       		.byte	6
 325 01b2 01       		.byte	1
 326 01b3 00       		.space	1
 327 01b4 B0010000 		.word	acFont8ASCII+432
 328 01b8 06       		.byte	6
 329 01b9 06       		.byte	6
 330 01ba 01       		.byte	1
 331 01bb 00       		.space	1
 332 01bc B8010000 		.word	acFont8ASCII+440
 333 01c0 06       		.byte	6
 334 01c1 06       		.byte	6
 335 01c2 01       		.byte	1
 336 01c3 00       		.space	1
 337 01c4 C0010000 		.word	acFont8ASCII+448
 338 01c8 06       		.byte	6
 339 01c9 06       		.byte	6
 340 01ca 01       		.byte	1
 341 01cb 00       		.space	1
 342 01cc C8010000 		.word	acFont8ASCII+456
 343 01d0 06       		.byte	6
 344 01d1 06       		.byte	6
 345 01d2 01       		.byte	1
 346 01d3 00       		.space	1
ARM GAS  C:\Users\fish\AppData\Local\Temp\ccixqbWc.s 			page 7


 347 01d4 D0010000 		.word	acFont8ASCII+464
 348 01d8 04       		.byte	4
 349 01d9 04       		.byte	4
 350 01da 01       		.byte	1
 351 01db 00       		.space	1
 352 01dc D8010000 		.word	acFont8ASCII+472
 353 01e0 06       		.byte	6
 354 01e1 06       		.byte	6
 355 01e2 01       		.byte	1
 356 01e3 00       		.space	1
 357 01e4 E0010000 		.word	acFont8ASCII+480
 358 01e8 04       		.byte	4
 359 01e9 04       		.byte	4
 360 01ea 01       		.byte	1
 361 01eb 00       		.space	1
 362 01ec E8010000 		.word	acFont8ASCII+488
 363 01f0 06       		.byte	6
 364 01f1 06       		.byte	6
 365 01f2 01       		.byte	1
 366 01f3 00       		.space	1
 367 01f4 F0010000 		.word	acFont8ASCII+496
 368 01f8 06       		.byte	6
 369 01f9 06       		.byte	6
 370 01fa 01       		.byte	1
 371 01fb 00       		.space	1
 372 01fc F8010000 		.word	acFont8ASCII+504
 373 0200 06       		.byte	6
 374 0201 06       		.byte	6
 375 0202 01       		.byte	1
 376 0203 00       		.space	1
 377 0204 00020000 		.word	acFont8ASCII+512
 378 0208 06       		.byte	6
 379 0209 06       		.byte	6
 380 020a 01       		.byte	1
 381 020b 00       		.space	1
 382 020c 08020000 		.word	acFont8ASCII+520
 383 0210 06       		.byte	6
 384 0211 06       		.byte	6
 385 0212 01       		.byte	1
 386 0213 00       		.space	1
 387 0214 10020000 		.word	acFont8ASCII+528
 388 0218 05       		.byte	5
 389 0219 05       		.byte	5
 390 021a 01       		.byte	1
 391 021b 00       		.space	1
 392 021c 18020000 		.word	acFont8ASCII+536
 393 0220 06       		.byte	6
 394 0221 06       		.byte	6
 395 0222 01       		.byte	1
 396 0223 00       		.space	1
 397 0224 20020000 		.word	acFont8ASCII+544
 398 0228 06       		.byte	6
 399 0229 06       		.byte	6
 400 022a 01       		.byte	1
 401 022b 00       		.space	1
 402 022c 28020000 		.word	acFont8ASCII+552
 403 0230 05       		.byte	5
ARM GAS  C:\Users\fish\AppData\Local\Temp\ccixqbWc.s 			page 8


 404 0231 05       		.byte	5
 405 0232 01       		.byte	1
 406 0233 00       		.space	1
 407 0234 30020000 		.word	acFont8ASCII+560
 408 0238 06       		.byte	6
 409 0239 06       		.byte	6
 410 023a 01       		.byte	1
 411 023b 00       		.space	1
 412 023c 38020000 		.word	acFont8ASCII+568
 413 0240 06       		.byte	6
 414 0241 06       		.byte	6
 415 0242 01       		.byte	1
 416 0243 00       		.space	1
 417 0244 40020000 		.word	acFont8ASCII+576
 418 0248 02       		.byte	2
 419 0249 02       		.byte	2
 420 024a 01       		.byte	1
 421 024b 00       		.space	1
 422 024c 48020000 		.word	acFont8ASCII+584
 423 0250 04       		.byte	4
 424 0251 04       		.byte	4
 425 0252 01       		.byte	1
 426 0253 00       		.space	1
 427 0254 50020000 		.word	acFont8ASCII+592
 428 0258 05       		.byte	5
 429 0259 05       		.byte	5
 430 025a 01       		.byte	1
 431 025b 00       		.space	1
 432 025c 58020000 		.word	acFont8ASCII+600
 433 0260 04       		.byte	4
 434 0261 04       		.byte	4
 435 0262 01       		.byte	1
 436 0263 00       		.space	1
 437 0264 60020000 		.word	acFont8ASCII+608
 438 0268 06       		.byte	6
 439 0269 06       		.byte	6
 440 026a 01       		.byte	1
 441 026b 00       		.space	1
 442 026c 68020000 		.word	acFont8ASCII+616
 443 0270 05       		.byte	5
 444 0271 05       		.byte	5
 445 0272 01       		.byte	1
 446 0273 00       		.space	1
 447 0274 70020000 		.word	acFont8ASCII+624
 448 0278 05       		.byte	5
 449 0279 05       		.byte	5
 450 027a 01       		.byte	1
 451 027b 00       		.space	1
 452 027c 78020000 		.word	acFont8ASCII+632
 453 0280 05       		.byte	5
 454 0281 05       		.byte	5
 455 0282 01       		.byte	1
 456 0283 00       		.space	1
 457 0284 80020000 		.word	acFont8ASCII+640
 458 0288 05       		.byte	5
 459 0289 05       		.byte	5
 460 028a 01       		.byte	1
ARM GAS  C:\Users\fish\AppData\Local\Temp\ccixqbWc.s 			page 9


 461 028b 00       		.space	1
 462 028c 88020000 		.word	acFont8ASCII+648
 463 0290 04       		.byte	4
 464 0291 04       		.byte	4
 465 0292 01       		.byte	1
 466 0293 00       		.space	1
 467 0294 90020000 		.word	acFont8ASCII+656
 468 0298 05       		.byte	5
 469 0299 05       		.byte	5
 470 029a 01       		.byte	1
 471 029b 00       		.space	1
 472 029c 98020000 		.word	acFont8ASCII+664
 473 02a0 04       		.byte	4
 474 02a1 04       		.byte	4
 475 02a2 01       		.byte	1
 476 02a3 00       		.space	1
 477 02a4 A0020000 		.word	acFont8ASCII+672
 478 02a8 05       		.byte	5
 479 02a9 05       		.byte	5
 480 02aa 01       		.byte	1
 481 02ab 00       		.space	1
 482 02ac A8020000 		.word	acFont8ASCII+680
 483 02b0 06       		.byte	6
 484 02b1 06       		.byte	6
 485 02b2 01       		.byte	1
 486 02b3 00       		.space	1
 487 02b4 B0020000 		.word	acFont8ASCII+688
 488 02b8 06       		.byte	6
 489 02b9 06       		.byte	6
 490 02ba 01       		.byte	1
 491 02bb 00       		.space	1
 492 02bc B8020000 		.word	acFont8ASCII+696
 493 02c0 06       		.byte	6
 494 02c1 06       		.byte	6
 495 02c2 01       		.byte	1
 496 02c3 00       		.space	1
 497 02c4 C0020000 		.word	acFont8ASCII+704
 498 02c8 05       		.byte	5
 499 02c9 05       		.byte	5
 500 02ca 01       		.byte	1
 501 02cb 00       		.space	1
 502 02cc C8020000 		.word	acFont8ASCII+712
 503 02d0 06       		.byte	6
 504 02d1 06       		.byte	6
 505 02d2 01       		.byte	1
 506 02d3 00       		.space	1
 507 02d4 D0020000 		.word	acFont8ASCII+720
 508 02d8 04       		.byte	4
 509 02d9 04       		.byte	4
 510 02da 01       		.byte	1
 511 02db 00       		.space	1
 512 02dc D8020000 		.word	acFont8ASCII+728
 513 02e0 03       		.byte	3
 514 02e1 03       		.byte	3
 515 02e2 01       		.byte	1
 516 02e3 00       		.space	1
 517 02e4 E0020000 		.word	acFont8ASCII+736
ARM GAS  C:\Users\fish\AppData\Local\Temp\ccixqbWc.s 			page 10


 518 02e8 04       		.byte	4
 519 02e9 04       		.byte	4
 520 02ea 01       		.byte	1
 521 02eb 00       		.space	1
 522 02ec E8020000 		.word	acFont8ASCII+744
 523 02f0 06       		.byte	6
 524 02f1 06       		.byte	6
 525 02f2 01       		.byte	1
 526 02f3 00       		.space	1
 527 02f4 F0020000 		.word	acFont8ASCII+752
 528              		.global	acFont8ASCII
 529              		.section	.rodata.acFont8ASCII,"a"
 530              		.align	2
 533              	acFont8ASCII:
 534 0000 00000000 		.ascii	"\000\000\000\000\000\000\000\000"
 534      00000000 
 535 0008 80808080 		.ascii	"\200\200\200\200\200\000\200\000"
 535      80008000 
 536 0010 A0A0A000 		.ascii	"\240\240\240\000\000\000\000\000"
 536      00000000 
 537 0018 5050F850 		.ascii	"PP\370P\370PP\000"
 537      F8505000 
 538 0020 2078A070 		.ascii	" x\240p(\360 \000"
 538      28F02000 
 539 0028 C0C81020 		.ascii	"\300\310\020 @\230\030\000"
 539      40981800 
 540 0030 6090A040 		.ascii	"`\220\240@\250\220h\000"
 540      A8906800 
 541 0038 C0408000 		.ascii	"\300@\200\000\000\000\000\000"
 541      00000000 
 542 0040 20408080 		.ascii	" @\200\200\200@ \000"
 542      80402000 
 543 0048 80402020 		.ascii	"\200@   @\200\000"
 543      20408000 
 544 0050 005020F8 		.ascii	"\000P \370 P\000\000"
 544      20500000 
 545 0058 002020F8 		.ascii	"\000  \370  \000\000"
 545      20200000 
 546 0060 00000000 		.ascii	"\000\000\000\000\000\300@\200"
 546      00C04080 
 547 0068 000000F8 		.ascii	"\000\000\000\370\000\000\000\000"
 547      00000000 
 548 0070 00000000 		.ascii	"\000\000\000\000\000\300\300\000"
 548      00C0C000 
 549 0078 00081020 		.ascii	"\000\010\020 @\200\000\000"
 549      40800000 
 550 0080 708898A8 		.ascii	"p\210\230\250\310\210p\000"
 550      C8887000 
 551 0088 20602020 		.ascii	" `    p\000"
 551      20207000 
 552 0090 70880830 		.ascii	"p\210\0100@\200\370\000"
 552      4080F800 
 553 0098 70880830 		.ascii	"p\210\0100\010\210p\000"
 553      08887000 
 554 00a0 10305090 		.ascii	"\0200P\220\370\020\020\000"
 554      F8101000 
 555 00a8 F880F008 		.ascii	"\370\200\360\010\010\210p\000"
ARM GAS  C:\Users\fish\AppData\Local\Temp\ccixqbWc.s 			page 11


 555      08887000 
 556 00b0 304080F0 		.ascii	"0@\200\360\210\210p\000"
 556      88887000 
 557 00b8 F8081020 		.ascii	"\370\010\020 @@@\000"
 557      40404000 
 558 00c0 70888870 		.ascii	"p\210\210p\210\210p\000"
 558      88887000 
 559 00c8 70888878 		.ascii	"p\210\210x\010\020`\000"
 559      08106000 
 560 00d0 00C0C000 		.ascii	"\000\300\300\000\300\300\000\000"
 560      C0C00000 
 561 00d8 0000C0C0 		.ascii	"\000\000\300\300\000\300@\200"
 561      00C04080 
 562 00e0 10204080 		.ascii	"\020 @\200@ \020\000"
 562      40201000 
 563 00e8 0000F800 		.ascii	"\000\000\370\000\370\000\000\000"
 563      F8000000 
 564 00f0 80402010 		.ascii	"\200@ \020 @\200\000"
 564      20408000 
 565 00f8 70880810 		.ascii	"p\210\010\020 \000 \000"
 565      20002000 
 566 0100 70880868 		.ascii	"p\210\010h\250\250p\000"
 566      A8A87000 
 567 0108 708888F8 		.ascii	"p\210\210\370\210\210\210\000"
 567      88888800 
 568 0110 F08888F0 		.ascii	"\360\210\210\360\210\210\360\000"
 568      8888F000 
 569 0118 70888080 		.ascii	"p\210\200\200\200\210p\000"
 569      80887000 
 570 0120 E0908888 		.ascii	"\340\220\210\210\210\220\340\000"
 570      8890E000 
 571 0128 F88080F0 		.ascii	"\370\200\200\360\200\200\370\000"
 571      8080F800 
 572 0130 F88080F0 		.ascii	"\370\200\200\360\200\200\200\000"
 572      80808000 
 573 0138 70888080 		.ascii	"p\210\200\200\230\210x\000"
 573      98887800 
 574 0140 888888F8 		.ascii	"\210\210\210\370\210\210\210\000"
 574      88888800 
 575 0148 E0404040 		.ascii	"\340@@@@@\340\000"
 575      4040E000 
 576 0150 38101010 		.ascii	"8\020\020\020\020\220`\000"
 576      10906000 
 577 0158 8890A0C0 		.ascii	"\210\220\240\300\240\220\210\000"
 577      A0908800 
 578 0160 80808080 		.ascii	"\200\200\200\200\200\200\370\000"
 578      8080F800 
 579 0168 88D8A8A8 		.ascii	"\210\330\250\250\210\210\210\000"
 579      88888800 
 580 0170 8888C8A8 		.ascii	"\210\210\310\250\230\210\210\000"
 580      98888800 
 581 0178 70888888 		.ascii	"p\210\210\210\210\210p\000"
 581      88887000 
 582 0180 F08888F0 		.ascii	"\360\210\210\360\200\200\200\000"
 582      80808000 
 583 0188 70888888 		.ascii	"p\210\210\210\250\220h\000"
 583      A8906800 
ARM GAS  C:\Users\fish\AppData\Local\Temp\ccixqbWc.s 			page 12


 584 0190 F08888F0 		.ascii	"\360\210\210\360\240\220\210\000"
 584      A0908800 
 585 0198 70888070 		.ascii	"p\210\200p\010\210p\000"
 585      08887000 
 586 01a0 F8202020 		.ascii	"\370      \000"
 586      20202000 
 587 01a8 88888888 		.ascii	"\210\210\210\210\210\210p\000"
 587      88887000 
 588 01b0 88888888 		.ascii	"\210\210\210\210\210P \000"
 588      88502000 
 589 01b8 888888A8 		.ascii	"\210\210\210\250\250\250P\000"
 589      A8A85000 
 590 01c0 88885020 		.ascii	"\210\210P P\210\210\000"
 590      50888800 
 591 01c8 88885020 		.ascii	"\210\210P    \000"
 591      20202000 
 592 01d0 F8081020 		.ascii	"\370\010\020 @\200\370\000"
 592      4080F800 
 593 01d8 E0808080 		.ascii	"\340\200\200\200\200\200\340\000"
 593      8080E000 
 594 01e0 00804020 		.ascii	"\000\200@ \020\010\000\000"
 594      10080000 
 595 01e8 E0202020 		.ascii	"\340     \340\000"
 595      2020E000 
 596 01f0 20508800 		.ascii	" P\210\000\000\000\000\000"
 596      00000000 
 597 01f8 00000000 		.ascii	"\000\000\000\000\000\000\000\370"
 597      000000F8 
 598 0200 80402000 		.ascii	"\200@ \000\000\000\000\000"
 598      00000000 
 599 0208 00007008 		.ascii	"\000\000p\010x\210x\000"
 599      78887800 
 600 0210 8080B0C8 		.ascii	"\200\200\260\310\210\210\360\000"
 600      8888F000 
 601 0218 00006090 		.ascii	"\000\000`\220\200\220`\000"
 601      80906000 
 602 0220 08086898 		.ascii	"\010\010h\230\210\210x\000"
 602      88887800 
 603 0228 00007088 		.ascii	"\000\000p\210\370\200p\000"
 603      F8807000 
 604 0230 205040E0 		.ascii	" P@\340@@@\000"
 604      40404000 
 605 0238 00007888 		.ascii	"\000\000x\210\210x\010p"
 605      88780870 
 606 0240 8080B0C8 		.ascii	"\200\200\260\310\210\210\210\000"
 606      88888800 
 607 0248 80008080 		.ascii	"\200\000\200\200\200\200\200\000"
 607      80808000 
 608 0250 20006020 		.ascii	" \000`    \300"
 608      202020C0 
 609 0258 808090A0 		.ascii	"\200\200\220\240\300\240\220\000"
 609      C0A09000 
 610 0260 C0404040 		.ascii	"\300@@@@@\340\000"
 610      4040E000 
 611 0268 0000D0A8 		.ascii	"\000\000\320\250\210\210\210\000"
 611      88888800 
 612 0270 0000B0D0 		.ascii	"\000\000\260\320\220\220\220\000"
ARM GAS  C:\Users\fish\AppData\Local\Temp\ccixqbWc.s 			page 13


 612      90909000 
 613 0278 00006090 		.ascii	"\000\000`\220\220\220`\000"
 613      90906000 
 614 0280 0000E090 		.ascii	"\000\000\340\220\220\340\200\200"
 614      90E08080 
 615 0288 00007090 		.ascii	"\000\000p\220\220p\020\020"
 615      90701010 
 616 0290 0000A0C0 		.ascii	"\000\000\240\300\200\200\200\000"
 616      80808000 
 617 0298 00007080 		.ascii	"\000\000p\200`\020\340\000"
 617      6010E000 
 618 02a0 4040E040 		.ascii	"@@\340@@@@\000"
 618      40404000 
 619 02a8 00009090 		.ascii	"\000\000\220\220\220\220p\000"
 619      90907000 
 620 02b0 00008888 		.ascii	"\000\000\210\210\210P \000"
 620      88502000 
 621 02b8 00008888 		.ascii	"\000\000\210\210\250\250P\000"
 621      A8A85000 
 622 02c0 00008850 		.ascii	"\000\000\210P P\210\000"
 622      20508800 
 623 02c8 00009090 		.ascii	"\000\000\220\220\220p\020`"
 623      90701060 
 624 02d0 0000F810 		.ascii	"\000\000\370\020 @\370\000"
 624      2040F800 
 625 02d8 20404080 		.ascii	" @@\200@@ \000"
 625      40402000 
 626 02e0 40404040 		.ascii	"@@@@@@@\000"
 626      40404000 
 627 02e8 80404020 		.ascii	"\200@@ @@\200\000"
 627      40408000 
 628 02f0 68900000 		.ascii	"h\220\000\000\000\000\000\000"
 628      00000000 
 629              		.text
 630              	.Letext0:
 631              		.file 2 "../Bsp/OLED/GUI.H"
ARM GAS  C:\Users\fish\AppData\Local\Temp\ccixqbWc.s 			page 14


DEFINED SYMBOLS
                            *ABS*:00000000 F08_ASCII.c
C:\Users\fish\AppData\Local\Temp\ccixqbWc.s:25     .rodata.GUI_Font8_ASCII:00000000 GUI_Font8_ASCII
C:\Users\fish\AppData\Local\Temp\ccixqbWc.s:22     .rodata.GUI_Font8_ASCII:00000000 $d
C:\Users\fish\AppData\Local\Temp\ccixqbWc.s:42     .rodata.GUI_Font8ASCII_Prop:00000000 GUI_Font8ASCII_Prop
C:\Users\fish\AppData\Local\Temp\ccixqbWc.s:39     .rodata.GUI_Font8ASCII_Prop:00000000 $d
C:\Users\fish\AppData\Local\Temp\ccixqbWc.s:52     .rodata.GUI_Font8_ASCII_CharInfo:00000000 GUI_Font8_ASCII_CharInfo
C:\Users\fish\AppData\Local\Temp\ccixqbWc.s:49     .rodata.GUI_Font8_ASCII_CharInfo:00000000 $d
C:\Users\fish\AppData\Local\Temp\ccixqbWc.s:533    .rodata.acFont8ASCII:00000000 acFont8ASCII
C:\Users\fish\AppData\Local\Temp\ccixqbWc.s:530    .rodata.acFont8ASCII:00000000 $d

UNDEFINED SYMBOLS
GUIPROP_DispChar
GUIPROP_GetCharDistX
GUIPROP_GetFontInfo
GUIPROP_IsInFont
