ARM GAS  C:\Users\fish\AppData\Local\Temp\ccNInoj6.s 			page 1


   1              		.cpu cortex-m4
   2              		.arch armv7e-m
   3              		.fpu fpv4-sp-d16
   4              		.eabi_attribute 27, 1
   5              		.eabi_attribute 28, 1
   6              		.eabi_attribute 20, 1
   7              		.eabi_attribute 21, 1
   8              		.eabi_attribute 23, 3
   9              		.eabi_attribute 24, 1
  10              		.eabi_attribute 25, 1
  11              		.eabi_attribute 26, 1
  12              		.eabi_attribute 30, 1
  13              		.eabi_attribute 34, 1
  14              		.eabi_attribute 18, 4
  15              		.file	"rtc.c"
  16              		.text
  17              	.Ltext0:
  18              		.cfi_sections	.debug_frame
  19              		.file 1 "Core/Src/rtc.c"
  20              		.section	.text.MX_RTC_Init,"ax",%progbits
  21              		.align	1
  22              		.global	MX_RTC_Init
  23              		.syntax unified
  24              		.thumb
  25              		.thumb_func
  27              	MX_RTC_Init:
  28              	.LFB239:
   1:Core/Src/rtc.c **** /* USER CODE BEGIN Header */
   2:Core/Src/rtc.c **** /**
   3:Core/Src/rtc.c ****   ******************************************************************************
   4:Core/Src/rtc.c ****   * @file    rtc.c
   5:Core/Src/rtc.c ****   * @brief   This file provides code for the configuration
   6:Core/Src/rtc.c ****   *          of the RTC instances.
   7:Core/Src/rtc.c ****   ******************************************************************************
   8:Core/Src/rtc.c ****   * @attention
   9:Core/Src/rtc.c ****   *
  10:Core/Src/rtc.c ****   * Copyright (c) 2026 STMicroelectronics.
  11:Core/Src/rtc.c ****   * All rights reserved.
  12:Core/Src/rtc.c ****   *
  13:Core/Src/rtc.c ****   * This software is licensed under terms that can be found in the LICENSE file
  14:Core/Src/rtc.c ****   * in the root directory of this software component.
  15:Core/Src/rtc.c ****   * If no LICENSE file comes with this software, it is provided AS-IS.
  16:Core/Src/rtc.c ****   *
  17:Core/Src/rtc.c ****   ******************************************************************************
  18:Core/Src/rtc.c ****   */
  19:Core/Src/rtc.c **** /* USER CODE END Header */
  20:Core/Src/rtc.c **** /* Includes ------------------------------------------------------------------*/
  21:Core/Src/rtc.c **** #include "rtc.h"
  22:Core/Src/rtc.c **** 
  23:Core/Src/rtc.c **** /* USER CODE BEGIN 0 */
  24:Core/Src/rtc.c **** #include "bsp_rtc.h"
  25:Core/Src/rtc.c **** /* USER CODE END 0 */
  26:Core/Src/rtc.c **** 
  27:Core/Src/rtc.c **** RTC_HandleTypeDef hrtc;
  28:Core/Src/rtc.c **** 
  29:Core/Src/rtc.c **** /* RTC init function */
  30:Core/Src/rtc.c **** void MX_RTC_Init(void)
ARM GAS  C:\Users\fish\AppData\Local\Temp\ccNInoj6.s 			page 2


  31:Core/Src/rtc.c **** {
  29              		.loc 1 31 1 view -0
  30              		.cfi_startproc
  31              		@ args = 0, pretend = 0, frame = 72
  32              		@ frame_needed = 0, uses_anonymous_args = 0
  33 0000 10B5     		push	{r4, lr}
  34              		.cfi_def_cfa_offset 8
  35              		.cfi_offset 4, -8
  36              		.cfi_offset 14, -4
  37 0002 92B0     		sub	sp, sp, #72
  38              		.cfi_def_cfa_offset 80
  32:Core/Src/rtc.c **** 
  33:Core/Src/rtc.c ****   /* USER CODE BEGIN RTC_Init 0 */
  34:Core/Src/rtc.c **** 
  35:Core/Src/rtc.c ****   /* USER CODE END RTC_Init 0 */
  36:Core/Src/rtc.c **** 
  37:Core/Src/rtc.c ****   RTC_TimeTypeDef sTime = {0};
  39              		.loc 1 37 3 view .LVU1
  40              		.loc 1 37 19 is_stmt 0 view .LVU2
  41 0004 0024     		movs	r4, #0
  42 0006 0B94     		str	r4, [sp, #44]
  43 0008 0C94     		str	r4, [sp, #48]
  44 000a 0D94     		str	r4, [sp, #52]
  45 000c 0E94     		str	r4, [sp, #56]
  46 000e 0F94     		str	r4, [sp, #60]
  38:Core/Src/rtc.c ****   RTC_DateTypeDef sDate = {0};
  47              		.loc 1 38 3 is_stmt 1 view .LVU3
  48              		.loc 1 38 19 is_stmt 0 view .LVU4
  49 0010 0A94     		str	r4, [sp, #40]
  39:Core/Src/rtc.c ****   RTC_AlarmTypeDef sAlarm = {0};
  50              		.loc 1 39 3 is_stmt 1 view .LVU5
  51              		.loc 1 39 20 is_stmt 0 view .LVU6
  52 0012 2822     		movs	r2, #40
  53 0014 2146     		mov	r1, r4
  54 0016 6846     		mov	r0, sp
  55 0018 FFF7FEFF 		bl	memset
  56              	.LVL0:
  40:Core/Src/rtc.c **** 
  41:Core/Src/rtc.c ****   /* USER CODE BEGIN RTC_Init 1 */
  42:Core/Src/rtc.c **** 
  43:Core/Src/rtc.c ****   /* USER CODE END RTC_Init 1 */
  44:Core/Src/rtc.c **** 
  45:Core/Src/rtc.c ****   /** Initialize RTC Only
  46:Core/Src/rtc.c ****   */
  47:Core/Src/rtc.c ****   hrtc.Instance = RTC;
  57              		.loc 1 47 3 is_stmt 1 view .LVU7
  58              		.loc 1 47 17 is_stmt 0 view .LVU8
  59 001c 3548     		ldr	r0, .L15
  60 001e 364B     		ldr	r3, .L15+4
  61 0020 0360     		str	r3, [r0]
  48:Core/Src/rtc.c ****   hrtc.Init.HourFormat = RTC_HOURFORMAT_24;
  62              		.loc 1 48 3 is_stmt 1 view .LVU9
  63              		.loc 1 48 24 is_stmt 0 view .LVU10
  64 0022 4460     		str	r4, [r0, #4]
  49:Core/Src/rtc.c ****   hrtc.Init.AsynchPrediv = 127;
  65              		.loc 1 49 3 is_stmt 1 view .LVU11
  66              		.loc 1 49 26 is_stmt 0 view .LVU12
ARM GAS  C:\Users\fish\AppData\Local\Temp\ccNInoj6.s 			page 3


  67 0024 7F23     		movs	r3, #127
  68 0026 8360     		str	r3, [r0, #8]
  50:Core/Src/rtc.c ****   hrtc.Init.SynchPrediv = 255;
  69              		.loc 1 50 3 is_stmt 1 view .LVU13
  70              		.loc 1 50 25 is_stmt 0 view .LVU14
  71 0028 FF23     		movs	r3, #255
  72 002a C360     		str	r3, [r0, #12]
  51:Core/Src/rtc.c ****   hrtc.Init.OutPut = RTC_OUTPUT_DISABLE;
  73              		.loc 1 51 3 is_stmt 1 view .LVU15
  74              		.loc 1 51 20 is_stmt 0 view .LVU16
  75 002c 0461     		str	r4, [r0, #16]
  52:Core/Src/rtc.c ****   hrtc.Init.OutPutPolarity = RTC_OUTPUT_POLARITY_HIGH;
  76              		.loc 1 52 3 is_stmt 1 view .LVU17
  77              		.loc 1 52 28 is_stmt 0 view .LVU18
  78 002e 4461     		str	r4, [r0, #20]
  53:Core/Src/rtc.c ****   hrtc.Init.OutPutType = RTC_OUTPUT_TYPE_OPENDRAIN;
  79              		.loc 1 53 3 is_stmt 1 view .LVU19
  80              		.loc 1 53 24 is_stmt 0 view .LVU20
  81 0030 8461     		str	r4, [r0, #24]
  54:Core/Src/rtc.c ****   if (HAL_RTC_Init(&hrtc) != HAL_OK)
  82              		.loc 1 54 3 is_stmt 1 view .LVU21
  83              		.loc 1 54 7 is_stmt 0 view .LVU22
  84 0032 FFF7FEFF 		bl	HAL_RTC_Init
  85              	.LVL1:
  86              		.loc 1 54 6 discriminator 1 view .LVU23
  87 0036 20B9     		cbnz	r0, .L10
  88              	.L2:
  55:Core/Src/rtc.c ****   {
  56:Core/Src/rtc.c ****     Error_Handler();
  57:Core/Src/rtc.c ****   }
  58:Core/Src/rtc.c **** 
  59:Core/Src/rtc.c **** /* USER CODE BEGIN Check_RTC_BKUP */
  60:Core/Src/rtc.c ****   /* 首次上电时设置默认时间, 验证日期时间设置功能 */
  61:Core/Src/rtc.c ****   if (BSP_RTC_IsFirstPowerOn())
  89              		.loc 1 61 3 is_stmt 1 view .LVU24
  90              		.loc 1 61 7 is_stmt 0 view .LVU25
  91 0038 FFF7FEFF 		bl	BSP_RTC_IsFirstPowerOn
  92              	.LVL2:
  93              		.loc 1 61 6 discriminator 1 view .LVU26
  94 003c 20B9     		cbnz	r0, .L11
  95              	.L1:
  62:Core/Src/rtc.c ****     BSP_RTC_MarkInitialized();
  63:Core/Src/rtc.c ****   else
  64:Core/Src/rtc.c ****     return;
  65:Core/Src/rtc.c **** 
  66:Core/Src/rtc.c **** /* USER CODE END Check_RTC_BKUP */
  67:Core/Src/rtc.c **** 
  68:Core/Src/rtc.c ****   /** Initialize RTC and set the Time and Date
  69:Core/Src/rtc.c ****   */
  70:Core/Src/rtc.c ****   sTime.Hours = 0x0;
  71:Core/Src/rtc.c ****   sTime.Minutes = 0x0;
  72:Core/Src/rtc.c ****   sTime.Seconds = 0x0;
  73:Core/Src/rtc.c ****   sTime.DayLightSaving = RTC_DAYLIGHTSAVING_NONE;
  74:Core/Src/rtc.c ****   sTime.StoreOperation = RTC_STOREOPERATION_RESET;
  75:Core/Src/rtc.c ****   if (HAL_RTC_SetTime(&hrtc, &sTime, RTC_FORMAT_BCD) != HAL_OK)
  76:Core/Src/rtc.c ****   {
  77:Core/Src/rtc.c ****     Error_Handler();
ARM GAS  C:\Users\fish\AppData\Local\Temp\ccNInoj6.s 			page 4


  78:Core/Src/rtc.c ****   }
  79:Core/Src/rtc.c ****   sDate.WeekDay = RTC_WEEKDAY_MONDAY;
  80:Core/Src/rtc.c ****   sDate.Month = RTC_MONTH_JANUARY;
  81:Core/Src/rtc.c ****   sDate.Date = 0x1;
  82:Core/Src/rtc.c ****   sDate.Year = 0x0;
  83:Core/Src/rtc.c **** 
  84:Core/Src/rtc.c ****   if (HAL_RTC_SetDate(&hrtc, &sDate, RTC_FORMAT_BCD) != HAL_OK)
  85:Core/Src/rtc.c ****   {
  86:Core/Src/rtc.c ****     Error_Handler();
  87:Core/Src/rtc.c ****   }
  88:Core/Src/rtc.c **** 
  89:Core/Src/rtc.c ****   /** Enable the Alarm A
  90:Core/Src/rtc.c ****   */
  91:Core/Src/rtc.c ****   sAlarm.AlarmTime.Hours = 0x0;
  92:Core/Src/rtc.c ****   sAlarm.AlarmTime.Minutes = 0x0;
  93:Core/Src/rtc.c ****   sAlarm.AlarmTime.Seconds = 0x0;
  94:Core/Src/rtc.c ****   sAlarm.AlarmTime.SubSeconds = 0x0;
  95:Core/Src/rtc.c ****   sAlarm.AlarmTime.DayLightSaving = RTC_DAYLIGHTSAVING_NONE;
  96:Core/Src/rtc.c ****   sAlarm.AlarmTime.StoreOperation = RTC_STOREOPERATION_RESET;
  97:Core/Src/rtc.c ****   sAlarm.AlarmMask = RTC_ALARMMASK_NONE;
  98:Core/Src/rtc.c ****   sAlarm.AlarmSubSecondMask = RTC_ALARMSUBSECONDMASK_ALL;
  99:Core/Src/rtc.c ****   sAlarm.AlarmDateWeekDaySel = RTC_ALARMDATEWEEKDAYSEL_DATE;
 100:Core/Src/rtc.c ****   sAlarm.AlarmDateWeekDay = 0x1;
 101:Core/Src/rtc.c ****   sAlarm.Alarm = RTC_ALARM_A;
 102:Core/Src/rtc.c ****   if (HAL_RTC_SetAlarm(&hrtc, &sAlarm, RTC_FORMAT_BCD) != HAL_OK)
 103:Core/Src/rtc.c ****   {
 104:Core/Src/rtc.c ****     Error_Handler();
 105:Core/Src/rtc.c ****   }
 106:Core/Src/rtc.c ****   /* USER CODE BEGIN RTC_Init 2 */
 107:Core/Src/rtc.c ****   BSP_RTC_SetDateTime(&(BSP_RTC_DateTime_t){
 108:Core/Src/rtc.c ****       .year = 2026, .month = 6, .day = 19,
 109:Core/Src/rtc.c ****       .hour = 12, .minute = 0, .second = 0
 110:Core/Src/rtc.c ****   });
 111:Core/Src/rtc.c **** 
 112:Core/Src/rtc.c ****   /* USER CODE END RTC_Init 2 */
 113:Core/Src/rtc.c **** 
 114:Core/Src/rtc.c **** }
  96              		.loc 1 114 1 view .LVU27
  97 003e 12B0     		add	sp, sp, #72
  98              		.cfi_remember_state
  99              		.cfi_def_cfa_offset 8
 100              		@ sp needed
 101 0040 10BD     		pop	{r4, pc}
 102              	.L10:
 103              		.cfi_restore_state
  56:Core/Src/rtc.c ****   }
 104              		.loc 1 56 5 is_stmt 1 view .LVU28
 105 0042 FFF7FEFF 		bl	Error_Handler
 106              	.LVL3:
 107 0046 F7E7     		b	.L2
 108              	.L11:
  62:Core/Src/rtc.c ****     BSP_RTC_MarkInitialized();
 109              		.loc 1 62 5 view .LVU29
 110 0048 FFF7FEFF 		bl	BSP_RTC_MarkInitialized
 111              	.LVL4:
  70:Core/Src/rtc.c ****   sTime.Minutes = 0x0;
 112              		.loc 1 70 3 view .LVU30
ARM GAS  C:\Users\fish\AppData\Local\Temp\ccNInoj6.s 			page 5


  70:Core/Src/rtc.c ****   sTime.Minutes = 0x0;
 113              		.loc 1 70 15 is_stmt 0 view .LVU31
 114 004c 0023     		movs	r3, #0
 115 004e 8DF82C30 		strb	r3, [sp, #44]
  71:Core/Src/rtc.c ****   sTime.Seconds = 0x0;
 116              		.loc 1 71 3 is_stmt 1 view .LVU32
  71:Core/Src/rtc.c ****   sTime.Seconds = 0x0;
 117              		.loc 1 71 17 is_stmt 0 view .LVU33
 118 0052 8DF82D30 		strb	r3, [sp, #45]
  72:Core/Src/rtc.c ****   sTime.DayLightSaving = RTC_DAYLIGHTSAVING_NONE;
 119              		.loc 1 72 3 is_stmt 1 view .LVU34
  72:Core/Src/rtc.c ****   sTime.DayLightSaving = RTC_DAYLIGHTSAVING_NONE;
 120              		.loc 1 72 17 is_stmt 0 view .LVU35
 121 0056 8DF82E30 		strb	r3, [sp, #46]
  73:Core/Src/rtc.c ****   sTime.StoreOperation = RTC_STOREOPERATION_RESET;
 122              		.loc 1 73 3 is_stmt 1 view .LVU36
  73:Core/Src/rtc.c ****   sTime.StoreOperation = RTC_STOREOPERATION_RESET;
 123              		.loc 1 73 24 is_stmt 0 view .LVU37
 124 005a 0E93     		str	r3, [sp, #56]
  74:Core/Src/rtc.c ****   if (HAL_RTC_SetTime(&hrtc, &sTime, RTC_FORMAT_BCD) != HAL_OK)
 125              		.loc 1 74 3 is_stmt 1 view .LVU38
  74:Core/Src/rtc.c ****   if (HAL_RTC_SetTime(&hrtc, &sTime, RTC_FORMAT_BCD) != HAL_OK)
 126              		.loc 1 74 24 is_stmt 0 view .LVU39
 127 005c 0F93     		str	r3, [sp, #60]
  75:Core/Src/rtc.c ****   {
 128              		.loc 1 75 3 is_stmt 1 view .LVU40
  75:Core/Src/rtc.c ****   {
 129              		.loc 1 75 7 is_stmt 0 view .LVU41
 130 005e 0122     		movs	r2, #1
 131 0060 0BA9     		add	r1, sp, #44
 132 0062 2448     		ldr	r0, .L15
 133 0064 FFF7FEFF 		bl	HAL_RTC_SetTime
 134              	.LVL5:
  75:Core/Src/rtc.c ****   {
 135              		.loc 1 75 6 discriminator 1 view .LVU42
 136 0068 0028     		cmp	r0, #0
 137 006a 3AD1     		bne	.L12
 138              	.L5:
  79:Core/Src/rtc.c ****   sDate.Month = RTC_MONTH_JANUARY;
 139              		.loc 1 79 3 is_stmt 1 view .LVU43
  79:Core/Src/rtc.c ****   sDate.Month = RTC_MONTH_JANUARY;
 140              		.loc 1 79 17 is_stmt 0 view .LVU44
 141 006c 0122     		movs	r2, #1
 142 006e 8DF82820 		strb	r2, [sp, #40]
  80:Core/Src/rtc.c ****   sDate.Date = 0x1;
 143              		.loc 1 80 3 is_stmt 1 view .LVU45
  80:Core/Src/rtc.c ****   sDate.Date = 0x1;
 144              		.loc 1 80 15 is_stmt 0 view .LVU46
 145 0072 8DF82920 		strb	r2, [sp, #41]
  81:Core/Src/rtc.c ****   sDate.Year = 0x0;
 146              		.loc 1 81 3 is_stmt 1 view .LVU47
  81:Core/Src/rtc.c ****   sDate.Year = 0x0;
 147              		.loc 1 81 14 is_stmt 0 view .LVU48
 148 0076 8DF82A20 		strb	r2, [sp, #42]
  82:Core/Src/rtc.c **** 
 149              		.loc 1 82 3 is_stmt 1 view .LVU49
  82:Core/Src/rtc.c **** 
ARM GAS  C:\Users\fish\AppData\Local\Temp\ccNInoj6.s 			page 6


 150              		.loc 1 82 14 is_stmt 0 view .LVU50
 151 007a 0023     		movs	r3, #0
 152 007c 8DF82B30 		strb	r3, [sp, #43]
  84:Core/Src/rtc.c ****   {
 153              		.loc 1 84 3 is_stmt 1 view .LVU51
  84:Core/Src/rtc.c ****   {
 154              		.loc 1 84 7 is_stmt 0 view .LVU52
 155 0080 0AA9     		add	r1, sp, #40
 156 0082 1C48     		ldr	r0, .L15
 157 0084 FFF7FEFF 		bl	HAL_RTC_SetDate
 158              	.LVL6:
  84:Core/Src/rtc.c ****   {
 159              		.loc 1 84 6 discriminator 1 view .LVU53
 160 0088 70BB     		cbnz	r0, .L13
 161              	.L7:
  91:Core/Src/rtc.c ****   sAlarm.AlarmTime.Minutes = 0x0;
 162              		.loc 1 91 3 is_stmt 1 view .LVU54
  91:Core/Src/rtc.c ****   sAlarm.AlarmTime.Minutes = 0x0;
 163              		.loc 1 91 26 is_stmt 0 view .LVU55
 164 008a 0023     		movs	r3, #0
 165 008c 8DF80030 		strb	r3, [sp]
  92:Core/Src/rtc.c ****   sAlarm.AlarmTime.Seconds = 0x0;
 166              		.loc 1 92 3 is_stmt 1 view .LVU56
  92:Core/Src/rtc.c ****   sAlarm.AlarmTime.Seconds = 0x0;
 167              		.loc 1 92 28 is_stmt 0 view .LVU57
 168 0090 8DF80130 		strb	r3, [sp, #1]
  93:Core/Src/rtc.c ****   sAlarm.AlarmTime.SubSeconds = 0x0;
 169              		.loc 1 93 3 is_stmt 1 view .LVU58
  93:Core/Src/rtc.c ****   sAlarm.AlarmTime.SubSeconds = 0x0;
 170              		.loc 1 93 28 is_stmt 0 view .LVU59
 171 0094 8DF80230 		strb	r3, [sp, #2]
  94:Core/Src/rtc.c ****   sAlarm.AlarmTime.DayLightSaving = RTC_DAYLIGHTSAVING_NONE;
 172              		.loc 1 94 3 is_stmt 1 view .LVU60
  94:Core/Src/rtc.c ****   sAlarm.AlarmTime.DayLightSaving = RTC_DAYLIGHTSAVING_NONE;
 173              		.loc 1 94 31 is_stmt 0 view .LVU61
 174 0098 0193     		str	r3, [sp, #4]
  95:Core/Src/rtc.c ****   sAlarm.AlarmTime.StoreOperation = RTC_STOREOPERATION_RESET;
 175              		.loc 1 95 3 is_stmt 1 view .LVU62
  95:Core/Src/rtc.c ****   sAlarm.AlarmTime.StoreOperation = RTC_STOREOPERATION_RESET;
 176              		.loc 1 95 35 is_stmt 0 view .LVU63
 177 009a 0393     		str	r3, [sp, #12]
  96:Core/Src/rtc.c ****   sAlarm.AlarmMask = RTC_ALARMMASK_NONE;
 178              		.loc 1 96 3 is_stmt 1 view .LVU64
  96:Core/Src/rtc.c ****   sAlarm.AlarmMask = RTC_ALARMMASK_NONE;
 179              		.loc 1 96 35 is_stmt 0 view .LVU65
 180 009c 0493     		str	r3, [sp, #16]
  97:Core/Src/rtc.c ****   sAlarm.AlarmSubSecondMask = RTC_ALARMSUBSECONDMASK_ALL;
 181              		.loc 1 97 3 is_stmt 1 view .LVU66
  97:Core/Src/rtc.c ****   sAlarm.AlarmSubSecondMask = RTC_ALARMSUBSECONDMASK_ALL;
 182              		.loc 1 97 20 is_stmt 0 view .LVU67
 183 009e 0593     		str	r3, [sp, #20]
  98:Core/Src/rtc.c ****   sAlarm.AlarmDateWeekDaySel = RTC_ALARMDATEWEEKDAYSEL_DATE;
 184              		.loc 1 98 3 is_stmt 1 view .LVU68
  98:Core/Src/rtc.c ****   sAlarm.AlarmDateWeekDaySel = RTC_ALARMDATEWEEKDAYSEL_DATE;
 185              		.loc 1 98 29 is_stmt 0 view .LVU69
 186 00a0 0693     		str	r3, [sp, #24]
  99:Core/Src/rtc.c ****   sAlarm.AlarmDateWeekDay = 0x1;
ARM GAS  C:\Users\fish\AppData\Local\Temp\ccNInoj6.s 			page 7


 187              		.loc 1 99 3 is_stmt 1 view .LVU70
  99:Core/Src/rtc.c ****   sAlarm.AlarmDateWeekDay = 0x1;
 188              		.loc 1 99 30 is_stmt 0 view .LVU71
 189 00a2 0793     		str	r3, [sp, #28]
 100:Core/Src/rtc.c ****   sAlarm.Alarm = RTC_ALARM_A;
 190              		.loc 1 100 3 is_stmt 1 view .LVU72
 100:Core/Src/rtc.c ****   sAlarm.Alarm = RTC_ALARM_A;
 191              		.loc 1 100 27 is_stmt 0 view .LVU73
 192 00a4 0122     		movs	r2, #1
 193 00a6 8DF82020 		strb	r2, [sp, #32]
 101:Core/Src/rtc.c ****   if (HAL_RTC_SetAlarm(&hrtc, &sAlarm, RTC_FORMAT_BCD) != HAL_OK)
 194              		.loc 1 101 3 is_stmt 1 view .LVU74
 101:Core/Src/rtc.c ****   if (HAL_RTC_SetAlarm(&hrtc, &sAlarm, RTC_FORMAT_BCD) != HAL_OK)
 195              		.loc 1 101 16 is_stmt 0 view .LVU75
 196 00aa 4FF48073 		mov	r3, #256
 197 00ae 0993     		str	r3, [sp, #36]
 102:Core/Src/rtc.c ****   {
 198              		.loc 1 102 3 is_stmt 1 view .LVU76
 102:Core/Src/rtc.c ****   {
 199              		.loc 1 102 7 is_stmt 0 view .LVU77
 200 00b0 6946     		mov	r1, sp
 201 00b2 1048     		ldr	r0, .L15
 202 00b4 FFF7FEFF 		bl	HAL_RTC_SetAlarm
 203              	.LVL7:
 102:Core/Src/rtc.c ****   {
 204              		.loc 1 102 6 discriminator 1 view .LVU78
 205 00b8 C8B9     		cbnz	r0, .L14
 206              	.L8:
 107:Core/Src/rtc.c ****       .year = 2026, .month = 6, .day = 19,
 207              		.loc 1 107 3 is_stmt 1 view .LVU79
 107:Core/Src/rtc.c ****       .year = 2026, .month = 6, .day = 19,
 208              		.loc 1 107 44 is_stmt 0 view .LVU80
 209 00ba 10A8     		add	r0, sp, #64
 210 00bc 0023     		movs	r3, #0
 211 00be 1093     		str	r3, [sp, #64]
 212 00c0 4360     		str	r3, [r0, #4]
 213 00c2 40F2EA73 		movw	r3, #2026
 214 00c6 ADF84030 		strh	r3, [sp, #64]	@ movhi
 215 00ca 0623     		movs	r3, #6
 216 00cc 8DF84230 		strb	r3, [sp, #66]
 217 00d0 1323     		movs	r3, #19
 218 00d2 8DF84330 		strb	r3, [sp, #67]
 219 00d6 0C23     		movs	r3, #12
 220 00d8 8DF84530 		strb	r3, [sp, #69]
 107:Core/Src/rtc.c ****       .year = 2026, .month = 6, .day = 19,
 221              		.loc 1 107 3 view .LVU81
 222 00dc FFF7FEFF 		bl	BSP_RTC_SetDateTime
 223              	.LVL8:
 224 00e0 ADE7     		b	.L1
 225              	.L12:
  77:Core/Src/rtc.c ****   }
 226              		.loc 1 77 5 is_stmt 1 view .LVU82
 227 00e2 FFF7FEFF 		bl	Error_Handler
 228              	.LVL9:
 229 00e6 C1E7     		b	.L5
 230              	.L13:
  86:Core/Src/rtc.c ****   }
ARM GAS  C:\Users\fish\AppData\Local\Temp\ccNInoj6.s 			page 8


 231              		.loc 1 86 5 view .LVU83
 232 00e8 FFF7FEFF 		bl	Error_Handler
 233              	.LVL10:
 234 00ec CDE7     		b	.L7
 235              	.L14:
 104:Core/Src/rtc.c ****   }
 236              		.loc 1 104 5 view .LVU84
 237 00ee FFF7FEFF 		bl	Error_Handler
 238              	.LVL11:
 239 00f2 E2E7     		b	.L8
 240              	.L16:
 241              		.align	2
 242              	.L15:
 243 00f4 00000000 		.word	hrtc
 244 00f8 00280040 		.word	1073752064
 245              		.cfi_endproc
 246              	.LFE239:
 248              		.section	.text.HAL_RTC_MspInit,"ax",%progbits
 249              		.align	1
 250              		.global	HAL_RTC_MspInit
 251              		.syntax unified
 252              		.thumb
 253              		.thumb_func
 255              	HAL_RTC_MspInit:
 256              	.LVL12:
 257              	.LFB240:
 115:Core/Src/rtc.c **** 
 116:Core/Src/rtc.c **** void HAL_RTC_MspInit(RTC_HandleTypeDef* rtcHandle)
 117:Core/Src/rtc.c **** {
 258              		.loc 1 117 1 view -0
 259              		.cfi_startproc
 260              		@ args = 0, pretend = 0, frame = 16
 261              		@ frame_needed = 0, uses_anonymous_args = 0
 262              		.loc 1 117 1 is_stmt 0 view .LVU86
 263 0000 00B5     		push	{lr}
 264              		.cfi_def_cfa_offset 4
 265              		.cfi_offset 14, -4
 266 0002 85B0     		sub	sp, sp, #20
 267              		.cfi_def_cfa_offset 24
 118:Core/Src/rtc.c **** 
 119:Core/Src/rtc.c ****   RCC_PeriphCLKInitTypeDef PeriphClkInitStruct = {0};
 268              		.loc 1 119 3 is_stmt 1 view .LVU87
 269              		.loc 1 119 28 is_stmt 0 view .LVU88
 270 0004 0023     		movs	r3, #0
 271 0006 0093     		str	r3, [sp]
 272 0008 0193     		str	r3, [sp, #4]
 273 000a 0293     		str	r3, [sp, #8]
 274 000c 0393     		str	r3, [sp, #12]
 120:Core/Src/rtc.c ****   if(rtcHandle->Instance==RTC)
 275              		.loc 1 120 3 is_stmt 1 view .LVU89
 276              		.loc 1 120 15 is_stmt 0 view .LVU90
 277 000e 0268     		ldr	r2, [r0]
 278              		.loc 1 120 5 view .LVU91
 279 0010 0B4B     		ldr	r3, .L23
 280 0012 9A42     		cmp	r2, r3
 281 0014 02D0     		beq	.L21
 282              	.LVL13:
ARM GAS  C:\Users\fish\AppData\Local\Temp\ccNInoj6.s 			page 9


 283              	.L17:
 121:Core/Src/rtc.c ****   {
 122:Core/Src/rtc.c ****   /* USER CODE BEGIN RTC_MspInit 0 */
 123:Core/Src/rtc.c **** 
 124:Core/Src/rtc.c ****   /* USER CODE END RTC_MspInit 0 */
 125:Core/Src/rtc.c **** 
 126:Core/Src/rtc.c ****   /** Initializes the peripherals clock
 127:Core/Src/rtc.c ****   */
 128:Core/Src/rtc.c ****     PeriphClkInitStruct.PeriphClockSelection = RCC_PERIPHCLK_RTC;
 129:Core/Src/rtc.c ****     PeriphClkInitStruct.RTCClockSelection = RCC_RTCCLKSOURCE_LSE;
 130:Core/Src/rtc.c ****     if (HAL_RCCEx_PeriphCLKConfig(&PeriphClkInitStruct) != HAL_OK)
 131:Core/Src/rtc.c ****     {
 132:Core/Src/rtc.c ****       Error_Handler();
 133:Core/Src/rtc.c ****     }
 134:Core/Src/rtc.c **** 
 135:Core/Src/rtc.c ****     /* RTC clock enable */
 136:Core/Src/rtc.c ****     __HAL_RCC_RTC_ENABLE();
 137:Core/Src/rtc.c ****   /* USER CODE BEGIN RTC_MspInit 1 */
 138:Core/Src/rtc.c **** 
 139:Core/Src/rtc.c ****   /* USER CODE END RTC_MspInit 1 */
 140:Core/Src/rtc.c ****   }
 141:Core/Src/rtc.c **** }
 284              		.loc 1 141 1 view .LVU92
 285 0016 05B0     		add	sp, sp, #20
 286              		.cfi_remember_state
 287              		.cfi_def_cfa_offset 4
 288              		@ sp needed
 289 0018 5DF804FB 		ldr	pc, [sp], #4
 290              	.LVL14:
 291              	.L21:
 292              		.cfi_restore_state
 128:Core/Src/rtc.c ****     PeriphClkInitStruct.RTCClockSelection = RCC_RTCCLKSOURCE_LSE;
 293              		.loc 1 128 5 is_stmt 1 view .LVU93
 128:Core/Src/rtc.c ****     PeriphClkInitStruct.RTCClockSelection = RCC_RTCCLKSOURCE_LSE;
 294              		.loc 1 128 46 is_stmt 0 view .LVU94
 295 001c 0223     		movs	r3, #2
 296 001e 0093     		str	r3, [sp]
 129:Core/Src/rtc.c ****     if (HAL_RCCEx_PeriphCLKConfig(&PeriphClkInitStruct) != HAL_OK)
 297              		.loc 1 129 5 is_stmt 1 view .LVU95
 129:Core/Src/rtc.c ****     if (HAL_RCCEx_PeriphCLKConfig(&PeriphClkInitStruct) != HAL_OK)
 298              		.loc 1 129 43 is_stmt 0 view .LVU96
 299 0020 4FF48073 		mov	r3, #256
 300 0024 0393     		str	r3, [sp, #12]
 130:Core/Src/rtc.c ****     {
 301              		.loc 1 130 5 is_stmt 1 view .LVU97
 130:Core/Src/rtc.c ****     {
 302              		.loc 1 130 9 is_stmt 0 view .LVU98
 303 0026 6846     		mov	r0, sp
 304              	.LVL15:
 130:Core/Src/rtc.c ****     {
 305              		.loc 1 130 9 view .LVU99
 306 0028 FFF7FEFF 		bl	HAL_RCCEx_PeriphCLKConfig
 307              	.LVL16:
 130:Core/Src/rtc.c ****     {
 308              		.loc 1 130 8 discriminator 1 view .LVU100
 309 002c 20B9     		cbnz	r0, .L22
 310              	.L19:
ARM GAS  C:\Users\fish\AppData\Local\Temp\ccNInoj6.s 			page 10


 136:Core/Src/rtc.c ****   /* USER CODE BEGIN RTC_MspInit 1 */
 311              		.loc 1 136 5 is_stmt 1 view .LVU101
 312 002e 054B     		ldr	r3, .L23+4
 313 0030 0122     		movs	r2, #1
 314 0032 C3F83C2E 		str	r2, [r3, #3644]
 315              		.loc 1 141 1 is_stmt 0 view .LVU102
 316 0036 EEE7     		b	.L17
 317              	.L22:
 132:Core/Src/rtc.c ****     }
 318              		.loc 1 132 7 is_stmt 1 view .LVU103
 319 0038 FFF7FEFF 		bl	Error_Handler
 320              	.LVL17:
 321 003c F7E7     		b	.L19
 322              	.L24:
 323 003e 00BF     		.align	2
 324              	.L23:
 325 0040 00280040 		.word	1073752064
 326 0044 00004742 		.word	1111949312
 327              		.cfi_endproc
 328              	.LFE240:
 330              		.section	.text.HAL_RTC_MspDeInit,"ax",%progbits
 331              		.align	1
 332              		.global	HAL_RTC_MspDeInit
 333              		.syntax unified
 334              		.thumb
 335              		.thumb_func
 337              	HAL_RTC_MspDeInit:
 338              	.LVL18:
 339              	.LFB241:
 142:Core/Src/rtc.c **** 
 143:Core/Src/rtc.c **** void HAL_RTC_MspDeInit(RTC_HandleTypeDef* rtcHandle)
 144:Core/Src/rtc.c **** {
 340              		.loc 1 144 1 view -0
 341              		.cfi_startproc
 342              		@ args = 0, pretend = 0, frame = 0
 343              		@ frame_needed = 0, uses_anonymous_args = 0
 344              		@ link register save eliminated.
 145:Core/Src/rtc.c **** 
 146:Core/Src/rtc.c ****   if(rtcHandle->Instance==RTC)
 345              		.loc 1 146 3 view .LVU105
 346              		.loc 1 146 15 is_stmt 0 view .LVU106
 347 0000 0268     		ldr	r2, [r0]
 348              		.loc 1 146 5 view .LVU107
 349 0002 044B     		ldr	r3, .L28
 350 0004 9A42     		cmp	r2, r3
 351 0006 00D0     		beq	.L27
 352              	.L25:
 147:Core/Src/rtc.c ****   {
 148:Core/Src/rtc.c ****   /* USER CODE BEGIN RTC_MspDeInit 0 */
 149:Core/Src/rtc.c **** 
 150:Core/Src/rtc.c ****   /* USER CODE END RTC_MspDeInit 0 */
 151:Core/Src/rtc.c ****     /* Peripheral clock disable */
 152:Core/Src/rtc.c ****     __HAL_RCC_RTC_DISABLE();
 153:Core/Src/rtc.c ****   /* USER CODE BEGIN RTC_MspDeInit 1 */
 154:Core/Src/rtc.c **** 
 155:Core/Src/rtc.c ****   /* USER CODE END RTC_MspDeInit 1 */
 156:Core/Src/rtc.c ****   }
ARM GAS  C:\Users\fish\AppData\Local\Temp\ccNInoj6.s 			page 11


 157:Core/Src/rtc.c **** }
 353              		.loc 1 157 1 view .LVU108
 354 0008 7047     		bx	lr
 355              	.L27:
 152:Core/Src/rtc.c ****   /* USER CODE BEGIN RTC_MspDeInit 1 */
 356              		.loc 1 152 5 is_stmt 1 view .LVU109
 357 000a 034B     		ldr	r3, .L28+4
 358 000c 0022     		movs	r2, #0
 359 000e C3F83C2E 		str	r2, [r3, #3644]
 360              		.loc 1 157 1 is_stmt 0 view .LVU110
 361 0012 F9E7     		b	.L25
 362              	.L29:
 363              		.align	2
 364              	.L28:
 365 0014 00280040 		.word	1073752064
 366 0018 00004742 		.word	1111949312
 367              		.cfi_endproc
 368              	.LFE241:
 370              		.global	hrtc
 371              		.section	.bss.hrtc,"aw",%nobits
 372              		.align	2
 375              	hrtc:
 376 0000 00000000 		.space	32
 376      00000000 
 376      00000000 
 376      00000000 
 376      00000000 
 377              		.text
 378              	.Letext0:
 379              		.file 2 "C:/STM32/arm-none-eabi-gcc/14.2.1-1.1.1/.content/arm-none-eabi/include/machine/_default_t
 380              		.file 3 "C:/STM32/arm-none-eabi-gcc/14.2.1-1.1.1/.content/arm-none-eabi/include/sys/_stdint.h"
 381              		.file 4 "Drivers/CMSIS/Device/ST/STM32F4xx/Include/stm32f407xx.h"
 382              		.file 5 "Drivers/CMSIS/Device/ST/STM32F4xx/Include/stm32f4xx.h"
 383              		.file 6 "Drivers/STM32F4xx_HAL_Driver/Inc/stm32f4xx_hal_def.h"
 384              		.file 7 "Drivers/STM32F4xx_HAL_Driver/Inc/stm32f4xx_hal_rcc_ex.h"
 385              		.file 8 "Drivers/STM32F4xx_HAL_Driver/Inc/stm32f4xx_hal_rtc.h"
 386              		.file 9 "../Bsp/RTC/bsp_rtc.h"
 387              		.file 10 "Core/Inc/main.h"
 388              		.file 11 "Core/Inc/rtc.h"
 389              		.file 12 "<built-in>"
ARM GAS  C:\Users\fish\AppData\Local\Temp\ccNInoj6.s 			page 12


DEFINED SYMBOLS
                            *ABS*:00000000 rtc.c
C:\Users\fish\AppData\Local\Temp\ccNInoj6.s:21     .text.MX_RTC_Init:00000000 $t
C:\Users\fish\AppData\Local\Temp\ccNInoj6.s:27     .text.MX_RTC_Init:00000000 MX_RTC_Init
C:\Users\fish\AppData\Local\Temp\ccNInoj6.s:243    .text.MX_RTC_Init:000000f4 $d
C:\Users\fish\AppData\Local\Temp\ccNInoj6.s:375    .bss.hrtc:00000000 hrtc
C:\Users\fish\AppData\Local\Temp\ccNInoj6.s:249    .text.HAL_RTC_MspInit:00000000 $t
C:\Users\fish\AppData\Local\Temp\ccNInoj6.s:255    .text.HAL_RTC_MspInit:00000000 HAL_RTC_MspInit
C:\Users\fish\AppData\Local\Temp\ccNInoj6.s:325    .text.HAL_RTC_MspInit:00000040 $d
C:\Users\fish\AppData\Local\Temp\ccNInoj6.s:331    .text.HAL_RTC_MspDeInit:00000000 $t
C:\Users\fish\AppData\Local\Temp\ccNInoj6.s:337    .text.HAL_RTC_MspDeInit:00000000 HAL_RTC_MspDeInit
C:\Users\fish\AppData\Local\Temp\ccNInoj6.s:365    .text.HAL_RTC_MspDeInit:00000014 $d
C:\Users\fish\AppData\Local\Temp\ccNInoj6.s:372    .bss.hrtc:00000000 $d

UNDEFINED SYMBOLS
memset
HAL_RTC_Init
BSP_RTC_IsFirstPowerOn
Error_Handler
BSP_RTC_MarkInitialized
HAL_RTC_SetTime
HAL_RTC_SetDate
HAL_RTC_SetAlarm
BSP_RTC_SetDateTime
HAL_RCCEx_PeriphCLKConfig
