ARM GAS  C:\Users\fish\AppData\Local\Temp\ccmVq05A.s 			page 1


   1              		.cpu cortex-m4
   2              		.arch armv7e-m
   3              		.fpu fpv4-sp-d16
   4              		.eabi_attribute 27, 1
   5              		.eabi_attribute 28, 1
   6              		.eabi_attribute 20, 1
   7              		.eabi_attribute 21, 1
   8              		.eabi_attribute 23, 3
   9              		.eabi_attribute 24, 1
  10              		.eabi_attribute 25, 1
  11              		.eabi_attribute 26, 1
  12              		.eabi_attribute 30, 1
  13              		.eabi_attribute 34, 1
  14              		.eabi_attribute 18, 4
  15              		.file	"freertos.c"
  16              		.text
  17              	.Ltext0:
  18              		.cfi_sections	.debug_frame
  19              		.file 1 "Core/Src/freertos.c"
  20              		.section	.rodata.StartNetworkTask.str1.4,"aMS",%progbits,1
  21              		.align	2
  22              	.LC0:
  23 0000 45535030 		.ascii	"ESP01S Demo: Connecting WiFi & TCP...\015\000"
  23      31532044 
  23      656D6F3A 
  23      20436F6E 
  23      6E656374 
  24 0027 00       		.align	2
  25              	.LC1:
  26 0028 45535030 		.ascii	"ESP01S Demo: Connected! Sending 'hello' every secon"
  26      31532044 
  26      656D6F3A 
  26      20436F6E 
  26      6E656374 
  27 005b 642E2E2E 		.ascii	"d...\015\000"
  27      0D00
  28 0061 000000   		.align	2
  29              	.LC2:
  30 0064 68656C6C 		.ascii	"hello\012\000"
  30      6F0A00
  31 006b 00       		.align	2
  32              	.LC3:
  33 006c 45535030 		.ascii	"ESP01S Demo: Connection failed! ret=%d\015\012\000"
  33      31532044 
  33      656D6F3A 
  33      20436F6E 
  33      6E656374 
  34              		.section	.text.StartNetworkTask,"ax",%progbits
  35              		.align	1
  36              		.global	StartNetworkTask
  37              		.syntax unified
  38              		.thumb
  39              		.thumb_func
  41              	StartNetworkTask:
  42              	.LVL0:
  43              	.LFB248:
   1:Core/Src/freertos.c **** /* USER CODE BEGIN Header */
ARM GAS  C:\Users\fish\AppData\Local\Temp\ccmVq05A.s 			page 2


   2:Core/Src/freertos.c **** /**
   3:Core/Src/freertos.c ****   ******************************************************************************
   4:Core/Src/freertos.c ****   * File Name          : freertos.c
   5:Core/Src/freertos.c ****   * Description        : Code for freertos applications
   6:Core/Src/freertos.c ****   ******************************************************************************
   7:Core/Src/freertos.c ****   * @attention
   8:Core/Src/freertos.c ****   *
   9:Core/Src/freertos.c ****   * Copyright (c) 2026 STMicroelectronics.
  10:Core/Src/freertos.c ****   * All rights reserved.
  11:Core/Src/freertos.c ****   *
  12:Core/Src/freertos.c ****   * This software is licensed under terms that can be found in the LICENSE file
  13:Core/Src/freertos.c ****   * in the root directory of this software component.
  14:Core/Src/freertos.c ****   * If no LICENSE file comes with this software, it is provided AS-IS.
  15:Core/Src/freertos.c ****   *
  16:Core/Src/freertos.c ****   ******************************************************************************
  17:Core/Src/freertos.c ****   */
  18:Core/Src/freertos.c **** /* USER CODE END Header */
  19:Core/Src/freertos.c **** 
  20:Core/Src/freertos.c **** /* Includes ------------------------------------------------------------------*/
  21:Core/Src/freertos.c **** #include "FreeRTOS.h"
  22:Core/Src/freertos.c **** #include "task.h"
  23:Core/Src/freertos.c **** #include "main.h"
  24:Core/Src/freertos.c **** #include "cmsis_os.h"
  25:Core/Src/freertos.c **** #include "esp01s.h"
  26:Core/Src/freertos.c **** #include "uart_drv.h"
  27:Core/Src/freertos.c **** #include <stdio.h>
  28:Core/Src/freertos.c **** 
  29:Core/Src/freertos.c **** 
  30:Core/Src/freertos.c **** /* Private includes ----------------------------------------------------------*/
  31:Core/Src/freertos.c **** /* USER CODE BEGIN Includes */
  32:Core/Src/freertos.c **** #include "usart.h"
  33:Core/Src/freertos.c **** 
  34:Core/Src/freertos.c **** /* USER CODE END Includes */
  35:Core/Src/freertos.c **** 
  36:Core/Src/freertos.c **** /* Private typedef -----------------------------------------------------------*/
  37:Core/Src/freertos.c **** /* USER CODE BEGIN PTD */
  38:Core/Src/freertos.c **** 
  39:Core/Src/freertos.c **** /* USER CODE END PTD */
  40:Core/Src/freertos.c **** 
  41:Core/Src/freertos.c **** /* Private define ------------------------------------------------------------*/
  42:Core/Src/freertos.c **** /* USER CODE BEGIN PD */
  43:Core/Src/freertos.c **** 
  44:Core/Src/freertos.c **** /* USER CODE END PD */
  45:Core/Src/freertos.c **** 
  46:Core/Src/freertos.c **** /* Private macro -------------------------------------------------------------*/
  47:Core/Src/freertos.c **** /* USER CODE BEGIN PM */
  48:Core/Src/freertos.c **** 
  49:Core/Src/freertos.c **** /* USER CODE END PM */
  50:Core/Src/freertos.c **** 
  51:Core/Src/freertos.c **** /* Private variables ---------------------------------------------------------*/
  52:Core/Src/freertos.c **** /* USER CODE BEGIN Variables */
  53:Core/Src/freertos.c **** /* USART1 驱动实例 (用于 printf 调试输出) */
  54:Core/Src/freertos.c **** static UartDrv_t g_uart1Drv;
  55:Core/Src/freertos.c **** /* USART6 驱动实例 (用于 ESP01S 通信) */
  56:Core/Src/freertos.c **** static UartDrv_t g_uart6Drv;
  57:Core/Src/freertos.c **** /* USER CODE END Variables */
  58:Core/Src/freertos.c **** 
ARM GAS  C:\Users\fish\AppData\Local\Temp\ccmVq05A.s 			page 3


  59:Core/Src/freertos.c **** /* Definitions for networkTask */
  60:Core/Src/freertos.c **** osThreadId_t networkTaskHandle;
  61:Core/Src/freertos.c **** const osThreadAttr_t networkTask_attributes = {
  62:Core/Src/freertos.c ****   .name = "networkTask",
  63:Core/Src/freertos.c ****   .stack_size = 1024 * 4,
  64:Core/Src/freertos.c ****   .priority = (osPriority_t) osPriorityNormal,
  65:Core/Src/freertos.c **** };
  66:Core/Src/freertos.c **** 
  67:Core/Src/freertos.c **** /* Private function prototypes -----------------------------------------------*/
  68:Core/Src/freertos.c **** /* USER CODE BEGIN FunctionPrototypes */
  69:Core/Src/freertos.c **** /* ESP01S 透传数据接收回调 */
  70:Core/Src/freertos.c **** static void ESP01S_DataCallback(const uint8_t *pData, uint16_t len, void *pUserCtx);
  71:Core/Src/freertos.c **** /* USER CODE END FunctionPrototypes */
  72:Core/Src/freertos.c **** 
  73:Core/Src/freertos.c **** void StartNetworkTask(void *argument);
  74:Core/Src/freertos.c **** 
  75:Core/Src/freertos.c **** void MX_FREERTOS_Init(void); /* (MISRA C 2004 rule 8.1) */
  76:Core/Src/freertos.c **** 
  77:Core/Src/freertos.c **** /**
  78:Core/Src/freertos.c ****   * @brief  ESP01S 透传数据接收回调
  79:Core/Src/freertos.c ****   * @param  pData: 接收到的数据指针
  80:Core/Src/freertos.c ****   * @param  len: 数据长度
  81:Core/Src/freertos.c ****   * @param  pUserCtx: 用户上下文 (未使用)
  82:Core/Src/freertos.c ****   */
  83:Core/Src/freertos.c **** static void ESP01S_DataCallback(const uint8_t *pData, uint16_t len, void *pUserCtx)
  84:Core/Src/freertos.c **** {
  85:Core/Src/freertos.c ****   (void)pUserCtx;
  86:Core/Src/freertos.c ****   printf("[SERVER] %.*s\r\n", len, pData);
  87:Core/Src/freertos.c **** }
  88:Core/Src/freertos.c **** 
  89:Core/Src/freertos.c **** /**
  90:Core/Src/freertos.c ****   * @brief  FreeRTOS initialization
  91:Core/Src/freertos.c ****   * @param  None
  92:Core/Src/freertos.c ****   * @retval None
  93:Core/Src/freertos.c ****   */
  94:Core/Src/freertos.c **** void MX_FREERTOS_Init(void) {
  95:Core/Src/freertos.c ****   /* USER CODE BEGIN Init */
  96:Core/Src/freertos.c **** 
  97:Core/Src/freertos.c ****   /* USER CODE END Init */
  98:Core/Src/freertos.c **** 
  99:Core/Src/freertos.c ****   /* USER CODE BEGIN RTOS_MUTEX */
 100:Core/Src/freertos.c ****   /* add mutexes, ... */
 101:Core/Src/freertos.c ****   /* USER CODE END RTOS_MUTEX */
 102:Core/Src/freertos.c **** 
 103:Core/Src/freertos.c ****   /* USER CODE BEGIN RTOS_SEMAPHORES */
 104:Core/Src/freertos.c ****   /* add semaphores, ... */
 105:Core/Src/freertos.c ****   /* USER CODE END RTOS_SEMAPHORES */
 106:Core/Src/freertos.c **** 
 107:Core/Src/freertos.c ****   /* USER CODE BEGIN RTOS_TIMERS */
 108:Core/Src/freertos.c ****   /* start timers, add new ones, ... */
 109:Core/Src/freertos.c ****   /* USER CODE END RTOS_TIMERS */
 110:Core/Src/freertos.c **** 
 111:Core/Src/freertos.c ****   /* USER CODE BEGIN RTOS_QUEUES */
 112:Core/Src/freertos.c ****   /* add queues, ... */
 113:Core/Src/freertos.c ****   /* USER CODE END RTOS_QUEUES */
 114:Core/Src/freertos.c **** 
 115:Core/Src/freertos.c ****   /* Create the thread(s) */
ARM GAS  C:\Users\fish\AppData\Local\Temp\ccmVq05A.s 			page 4


 116:Core/Src/freertos.c ****   /* creation of networkTask */
 117:Core/Src/freertos.c ****   networkTaskHandle = osThreadNew(StartNetworkTask, NULL, &networkTask_attributes);
 118:Core/Src/freertos.c **** 
 119:Core/Src/freertos.c ****   /* USER CODE BEGIN RTOS_THREADS */
 120:Core/Src/freertos.c ****   /* add threads, ... */
 121:Core/Src/freertos.c ****   /* USER CODE END RTOS_THREADS */
 122:Core/Src/freertos.c **** 
 123:Core/Src/freertos.c ****   /* USER CODE BEGIN RTOS_EVENTS */
 124:Core/Src/freertos.c ****   /* add events, ... */
 125:Core/Src/freertos.c ****   /* USER CODE END RTOS_EVENTS */
 126:Core/Src/freertos.c **** 
 127:Core/Src/freertos.c **** }
 128:Core/Src/freertos.c **** 
 129:Core/Src/freertos.c **** /* USER CODE BEGIN Header_StartNetworkTask */
 130:Core/Src/freertos.c **** /**
 131:Core/Src/freertos.c ****   * @brief  Function implementing the networkTask thread.
 132:Core/Src/freertos.c ****   * @param  argument: Not used
 133:Core/Src/freertos.c ****   * @retval None
 134:Core/Src/freertos.c ****   */
 135:Core/Src/freertos.c **** /* USER CODE END Header_StartNetworkTask */
 136:Core/Src/freertos.c **** void StartNetworkTask(void *argument)
 137:Core/Src/freertos.c **** {
  44              		.loc 1 137 1 view -0
  45              		.cfi_startproc
  46              		@ args = 0, pretend = 0, frame = 0
  47              		@ frame_needed = 0, uses_anonymous_args = 0
  48              		.loc 1 137 1 is_stmt 0 view .LVU1
  49 0000 10B5     		push	{r4, lr}
  50              		.cfi_def_cfa_offset 8
  51              		.cfi_offset 4, -8
  52              		.cfi_offset 14, -4
 138:Core/Src/freertos.c ****   /* USER CODE BEGIN StartNetworkTask */
 139:Core/Src/freertos.c ****   int ret;
  53              		.loc 1 139 3 is_stmt 1 view .LVU2
 140:Core/Src/freertos.c ****   uint32_t tickStart;
  54              		.loc 1 140 3 view .LVU3
 141:Core/Src/freertos.c **** 
 142:Core/Src/freertos.c ****   /* 初始化 USART1 驱动实例 (用于 printf 调试输出) */
 143:Core/Src/freertos.c ****   UartDrv_Init(&g_uart1Drv, &huart1);
  55              		.loc 1 143 3 view .LVU4
  56 0002 1D4C     		ldr	r4, .L8
  57 0004 1D49     		ldr	r1, .L8+4
  58 0006 2046     		mov	r0, r4
  59              	.LVL1:
  60              		.loc 1 143 3 is_stmt 0 view .LVU5
  61 0008 FFF7FEFF 		bl	UartDrv_Init
  62              	.LVL2:
 144:Core/Src/freertos.c ****   UartDrv_SetDebugPort(&g_uart1Drv);
  63              		.loc 1 144 3 is_stmt 1 view .LVU6
  64 000c 2046     		mov	r0, r4
  65 000e FFF7FEFF 		bl	UartDrv_SetDebugPort
  66              	.LVL3:
 145:Core/Src/freertos.c **** 
 146:Core/Src/freertos.c ****   /* 初始化 USART6 驱动实例 (用于 ESP01S 通信) */
 147:Core/Src/freertos.c ****   UartDrv_Init(&g_uart6Drv, &huart6);
  67              		.loc 1 147 3 view .LVU7
  68 0012 1B4C     		ldr	r4, .L8+8
ARM GAS  C:\Users\fish\AppData\Local\Temp\ccmVq05A.s 			page 5


  69 0014 1B49     		ldr	r1, .L8+12
  70 0016 2046     		mov	r0, r4
  71 0018 FFF7FEFF 		bl	UartDrv_Init
  72              	.LVL4:
 148:Core/Src/freertos.c **** 
 149:Core/Src/freertos.c ****   /* 初始化 ESP01S 模块 (内部注册 UART6 接收回调) */
 150:Core/Src/freertos.c ****   ESP01S_Init(&g_uart6Drv);
  73              		.loc 1 150 3 view .LVU8
  74 001c 2046     		mov	r0, r4
  75 001e FFF7FEFF 		bl	ESP01S_Init
  76              	.LVL5:
 151:Core/Src/freertos.c **** 
 152:Core/Src/freertos.c ****   /* 注册透传数据接收回调 (收到服务器数据时打印) */
 153:Core/Src/freertos.c ****   ESP01S_RegisterDataCb(ESP01S_DataCallback, NULL);
  77              		.loc 1 153 3 view .LVU9
  78 0022 0021     		movs	r1, #0
  79 0024 1848     		ldr	r0, .L8+16
  80 0026 FFF7FEFF 		bl	ESP01S_RegisterDataCb
  81              	.LVL6:
 154:Core/Src/freertos.c **** 
 155:Core/Src/freertos.c ****   printf("ESP01S Demo: Connecting WiFi & TCP...\r\n");
  82              		.loc 1 155 3 view .LVU10
  83 002a 1848     		ldr	r0, .L8+20
  84 002c FFF7FEFF 		bl	puts
  85              	.LVL7:
 156:Core/Src/freertos.c **** 
 157:Core/Src/freertos.c ****   /* 启动 ESP01S 连接流程 (阻塞, 等待 WiFi + TCP 连接完成) */
 158:Core/Src/freertos.c ****   ret = ESP01S_Start();
  86              		.loc 1 158 3 view .LVU11
  87              		.loc 1 158 9 is_stmt 0 view .LVU12
  88 0030 FFF7FEFF 		bl	ESP01S_Start
  89              	.LVL8:
 159:Core/Src/freertos.c **** 
 160:Core/Src/freertos.c ****   if (ret == 0)
  90              		.loc 1 160 3 is_stmt 1 view .LVU13
  91              		.loc 1 160 6 is_stmt 0 view .LVU14
  92 0034 B0B9     		cbnz	r0, .L2
 161:Core/Src/freertos.c ****   {
 162:Core/Src/freertos.c ****     printf("ESP01S Demo: Connected! Sending 'hello' every second...\r\n");
  93              		.loc 1 162 5 is_stmt 1 view .LVU15
  94 0036 1648     		ldr	r0, .L8+24
  95              	.LVL9:
  96              		.loc 1 162 5 is_stmt 0 view .LVU16
  97 0038 FFF7FEFF 		bl	puts
  98              	.LVL10:
 163:Core/Src/freertos.c **** 
 164:Core/Src/freertos.c ****     tickStart = HAL_GetTick();
  99              		.loc 1 164 5 is_stmt 1 view .LVU17
 100              		.loc 1 164 17 is_stmt 0 view .LVU18
 101 003c FFF7FEFF 		bl	HAL_GetTick
 102              	.LVL11:
 103 0040 0446     		mov	r4, r0
 104 0042 08E0     		b	.L4
 105              	.LVL12:
 106              	.L7:
 165:Core/Src/freertos.c **** 
 166:Core/Src/freertos.c ****     /* Infinite loop */
ARM GAS  C:\Users\fish\AppData\Local\Temp\ccmVq05A.s 			page 6


 167:Core/Src/freertos.c ****     for(;;)
 168:Core/Src/freertos.c ****     {
 169:Core/Src/freertos.c ****       /* 每隔 1 秒发送 "hello" 字符串到服务器 */
 170:Core/Src/freertos.c ****       if (HAL_GetTick() - tickStart >= 1000)
 171:Core/Src/freertos.c ****       {
 172:Core/Src/freertos.c ****         tickStart = HAL_GetTick();
 107              		.loc 1 172 9 is_stmt 1 view .LVU19
 108              		.loc 1 172 21 is_stmt 0 view .LVU20
 109 0044 FFF7FEFF 		bl	HAL_GetTick
 110              	.LVL13:
 111 0048 0446     		mov	r4, r0
 112              	.LVL14:
 173:Core/Src/freertos.c ****         ESP01S_SendStr("hello\n");
 113              		.loc 1 173 9 is_stmt 1 view .LVU21
 114 004a 1248     		ldr	r0, .L8+28
 115              	.LVL15:
 116              		.loc 1 173 9 is_stmt 0 view .LVU22
 117 004c FFF7FEFF 		bl	ESP01S_SendStr
 118              	.LVL16:
 119              	.L3:
 174:Core/Src/freertos.c ****       }
 175:Core/Src/freertos.c **** 
 176:Core/Src/freertos.c ****       osDelay(50);
 120              		.loc 1 176 7 is_stmt 1 view .LVU23
 121 0050 3220     		movs	r0, #50
 122 0052 FFF7FEFF 		bl	osDelay
 123              	.LVL17:
 167:Core/Src/freertos.c ****     {
 124              		.loc 1 167 5 view .LVU24
 125              	.L4:
 167:Core/Src/freertos.c ****     {
 126              		.loc 1 167 5 view .LVU25
 170:Core/Src/freertos.c ****       {
 127              		.loc 1 170 7 view .LVU26
 170:Core/Src/freertos.c ****       {
 128              		.loc 1 170 11 is_stmt 0 view .LVU27
 129 0056 FFF7FEFF 		bl	HAL_GetTick
 130              	.LVL18:
 170:Core/Src/freertos.c ****       {
 131              		.loc 1 170 25 discriminator 1 view .LVU28
 132 005a 031B     		subs	r3, r0, r4
 170:Core/Src/freertos.c ****       {
 133              		.loc 1 170 10 discriminator 1 view .LVU29
 134 005c B3F57A7F 		cmp	r3, #1000
 135 0060 F0D2     		bcs	.L7
 136 0062 F5E7     		b	.L3
 137              	.LVL19:
 138              	.L2:
 170:Core/Src/freertos.c ****       {
 139              		.loc 1 170 10 discriminator 1 view .LVU30
 140 0064 0146     		mov	r1, r0
 177:Core/Src/freertos.c ****     }
 178:Core/Src/freertos.c ****   }
 179:Core/Src/freertos.c ****   else
 180:Core/Src/freertos.c ****   {
 181:Core/Src/freertos.c ****     printf("ESP01S Demo: Connection failed! ret=%d\r\n", ret);
 141              		.loc 1 181 5 is_stmt 1 view .LVU31
ARM GAS  C:\Users\fish\AppData\Local\Temp\ccmVq05A.s 			page 7


 142 0066 0C48     		ldr	r0, .L8+32
 143              	.LVL20:
 144              		.loc 1 181 5 is_stmt 0 view .LVU32
 145 0068 FFF7FEFF 		bl	printf
 146              	.LVL21:
 147              	.L5:
 182:Core/Src/freertos.c ****   }
 183:Core/Src/freertos.c **** 
 184:Core/Src/freertos.c ****   for(;;)
 148              		.loc 1 184 3 is_stmt 1 view .LVU33
 185:Core/Src/freertos.c ****   {
 186:Core/Src/freertos.c ****     osDelay(1000);
 149              		.loc 1 186 5 discriminator 1 view .LVU34
 150 006c 4FF47A70 		mov	r0, #1000
 151 0070 FFF7FEFF 		bl	osDelay
 152              	.LVL22:
 184:Core/Src/freertos.c ****   {
 153              		.loc 1 184 3 view .LVU35
 154 0074 FAE7     		b	.L5
 155              	.L9:
 156 0076 00BF     		.align	2
 157              	.L8:
 158 0078 00000000 		.word	g_uart1Drv
 159 007c 00000000 		.word	huart1
 160 0080 00000000 		.word	g_uart6Drv
 161 0084 00000000 		.word	huart6
 162 0088 00000000 		.word	ESP01S_DataCallback
 163 008c 00000000 		.word	.LC0
 164 0090 28000000 		.word	.LC1
 165 0094 64000000 		.word	.LC2
 166 0098 6C000000 		.word	.LC3
 167              		.cfi_endproc
 168              	.LFE248:
 170              		.section	.rodata.ESP01S_DataCallback.str1.4,"aMS",%progbits,1
 171              		.align	2
 172              	.LC4:
 173 0000 5B534552 		.ascii	"[SERVER] %.*s\015\012\000"
 173      5645525D 
 173      20252E2A 
 173      730D0A00 
 174              		.section	.text.ESP01S_DataCallback,"ax",%progbits
 175              		.align	1
 176              		.syntax unified
 177              		.thumb
 178              		.thumb_func
 180              	ESP01S_DataCallback:
 181              	.LVL23:
 182              	.LFB246:
  84:Core/Src/freertos.c ****   (void)pUserCtx;
 183              		.loc 1 84 1 view -0
 184              		.cfi_startproc
 185              		@ args = 0, pretend = 0, frame = 0
 186              		@ frame_needed = 0, uses_anonymous_args = 0
  84:Core/Src/freertos.c ****   (void)pUserCtx;
 187              		.loc 1 84 1 is_stmt 0 view .LVU37
 188 0000 08B5     		push	{r3, lr}
 189              		.cfi_def_cfa_offset 8
ARM GAS  C:\Users\fish\AppData\Local\Temp\ccmVq05A.s 			page 8


 190              		.cfi_offset 3, -8
 191              		.cfi_offset 14, -4
 192 0002 0246     		mov	r2, r0
 193              	.LVL24:
  85:Core/Src/freertos.c ****   printf("[SERVER] %.*s\r\n", len, pData);
 194              		.loc 1 85 3 is_stmt 1 view .LVU38
  86:Core/Src/freertos.c **** }
 195              		.loc 1 86 3 view .LVU39
 196 0004 0148     		ldr	r0, .L12
 197              	.LVL25:
  86:Core/Src/freertos.c **** }
 198              		.loc 1 86 3 is_stmt 0 view .LVU40
 199 0006 FFF7FEFF 		bl	printf
 200              	.LVL26:
  87:Core/Src/freertos.c **** 
 201              		.loc 1 87 1 view .LVU41
 202 000a 08BD     		pop	{r3, pc}
 203              	.L13:
 204              		.align	2
 205              	.L12:
 206 000c 00000000 		.word	.LC4
 207              		.cfi_endproc
 208              	.LFE246:
 210              		.section	.text.MX_FREERTOS_Init,"ax",%progbits
 211              		.align	1
 212              		.global	MX_FREERTOS_Init
 213              		.syntax unified
 214              		.thumb
 215              		.thumb_func
 217              	MX_FREERTOS_Init:
 218              	.LFB247:
  94:Core/Src/freertos.c ****   /* USER CODE BEGIN Init */
 219              		.loc 1 94 29 is_stmt 1 view -0
 220              		.cfi_startproc
 221              		@ args = 0, pretend = 0, frame = 0
 222              		@ frame_needed = 0, uses_anonymous_args = 0
 223 0000 08B5     		push	{r3, lr}
 224              		.cfi_def_cfa_offset 8
 225              		.cfi_offset 3, -8
 226              		.cfi_offset 14, -4
 117:Core/Src/freertos.c **** 
 227              		.loc 1 117 3 view .LVU43
 117:Core/Src/freertos.c **** 
 228              		.loc 1 117 23 is_stmt 0 view .LVU44
 229 0002 044A     		ldr	r2, .L16
 230 0004 0021     		movs	r1, #0
 231 0006 0448     		ldr	r0, .L16+4
 232 0008 FFF7FEFF 		bl	osThreadNew
 233              	.LVL27:
 117:Core/Src/freertos.c **** 
 234              		.loc 1 117 21 discriminator 1 view .LVU45
 235 000c 034B     		ldr	r3, .L16+8
 236 000e 1860     		str	r0, [r3]
 127:Core/Src/freertos.c **** 
 237              		.loc 1 127 1 view .LVU46
 238 0010 08BD     		pop	{r3, pc}
 239              	.L17:
ARM GAS  C:\Users\fish\AppData\Local\Temp\ccmVq05A.s 			page 9


 240 0012 00BF     		.align	2
 241              	.L16:
 242 0014 00000000 		.word	networkTask_attributes
 243 0018 00000000 		.word	StartNetworkTask
 244 001c 00000000 		.word	networkTaskHandle
 245              		.cfi_endproc
 246              	.LFE247:
 248              		.global	networkTask_attributes
 249              		.section	.rodata.str1.4,"aMS",%progbits,1
 250              		.align	2
 251              	.LC5:
 252 0000 6E657477 		.ascii	"networkTask\000"
 252      6F726B54 
 252      61736B00 
 253              		.section	.rodata.networkTask_attributes,"a"
 254              		.align	2
 257              	networkTask_attributes:
 258 0000 00000000 		.word	.LC5
 259 0004 00000000 		.space	16
 259      00000000 
 259      00000000 
 259      00000000 
 260 0014 00100000 		.word	4096
 261 0018 18000000 		.word	24
 262 001c 00000000 		.space	8
 262      00000000 
 263              		.global	networkTaskHandle
 264              		.section	.bss.networkTaskHandle,"aw",%nobits
 265              		.align	2
 268              	networkTaskHandle:
 269 0000 00000000 		.space	4
 270              		.section	.bss.g_uart6Drv,"aw",%nobits
 271              		.align	2
 274              	g_uart6Drv:
 275 0000 00000000 		.space	536
 275      00000000 
 275      00000000 
 275      00000000 
 275      00000000 
 276              		.section	.bss.g_uart1Drv,"aw",%nobits
 277              		.align	2
 280              	g_uart1Drv:
 281 0000 00000000 		.space	536
 281      00000000 
 281      00000000 
 281      00000000 
 281      00000000 
 282              		.text
 283              	.Letext0:
 284              		.file 2 "C:/STM32/arm-none-eabi-gcc/14.2.1-1.1.1/.content/arm-none-eabi/include/machine/_default_t
 285              		.file 3 "C:/STM32/arm-none-eabi-gcc/14.2.1-1.1.1/.content/arm-none-eabi/include/sys/_stdint.h"
 286              		.file 4 "Drivers/CMSIS/Device/ST/STM32F4xx/Include/stm32f407xx.h"
 287              		.file 5 "Drivers/STM32F4xx_HAL_Driver/Inc/stm32f4xx_hal_def.h"
 288              		.file 6 "Drivers/STM32F4xx_HAL_Driver/Inc/stm32f4xx_hal_dma.h"
 289              		.file 7 "Drivers/STM32F4xx_HAL_Driver/Inc/stm32f4xx_hal_uart.h"
 290              		.file 8 "Middlewares/Third_Party/FreeRTOS/Source/CMSIS_RTOS_V2/cmsis_os2.h"
 291              		.file 9 "../Bsp/UartDrv/uart_drv.h"
ARM GAS  C:\Users\fish\AppData\Local\Temp\ccmVq05A.s 			page 10


 292              		.file 10 "../Bsp/ESP01/esp01s.h"
 293              		.file 11 "Core/Inc/usart.h"
 294              		.file 12 "C:/STM32/arm-none-eabi-gcc/14.2.1-1.1.1/.content/arm-none-eabi/include/stdio.h"
 295              		.file 13 "Drivers/STM32F4xx_HAL_Driver/Inc/stm32f4xx_hal.h"
 296              		.file 14 "<built-in>"
ARM GAS  C:\Users\fish\AppData\Local\Temp\ccmVq05A.s 			page 11


DEFINED SYMBOLS
                            *ABS*:00000000 freertos.c
C:\Users\fish\AppData\Local\Temp\ccmVq05A.s:21     .rodata.StartNetworkTask.str1.4:00000000 $d
C:\Users\fish\AppData\Local\Temp\ccmVq05A.s:35     .text.StartNetworkTask:00000000 $t
C:\Users\fish\AppData\Local\Temp\ccmVq05A.s:41     .text.StartNetworkTask:00000000 StartNetworkTask
C:\Users\fish\AppData\Local\Temp\ccmVq05A.s:158    .text.StartNetworkTask:00000078 $d
C:\Users\fish\AppData\Local\Temp\ccmVq05A.s:280    .bss.g_uart1Drv:00000000 g_uart1Drv
C:\Users\fish\AppData\Local\Temp\ccmVq05A.s:274    .bss.g_uart6Drv:00000000 g_uart6Drv
C:\Users\fish\AppData\Local\Temp\ccmVq05A.s:180    .text.ESP01S_DataCallback:00000000 ESP01S_DataCallback
C:\Users\fish\AppData\Local\Temp\ccmVq05A.s:171    .rodata.ESP01S_DataCallback.str1.4:00000000 $d
C:\Users\fish\AppData\Local\Temp\ccmVq05A.s:175    .text.ESP01S_DataCallback:00000000 $t
C:\Users\fish\AppData\Local\Temp\ccmVq05A.s:206    .text.ESP01S_DataCallback:0000000c $d
C:\Users\fish\AppData\Local\Temp\ccmVq05A.s:211    .text.MX_FREERTOS_Init:00000000 $t
C:\Users\fish\AppData\Local\Temp\ccmVq05A.s:217    .text.MX_FREERTOS_Init:00000000 MX_FREERTOS_Init
C:\Users\fish\AppData\Local\Temp\ccmVq05A.s:242    .text.MX_FREERTOS_Init:00000014 $d
C:\Users\fish\AppData\Local\Temp\ccmVq05A.s:257    .rodata.networkTask_attributes:00000000 networkTask_attributes
C:\Users\fish\AppData\Local\Temp\ccmVq05A.s:268    .bss.networkTaskHandle:00000000 networkTaskHandle
C:\Users\fish\AppData\Local\Temp\ccmVq05A.s:250    .rodata.str1.4:00000000 $d
C:\Users\fish\AppData\Local\Temp\ccmVq05A.s:254    .rodata.networkTask_attributes:00000000 $d
C:\Users\fish\AppData\Local\Temp\ccmVq05A.s:265    .bss.networkTaskHandle:00000000 $d
C:\Users\fish\AppData\Local\Temp\ccmVq05A.s:271    .bss.g_uart6Drv:00000000 $d
C:\Users\fish\AppData\Local\Temp\ccmVq05A.s:277    .bss.g_uart1Drv:00000000 $d

UNDEFINED SYMBOLS
UartDrv_Init
UartDrv_SetDebugPort
ESP01S_Init
ESP01S_RegisterDataCb
puts
ESP01S_Start
HAL_GetTick
ESP01S_SendStr
osDelay
printf
huart1
huart6
osThreadNew
