ARM GAS  C:\Users\fish\AppData\Local\Temp\ccue3UTu.s 			page 1


   1              		.cpu cortex-m4
   2              		.arch armv7e-m
   3              		.fpu fpv4-sp-d16
   4              		.eabi_attribute 27, 1
   5              		.eabi_attribute 28, 1
   6              		.eabi_attribute 20, 1
   7              		.eabi_attribute 21, 1
   8              		.eabi_attribute 23, 3
   9              		.eabi_attribute 24, 1
  10              		.eabi_attribute 25, 1
  11              		.eabi_attribute 26, 1
  12              		.eabi_attribute 30, 1
  13              		.eabi_attribute 34, 1
  14              		.eabi_attribute 18, 4
  15              		.file	"rtc.c"
  16              		.text
  17              	.Ltext0:
  18              		.cfi_sections	.debug_frame
  19              		.file 1 "Core/Src/rtc.c"
  20              		.section	.text.MX_RTC_Init,"ax",%progbits
  21              		.align	1
  22              		.global	MX_RTC_Init
  23              		.syntax unified
  24              		.thumb
  25              		.thumb_func
  27              	MX_RTC_Init:
  28              	.LFB239:
   1:Core/Src/rtc.c **** /* USER CODE BEGIN Header */
   2:Core/Src/rtc.c **** /**
   3:Core/Src/rtc.c ****   ******************************************************************************
   4:Core/Src/rtc.c ****   * @file    rtc.c
   5:Core/Src/rtc.c ****   * @brief   This file provides code for the configuration
   6:Core/Src/rtc.c ****   *          of the RTC instances.
   7:Core/Src/rtc.c ****   ******************************************************************************
   8:Core/Src/rtc.c ****   * @attention
   9:Core/Src/rtc.c ****   *
  10:Core/Src/rtc.c ****   * Copyright (c) 2026 STMicroelectronics.
  11:Core/Src/rtc.c ****   * All rights reserved.
  12:Core/Src/rtc.c ****   *
  13:Core/Src/rtc.c ****   * This software is licensed under terms that can be found in the LICENSE file
  14:Core/Src/rtc.c ****   * in the root directory of this software component.
  15:Core/Src/rtc.c ****   * If no LICENSE file comes with this software, it is provided AS-IS.
  16:Core/Src/rtc.c ****   *
  17:Core/Src/rtc.c ****   ******************************************************************************
  18:Core/Src/rtc.c ****   */
  19:Core/Src/rtc.c **** /* USER CODE END Header */
  20:Core/Src/rtc.c **** /* Includes ------------------------------------------------------------------*/
  21:Core/Src/rtc.c **** #include "rtc.h"
  22:Core/Src/rtc.c **** 
  23:Core/Src/rtc.c **** /* USER CODE BEGIN 0 */
  24:Core/Src/rtc.c **** #include "bsp_rtc.h"
  25:Core/Src/rtc.c **** /* USER CODE END 0 */
  26:Core/Src/rtc.c **** 
  27:Core/Src/rtc.c **** RTC_HandleTypeDef hrtc;
  28:Core/Src/rtc.c **** 
  29:Core/Src/rtc.c **** /* RTC init function */
  30:Core/Src/rtc.c **** void MX_RTC_Init(void)
ARM GAS  C:\Users\fish\AppData\Local\Temp\ccue3UTu.s 			page 2


  31:Core/Src/rtc.c **** {
  29              		.loc 1 31 1 view -0
  30              		.cfi_startproc
  31              		@ args = 0, pretend = 0, frame = 72
  32              		@ frame_needed = 0, uses_anonymous_args = 0
  33 0000 10B5     		push	{r4, lr}
  34              	.LCFI0:
  35              		.cfi_def_cfa_offset 8
  36              		.cfi_offset 4, -8
  37              		.cfi_offset 14, -4
  38 0002 92B0     		sub	sp, sp, #72
  39              	.LCFI1:
  40              		.cfi_def_cfa_offset 80
  32:Core/Src/rtc.c **** 
  33:Core/Src/rtc.c ****   /* USER CODE BEGIN RTC_Init 0 */
  34:Core/Src/rtc.c **** 
  35:Core/Src/rtc.c ****   /* USER CODE END RTC_Init 0 */
  36:Core/Src/rtc.c **** 
  37:Core/Src/rtc.c ****   RTC_TimeTypeDef sTime = {0};
  41              		.loc 1 37 3 view .LVU1
  42              		.loc 1 37 19 is_stmt 0 view .LVU2
  43 0004 0024     		movs	r4, #0
  44 0006 0B94     		str	r4, [sp, #44]
  45 0008 0C94     		str	r4, [sp, #48]
  46 000a 0D94     		str	r4, [sp, #52]
  47 000c 0E94     		str	r4, [sp, #56]
  48 000e 0F94     		str	r4, [sp, #60]
  38:Core/Src/rtc.c ****   RTC_DateTypeDef sDate = {0};
  49              		.loc 1 38 3 is_stmt 1 view .LVU3
  50              		.loc 1 38 19 is_stmt 0 view .LVU4
  51 0010 0A94     		str	r4, [sp, #40]
  39:Core/Src/rtc.c ****   RTC_AlarmTypeDef sAlarm = {0};
  52              		.loc 1 39 3 is_stmt 1 view .LVU5
  53              		.loc 1 39 20 is_stmt 0 view .LVU6
  54 0012 2822     		movs	r2, #40
  55 0014 2146     		mov	r1, r4
  56 0016 6846     		mov	r0, sp
  57 0018 FFF7FEFF 		bl	memset
  58              	.LVL0:
  40:Core/Src/rtc.c **** 
  41:Core/Src/rtc.c ****   /* USER CODE BEGIN RTC_Init 1 */
  42:Core/Src/rtc.c **** 
  43:Core/Src/rtc.c ****   /* USER CODE END RTC_Init 1 */
  44:Core/Src/rtc.c **** 
  45:Core/Src/rtc.c ****   /** Initialize RTC Only
  46:Core/Src/rtc.c ****   */
  47:Core/Src/rtc.c ****   hrtc.Instance = RTC;
  59              		.loc 1 47 3 is_stmt 1 view .LVU7
  60              		.loc 1 47 17 is_stmt 0 view .LVU8
  61 001c 3548     		ldr	r0, .L15
  62 001e 364B     		ldr	r3, .L15+4
  63 0020 0360     		str	r3, [r0]
  48:Core/Src/rtc.c ****   hrtc.Init.HourFormat = RTC_HOURFORMAT_24;
  64              		.loc 1 48 3 is_stmt 1 view .LVU9
  65              		.loc 1 48 24 is_stmt 0 view .LVU10
  66 0022 4460     		str	r4, [r0, #4]
  49:Core/Src/rtc.c ****   hrtc.Init.AsynchPrediv = 127;
ARM GAS  C:\Users\fish\AppData\Local\Temp\ccue3UTu.s 			page 3


  67              		.loc 1 49 3 is_stmt 1 view .LVU11
  68              		.loc 1 49 26 is_stmt 0 view .LVU12
  69 0024 7F23     		movs	r3, #127
  70 0026 8360     		str	r3, [r0, #8]
  50:Core/Src/rtc.c ****   hrtc.Init.SynchPrediv = 255;
  71              		.loc 1 50 3 is_stmt 1 view .LVU13
  72              		.loc 1 50 25 is_stmt 0 view .LVU14
  73 0028 FF23     		movs	r3, #255
  74 002a C360     		str	r3, [r0, #12]
  51:Core/Src/rtc.c ****   hrtc.Init.OutPut = RTC_OUTPUT_DISABLE;
  75              		.loc 1 51 3 is_stmt 1 view .LVU15
  76              		.loc 1 51 20 is_stmt 0 view .LVU16
  77 002c 0461     		str	r4, [r0, #16]
  52:Core/Src/rtc.c ****   hrtc.Init.OutPutPolarity = RTC_OUTPUT_POLARITY_HIGH;
  78              		.loc 1 52 3 is_stmt 1 view .LVU17
  79              		.loc 1 52 28 is_stmt 0 view .LVU18
  80 002e 4461     		str	r4, [r0, #20]
  53:Core/Src/rtc.c ****   hrtc.Init.OutPutType = RTC_OUTPUT_TYPE_OPENDRAIN;
  81              		.loc 1 53 3 is_stmt 1 view .LVU19
  82              		.loc 1 53 24 is_stmt 0 view .LVU20
  83 0030 8461     		str	r4, [r0, #24]
  54:Core/Src/rtc.c ****   if (HAL_RTC_Init(&hrtc) != HAL_OK)
  84              		.loc 1 54 3 is_stmt 1 view .LVU21
  85              		.loc 1 54 7 is_stmt 0 view .LVU22
  86 0032 FFF7FEFF 		bl	HAL_RTC_Init
  87              	.LVL1:
  88              		.loc 1 54 6 discriminator 1 view .LVU23
  89 0036 20B9     		cbnz	r0, .L10
  90              	.L2:
  55:Core/Src/rtc.c ****   {
  56:Core/Src/rtc.c ****     Error_Handler();
  57:Core/Src/rtc.c ****   }
  58:Core/Src/rtc.c **** 
  59:Core/Src/rtc.c **** /* USER CODE BEGIN Check_RTC_BKUP */
  60:Core/Src/rtc.c ****   /* 首次上电时设置默认时间, 验证日期时间设置功能 */
  61:Core/Src/rtc.c ****   if (BSP_RTC_IsFirstPowerOn())
  91              		.loc 1 61 3 is_stmt 1 view .LVU24
  92              		.loc 1 61 7 is_stmt 0 view .LVU25
  93 0038 FFF7FEFF 		bl	BSP_RTC_IsFirstPowerOn
  94              	.LVL2:
  95              		.loc 1 61 6 discriminator 1 view .LVU26
  96 003c 20B9     		cbnz	r0, .L11
  97              	.L1:
  62:Core/Src/rtc.c ****     BSP_RTC_MarkInitialized();
  63:Core/Src/rtc.c ****   else
  64:Core/Src/rtc.c ****     return;
  65:Core/Src/rtc.c **** 
  66:Core/Src/rtc.c **** /* USER CODE END Check_RTC_BKUP */
  67:Core/Src/rtc.c **** 
  68:Core/Src/rtc.c ****   /** Initialize RTC and set the Time and Date
  69:Core/Src/rtc.c ****   */
  70:Core/Src/rtc.c ****   sTime.Hours = 0x0;
  71:Core/Src/rtc.c ****   sTime.Minutes = 0x0;
  72:Core/Src/rtc.c ****   sTime.Seconds = 0x0;
  73:Core/Src/rtc.c ****   sTime.DayLightSaving = RTC_DAYLIGHTSAVING_NONE;
  74:Core/Src/rtc.c ****   sTime.StoreOperation = RTC_STOREOPERATION_RESET;
  75:Core/Src/rtc.c ****   if (HAL_RTC_SetTime(&hrtc, &sTime, RTC_FORMAT_BCD) != HAL_OK)
ARM GAS  C:\Users\fish\AppData\Local\Temp\ccue3UTu.s 			page 4


  76:Core/Src/rtc.c ****   {
  77:Core/Src/rtc.c ****     Error_Handler();
  78:Core/Src/rtc.c ****   }
  79:Core/Src/rtc.c ****   sDate.WeekDay = RTC_WEEKDAY_MONDAY;
  80:Core/Src/rtc.c ****   sDate.Month = RTC_MONTH_JANUARY;
  81:Core/Src/rtc.c ****   sDate.Date = 0x1;
  82:Core/Src/rtc.c ****   sDate.Year = 0x0;
  83:Core/Src/rtc.c **** 
  84:Core/Src/rtc.c ****   if (HAL_RTC_SetDate(&hrtc, &sDate, RTC_FORMAT_BCD) != HAL_OK)
  85:Core/Src/rtc.c ****   {
  86:Core/Src/rtc.c ****     Error_Handler();
  87:Core/Src/rtc.c ****   }
  88:Core/Src/rtc.c **** 
  89:Core/Src/rtc.c ****   /** Enable the Alarm A
  90:Core/Src/rtc.c ****   */
  91:Core/Src/rtc.c ****   sAlarm.AlarmTime.Hours = 0x0;
  92:Core/Src/rtc.c ****   sAlarm.AlarmTime.Minutes = 0x0;
  93:Core/Src/rtc.c ****   sAlarm.AlarmTime.Seconds = 0x0;
  94:Core/Src/rtc.c ****   sAlarm.AlarmTime.SubSeconds = 0x0;
  95:Core/Src/rtc.c ****   sAlarm.AlarmTime.DayLightSaving = RTC_DAYLIGHTSAVING_NONE;
  96:Core/Src/rtc.c ****   sAlarm.AlarmTime.StoreOperation = RTC_STOREOPERATION_RESET;
  97:Core/Src/rtc.c ****   sAlarm.AlarmMask = RTC_ALARMMASK_NONE;
  98:Core/Src/rtc.c ****   sAlarm.AlarmSubSecondMask = RTC_ALARMSUBSECONDMASK_ALL;
  99:Core/Src/rtc.c ****   sAlarm.AlarmDateWeekDaySel = RTC_ALARMDATEWEEKDAYSEL_DATE;
 100:Core/Src/rtc.c ****   sAlarm.AlarmDateWeekDay = 0x1;
 101:Core/Src/rtc.c ****   sAlarm.Alarm = RTC_ALARM_A;
 102:Core/Src/rtc.c ****   if (HAL_RTC_SetAlarm(&hrtc, &sAlarm, RTC_FORMAT_BCD) != HAL_OK)
 103:Core/Src/rtc.c ****   {
 104:Core/Src/rtc.c ****     Error_Handler();
 105:Core/Src/rtc.c ****   }
 106:Core/Src/rtc.c ****   /* USER CODE BEGIN RTC_Init 2 */
 107:Core/Src/rtc.c ****   BSP_RTC_SetDateTime(&(BSP_RTC_DateTime_t){
 108:Core/Src/rtc.c ****       .year = 2026, .month = 6, .day = 19,
 109:Core/Src/rtc.c ****       .hour = 12, .minute = 0, .second = 0
 110:Core/Src/rtc.c ****   });
 111:Core/Src/rtc.c **** 
 112:Core/Src/rtc.c ****   /* USER CODE END RTC_Init 2 */
 113:Core/Src/rtc.c **** 
 114:Core/Src/rtc.c **** }
  98              		.loc 1 114 1 view .LVU27
  99 003e 12B0     		add	sp, sp, #72
 100              	.LCFI2:
 101              		.cfi_remember_state
 102              		.cfi_def_cfa_offset 8
 103              		@ sp needed
 104 0040 10BD     		pop	{r4, pc}
 105              	.L10:
 106              	.LCFI3:
 107              		.cfi_restore_state
  56:Core/Src/rtc.c ****   }
 108              		.loc 1 56 5 is_stmt 1 view .LVU28
 109 0042 FFF7FEFF 		bl	Error_Handler
 110              	.LVL3:
 111 0046 F7E7     		b	.L2
 112              	.L11:
  62:Core/Src/rtc.c ****     BSP_RTC_MarkInitialized();
 113              		.loc 1 62 5 view .LVU29
ARM GAS  C:\Users\fish\AppData\Local\Temp\ccue3UTu.s 			page 5


 114 0048 FFF7FEFF 		bl	BSP_RTC_MarkInitialized
 115              	.LVL4:
  70:Core/Src/rtc.c ****   sTime.Minutes = 0x0;
 116              		.loc 1 70 3 view .LVU30
  70:Core/Src/rtc.c ****   sTime.Minutes = 0x0;
 117              		.loc 1 70 15 is_stmt 0 view .LVU31
 118 004c 0023     		movs	r3, #0
 119 004e 8DF82C30 		strb	r3, [sp, #44]
  71:Core/Src/rtc.c ****   sTime.Seconds = 0x0;
 120              		.loc 1 71 3 is_stmt 1 view .LVU32
  71:Core/Src/rtc.c ****   sTime.Seconds = 0x0;
 121              		.loc 1 71 17 is_stmt 0 view .LVU33
 122 0052 8DF82D30 		strb	r3, [sp, #45]
  72:Core/Src/rtc.c ****   sTime.DayLightSaving = RTC_DAYLIGHTSAVING_NONE;
 123              		.loc 1 72 3 is_stmt 1 view .LVU34
  72:Core/Src/rtc.c ****   sTime.DayLightSaving = RTC_DAYLIGHTSAVING_NONE;
 124              		.loc 1 72 17 is_stmt 0 view .LVU35
 125 0056 8DF82E30 		strb	r3, [sp, #46]
  73:Core/Src/rtc.c ****   sTime.StoreOperation = RTC_STOREOPERATION_RESET;
 126              		.loc 1 73 3 is_stmt 1 view .LVU36
  73:Core/Src/rtc.c ****   sTime.StoreOperation = RTC_STOREOPERATION_RESET;
 127              		.loc 1 73 24 is_stmt 0 view .LVU37
 128 005a 0E93     		str	r3, [sp, #56]
  74:Core/Src/rtc.c ****   if (HAL_RTC_SetTime(&hrtc, &sTime, RTC_FORMAT_BCD) != HAL_OK)
 129              		.loc 1 74 3 is_stmt 1 view .LVU38
  74:Core/Src/rtc.c ****   if (HAL_RTC_SetTime(&hrtc, &sTime, RTC_FORMAT_BCD) != HAL_OK)
 130              		.loc 1 74 24 is_stmt 0 view .LVU39
 131 005c 0F93     		str	r3, [sp, #60]
  75:Core/Src/rtc.c ****   {
 132              		.loc 1 75 3 is_stmt 1 view .LVU40
  75:Core/Src/rtc.c ****   {
 133              		.loc 1 75 7 is_stmt 0 view .LVU41
 134 005e 0122     		movs	r2, #1
 135 0060 0BA9     		add	r1, sp, #44
 136 0062 2448     		ldr	r0, .L15
 137 0064 FFF7FEFF 		bl	HAL_RTC_SetTime
 138              	.LVL5:
  75:Core/Src/rtc.c ****   {
 139              		.loc 1 75 6 discriminator 1 view .LVU42
 140 0068 0028     		cmp	r0, #0
 141 006a 3AD1     		bne	.L12
 142              	.L5:
  79:Core/Src/rtc.c ****   sDate.Month = RTC_MONTH_JANUARY;
 143              		.loc 1 79 3 is_stmt 1 view .LVU43
  79:Core/Src/rtc.c ****   sDate.Month = RTC_MONTH_JANUARY;
 144              		.loc 1 79 17 is_stmt 0 view .LVU44
 145 006c 0122     		movs	r2, #1
 146 006e 8DF82820 		strb	r2, [sp, #40]
  80:Core/Src/rtc.c ****   sDate.Date = 0x1;
 147              		.loc 1 80 3 is_stmt 1 view .LVU45
  80:Core/Src/rtc.c ****   sDate.Date = 0x1;
 148              		.loc 1 80 15 is_stmt 0 view .LVU46
 149 0072 8DF82920 		strb	r2, [sp, #41]
  81:Core/Src/rtc.c ****   sDate.Year = 0x0;
 150              		.loc 1 81 3 is_stmt 1 view .LVU47
  81:Core/Src/rtc.c ****   sDate.Year = 0x0;
 151              		.loc 1 81 14 is_stmt 0 view .LVU48
ARM GAS  C:\Users\fish\AppData\Local\Temp\ccue3UTu.s 			page 6


 152 0076 8DF82A20 		strb	r2, [sp, #42]
  82:Core/Src/rtc.c **** 
 153              		.loc 1 82 3 is_stmt 1 view .LVU49
  82:Core/Src/rtc.c **** 
 154              		.loc 1 82 14 is_stmt 0 view .LVU50
 155 007a 0023     		movs	r3, #0
 156 007c 8DF82B30 		strb	r3, [sp, #43]
  84:Core/Src/rtc.c ****   {
 157              		.loc 1 84 3 is_stmt 1 view .LVU51
  84:Core/Src/rtc.c ****   {
 158              		.loc 1 84 7 is_stmt 0 view .LVU52
 159 0080 0AA9     		add	r1, sp, #40
 160 0082 1C48     		ldr	r0, .L15
 161 0084 FFF7FEFF 		bl	HAL_RTC_SetDate
 162              	.LVL6:
  84:Core/Src/rtc.c ****   {
 163              		.loc 1 84 6 discriminator 1 view .LVU53
 164 0088 70BB     		cbnz	r0, .L13
 165              	.L7:
  91:Core/Src/rtc.c ****   sAlarm.AlarmTime.Minutes = 0x0;
 166              		.loc 1 91 3 is_stmt 1 view .LVU54
  91:Core/Src/rtc.c ****   sAlarm.AlarmTime.Minutes = 0x0;
 167              		.loc 1 91 26 is_stmt 0 view .LVU55
 168 008a 0023     		movs	r3, #0
 169 008c 8DF80030 		strb	r3, [sp]
  92:Core/Src/rtc.c ****   sAlarm.AlarmTime.Seconds = 0x0;
 170              		.loc 1 92 3 is_stmt 1 view .LVU56
  92:Core/Src/rtc.c ****   sAlarm.AlarmTime.Seconds = 0x0;
 171              		.loc 1 92 28 is_stmt 0 view .LVU57
 172 0090 8DF80130 		strb	r3, [sp, #1]
  93:Core/Src/rtc.c ****   sAlarm.AlarmTime.SubSeconds = 0x0;
 173              		.loc 1 93 3 is_stmt 1 view .LVU58
  93:Core/Src/rtc.c ****   sAlarm.AlarmTime.SubSeconds = 0x0;
 174              		.loc 1 93 28 is_stmt 0 view .LVU59
 175 0094 8DF80230 		strb	r3, [sp, #2]
  94:Core/Src/rtc.c ****   sAlarm.AlarmTime.DayLightSaving = RTC_DAYLIGHTSAVING_NONE;
 176              		.loc 1 94 3 is_stmt 1 view .LVU60
  94:Core/Src/rtc.c ****   sAlarm.AlarmTime.DayLightSaving = RTC_DAYLIGHTSAVING_NONE;
 177              		.loc 1 94 31 is_stmt 0 view .LVU61
 178 0098 0193     		str	r3, [sp, #4]
  95:Core/Src/rtc.c ****   sAlarm.AlarmTime.StoreOperation = RTC_STOREOPERATION_RESET;
 179              		.loc 1 95 3 is_stmt 1 view .LVU62
  95:Core/Src/rtc.c ****   sAlarm.AlarmTime.StoreOperation = RTC_STOREOPERATION_RESET;
 180              		.loc 1 95 35 is_stmt 0 view .LVU63
 181 009a 0393     		str	r3, [sp, #12]
  96:Core/Src/rtc.c ****   sAlarm.AlarmMask = RTC_ALARMMASK_NONE;
 182              		.loc 1 96 3 is_stmt 1 view .LVU64
  96:Core/Src/rtc.c ****   sAlarm.AlarmMask = RTC_ALARMMASK_NONE;
 183              		.loc 1 96 35 is_stmt 0 view .LVU65
 184 009c 0493     		str	r3, [sp, #16]
  97:Core/Src/rtc.c ****   sAlarm.AlarmSubSecondMask = RTC_ALARMSUBSECONDMASK_ALL;
 185              		.loc 1 97 3 is_stmt 1 view .LVU66
  97:Core/Src/rtc.c ****   sAlarm.AlarmSubSecondMask = RTC_ALARMSUBSECONDMASK_ALL;
 186              		.loc 1 97 20 is_stmt 0 view .LVU67
 187 009e 0593     		str	r3, [sp, #20]
  98:Core/Src/rtc.c ****   sAlarm.AlarmDateWeekDaySel = RTC_ALARMDATEWEEKDAYSEL_DATE;
 188              		.loc 1 98 3 is_stmt 1 view .LVU68
ARM GAS  C:\Users\fish\AppData\Local\Temp\ccue3UTu.s 			page 7


  98:Core/Src/rtc.c ****   sAlarm.AlarmDateWeekDaySel = RTC_ALARMDATEWEEKDAYSEL_DATE;
 189              		.loc 1 98 29 is_stmt 0 view .LVU69
 190 00a0 0693     		str	r3, [sp, #24]
  99:Core/Src/rtc.c ****   sAlarm.AlarmDateWeekDay = 0x1;
 191              		.loc 1 99 3 is_stmt 1 view .LVU70
  99:Core/Src/rtc.c ****   sAlarm.AlarmDateWeekDay = 0x1;
 192              		.loc 1 99 30 is_stmt 0 view .LVU71
 193 00a2 0793     		str	r3, [sp, #28]
 100:Core/Src/rtc.c ****   sAlarm.Alarm = RTC_ALARM_A;
 194              		.loc 1 100 3 is_stmt 1 view .LVU72
 100:Core/Src/rtc.c ****   sAlarm.Alarm = RTC_ALARM_A;
 195              		.loc 1 100 27 is_stmt 0 view .LVU73
 196 00a4 0122     		movs	r2, #1
 197 00a6 8DF82020 		strb	r2, [sp, #32]
 101:Core/Src/rtc.c ****   if (HAL_RTC_SetAlarm(&hrtc, &sAlarm, RTC_FORMAT_BCD) != HAL_OK)
 198              		.loc 1 101 3 is_stmt 1 view .LVU74
 101:Core/Src/rtc.c ****   if (HAL_RTC_SetAlarm(&hrtc, &sAlarm, RTC_FORMAT_BCD) != HAL_OK)
 199              		.loc 1 101 16 is_stmt 0 view .LVU75
 200 00aa 4FF48073 		mov	r3, #256
 201 00ae 0993     		str	r3, [sp, #36]
 102:Core/Src/rtc.c ****   {
 202              		.loc 1 102 3 is_stmt 1 view .LVU76
 102:Core/Src/rtc.c ****   {
 203              		.loc 1 102 7 is_stmt 0 view .LVU77
 204 00b0 6946     		mov	r1, sp
 205 00b2 1048     		ldr	r0, .L15
 206 00b4 FFF7FEFF 		bl	HAL_RTC_SetAlarm
 207              	.LVL7:
 102:Core/Src/rtc.c ****   {
 208              		.loc 1 102 6 discriminator 1 view .LVU78
 209 00b8 C8B9     		cbnz	r0, .L14
 210              	.L8:
 107:Core/Src/rtc.c ****       .year = 2026, .month = 6, .day = 19,
 211              		.loc 1 107 3 is_stmt 1 view .LVU79
 107:Core/Src/rtc.c ****       .year = 2026, .month = 6, .day = 19,
 212              		.loc 1 107 44 is_stmt 0 view .LVU80
 213 00ba 10A8     		add	r0, sp, #64
 214 00bc 0023     		movs	r3, #0
 215 00be 1093     		str	r3, [sp, #64]
 216 00c0 4360     		str	r3, [r0, #4]
 217 00c2 40F2EA73 		movw	r3, #2026
 218 00c6 ADF84030 		strh	r3, [sp, #64]	@ movhi
 219 00ca 0623     		movs	r3, #6
 220 00cc 8DF84230 		strb	r3, [sp, #66]
 221 00d0 1323     		movs	r3, #19
 222 00d2 8DF84330 		strb	r3, [sp, #67]
 223 00d6 0C23     		movs	r3, #12
 224 00d8 8DF84530 		strb	r3, [sp, #69]
 107:Core/Src/rtc.c ****       .year = 2026, .month = 6, .day = 19,
 225              		.loc 1 107 3 view .LVU81
 226 00dc FFF7FEFF 		bl	BSP_RTC_SetDateTime
 227              	.LVL8:
 228 00e0 ADE7     		b	.L1
 229              	.L12:
  77:Core/Src/rtc.c ****   }
 230              		.loc 1 77 5 is_stmt 1 view .LVU82
 231 00e2 FFF7FEFF 		bl	Error_Handler
ARM GAS  C:\Users\fish\AppData\Local\Temp\ccue3UTu.s 			page 8


 232              	.LVL9:
 233 00e6 C1E7     		b	.L5
 234              	.L13:
  86:Core/Src/rtc.c ****   }
 235              		.loc 1 86 5 view .LVU83
 236 00e8 FFF7FEFF 		bl	Error_Handler
 237              	.LVL10:
 238 00ec CDE7     		b	.L7
 239              	.L14:
 104:Core/Src/rtc.c ****   }
 240              		.loc 1 104 5 view .LVU84
 241 00ee FFF7FEFF 		bl	Error_Handler
 242              	.LVL11:
 243 00f2 E2E7     		b	.L8
 244              	.L16:
 245              		.align	2
 246              	.L15:
 247 00f4 00000000 		.word	hrtc
 248 00f8 00280040 		.word	1073752064
 249              		.cfi_endproc
 250              	.LFE239:
 252              		.section	.text.HAL_RTC_MspInit,"ax",%progbits
 253              		.align	1
 254              		.global	HAL_RTC_MspInit
 255              		.syntax unified
 256              		.thumb
 257              		.thumb_func
 259              	HAL_RTC_MspInit:
 260              	.LVL12:
 261              	.LFB240:
 115:Core/Src/rtc.c **** 
 116:Core/Src/rtc.c **** void HAL_RTC_MspInit(RTC_HandleTypeDef* rtcHandle)
 117:Core/Src/rtc.c **** {
 262              		.loc 1 117 1 view -0
 263              		.cfi_startproc
 264              		@ args = 0, pretend = 0, frame = 16
 265              		@ frame_needed = 0, uses_anonymous_args = 0
 266              		.loc 1 117 1 is_stmt 0 view .LVU86
 267 0000 00B5     		push	{lr}
 268              	.LCFI4:
 269              		.cfi_def_cfa_offset 4
 270              		.cfi_offset 14, -4
 271 0002 85B0     		sub	sp, sp, #20
 272              	.LCFI5:
 273              		.cfi_def_cfa_offset 24
 118:Core/Src/rtc.c **** 
 119:Core/Src/rtc.c ****   RCC_PeriphCLKInitTypeDef PeriphClkInitStruct = {0};
 274              		.loc 1 119 3 is_stmt 1 view .LVU87
 275              		.loc 1 119 28 is_stmt 0 view .LVU88
 276 0004 0023     		movs	r3, #0
 277 0006 0093     		str	r3, [sp]
 278 0008 0193     		str	r3, [sp, #4]
 279 000a 0293     		str	r3, [sp, #8]
 280 000c 0393     		str	r3, [sp, #12]
 120:Core/Src/rtc.c ****   if(rtcHandle->Instance==RTC)
 281              		.loc 1 120 3 is_stmt 1 view .LVU89
 282              		.loc 1 120 15 is_stmt 0 view .LVU90
ARM GAS  C:\Users\fish\AppData\Local\Temp\ccue3UTu.s 			page 9


 283 000e 0268     		ldr	r2, [r0]
 284              		.loc 1 120 5 view .LVU91
 285 0010 0B4B     		ldr	r3, .L23
 286 0012 9A42     		cmp	r2, r3
 287 0014 02D0     		beq	.L21
 288              	.LVL13:
 289              	.L17:
 121:Core/Src/rtc.c ****   {
 122:Core/Src/rtc.c ****   /* USER CODE BEGIN RTC_MspInit 0 */
 123:Core/Src/rtc.c **** 
 124:Core/Src/rtc.c ****   /* USER CODE END RTC_MspInit 0 */
 125:Core/Src/rtc.c **** 
 126:Core/Src/rtc.c ****   /** Initializes the peripherals clock
 127:Core/Src/rtc.c ****   */
 128:Core/Src/rtc.c ****     PeriphClkInitStruct.PeriphClockSelection = RCC_PERIPHCLK_RTC;
 129:Core/Src/rtc.c ****     PeriphClkInitStruct.RTCClockSelection = RCC_RTCCLKSOURCE_LSE;
 130:Core/Src/rtc.c ****     if (HAL_RCCEx_PeriphCLKConfig(&PeriphClkInitStruct) != HAL_OK)
 131:Core/Src/rtc.c ****     {
 132:Core/Src/rtc.c ****       Error_Handler();
 133:Core/Src/rtc.c ****     }
 134:Core/Src/rtc.c **** 
 135:Core/Src/rtc.c ****     /* RTC clock enable */
 136:Core/Src/rtc.c ****     __HAL_RCC_RTC_ENABLE();
 137:Core/Src/rtc.c ****   /* USER CODE BEGIN RTC_MspInit 1 */
 138:Core/Src/rtc.c **** 
 139:Core/Src/rtc.c ****   /* USER CODE END RTC_MspInit 1 */
 140:Core/Src/rtc.c ****   }
 141:Core/Src/rtc.c **** }
 290              		.loc 1 141 1 view .LVU92
 291 0016 05B0     		add	sp, sp, #20
 292              	.LCFI6:
 293              		.cfi_remember_state
 294              		.cfi_def_cfa_offset 4
 295              		@ sp needed
 296 0018 5DF804FB 		ldr	pc, [sp], #4
 297              	.LVL14:
 298              	.L21:
 299              	.LCFI7:
 300              		.cfi_restore_state
 128:Core/Src/rtc.c ****     PeriphClkInitStruct.RTCClockSelection = RCC_RTCCLKSOURCE_LSE;
 301              		.loc 1 128 5 is_stmt 1 view .LVU93
 128:Core/Src/rtc.c ****     PeriphClkInitStruct.RTCClockSelection = RCC_RTCCLKSOURCE_LSE;
 302              		.loc 1 128 46 is_stmt 0 view .LVU94
 303 001c 0223     		movs	r3, #2
 304 001e 0093     		str	r3, [sp]
 129:Core/Src/rtc.c ****     if (HAL_RCCEx_PeriphCLKConfig(&PeriphClkInitStruct) != HAL_OK)
 305              		.loc 1 129 5 is_stmt 1 view .LVU95
 129:Core/Src/rtc.c ****     if (HAL_RCCEx_PeriphCLKConfig(&PeriphClkInitStruct) != HAL_OK)
 306              		.loc 1 129 43 is_stmt 0 view .LVU96
 307 0020 4FF48073 		mov	r3, #256
 308 0024 0393     		str	r3, [sp, #12]
 130:Core/Src/rtc.c ****     {
 309              		.loc 1 130 5 is_stmt 1 view .LVU97
 130:Core/Src/rtc.c ****     {
 310              		.loc 1 130 9 is_stmt 0 view .LVU98
 311 0026 6846     		mov	r0, sp
 312              	.LVL15:
ARM GAS  C:\Users\fish\AppData\Local\Temp\ccue3UTu.s 			page 10


 130:Core/Src/rtc.c ****     {
 313              		.loc 1 130 9 view .LVU99
 314 0028 FFF7FEFF 		bl	HAL_RCCEx_PeriphCLKConfig
 315              	.LVL16:
 130:Core/Src/rtc.c ****     {
 316              		.loc 1 130 8 discriminator 1 view .LVU100
 317 002c 20B9     		cbnz	r0, .L22
 318              	.L19:
 136:Core/Src/rtc.c ****   /* USER CODE BEGIN RTC_MspInit 1 */
 319              		.loc 1 136 5 is_stmt 1 view .LVU101
 320 002e 054B     		ldr	r3, .L23+4
 321 0030 0122     		movs	r2, #1
 322 0032 C3F83C2E 		str	r2, [r3, #3644]
 323              		.loc 1 141 1 is_stmt 0 view .LVU102
 324 0036 EEE7     		b	.L17
 325              	.L22:
 132:Core/Src/rtc.c ****     }
 326              		.loc 1 132 7 is_stmt 1 view .LVU103
 327 0038 FFF7FEFF 		bl	Error_Handler
 328              	.LVL17:
 329 003c F7E7     		b	.L19
 330              	.L24:
 331 003e 00BF     		.align	2
 332              	.L23:
 333 0040 00280040 		.word	1073752064
 334 0044 00004742 		.word	1111949312
 335              		.cfi_endproc
 336              	.LFE240:
 338              		.section	.text.HAL_RTC_MspDeInit,"ax",%progbits
 339              		.align	1
 340              		.global	HAL_RTC_MspDeInit
 341              		.syntax unified
 342              		.thumb
 343              		.thumb_func
 345              	HAL_RTC_MspDeInit:
 346              	.LVL18:
 347              	.LFB241:
 142:Core/Src/rtc.c **** 
 143:Core/Src/rtc.c **** void HAL_RTC_MspDeInit(RTC_HandleTypeDef* rtcHandle)
 144:Core/Src/rtc.c **** {
 348              		.loc 1 144 1 view -0
 349              		.cfi_startproc
 350              		@ args = 0, pretend = 0, frame = 0
 351              		@ frame_needed = 0, uses_anonymous_args = 0
 352              		@ link register save eliminated.
 145:Core/Src/rtc.c **** 
 146:Core/Src/rtc.c ****   if(rtcHandle->Instance==RTC)
 353              		.loc 1 146 3 view .LVU105
 354              		.loc 1 146 15 is_stmt 0 view .LVU106
 355 0000 0268     		ldr	r2, [r0]
 356              		.loc 1 146 5 view .LVU107
 357 0002 044B     		ldr	r3, .L28
 358 0004 9A42     		cmp	r2, r3
 359 0006 00D0     		beq	.L27
 360              	.L25:
 147:Core/Src/rtc.c ****   {
 148:Core/Src/rtc.c ****   /* USER CODE BEGIN RTC_MspDeInit 0 */
ARM GAS  C:\Users\fish\AppData\Local\Temp\ccue3UTu.s 			page 11


 149:Core/Src/rtc.c **** 
 150:Core/Src/rtc.c ****   /* USER CODE END RTC_MspDeInit 0 */
 151:Core/Src/rtc.c ****     /* Peripheral clock disable */
 152:Core/Src/rtc.c ****     __HAL_RCC_RTC_DISABLE();
 153:Core/Src/rtc.c ****   /* USER CODE BEGIN RTC_MspDeInit 1 */
 154:Core/Src/rtc.c **** 
 155:Core/Src/rtc.c ****   /* USER CODE END RTC_MspDeInit 1 */
 156:Core/Src/rtc.c ****   }
 157:Core/Src/rtc.c **** }
 361              		.loc 1 157 1 view .LVU108
 362 0008 7047     		bx	lr
 363              	.L27:
 152:Core/Src/rtc.c ****   /* USER CODE BEGIN RTC_MspDeInit 1 */
 364              		.loc 1 152 5 is_stmt 1 view .LVU109
 365 000a 034B     		ldr	r3, .L28+4
 366 000c 0022     		movs	r2, #0
 367 000e C3F83C2E 		str	r2, [r3, #3644]
 368              		.loc 1 157 1 is_stmt 0 view .LVU110
 369 0012 F9E7     		b	.L25
 370              	.L29:
 371              		.align	2
 372              	.L28:
 373 0014 00280040 		.word	1073752064
 374 0018 00004742 		.word	1111949312
 375              		.cfi_endproc
 376              	.LFE241:
 378              		.global	hrtc
 379              		.section	.bss.hrtc,"aw",%nobits
 380              		.align	2
 383              	hrtc:
 384 0000 00000000 		.space	32
 384      00000000 
 384      00000000 
 384      00000000 
 384      00000000 
 385              		.text
 386              	.Letext0:
 387              		.file 2 "C:/STM32/arm-none-eabi-gcc/14.2.1-1.1.1/.content/arm-none-eabi/include/machine/_default_t
 388              		.file 3 "C:/STM32/arm-none-eabi-gcc/14.2.1-1.1.1/.content/arm-none-eabi/include/sys/_stdint.h"
 389              		.file 4 "Drivers/CMSIS/Device/ST/STM32F4xx/Include/stm32f407xx.h"
 390              		.file 5 "Drivers/CMSIS/Device/ST/STM32F4xx/Include/stm32f4xx.h"
 391              		.file 6 "Drivers/STM32F4xx_HAL_Driver/Inc/stm32f4xx_hal_def.h"
 392              		.file 7 "Drivers/STM32F4xx_HAL_Driver/Inc/stm32f4xx_hal_rcc_ex.h"
 393              		.file 8 "Drivers/STM32F4xx_HAL_Driver/Inc/stm32f4xx_hal_rtc.h"
 394              		.file 9 "../Bsp/RTC/bsp_rtc.h"
 395              		.file 10 "Core/Inc/main.h"
 396              		.file 11 "Core/Inc/rtc.h"
 397              		.file 12 "<built-in>"
ARM GAS  C:\Users\fish\AppData\Local\Temp\ccue3UTu.s 			page 12


DEFINED SYMBOLS
                            *ABS*:00000000 rtc.c
C:\Users\fish\AppData\Local\Temp\ccue3UTu.s:21     .text.MX_RTC_Init:00000000 $t
C:\Users\fish\AppData\Local\Temp\ccue3UTu.s:27     .text.MX_RTC_Init:00000000 MX_RTC_Init
C:\Users\fish\AppData\Local\Temp\ccue3UTu.s:247    .text.MX_RTC_Init:000000f4 $d
C:\Users\fish\AppData\Local\Temp\ccue3UTu.s:383    .bss.hrtc:00000000 hrtc
C:\Users\fish\AppData\Local\Temp\ccue3UTu.s:253    .text.HAL_RTC_MspInit:00000000 $t
C:\Users\fish\AppData\Local\Temp\ccue3UTu.s:259    .text.HAL_RTC_MspInit:00000000 HAL_RTC_MspInit
C:\Users\fish\AppData\Local\Temp\ccue3UTu.s:333    .text.HAL_RTC_MspInit:00000040 $d
C:\Users\fish\AppData\Local\Temp\ccue3UTu.s:339    .text.HAL_RTC_MspDeInit:00000000 $t
C:\Users\fish\AppData\Local\Temp\ccue3UTu.s:345    .text.HAL_RTC_MspDeInit:00000000 HAL_RTC_MspDeInit
C:\Users\fish\AppData\Local\Temp\ccue3UTu.s:373    .text.HAL_RTC_MspDeInit:00000014 $d
C:\Users\fish\AppData\Local\Temp\ccue3UTu.s:380    .bss.hrtc:00000000 $d

UNDEFINED SYMBOLS
memset
HAL_RTC_Init
BSP_RTC_IsFirstPowerOn
Error_Handler
BSP_RTC_MarkInitialized
HAL_RTC_SetTime
HAL_RTC_SetDate
HAL_RTC_SetAlarm
BSP_RTC_SetDateTime
HAL_RCCEx_PeriphCLKConfig
