ARM GAS  C:\Users\fish\AppData\Local\Temp\cctVkuMq.s 			page 1


   1              		.cpu cortex-m4
   2              		.arch armv7e-m
   3              		.fpu fpv4-sp-d16
   4              		.eabi_attribute 27, 1
   5              		.eabi_attribute 28, 1
   6              		.eabi_attribute 20, 1
   7              		.eabi_attribute 21, 1
   8              		.eabi_attribute 23, 3
   9              		.eabi_attribute 24, 1
  10              		.eabi_attribute 25, 1
  11              		.eabi_attribute 26, 1
  12              		.eabi_attribute 30, 1
  13              		.eabi_attribute 34, 1
  14              		.eabi_attribute 18, 4
  15              		.file	"stm32f4xx_it.c"
  16              		.text
  17              	.Ltext0:
  18              		.cfi_sections	.debug_frame
  19              		.file 1 "Core/Src/stm32f4xx_it.c"
  20              		.section	.text.NMI_Handler,"ax",%progbits
  21              		.align	1
  22              		.global	NMI_Handler
  23              		.syntax unified
  24              		.thumb
  25              		.thumb_func
  27              	NMI_Handler:
  28              	.LFB239:
   1:Core/Src/stm32f4xx_it.c **** /* USER CODE BEGIN Header */
   2:Core/Src/stm32f4xx_it.c **** /**
   3:Core/Src/stm32f4xx_it.c ****   ******************************************************************************
   4:Core/Src/stm32f4xx_it.c ****   * @file    stm32f4xx_it.c
   5:Core/Src/stm32f4xx_it.c ****   * @brief   Interrupt Service Routines.
   6:Core/Src/stm32f4xx_it.c ****   ******************************************************************************
   7:Core/Src/stm32f4xx_it.c ****   * @attention
   8:Core/Src/stm32f4xx_it.c ****   *
   9:Core/Src/stm32f4xx_it.c ****   * Copyright (c) 2026 STMicroelectronics.
  10:Core/Src/stm32f4xx_it.c ****   * All rights reserved.
  11:Core/Src/stm32f4xx_it.c ****   *
  12:Core/Src/stm32f4xx_it.c ****   * This software is licensed under terms that can be found in the LICENSE file
  13:Core/Src/stm32f4xx_it.c ****   * in the root directory of this software component.
  14:Core/Src/stm32f4xx_it.c ****   * If no LICENSE file comes with this software, it is provided AS-IS.
  15:Core/Src/stm32f4xx_it.c ****   *
  16:Core/Src/stm32f4xx_it.c ****   ******************************************************************************
  17:Core/Src/stm32f4xx_it.c ****   */
  18:Core/Src/stm32f4xx_it.c **** /* USER CODE END Header */
  19:Core/Src/stm32f4xx_it.c **** 
  20:Core/Src/stm32f4xx_it.c **** /* Includes ------------------------------------------------------------------*/
  21:Core/Src/stm32f4xx_it.c **** #include "main.h"
  22:Core/Src/stm32f4xx_it.c **** #include "stm32f4xx_it.h"
  23:Core/Src/stm32f4xx_it.c **** /* Private includes ----------------------------------------------------------*/
  24:Core/Src/stm32f4xx_it.c **** /* USER CODE BEGIN Includes */
  25:Core/Src/stm32f4xx_it.c **** /* USER CODE END Includes */
  26:Core/Src/stm32f4xx_it.c **** 
  27:Core/Src/stm32f4xx_it.c **** /* Private typedef -----------------------------------------------------------*/
  28:Core/Src/stm32f4xx_it.c **** /* USER CODE BEGIN TD */
  29:Core/Src/stm32f4xx_it.c **** 
  30:Core/Src/stm32f4xx_it.c **** /* USER CODE END TD */
ARM GAS  C:\Users\fish\AppData\Local\Temp\cctVkuMq.s 			page 2


  31:Core/Src/stm32f4xx_it.c **** 
  32:Core/Src/stm32f4xx_it.c **** /* Private define ------------------------------------------------------------*/
  33:Core/Src/stm32f4xx_it.c **** /* USER CODE BEGIN PD */
  34:Core/Src/stm32f4xx_it.c **** 
  35:Core/Src/stm32f4xx_it.c **** /* USER CODE END PD */
  36:Core/Src/stm32f4xx_it.c **** 
  37:Core/Src/stm32f4xx_it.c **** /* Private macro -------------------------------------------------------------*/
  38:Core/Src/stm32f4xx_it.c **** /* USER CODE BEGIN PM */
  39:Core/Src/stm32f4xx_it.c **** 
  40:Core/Src/stm32f4xx_it.c **** /* USER CODE END PM */
  41:Core/Src/stm32f4xx_it.c **** 
  42:Core/Src/stm32f4xx_it.c **** /* Private variables ---------------------------------------------------------*/
  43:Core/Src/stm32f4xx_it.c **** /* USER CODE BEGIN PV */
  44:Core/Src/stm32f4xx_it.c **** 
  45:Core/Src/stm32f4xx_it.c **** /* USER CODE END PV */
  46:Core/Src/stm32f4xx_it.c **** 
  47:Core/Src/stm32f4xx_it.c **** /* Private function prototypes -----------------------------------------------*/
  48:Core/Src/stm32f4xx_it.c **** /* USER CODE BEGIN PFP */
  49:Core/Src/stm32f4xx_it.c **** 
  50:Core/Src/stm32f4xx_it.c **** /* USER CODE END PFP */
  51:Core/Src/stm32f4xx_it.c **** 
  52:Core/Src/stm32f4xx_it.c **** /* Private user code ---------------------------------------------------------*/
  53:Core/Src/stm32f4xx_it.c **** /* USER CODE BEGIN 0 */
  54:Core/Src/stm32f4xx_it.c **** 
  55:Core/Src/stm32f4xx_it.c **** /* USER CODE END 0 */
  56:Core/Src/stm32f4xx_it.c **** 
  57:Core/Src/stm32f4xx_it.c **** /* External variables --------------------------------------------------------*/
  58:Core/Src/stm32f4xx_it.c **** extern DMA_HandleTypeDef hdma_adc1;
  59:Core/Src/stm32f4xx_it.c **** extern DMA_HandleTypeDef hdma_dac1;
  60:Core/Src/stm32f4xx_it.c **** extern TIM_HandleTypeDef htim3;
  61:Core/Src/stm32f4xx_it.c **** extern TIM_HandleTypeDef htim8;
  62:Core/Src/stm32f4xx_it.c **** extern DMA_HandleTypeDef hdma_usart1_rx;
  63:Core/Src/stm32f4xx_it.c **** extern DMA_HandleTypeDef hdma_usart1_tx;
  64:Core/Src/stm32f4xx_it.c **** extern DMA_HandleTypeDef hdma_usart6_rx;
  65:Core/Src/stm32f4xx_it.c **** extern DMA_HandleTypeDef hdma_usart6_tx;
  66:Core/Src/stm32f4xx_it.c **** extern UART_HandleTypeDef huart1;
  67:Core/Src/stm32f4xx_it.c **** extern UART_HandleTypeDef huart6;
  68:Core/Src/stm32f4xx_it.c **** extern TIM_HandleTypeDef htim7;
  69:Core/Src/stm32f4xx_it.c **** 
  70:Core/Src/stm32f4xx_it.c **** /* USER CODE BEGIN EV */
  71:Core/Src/stm32f4xx_it.c **** 
  72:Core/Src/stm32f4xx_it.c **** /* USER CODE END EV */
  73:Core/Src/stm32f4xx_it.c **** 
  74:Core/Src/stm32f4xx_it.c **** /******************************************************************************/
  75:Core/Src/stm32f4xx_it.c **** /*           Cortex-M4 Processor Interruption and Exception Handlers          */
  76:Core/Src/stm32f4xx_it.c **** /******************************************************************************/
  77:Core/Src/stm32f4xx_it.c **** /**
  78:Core/Src/stm32f4xx_it.c ****   * @brief This function handles Non maskable interrupt.
  79:Core/Src/stm32f4xx_it.c ****   */
  80:Core/Src/stm32f4xx_it.c **** void NMI_Handler(void)
  81:Core/Src/stm32f4xx_it.c **** {
  29              		.loc 1 81 1 view -0
  30              		.cfi_startproc
  31              		@ Volatile: function does not return.
  32              		@ args = 0, pretend = 0, frame = 0
  33              		@ frame_needed = 0, uses_anonymous_args = 0
  34              		@ link register save eliminated.
ARM GAS  C:\Users\fish\AppData\Local\Temp\cctVkuMq.s 			page 3


  35              	.L2:
  82:Core/Src/stm32f4xx_it.c ****   /* USER CODE BEGIN NonMaskableInt_IRQn 0 */
  83:Core/Src/stm32f4xx_it.c **** 
  84:Core/Src/stm32f4xx_it.c ****   /* USER CODE END NonMaskableInt_IRQn 0 */
  85:Core/Src/stm32f4xx_it.c ****   /* USER CODE BEGIN NonMaskableInt_IRQn 1 */
  86:Core/Src/stm32f4xx_it.c ****    while (1)
  36              		.loc 1 86 4 view .LVU1
  87:Core/Src/stm32f4xx_it.c ****   {
  88:Core/Src/stm32f4xx_it.c ****   }
  37              		.loc 1 88 3 view .LVU2
  86:Core/Src/stm32f4xx_it.c ****   {
  38              		.loc 1 86 10 view .LVU3
  39 0000 FEE7     		b	.L2
  40              		.cfi_endproc
  41              	.LFE239:
  43              		.section	.text.HardFault_Handler,"ax",%progbits
  44              		.align	1
  45              		.global	HardFault_Handler
  46              		.syntax unified
  47              		.thumb
  48              		.thumb_func
  50              	HardFault_Handler:
  51              	.LFB240:
  89:Core/Src/stm32f4xx_it.c ****   /* USER CODE END NonMaskableInt_IRQn 1 */
  90:Core/Src/stm32f4xx_it.c **** }
  91:Core/Src/stm32f4xx_it.c **** 
  92:Core/Src/stm32f4xx_it.c **** /**
  93:Core/Src/stm32f4xx_it.c ****   * @brief This function handles Hard fault interrupt.
  94:Core/Src/stm32f4xx_it.c ****   */
  95:Core/Src/stm32f4xx_it.c **** void HardFault_Handler(void)
  96:Core/Src/stm32f4xx_it.c **** {
  52              		.loc 1 96 1 view -0
  53              		.cfi_startproc
  54              		@ Volatile: function does not return.
  55              		@ args = 0, pretend = 0, frame = 0
  56              		@ frame_needed = 0, uses_anonymous_args = 0
  57              		@ link register save eliminated.
  58              	.L4:
  97:Core/Src/stm32f4xx_it.c ****   /* USER CODE BEGIN HardFault_IRQn 0 */
  98:Core/Src/stm32f4xx_it.c **** 
  99:Core/Src/stm32f4xx_it.c ****   /* USER CODE END HardFault_IRQn 0 */
 100:Core/Src/stm32f4xx_it.c ****   while (1)
  59              		.loc 1 100 3 view .LVU5
 101:Core/Src/stm32f4xx_it.c ****   {
 102:Core/Src/stm32f4xx_it.c ****     /* USER CODE BEGIN W1_HardFault_IRQn 0 */
 103:Core/Src/stm32f4xx_it.c ****     /* USER CODE END W1_HardFault_IRQn 0 */
 104:Core/Src/stm32f4xx_it.c ****   }
  60              		.loc 1 104 3 view .LVU6
 100:Core/Src/stm32f4xx_it.c ****   {
  61              		.loc 1 100 9 view .LVU7
  62 0000 FEE7     		b	.L4
  63              		.cfi_endproc
  64              	.LFE240:
  66              		.section	.text.MemManage_Handler,"ax",%progbits
  67              		.align	1
  68              		.global	MemManage_Handler
  69              		.syntax unified
ARM GAS  C:\Users\fish\AppData\Local\Temp\cctVkuMq.s 			page 4


  70              		.thumb
  71              		.thumb_func
  73              	MemManage_Handler:
  74              	.LFB241:
 105:Core/Src/stm32f4xx_it.c **** }
 106:Core/Src/stm32f4xx_it.c **** 
 107:Core/Src/stm32f4xx_it.c **** /**
 108:Core/Src/stm32f4xx_it.c ****   * @brief This function handles Memory management fault.
 109:Core/Src/stm32f4xx_it.c ****   */
 110:Core/Src/stm32f4xx_it.c **** void MemManage_Handler(void)
 111:Core/Src/stm32f4xx_it.c **** {
  75              		.loc 1 111 1 view -0
  76              		.cfi_startproc
  77              		@ Volatile: function does not return.
  78              		@ args = 0, pretend = 0, frame = 0
  79              		@ frame_needed = 0, uses_anonymous_args = 0
  80              		@ link register save eliminated.
  81              	.L6:
 112:Core/Src/stm32f4xx_it.c ****   /* USER CODE BEGIN MemoryManagement_IRQn 0 */
 113:Core/Src/stm32f4xx_it.c **** 
 114:Core/Src/stm32f4xx_it.c ****   /* USER CODE END MemoryManagement_IRQn 0 */
 115:Core/Src/stm32f4xx_it.c ****   while (1)
  82              		.loc 1 115 3 view .LVU9
 116:Core/Src/stm32f4xx_it.c ****   {
 117:Core/Src/stm32f4xx_it.c ****     /* USER CODE BEGIN W1_MemoryManagement_IRQn 0 */
 118:Core/Src/stm32f4xx_it.c ****     /* USER CODE END W1_MemoryManagement_IRQn 0 */
 119:Core/Src/stm32f4xx_it.c ****   }
  83              		.loc 1 119 3 view .LVU10
 115:Core/Src/stm32f4xx_it.c ****   {
  84              		.loc 1 115 9 view .LVU11
  85 0000 FEE7     		b	.L6
  86              		.cfi_endproc
  87              	.LFE241:
  89              		.section	.text.BusFault_Handler,"ax",%progbits
  90              		.align	1
  91              		.global	BusFault_Handler
  92              		.syntax unified
  93              		.thumb
  94              		.thumb_func
  96              	BusFault_Handler:
  97              	.LFB242:
 120:Core/Src/stm32f4xx_it.c **** }
 121:Core/Src/stm32f4xx_it.c **** 
 122:Core/Src/stm32f4xx_it.c **** /**
 123:Core/Src/stm32f4xx_it.c ****   * @brief This function handles Pre-fetch fault, memory access fault.
 124:Core/Src/stm32f4xx_it.c ****   */
 125:Core/Src/stm32f4xx_it.c **** void BusFault_Handler(void)
 126:Core/Src/stm32f4xx_it.c **** {
  98              		.loc 1 126 1 view -0
  99              		.cfi_startproc
 100              		@ Volatile: function does not return.
 101              		@ args = 0, pretend = 0, frame = 0
 102              		@ frame_needed = 0, uses_anonymous_args = 0
 103              		@ link register save eliminated.
 104              	.L8:
 127:Core/Src/stm32f4xx_it.c ****   /* USER CODE BEGIN BusFault_IRQn 0 */
 128:Core/Src/stm32f4xx_it.c **** 
ARM GAS  C:\Users\fish\AppData\Local\Temp\cctVkuMq.s 			page 5


 129:Core/Src/stm32f4xx_it.c ****   /* USER CODE END BusFault_IRQn 0 */
 130:Core/Src/stm32f4xx_it.c ****   while (1)
 105              		.loc 1 130 3 view .LVU13
 131:Core/Src/stm32f4xx_it.c ****   {
 132:Core/Src/stm32f4xx_it.c ****     /* USER CODE BEGIN W1_BusFault_IRQn 0 */
 133:Core/Src/stm32f4xx_it.c ****     /* USER CODE END W1_BusFault_IRQn 0 */
 134:Core/Src/stm32f4xx_it.c ****   }
 106              		.loc 1 134 3 view .LVU14
 130:Core/Src/stm32f4xx_it.c ****   {
 107              		.loc 1 130 9 view .LVU15
 108 0000 FEE7     		b	.L8
 109              		.cfi_endproc
 110              	.LFE242:
 112              		.section	.text.UsageFault_Handler,"ax",%progbits
 113              		.align	1
 114              		.global	UsageFault_Handler
 115              		.syntax unified
 116              		.thumb
 117              		.thumb_func
 119              	UsageFault_Handler:
 120              	.LFB243:
 135:Core/Src/stm32f4xx_it.c **** }
 136:Core/Src/stm32f4xx_it.c **** 
 137:Core/Src/stm32f4xx_it.c **** /**
 138:Core/Src/stm32f4xx_it.c ****   * @brief This function handles Undefined instruction or illegal state.
 139:Core/Src/stm32f4xx_it.c ****   */
 140:Core/Src/stm32f4xx_it.c **** void UsageFault_Handler(void)
 141:Core/Src/stm32f4xx_it.c **** {
 121              		.loc 1 141 1 view -0
 122              		.cfi_startproc
 123              		@ Volatile: function does not return.
 124              		@ args = 0, pretend = 0, frame = 0
 125              		@ frame_needed = 0, uses_anonymous_args = 0
 126              		@ link register save eliminated.
 127              	.L10:
 142:Core/Src/stm32f4xx_it.c ****   /* USER CODE BEGIN UsageFault_IRQn 0 */
 143:Core/Src/stm32f4xx_it.c **** 
 144:Core/Src/stm32f4xx_it.c ****   /* USER CODE END UsageFault_IRQn 0 */
 145:Core/Src/stm32f4xx_it.c ****   while (1)
 128              		.loc 1 145 3 view .LVU17
 146:Core/Src/stm32f4xx_it.c ****   {
 147:Core/Src/stm32f4xx_it.c ****     /* USER CODE BEGIN W1_UsageFault_IRQn 0 */
 148:Core/Src/stm32f4xx_it.c ****     /* USER CODE END W1_UsageFault_IRQn 0 */
 149:Core/Src/stm32f4xx_it.c ****   }
 129              		.loc 1 149 3 view .LVU18
 145:Core/Src/stm32f4xx_it.c ****   {
 130              		.loc 1 145 9 view .LVU19
 131 0000 FEE7     		b	.L10
 132              		.cfi_endproc
 133              	.LFE243:
 135              		.section	.text.DebugMon_Handler,"ax",%progbits
 136              		.align	1
 137              		.global	DebugMon_Handler
 138              		.syntax unified
 139              		.thumb
 140              		.thumb_func
 142              	DebugMon_Handler:
ARM GAS  C:\Users\fish\AppData\Local\Temp\cctVkuMq.s 			page 6


 143              	.LFB244:
 150:Core/Src/stm32f4xx_it.c **** }
 151:Core/Src/stm32f4xx_it.c **** 
 152:Core/Src/stm32f4xx_it.c **** /**
 153:Core/Src/stm32f4xx_it.c ****   * @brief This function handles Debug monitor.
 154:Core/Src/stm32f4xx_it.c ****   */
 155:Core/Src/stm32f4xx_it.c **** void DebugMon_Handler(void)
 156:Core/Src/stm32f4xx_it.c **** {
 144              		.loc 1 156 1 view -0
 145              		.cfi_startproc
 146              		@ args = 0, pretend = 0, frame = 0
 147              		@ frame_needed = 0, uses_anonymous_args = 0
 148              		@ link register save eliminated.
 157:Core/Src/stm32f4xx_it.c ****   /* USER CODE BEGIN DebugMonitor_IRQn 0 */
 158:Core/Src/stm32f4xx_it.c **** 
 159:Core/Src/stm32f4xx_it.c ****   /* USER CODE END DebugMonitor_IRQn 0 */
 160:Core/Src/stm32f4xx_it.c ****   /* USER CODE BEGIN DebugMonitor_IRQn 1 */
 161:Core/Src/stm32f4xx_it.c **** 
 162:Core/Src/stm32f4xx_it.c ****   /* USER CODE END DebugMonitor_IRQn 1 */
 163:Core/Src/stm32f4xx_it.c **** }
 149              		.loc 1 163 1 view .LVU21
 150 0000 7047     		bx	lr
 151              		.cfi_endproc
 152              	.LFE244:
 154              		.section	.text.DMA1_Stream5_IRQHandler,"ax",%progbits
 155              		.align	1
 156              		.global	DMA1_Stream5_IRQHandler
 157              		.syntax unified
 158              		.thumb
 159              		.thumb_func
 161              	DMA1_Stream5_IRQHandler:
 162              	.LFB245:
 164:Core/Src/stm32f4xx_it.c **** 
 165:Core/Src/stm32f4xx_it.c **** /******************************************************************************/
 166:Core/Src/stm32f4xx_it.c **** /* STM32F4xx Peripheral Interrupt Handlers                                    */
 167:Core/Src/stm32f4xx_it.c **** /* Add here the Interrupt Handlers for the used peripherals.                  */
 168:Core/Src/stm32f4xx_it.c **** /* For the available peripheral interrupt handler names,                      */
 169:Core/Src/stm32f4xx_it.c **** /* please refer to the startup file (startup_stm32f4xx.s).                    */
 170:Core/Src/stm32f4xx_it.c **** /******************************************************************************/
 171:Core/Src/stm32f4xx_it.c **** 
 172:Core/Src/stm32f4xx_it.c **** /**
 173:Core/Src/stm32f4xx_it.c ****   * @brief This function handles DMA1 stream5 global interrupt.
 174:Core/Src/stm32f4xx_it.c ****   */
 175:Core/Src/stm32f4xx_it.c **** void DMA1_Stream5_IRQHandler(void)
 176:Core/Src/stm32f4xx_it.c **** {
 163              		.loc 1 176 1 view -0
 164              		.cfi_startproc
 165              		@ args = 0, pretend = 0, frame = 0
 166              		@ frame_needed = 0, uses_anonymous_args = 0
 167 0000 08B5     		push	{r3, lr}
 168              	.LCFI0:
 169              		.cfi_def_cfa_offset 8
 170              		.cfi_offset 3, -8
 171              		.cfi_offset 14, -4
 177:Core/Src/stm32f4xx_it.c ****   /* USER CODE BEGIN DMA1_Stream5_IRQn 0 */
 178:Core/Src/stm32f4xx_it.c **** 
 179:Core/Src/stm32f4xx_it.c ****   /* USER CODE END DMA1_Stream5_IRQn 0 */
ARM GAS  C:\Users\fish\AppData\Local\Temp\cctVkuMq.s 			page 7


 180:Core/Src/stm32f4xx_it.c ****   HAL_DMA_IRQHandler(&hdma_dac1);
 172              		.loc 1 180 3 view .LVU23
 173 0002 0248     		ldr	r0, .L14
 174 0004 FFF7FEFF 		bl	HAL_DMA_IRQHandler
 175              	.LVL0:
 181:Core/Src/stm32f4xx_it.c ****   /* USER CODE BEGIN DMA1_Stream5_IRQn 1 */
 182:Core/Src/stm32f4xx_it.c **** 
 183:Core/Src/stm32f4xx_it.c ****   /* USER CODE END DMA1_Stream5_IRQn 1 */
 184:Core/Src/stm32f4xx_it.c **** }
 176              		.loc 1 184 1 is_stmt 0 view .LVU24
 177 0008 08BD     		pop	{r3, pc}
 178              	.L15:
 179 000a 00BF     		.align	2
 180              	.L14:
 181 000c 00000000 		.word	hdma_dac1
 182              		.cfi_endproc
 183              	.LFE245:
 185              		.section	.text.TIM3_IRQHandler,"ax",%progbits
 186              		.align	1
 187              		.global	TIM3_IRQHandler
 188              		.syntax unified
 189              		.thumb
 190              		.thumb_func
 192              	TIM3_IRQHandler:
 193              	.LFB246:
 185:Core/Src/stm32f4xx_it.c **** 
 186:Core/Src/stm32f4xx_it.c **** /**
 187:Core/Src/stm32f4xx_it.c ****   * @brief This function handles TIM3 global interrupt.
 188:Core/Src/stm32f4xx_it.c ****   */
 189:Core/Src/stm32f4xx_it.c **** void TIM3_IRQHandler(void)
 190:Core/Src/stm32f4xx_it.c **** {
 194              		.loc 1 190 1 is_stmt 1 view -0
 195              		.cfi_startproc
 196              		@ args = 0, pretend = 0, frame = 0
 197              		@ frame_needed = 0, uses_anonymous_args = 0
 198 0000 08B5     		push	{r3, lr}
 199              	.LCFI1:
 200              		.cfi_def_cfa_offset 8
 201              		.cfi_offset 3, -8
 202              		.cfi_offset 14, -4
 191:Core/Src/stm32f4xx_it.c ****   /* USER CODE BEGIN TIM3_IRQn 0 */
 192:Core/Src/stm32f4xx_it.c **** 
 193:Core/Src/stm32f4xx_it.c ****   /* USER CODE END TIM3_IRQn 0 */
 194:Core/Src/stm32f4xx_it.c ****   HAL_TIM_IRQHandler(&htim3);
 203              		.loc 1 194 3 view .LVU26
 204 0002 0248     		ldr	r0, .L18
 205 0004 FFF7FEFF 		bl	HAL_TIM_IRQHandler
 206              	.LVL1:
 195:Core/Src/stm32f4xx_it.c ****   /* USER CODE BEGIN TIM3_IRQn 1 */
 196:Core/Src/stm32f4xx_it.c **** 
 197:Core/Src/stm32f4xx_it.c ****   /* USER CODE END TIM3_IRQn 1 */
 198:Core/Src/stm32f4xx_it.c **** }
 207              		.loc 1 198 1 is_stmt 0 view .LVU27
 208 0008 08BD     		pop	{r3, pc}
 209              	.L19:
 210 000a 00BF     		.align	2
 211              	.L18:
ARM GAS  C:\Users\fish\AppData\Local\Temp\cctVkuMq.s 			page 8


 212 000c 00000000 		.word	htim3
 213              		.cfi_endproc
 214              	.LFE246:
 216              		.section	.text.USART1_IRQHandler,"ax",%progbits
 217              		.align	1
 218              		.global	USART1_IRQHandler
 219              		.syntax unified
 220              		.thumb
 221              		.thumb_func
 223              	USART1_IRQHandler:
 224              	.LFB247:
 199:Core/Src/stm32f4xx_it.c **** 
 200:Core/Src/stm32f4xx_it.c **** /**
 201:Core/Src/stm32f4xx_it.c ****   * @brief This function handles USART1 global interrupt.
 202:Core/Src/stm32f4xx_it.c ****   */
 203:Core/Src/stm32f4xx_it.c **** void USART1_IRQHandler(void)
 204:Core/Src/stm32f4xx_it.c **** {
 225              		.loc 1 204 1 is_stmt 1 view -0
 226              		.cfi_startproc
 227              		@ args = 0, pretend = 0, frame = 0
 228              		@ frame_needed = 0, uses_anonymous_args = 0
 229 0000 08B5     		push	{r3, lr}
 230              	.LCFI2:
 231              		.cfi_def_cfa_offset 8
 232              		.cfi_offset 3, -8
 233              		.cfi_offset 14, -4
 205:Core/Src/stm32f4xx_it.c ****   /* USER CODE BEGIN USART1_IRQn 0 */
 206:Core/Src/stm32f4xx_it.c **** 
 207:Core/Src/stm32f4xx_it.c ****   /* USER CODE END USART1_IRQn 0 */
 208:Core/Src/stm32f4xx_it.c ****   HAL_UART_IRQHandler(&huart1);
 234              		.loc 1 208 3 view .LVU29
 235 0002 0248     		ldr	r0, .L22
 236 0004 FFF7FEFF 		bl	HAL_UART_IRQHandler
 237              	.LVL2:
 209:Core/Src/stm32f4xx_it.c ****   /* USER CODE BEGIN USART1_IRQn 1 */
 210:Core/Src/stm32f4xx_it.c **** 
 211:Core/Src/stm32f4xx_it.c ****   /* USER CODE END USART1_IRQn 1 */
 212:Core/Src/stm32f4xx_it.c **** }
 238              		.loc 1 212 1 is_stmt 0 view .LVU30
 239 0008 08BD     		pop	{r3, pc}
 240              	.L23:
 241 000a 00BF     		.align	2
 242              	.L22:
 243 000c 00000000 		.word	huart1
 244              		.cfi_endproc
 245              	.LFE247:
 247              		.section	.text.TIM8_UP_TIM13_IRQHandler,"ax",%progbits
 248              		.align	1
 249              		.global	TIM8_UP_TIM13_IRQHandler
 250              		.syntax unified
 251              		.thumb
 252              		.thumb_func
 254              	TIM8_UP_TIM13_IRQHandler:
 255              	.LFB248:
 213:Core/Src/stm32f4xx_it.c **** 
 214:Core/Src/stm32f4xx_it.c **** /**
 215:Core/Src/stm32f4xx_it.c ****   * @brief This function handles TIM8 update interrupt and TIM13 global interrupt.
ARM GAS  C:\Users\fish\AppData\Local\Temp\cctVkuMq.s 			page 9


 216:Core/Src/stm32f4xx_it.c ****   */
 217:Core/Src/stm32f4xx_it.c **** void TIM8_UP_TIM13_IRQHandler(void)
 218:Core/Src/stm32f4xx_it.c **** {
 256              		.loc 1 218 1 is_stmt 1 view -0
 257              		.cfi_startproc
 258              		@ args = 0, pretend = 0, frame = 0
 259              		@ frame_needed = 0, uses_anonymous_args = 0
 260 0000 08B5     		push	{r3, lr}
 261              	.LCFI3:
 262              		.cfi_def_cfa_offset 8
 263              		.cfi_offset 3, -8
 264              		.cfi_offset 14, -4
 219:Core/Src/stm32f4xx_it.c ****   /* USER CODE BEGIN TIM8_UP_TIM13_IRQn 0 */
 220:Core/Src/stm32f4xx_it.c **** 
 221:Core/Src/stm32f4xx_it.c ****   /* USER CODE END TIM8_UP_TIM13_IRQn 0 */
 222:Core/Src/stm32f4xx_it.c ****   HAL_TIM_IRQHandler(&htim8);
 265              		.loc 1 222 3 view .LVU32
 266 0002 0248     		ldr	r0, .L26
 267 0004 FFF7FEFF 		bl	HAL_TIM_IRQHandler
 268              	.LVL3:
 223:Core/Src/stm32f4xx_it.c ****   /* USER CODE BEGIN TIM8_UP_TIM13_IRQn 1 */
 224:Core/Src/stm32f4xx_it.c **** 
 225:Core/Src/stm32f4xx_it.c ****   /* USER CODE END TIM8_UP_TIM13_IRQn 1 */
 226:Core/Src/stm32f4xx_it.c **** }
 269              		.loc 1 226 1 is_stmt 0 view .LVU33
 270 0008 08BD     		pop	{r3, pc}
 271              	.L27:
 272 000a 00BF     		.align	2
 273              	.L26:
 274 000c 00000000 		.word	htim8
 275              		.cfi_endproc
 276              	.LFE248:
 278              		.section	.text.TIM7_IRQHandler,"ax",%progbits
 279              		.align	1
 280              		.global	TIM7_IRQHandler
 281              		.syntax unified
 282              		.thumb
 283              		.thumb_func
 285              	TIM7_IRQHandler:
 286              	.LFB249:
 227:Core/Src/stm32f4xx_it.c **** 
 228:Core/Src/stm32f4xx_it.c **** /**
 229:Core/Src/stm32f4xx_it.c ****   * @brief This function handles TIM7 global interrupt.
 230:Core/Src/stm32f4xx_it.c ****   */
 231:Core/Src/stm32f4xx_it.c **** void TIM7_IRQHandler(void)
 232:Core/Src/stm32f4xx_it.c **** {
 287              		.loc 1 232 1 is_stmt 1 view -0
 288              		.cfi_startproc
 289              		@ args = 0, pretend = 0, frame = 0
 290              		@ frame_needed = 0, uses_anonymous_args = 0
 291 0000 08B5     		push	{r3, lr}
 292              	.LCFI4:
 293              		.cfi_def_cfa_offset 8
 294              		.cfi_offset 3, -8
 295              		.cfi_offset 14, -4
 233:Core/Src/stm32f4xx_it.c ****   /* USER CODE BEGIN TIM7_IRQn 0 */
 234:Core/Src/stm32f4xx_it.c **** 
ARM GAS  C:\Users\fish\AppData\Local\Temp\cctVkuMq.s 			page 10


 235:Core/Src/stm32f4xx_it.c ****   /* USER CODE END TIM7_IRQn 0 */
 236:Core/Src/stm32f4xx_it.c ****   HAL_TIM_IRQHandler(&htim7);
 296              		.loc 1 236 3 view .LVU35
 297 0002 0248     		ldr	r0, .L30
 298 0004 FFF7FEFF 		bl	HAL_TIM_IRQHandler
 299              	.LVL4:
 237:Core/Src/stm32f4xx_it.c ****   /* USER CODE BEGIN TIM7_IRQn 1 */
 238:Core/Src/stm32f4xx_it.c **** 
 239:Core/Src/stm32f4xx_it.c ****   /* USER CODE END TIM7_IRQn 1 */
 240:Core/Src/stm32f4xx_it.c **** }
 300              		.loc 1 240 1 is_stmt 0 view .LVU36
 301 0008 08BD     		pop	{r3, pc}
 302              	.L31:
 303 000a 00BF     		.align	2
 304              	.L30:
 305 000c 00000000 		.word	htim7
 306              		.cfi_endproc
 307              	.LFE249:
 309              		.section	.text.DMA2_Stream0_IRQHandler,"ax",%progbits
 310              		.align	1
 311              		.global	DMA2_Stream0_IRQHandler
 312              		.syntax unified
 313              		.thumb
 314              		.thumb_func
 316              	DMA2_Stream0_IRQHandler:
 317              	.LFB250:
 241:Core/Src/stm32f4xx_it.c **** 
 242:Core/Src/stm32f4xx_it.c **** /**
 243:Core/Src/stm32f4xx_it.c ****   * @brief This function handles DMA2 stream0 global interrupt.
 244:Core/Src/stm32f4xx_it.c ****   */
 245:Core/Src/stm32f4xx_it.c **** void DMA2_Stream0_IRQHandler(void)
 246:Core/Src/stm32f4xx_it.c **** {
 318              		.loc 1 246 1 is_stmt 1 view -0
 319              		.cfi_startproc
 320              		@ args = 0, pretend = 0, frame = 0
 321              		@ frame_needed = 0, uses_anonymous_args = 0
 322 0000 08B5     		push	{r3, lr}
 323              	.LCFI5:
 324              		.cfi_def_cfa_offset 8
 325              		.cfi_offset 3, -8
 326              		.cfi_offset 14, -4
 247:Core/Src/stm32f4xx_it.c ****   /* USER CODE BEGIN DMA2_Stream0_IRQn 0 */
 248:Core/Src/stm32f4xx_it.c **** 
 249:Core/Src/stm32f4xx_it.c ****   /* USER CODE END DMA2_Stream0_IRQn 0 */
 250:Core/Src/stm32f4xx_it.c ****   HAL_DMA_IRQHandler(&hdma_adc1);
 327              		.loc 1 250 3 view .LVU38
 328 0002 0248     		ldr	r0, .L34
 329 0004 FFF7FEFF 		bl	HAL_DMA_IRQHandler
 330              	.LVL5:
 251:Core/Src/stm32f4xx_it.c ****   /* USER CODE BEGIN DMA2_Stream0_IRQn 1 */
 252:Core/Src/stm32f4xx_it.c **** 
 253:Core/Src/stm32f4xx_it.c ****   /* USER CODE END DMA2_Stream0_IRQn 1 */
 254:Core/Src/stm32f4xx_it.c **** }
 331              		.loc 1 254 1 is_stmt 0 view .LVU39
 332 0008 08BD     		pop	{r3, pc}
 333              	.L35:
 334 000a 00BF     		.align	2
ARM GAS  C:\Users\fish\AppData\Local\Temp\cctVkuMq.s 			page 11


 335              	.L34:
 336 000c 00000000 		.word	hdma_adc1
 337              		.cfi_endproc
 338              	.LFE250:
 340              		.section	.text.DMA2_Stream1_IRQHandler,"ax",%progbits
 341              		.align	1
 342              		.global	DMA2_Stream1_IRQHandler
 343              		.syntax unified
 344              		.thumb
 345              		.thumb_func
 347              	DMA2_Stream1_IRQHandler:
 348              	.LFB251:
 255:Core/Src/stm32f4xx_it.c **** 
 256:Core/Src/stm32f4xx_it.c **** /**
 257:Core/Src/stm32f4xx_it.c ****   * @brief This function handles DMA2 stream1 global interrupt.
 258:Core/Src/stm32f4xx_it.c ****   */
 259:Core/Src/stm32f4xx_it.c **** void DMA2_Stream1_IRQHandler(void)
 260:Core/Src/stm32f4xx_it.c **** {
 349              		.loc 1 260 1 is_stmt 1 view -0
 350              		.cfi_startproc
 351              		@ args = 0, pretend = 0, frame = 0
 352              		@ frame_needed = 0, uses_anonymous_args = 0
 353 0000 08B5     		push	{r3, lr}
 354              	.LCFI6:
 355              		.cfi_def_cfa_offset 8
 356              		.cfi_offset 3, -8
 357              		.cfi_offset 14, -4
 261:Core/Src/stm32f4xx_it.c ****   /* USER CODE BEGIN DMA2_Stream1_IRQn 0 */
 262:Core/Src/stm32f4xx_it.c **** 
 263:Core/Src/stm32f4xx_it.c ****   /* USER CODE END DMA2_Stream1_IRQn 0 */
 264:Core/Src/stm32f4xx_it.c ****   HAL_DMA_IRQHandler(&hdma_usart6_rx);
 358              		.loc 1 264 3 view .LVU41
 359 0002 0248     		ldr	r0, .L38
 360 0004 FFF7FEFF 		bl	HAL_DMA_IRQHandler
 361              	.LVL6:
 265:Core/Src/stm32f4xx_it.c ****   /* USER CODE BEGIN DMA2_Stream1_IRQn 1 */
 266:Core/Src/stm32f4xx_it.c **** 
 267:Core/Src/stm32f4xx_it.c ****   /* USER CODE END DMA2_Stream1_IRQn 1 */
 268:Core/Src/stm32f4xx_it.c **** }
 362              		.loc 1 268 1 is_stmt 0 view .LVU42
 363 0008 08BD     		pop	{r3, pc}
 364              	.L39:
 365 000a 00BF     		.align	2
 366              	.L38:
 367 000c 00000000 		.word	hdma_usart6_rx
 368              		.cfi_endproc
 369              	.LFE251:
 371              		.section	.text.DMA2_Stream2_IRQHandler,"ax",%progbits
 372              		.align	1
 373              		.global	DMA2_Stream2_IRQHandler
 374              		.syntax unified
 375              		.thumb
 376              		.thumb_func
 378              	DMA2_Stream2_IRQHandler:
 379              	.LFB252:
 269:Core/Src/stm32f4xx_it.c **** 
 270:Core/Src/stm32f4xx_it.c **** /**
ARM GAS  C:\Users\fish\AppData\Local\Temp\cctVkuMq.s 			page 12


 271:Core/Src/stm32f4xx_it.c ****   * @brief This function handles DMA2 stream2 global interrupt.
 272:Core/Src/stm32f4xx_it.c ****   */
 273:Core/Src/stm32f4xx_it.c **** void DMA2_Stream2_IRQHandler(void)
 274:Core/Src/stm32f4xx_it.c **** {
 380              		.loc 1 274 1 is_stmt 1 view -0
 381              		.cfi_startproc
 382              		@ args = 0, pretend = 0, frame = 0
 383              		@ frame_needed = 0, uses_anonymous_args = 0
 384 0000 08B5     		push	{r3, lr}
 385              	.LCFI7:
 386              		.cfi_def_cfa_offset 8
 387              		.cfi_offset 3, -8
 388              		.cfi_offset 14, -4
 275:Core/Src/stm32f4xx_it.c ****   /* USER CODE BEGIN DMA2_Stream2_IRQn 0 */
 276:Core/Src/stm32f4xx_it.c **** 
 277:Core/Src/stm32f4xx_it.c ****   /* USER CODE END DMA2_Stream2_IRQn 0 */
 278:Core/Src/stm32f4xx_it.c ****   HAL_DMA_IRQHandler(&hdma_usart1_rx);
 389              		.loc 1 278 3 view .LVU44
 390 0002 0248     		ldr	r0, .L42
 391 0004 FFF7FEFF 		bl	HAL_DMA_IRQHandler
 392              	.LVL7:
 279:Core/Src/stm32f4xx_it.c ****   /* USER CODE BEGIN DMA2_Stream2_IRQn 1 */
 280:Core/Src/stm32f4xx_it.c **** 
 281:Core/Src/stm32f4xx_it.c ****   /* USER CODE END DMA2_Stream2_IRQn 1 */
 282:Core/Src/stm32f4xx_it.c **** }
 393              		.loc 1 282 1 is_stmt 0 view .LVU45
 394 0008 08BD     		pop	{r3, pc}
 395              	.L43:
 396 000a 00BF     		.align	2
 397              	.L42:
 398 000c 00000000 		.word	hdma_usart1_rx
 399              		.cfi_endproc
 400              	.LFE252:
 402              		.section	.text.DMA2_Stream6_IRQHandler,"ax",%progbits
 403              		.align	1
 404              		.global	DMA2_Stream6_IRQHandler
 405              		.syntax unified
 406              		.thumb
 407              		.thumb_func
 409              	DMA2_Stream6_IRQHandler:
 410              	.LFB253:
 283:Core/Src/stm32f4xx_it.c **** 
 284:Core/Src/stm32f4xx_it.c **** /**
 285:Core/Src/stm32f4xx_it.c ****   * @brief This function handles DMA2 stream6 global interrupt.
 286:Core/Src/stm32f4xx_it.c ****   */
 287:Core/Src/stm32f4xx_it.c **** void DMA2_Stream6_IRQHandler(void)
 288:Core/Src/stm32f4xx_it.c **** {
 411              		.loc 1 288 1 is_stmt 1 view -0
 412              		.cfi_startproc
 413              		@ args = 0, pretend = 0, frame = 0
 414              		@ frame_needed = 0, uses_anonymous_args = 0
 415 0000 08B5     		push	{r3, lr}
 416              	.LCFI8:
 417              		.cfi_def_cfa_offset 8
 418              		.cfi_offset 3, -8
 419              		.cfi_offset 14, -4
 289:Core/Src/stm32f4xx_it.c ****   /* USER CODE BEGIN DMA2_Stream6_IRQn 0 */
ARM GAS  C:\Users\fish\AppData\Local\Temp\cctVkuMq.s 			page 13


 290:Core/Src/stm32f4xx_it.c **** 
 291:Core/Src/stm32f4xx_it.c ****   /* USER CODE END DMA2_Stream6_IRQn 0 */
 292:Core/Src/stm32f4xx_it.c ****   HAL_DMA_IRQHandler(&hdma_usart6_tx);
 420              		.loc 1 292 3 view .LVU47
 421 0002 0248     		ldr	r0, .L46
 422 0004 FFF7FEFF 		bl	HAL_DMA_IRQHandler
 423              	.LVL8:
 293:Core/Src/stm32f4xx_it.c ****   /* USER CODE BEGIN DMA2_Stream6_IRQn 1 */
 294:Core/Src/stm32f4xx_it.c **** 
 295:Core/Src/stm32f4xx_it.c ****   /* USER CODE END DMA2_Stream6_IRQn 1 */
 296:Core/Src/stm32f4xx_it.c **** }
 424              		.loc 1 296 1 is_stmt 0 view .LVU48
 425 0008 08BD     		pop	{r3, pc}
 426              	.L47:
 427 000a 00BF     		.align	2
 428              	.L46:
 429 000c 00000000 		.word	hdma_usart6_tx
 430              		.cfi_endproc
 431              	.LFE253:
 433              		.section	.text.DMA2_Stream7_IRQHandler,"ax",%progbits
 434              		.align	1
 435              		.global	DMA2_Stream7_IRQHandler
 436              		.syntax unified
 437              		.thumb
 438              		.thumb_func
 440              	DMA2_Stream7_IRQHandler:
 441              	.LFB254:
 297:Core/Src/stm32f4xx_it.c **** 
 298:Core/Src/stm32f4xx_it.c **** /**
 299:Core/Src/stm32f4xx_it.c ****   * @brief This function handles DMA2 stream7 global interrupt.
 300:Core/Src/stm32f4xx_it.c ****   */
 301:Core/Src/stm32f4xx_it.c **** void DMA2_Stream7_IRQHandler(void)
 302:Core/Src/stm32f4xx_it.c **** {
 442              		.loc 1 302 1 is_stmt 1 view -0
 443              		.cfi_startproc
 444              		@ args = 0, pretend = 0, frame = 0
 445              		@ frame_needed = 0, uses_anonymous_args = 0
 446 0000 08B5     		push	{r3, lr}
 447              	.LCFI9:
 448              		.cfi_def_cfa_offset 8
 449              		.cfi_offset 3, -8
 450              		.cfi_offset 14, -4
 303:Core/Src/stm32f4xx_it.c ****   /* USER CODE BEGIN DMA2_Stream7_IRQn 0 */
 304:Core/Src/stm32f4xx_it.c **** 
 305:Core/Src/stm32f4xx_it.c ****   /* USER CODE END DMA2_Stream7_IRQn 0 */
 306:Core/Src/stm32f4xx_it.c ****   HAL_DMA_IRQHandler(&hdma_usart1_tx);
 451              		.loc 1 306 3 view .LVU50
 452 0002 0248     		ldr	r0, .L50
 453 0004 FFF7FEFF 		bl	HAL_DMA_IRQHandler
 454              	.LVL9:
 307:Core/Src/stm32f4xx_it.c ****   /* USER CODE BEGIN DMA2_Stream7_IRQn 1 */
 308:Core/Src/stm32f4xx_it.c **** 
 309:Core/Src/stm32f4xx_it.c ****   /* USER CODE END DMA2_Stream7_IRQn 1 */
 310:Core/Src/stm32f4xx_it.c **** }
 455              		.loc 1 310 1 is_stmt 0 view .LVU51
 456 0008 08BD     		pop	{r3, pc}
 457              	.L51:
ARM GAS  C:\Users\fish\AppData\Local\Temp\cctVkuMq.s 			page 14


 458 000a 00BF     		.align	2
 459              	.L50:
 460 000c 00000000 		.word	hdma_usart1_tx
 461              		.cfi_endproc
 462              	.LFE254:
 464              		.section	.text.USART6_IRQHandler,"ax",%progbits
 465              		.align	1
 466              		.global	USART6_IRQHandler
 467              		.syntax unified
 468              		.thumb
 469              		.thumb_func
 471              	USART6_IRQHandler:
 472              	.LFB255:
 311:Core/Src/stm32f4xx_it.c **** 
 312:Core/Src/stm32f4xx_it.c **** /**
 313:Core/Src/stm32f4xx_it.c ****   * @brief This function handles USART6 global interrupt.
 314:Core/Src/stm32f4xx_it.c ****   */
 315:Core/Src/stm32f4xx_it.c **** void USART6_IRQHandler(void)
 316:Core/Src/stm32f4xx_it.c **** {
 473              		.loc 1 316 1 is_stmt 1 view -0
 474              		.cfi_startproc
 475              		@ args = 0, pretend = 0, frame = 0
 476              		@ frame_needed = 0, uses_anonymous_args = 0
 477 0000 08B5     		push	{r3, lr}
 478              	.LCFI10:
 479              		.cfi_def_cfa_offset 8
 480              		.cfi_offset 3, -8
 481              		.cfi_offset 14, -4
 317:Core/Src/stm32f4xx_it.c ****   /* USER CODE BEGIN USART6_IRQn 0 */
 318:Core/Src/stm32f4xx_it.c **** 
 319:Core/Src/stm32f4xx_it.c ****   /* USER CODE END USART6_IRQn 0 */
 320:Core/Src/stm32f4xx_it.c ****   HAL_UART_IRQHandler(&huart6);
 482              		.loc 1 320 3 view .LVU53
 483 0002 0248     		ldr	r0, .L54
 484 0004 FFF7FEFF 		bl	HAL_UART_IRQHandler
 485              	.LVL10:
 321:Core/Src/stm32f4xx_it.c ****   /* USER CODE BEGIN USART6_IRQn 1 */
 322:Core/Src/stm32f4xx_it.c **** 
 323:Core/Src/stm32f4xx_it.c ****   /* USER CODE END USART6_IRQn 1 */
 324:Core/Src/stm32f4xx_it.c **** }
 486              		.loc 1 324 1 is_stmt 0 view .LVU54
 487 0008 08BD     		pop	{r3, pc}
 488              	.L55:
 489 000a 00BF     		.align	2
 490              	.L54:
 491 000c 00000000 		.word	huart6
 492              		.cfi_endproc
 493              	.LFE255:
 495              		.text
 496              	.Letext0:
 497              		.file 2 "C:/STM32/arm-none-eabi-gcc/14.2.1-1.1.1/.content/arm-none-eabi/include/machine/_default_t
 498              		.file 3 "C:/STM32/arm-none-eabi-gcc/14.2.1-1.1.1/.content/arm-none-eabi/include/sys/_stdint.h"
 499              		.file 4 "Drivers/CMSIS/Device/ST/STM32F4xx/Include/stm32f407xx.h"
 500              		.file 5 "Drivers/STM32F4xx_HAL_Driver/Inc/stm32f4xx_hal_def.h"
 501              		.file 6 "Drivers/STM32F4xx_HAL_Driver/Inc/stm32f4xx_hal_dma.h"
 502              		.file 7 "Drivers/STM32F4xx_HAL_Driver/Inc/stm32f4xx_hal_tim.h"
 503              		.file 8 "Drivers/STM32F4xx_HAL_Driver/Inc/stm32f4xx_hal_uart.h"
ARM GAS  C:\Users\fish\AppData\Local\Temp\cctVkuMq.s 			page 15


ARM GAS  C:\Users\fish\AppData\Local\Temp\cctVkuMq.s 			page 16


DEFINED SYMBOLS
                            *ABS*:00000000 stm32f4xx_it.c
C:\Users\fish\AppData\Local\Temp\cctVkuMq.s:21     .text.NMI_Handler:00000000 $t
C:\Users\fish\AppData\Local\Temp\cctVkuMq.s:27     .text.NMI_Handler:00000000 NMI_Handler
C:\Users\fish\AppData\Local\Temp\cctVkuMq.s:44     .text.HardFault_Handler:00000000 $t
C:\Users\fish\AppData\Local\Temp\cctVkuMq.s:50     .text.HardFault_Handler:00000000 HardFault_Handler
C:\Users\fish\AppData\Local\Temp\cctVkuMq.s:67     .text.MemManage_Handler:00000000 $t
C:\Users\fish\AppData\Local\Temp\cctVkuMq.s:73     .text.MemManage_Handler:00000000 MemManage_Handler
C:\Users\fish\AppData\Local\Temp\cctVkuMq.s:90     .text.BusFault_Handler:00000000 $t
C:\Users\fish\AppData\Local\Temp\cctVkuMq.s:96     .text.BusFault_Handler:00000000 BusFault_Handler
C:\Users\fish\AppData\Local\Temp\cctVkuMq.s:113    .text.UsageFault_Handler:00000000 $t
C:\Users\fish\AppData\Local\Temp\cctVkuMq.s:119    .text.UsageFault_Handler:00000000 UsageFault_Handler
C:\Users\fish\AppData\Local\Temp\cctVkuMq.s:136    .text.DebugMon_Handler:00000000 $t
C:\Users\fish\AppData\Local\Temp\cctVkuMq.s:142    .text.DebugMon_Handler:00000000 DebugMon_Handler
C:\Users\fish\AppData\Local\Temp\cctVkuMq.s:155    .text.DMA1_Stream5_IRQHandler:00000000 $t
C:\Users\fish\AppData\Local\Temp\cctVkuMq.s:161    .text.DMA1_Stream5_IRQHandler:00000000 DMA1_Stream5_IRQHandler
C:\Users\fish\AppData\Local\Temp\cctVkuMq.s:181    .text.DMA1_Stream5_IRQHandler:0000000c $d
C:\Users\fish\AppData\Local\Temp\cctVkuMq.s:186    .text.TIM3_IRQHandler:00000000 $t
C:\Users\fish\AppData\Local\Temp\cctVkuMq.s:192    .text.TIM3_IRQHandler:00000000 TIM3_IRQHandler
C:\Users\fish\AppData\Local\Temp\cctVkuMq.s:212    .text.TIM3_IRQHandler:0000000c $d
C:\Users\fish\AppData\Local\Temp\cctVkuMq.s:217    .text.USART1_IRQHandler:00000000 $t
C:\Users\fish\AppData\Local\Temp\cctVkuMq.s:223    .text.USART1_IRQHandler:00000000 USART1_IRQHandler
C:\Users\fish\AppData\Local\Temp\cctVkuMq.s:243    .text.USART1_IRQHandler:0000000c $d
C:\Users\fish\AppData\Local\Temp\cctVkuMq.s:248    .text.TIM8_UP_TIM13_IRQHandler:00000000 $t
C:\Users\fish\AppData\Local\Temp\cctVkuMq.s:254    .text.TIM8_UP_TIM13_IRQHandler:00000000 TIM8_UP_TIM13_IRQHandler
C:\Users\fish\AppData\Local\Temp\cctVkuMq.s:274    .text.TIM8_UP_TIM13_IRQHandler:0000000c $d
C:\Users\fish\AppData\Local\Temp\cctVkuMq.s:279    .text.TIM7_IRQHandler:00000000 $t
C:\Users\fish\AppData\Local\Temp\cctVkuMq.s:285    .text.TIM7_IRQHandler:00000000 TIM7_IRQHandler
C:\Users\fish\AppData\Local\Temp\cctVkuMq.s:305    .text.TIM7_IRQHandler:0000000c $d
C:\Users\fish\AppData\Local\Temp\cctVkuMq.s:310    .text.DMA2_Stream0_IRQHandler:00000000 $t
C:\Users\fish\AppData\Local\Temp\cctVkuMq.s:316    .text.DMA2_Stream0_IRQHandler:00000000 DMA2_Stream0_IRQHandler
C:\Users\fish\AppData\Local\Temp\cctVkuMq.s:336    .text.DMA2_Stream0_IRQHandler:0000000c $d
C:\Users\fish\AppData\Local\Temp\cctVkuMq.s:341    .text.DMA2_Stream1_IRQHandler:00000000 $t
C:\Users\fish\AppData\Local\Temp\cctVkuMq.s:347    .text.DMA2_Stream1_IRQHandler:00000000 DMA2_Stream1_IRQHandler
C:\Users\fish\AppData\Local\Temp\cctVkuMq.s:367    .text.DMA2_Stream1_IRQHandler:0000000c $d
C:\Users\fish\AppData\Local\Temp\cctVkuMq.s:372    .text.DMA2_Stream2_IRQHandler:00000000 $t
C:\Users\fish\AppData\Local\Temp\cctVkuMq.s:378    .text.DMA2_Stream2_IRQHandler:00000000 DMA2_Stream2_IRQHandler
C:\Users\fish\AppData\Local\Temp\cctVkuMq.s:398    .text.DMA2_Stream2_IRQHandler:0000000c $d
C:\Users\fish\AppData\Local\Temp\cctVkuMq.s:403    .text.DMA2_Stream6_IRQHandler:00000000 $t
C:\Users\fish\AppData\Local\Temp\cctVkuMq.s:409    .text.DMA2_Stream6_IRQHandler:00000000 DMA2_Stream6_IRQHandler
C:\Users\fish\AppData\Local\Temp\cctVkuMq.s:429    .text.DMA2_Stream6_IRQHandler:0000000c $d
C:\Users\fish\AppData\Local\Temp\cctVkuMq.s:434    .text.DMA2_Stream7_IRQHandler:00000000 $t
C:\Users\fish\AppData\Local\Temp\cctVkuMq.s:440    .text.DMA2_Stream7_IRQHandler:00000000 DMA2_Stream7_IRQHandler
C:\Users\fish\AppData\Local\Temp\cctVkuMq.s:460    .text.DMA2_Stream7_IRQHandler:0000000c $d
C:\Users\fish\AppData\Local\Temp\cctVkuMq.s:465    .text.USART6_IRQHandler:00000000 $t
C:\Users\fish\AppData\Local\Temp\cctVkuMq.s:471    .text.USART6_IRQHandler:00000000 USART6_IRQHandler
C:\Users\fish\AppData\Local\Temp\cctVkuMq.s:491    .text.USART6_IRQHandler:0000000c $d

UNDEFINED SYMBOLS
HAL_DMA_IRQHandler
hdma_dac1
HAL_TIM_IRQHandler
htim3
HAL_UART_IRQHandler
huart1
htim8
htim7
ARM GAS  C:\Users\fish\AppData\Local\Temp\cctVkuMq.s 			page 17


hdma_adc1
hdma_usart6_rx
hdma_usart1_rx
hdma_usart6_tx
hdma_usart1_tx
huart6
