ARM GAS  C:\Users\fish\AppData\Local\Temp\ccCxQ6Ph.s 			page 1


   1              		.cpu cortex-m4
   2              		.arch armv7e-m
   3              		.fpu fpv4-sp-d16
   4              		.eabi_attribute 27, 1
   5              		.eabi_attribute 28, 1
   6              		.eabi_attribute 20, 1
   7              		.eabi_attribute 21, 1
   8              		.eabi_attribute 23, 3
   9              		.eabi_attribute 24, 1
  10              		.eabi_attribute 25, 1
  11              		.eabi_attribute 26, 1
  12              		.eabi_attribute 30, 1
  13              		.eabi_attribute 34, 1
  14              		.eabi_attribute 18, 4
  15              		.file	"adc.c"
  16              		.text
  17              		.section	.text.MX_ADC1_Init,"ax",%progbits
  18              		.align	1
  19              		.global	MX_ADC1_Init
  20              		.syntax unified
  21              		.thumb
  22              		.thumb_func
  24              	MX_ADC1_Init:
  25              		@ args = 0, pretend = 0, frame = 16
  26              		@ frame_needed = 0, uses_anonymous_args = 0
  27 0000 00B5     		push	{lr}
  28 0002 85B0     		sub	sp, sp, #20
  29 0004 0023     		movs	r3, #0
  30 0006 0093     		str	r3, [sp]
  31 0008 0193     		str	r3, [sp, #4]
  32 000a 0293     		str	r3, [sp, #8]
  33 000c 0393     		str	r3, [sp, #12]
  34 000e 1648     		ldr	r0, .L7
  35 0010 164A     		ldr	r2, .L7+4
  36 0012 0260     		str	r2, [r0]
  37 0014 4FF48032 		mov	r2, #65536
  38 0018 4260     		str	r2, [r0, #4]
  39 001a 8360     		str	r3, [r0, #8]
  40 001c 0361     		str	r3, [r0, #16]
  41 001e 0122     		movs	r2, #1
  42 0020 0276     		strb	r2, [r0, #24]
  43 0022 80F82030 		strb	r3, [r0, #32]
  44 0026 4FF08051 		mov	r1, #268435456
  45 002a C162     		str	r1, [r0, #44]
  46 002c 4FF0C061 		mov	r1, #100663296
  47 0030 8162     		str	r1, [r0, #40]
  48 0032 C360     		str	r3, [r0, #12]
  49 0034 C261     		str	r2, [r0, #28]
  50 0036 80F83020 		strb	r2, [r0, #48]
  51 003a 4261     		str	r2, [r0, #20]
  52 003c FFF7FEFF 		bl	HAL_ADC_Init
  53 0040 60B9     		cbnz	r0, .L5
  54              	.L2:
  55 0042 0123     		movs	r3, #1
  56 0044 0093     		str	r3, [sp]
  57 0046 0193     		str	r3, [sp, #4]
  58 0048 0723     		movs	r3, #7
ARM GAS  C:\Users\fish\AppData\Local\Temp\ccCxQ6Ph.s 			page 2


  59 004a 0293     		str	r3, [sp, #8]
  60 004c 6946     		mov	r1, sp
  61 004e 0648     		ldr	r0, .L7
  62 0050 FFF7FEFF 		bl	HAL_ADC_ConfigChannel
  63 0054 28B9     		cbnz	r0, .L6
  64              	.L1:
  65 0056 05B0     		add	sp, sp, #20
  66              		@ sp needed
  67 0058 5DF804FB 		ldr	pc, [sp], #4
  68              	.L5:
  69 005c FFF7FEFF 		bl	Error_Handler
  70 0060 EFE7     		b	.L2
  71              	.L6:
  72 0062 FFF7FEFF 		bl	Error_Handler
  73 0066 F6E7     		b	.L1
  74              	.L8:
  75              		.align	2
  76              	.L7:
  77 0068 00000000 		.word	hadc1
  78 006c 00200140 		.word	1073815552
  80              		.section	.text.HAL_ADC_MspInit,"ax",%progbits
  81              		.align	1
  82              		.global	HAL_ADC_MspInit
  83              		.syntax unified
  84              		.thumb
  85              		.thumb_func
  87              	HAL_ADC_MspInit:
  88              		@ args = 0, pretend = 0, frame = 32
  89              		@ frame_needed = 0, uses_anonymous_args = 0
  90 0000 30B5     		push	{r4, r5, lr}
  91 0002 89B0     		sub	sp, sp, #36
  92 0004 0023     		movs	r3, #0
  93 0006 0393     		str	r3, [sp, #12]
  94 0008 0493     		str	r3, [sp, #16]
  95 000a 0593     		str	r3, [sp, #20]
  96 000c 0693     		str	r3, [sp, #24]
  97 000e 0793     		str	r3, [sp, #28]
  98 0010 0268     		ldr	r2, [r0]
  99 0012 03F18043 		add	r3, r3, #1073741824
 100 0016 03F59033 		add	r3, r3, #73728
 101 001a 9A42     		cmp	r2, r3
 102 001c 01D0     		beq	.L13
 103              	.L9:
 104 001e 09B0     		add	sp, sp, #36
 105              		@ sp needed
 106 0020 30BD     		pop	{r4, r5, pc}
 107              	.L13:
 108 0022 0446     		mov	r4, r0
 109 0024 0025     		movs	r5, #0
 110 0026 0195     		str	r5, [sp, #4]
 111 0028 03F58C33 		add	r3, r3, #71680
 112 002c 5A6C     		ldr	r2, [r3, #68]
 113 002e 42F48072 		orr	r2, r2, #256
 114 0032 5A64     		str	r2, [r3, #68]
 115 0034 5A6C     		ldr	r2, [r3, #68]
 116 0036 02F48072 		and	r2, r2, #256
 117 003a 0192     		str	r2, [sp, #4]
ARM GAS  C:\Users\fish\AppData\Local\Temp\ccCxQ6Ph.s 			page 3


 118 003c 019A     		ldr	r2, [sp, #4]
 119 003e 0295     		str	r5, [sp, #8]
 120 0040 1A6B     		ldr	r2, [r3, #48]
 121 0042 42F00102 		orr	r2, r2, #1
 122 0046 1A63     		str	r2, [r3, #48]
 123 0048 1B6B     		ldr	r3, [r3, #48]
 124 004a 03F00103 		and	r3, r3, #1
 125 004e 0293     		str	r3, [sp, #8]
 126 0050 029B     		ldr	r3, [sp, #8]
 127 0052 0223     		movs	r3, #2
 128 0054 0393     		str	r3, [sp, #12]
 129 0056 0323     		movs	r3, #3
 130 0058 0493     		str	r3, [sp, #16]
 131 005a 03A9     		add	r1, sp, #12
 132 005c 1048     		ldr	r0, .L15
 133 005e FFF7FEFF 		bl	HAL_GPIO_Init
 134 0062 1048     		ldr	r0, .L15+4
 135 0064 104B     		ldr	r3, .L15+8
 136 0066 0360     		str	r3, [r0]
 137 0068 4560     		str	r5, [r0, #4]
 138 006a 8560     		str	r5, [r0, #8]
 139 006c C560     		str	r5, [r0, #12]
 140 006e 4FF48063 		mov	r3, #1024
 141 0072 0361     		str	r3, [r0, #16]
 142 0074 4FF40063 		mov	r3, #2048
 143 0078 4361     		str	r3, [r0, #20]
 144 007a 4FF40053 		mov	r3, #8192
 145 007e 8361     		str	r3, [r0, #24]
 146 0080 4FF48073 		mov	r3, #256
 147 0084 C361     		str	r3, [r0, #28]
 148 0086 0562     		str	r5, [r0, #32]
 149 0088 4562     		str	r5, [r0, #36]
 150 008a FFF7FEFF 		bl	HAL_DMA_Init
 151 008e 18B9     		cbnz	r0, .L14
 152              	.L11:
 153 0090 044B     		ldr	r3, .L15+4
 154 0092 A363     		str	r3, [r4, #56]
 155 0094 9C63     		str	r4, [r3, #56]
 156 0096 C2E7     		b	.L9
 157              	.L14:
 158 0098 FFF7FEFF 		bl	Error_Handler
 159 009c F8E7     		b	.L11
 160              	.L16:
 161 009e 00BF     		.align	2
 162              	.L15:
 163 00a0 00000240 		.word	1073872896
 164 00a4 00000000 		.word	hdma_adc1
 165 00a8 10640240 		.word	1073898512
 167              		.section	.text.HAL_ADC_MspDeInit,"ax",%progbits
 168              		.align	1
 169              		.global	HAL_ADC_MspDeInit
 170              		.syntax unified
 171              		.thumb
 172              		.thumb_func
 174              	HAL_ADC_MspDeInit:
 175              		@ args = 0, pretend = 0, frame = 0
 176              		@ frame_needed = 0, uses_anonymous_args = 0
ARM GAS  C:\Users\fish\AppData\Local\Temp\ccCxQ6Ph.s 			page 4


 177 0000 0268     		ldr	r2, [r0]
 178 0002 094B     		ldr	r3, .L24
 179 0004 9A42     		cmp	r2, r3
 180 0006 00D0     		beq	.L23
 181 0008 7047     		bx	lr
 182              	.L23:
 183 000a 10B5     		push	{r4, lr}
 184 000c 0446     		mov	r4, r0
 185 000e 074A     		ldr	r2, .L24+4
 186 0010 536C     		ldr	r3, [r2, #68]
 187 0012 23F48073 		bic	r3, r3, #256
 188 0016 5364     		str	r3, [r2, #68]
 189 0018 0221     		movs	r1, #2
 190 001a 0548     		ldr	r0, .L24+8
 191 001c FFF7FEFF 		bl	HAL_GPIO_DeInit
 192 0020 A06B     		ldr	r0, [r4, #56]
 193 0022 FFF7FEFF 		bl	HAL_DMA_DeInit
 194 0026 10BD     		pop	{r4, pc}
 195              	.L25:
 196              		.align	2
 197              	.L24:
 198 0028 00200140 		.word	1073815552
 199 002c 00380240 		.word	1073887232
 200 0030 00000240 		.word	1073872896
 202              		.global	hdma_adc1
 203              		.section	.bss.hdma_adc1,"aw",%nobits
 204              		.align	2
 207              	hdma_adc1:
 208 0000 00000000 		.space	96
 208      00000000 
 208      00000000 
 208      00000000 
 208      00000000 
 209              		.global	hadc1
 210              		.section	.bss.hadc1,"aw",%nobits
 211              		.align	2
 214              	hadc1:
 215 0000 00000000 		.space	72
 215      00000000 
 215      00000000 
 215      00000000 
 215      00000000 
 216              		.ident	"GCC: (xPack GNU Arm Embedded GCC x86_64) 14.2.1 20241119"
ARM GAS  C:\Users\fish\AppData\Local\Temp\ccCxQ6Ph.s 			page 5


DEFINED SYMBOLS
                            *ABS*:00000000 adc.c
C:\Users\fish\AppData\Local\Temp\ccCxQ6Ph.s:18     .text.MX_ADC1_Init:00000000 $t
C:\Users\fish\AppData\Local\Temp\ccCxQ6Ph.s:24     .text.MX_ADC1_Init:00000000 MX_ADC1_Init
C:\Users\fish\AppData\Local\Temp\ccCxQ6Ph.s:77     .text.MX_ADC1_Init:00000068 $d
C:\Users\fish\AppData\Local\Temp\ccCxQ6Ph.s:214    .bss.hadc1:00000000 hadc1
C:\Users\fish\AppData\Local\Temp\ccCxQ6Ph.s:81     .text.HAL_ADC_MspInit:00000000 $t
C:\Users\fish\AppData\Local\Temp\ccCxQ6Ph.s:87     .text.HAL_ADC_MspInit:00000000 HAL_ADC_MspInit
C:\Users\fish\AppData\Local\Temp\ccCxQ6Ph.s:163    .text.HAL_ADC_MspInit:000000a0 $d
C:\Users\fish\AppData\Local\Temp\ccCxQ6Ph.s:207    .bss.hdma_adc1:00000000 hdma_adc1
C:\Users\fish\AppData\Local\Temp\ccCxQ6Ph.s:168    .text.HAL_ADC_MspDeInit:00000000 $t
C:\Users\fish\AppData\Local\Temp\ccCxQ6Ph.s:174    .text.HAL_ADC_MspDeInit:00000000 HAL_ADC_MspDeInit
C:\Users\fish\AppData\Local\Temp\ccCxQ6Ph.s:198    .text.HAL_ADC_MspDeInit:00000028 $d
C:\Users\fish\AppData\Local\Temp\ccCxQ6Ph.s:204    .bss.hdma_adc1:00000000 $d
C:\Users\fish\AppData\Local\Temp\ccCxQ6Ph.s:211    .bss.hadc1:00000000 $d

UNDEFINED SYMBOLS
HAL_ADC_Init
HAL_ADC_ConfigChannel
Error_Handler
HAL_GPIO_Init
HAL_DMA_Init
HAL_GPIO_DeInit
HAL_DMA_DeInit
