ARM GAS  C:\Users\fish\AppData\Local\Temp\ccOlWTVm.s 			page 1


   1              		.cpu cortex-m4
   2              		.arch armv7e-m
   3              		.fpu fpv4-sp-d16
   4              		.eabi_attribute 27, 1
   5              		.eabi_attribute 28, 1
   6              		.eabi_attribute 20, 1
   7              		.eabi_attribute 21, 1
   8              		.eabi_attribute 23, 3
   9              		.eabi_attribute 24, 1
  10              		.eabi_attribute 25, 1
  11              		.eabi_attribute 26, 1
  12              		.eabi_attribute 30, 1
  13              		.eabi_attribute 34, 1
  14              		.eabi_attribute 18, 4
  15              		.file	"dac.c"
  16              		.text
  17              		.section	.text.MX_DAC_Init,"ax",%progbits
  18              		.align	1
  19              		.global	MX_DAC_Init
  20              		.syntax unified
  21              		.thumb
  22              		.thumb_func
  24              	MX_DAC_Init:
  25              		@ args = 0, pretend = 0, frame = 8
  26              		@ frame_needed = 0, uses_anonymous_args = 0
  27 0000 00B5     		push	{lr}
  28 0002 83B0     		sub	sp, sp, #12
  29 0004 0023     		movs	r3, #0
  30 0006 0093     		str	r3, [sp]
  31 0008 0193     		str	r3, [sp, #4]
  32 000a 0C48     		ldr	r0, .L7
  33 000c 0C4B     		ldr	r3, .L7+4
  34 000e 0360     		str	r3, [r0]
  35 0010 FFF7FEFF 		bl	HAL_DAC_Init
  36 0014 58B9     		cbnz	r0, .L5
  37              	.L2:
  38 0016 2423     		movs	r3, #36
  39 0018 0093     		str	r3, [sp]
  40 001a 0022     		movs	r2, #0
  41 001c 0192     		str	r2, [sp, #4]
  42 001e 6946     		mov	r1, sp
  43 0020 0648     		ldr	r0, .L7
  44 0022 FFF7FEFF 		bl	HAL_DAC_ConfigChannel
  45 0026 28B9     		cbnz	r0, .L6
  46              	.L1:
  47 0028 03B0     		add	sp, sp, #12
  48              		@ sp needed
  49 002a 5DF804FB 		ldr	pc, [sp], #4
  50              	.L5:
  51 002e FFF7FEFF 		bl	Error_Handler
  52 0032 F0E7     		b	.L2
  53              	.L6:
  54 0034 FFF7FEFF 		bl	Error_Handler
  55 0038 F6E7     		b	.L1
  56              	.L8:
  57 003a 00BF     		.align	2
  58              	.L7:
ARM GAS  C:\Users\fish\AppData\Local\Temp\ccOlWTVm.s 			page 2


  59 003c 00000000 		.word	hdac
  60 0040 00740040 		.word	1073771520
  62              		.section	.text.HAL_DAC_MspInit,"ax",%progbits
  63              		.align	1
  64              		.global	HAL_DAC_MspInit
  65              		.syntax unified
  66              		.thumb
  67              		.thumb_func
  69              	HAL_DAC_MspInit:
  70              		@ args = 0, pretend = 0, frame = 32
  71              		@ frame_needed = 0, uses_anonymous_args = 0
  72 0000 30B5     		push	{r4, r5, lr}
  73 0002 89B0     		sub	sp, sp, #36
  74 0004 0023     		movs	r3, #0
  75 0006 0393     		str	r3, [sp, #12]
  76 0008 0493     		str	r3, [sp, #16]
  77 000a 0593     		str	r3, [sp, #20]
  78 000c 0693     		str	r3, [sp, #24]
  79 000e 0793     		str	r3, [sp, #28]
  80 0010 0268     		ldr	r2, [r0]
  81 0012 224B     		ldr	r3, .L15
  82 0014 9A42     		cmp	r2, r3
  83 0016 01D0     		beq	.L13
  84              	.L9:
  85 0018 09B0     		add	sp, sp, #36
  86              		@ sp needed
  87 001a 30BD     		pop	{r4, r5, pc}
  88              	.L13:
  89 001c 0446     		mov	r4, r0
  90 001e 0025     		movs	r5, #0
  91 0020 0195     		str	r5, [sp, #4]
  92 0022 03F5E233 		add	r3, r3, #115712
  93 0026 1A6C     		ldr	r2, [r3, #64]
  94 0028 42F00052 		orr	r2, r2, #536870912
  95 002c 1A64     		str	r2, [r3, #64]
  96 002e 1A6C     		ldr	r2, [r3, #64]
  97 0030 02F00052 		and	r2, r2, #536870912
  98 0034 0192     		str	r2, [sp, #4]
  99 0036 019A     		ldr	r2, [sp, #4]
 100 0038 0295     		str	r5, [sp, #8]
 101 003a 1A6B     		ldr	r2, [r3, #48]
 102 003c 42F00102 		orr	r2, r2, #1
 103 0040 1A63     		str	r2, [r3, #48]
 104 0042 1B6B     		ldr	r3, [r3, #48]
 105 0044 03F00103 		and	r3, r3, #1
 106 0048 0293     		str	r3, [sp, #8]
 107 004a 029B     		ldr	r3, [sp, #8]
 108 004c 1023     		movs	r3, #16
 109 004e 0393     		str	r3, [sp, #12]
 110 0050 0323     		movs	r3, #3
 111 0052 0493     		str	r3, [sp, #16]
 112 0054 03A9     		add	r1, sp, #12
 113 0056 1248     		ldr	r0, .L15+4
 114 0058 FFF7FEFF 		bl	HAL_GPIO_Init
 115 005c 1148     		ldr	r0, .L15+8
 116 005e 124B     		ldr	r3, .L15+12
 117 0060 0360     		str	r3, [r0]
ARM GAS  C:\Users\fish\AppData\Local\Temp\ccOlWTVm.s 			page 3


 118 0062 4FF06063 		mov	r3, #234881024
 119 0066 4360     		str	r3, [r0, #4]
 120 0068 4023     		movs	r3, #64
 121 006a 8360     		str	r3, [r0, #8]
 122 006c C560     		str	r5, [r0, #12]
 123 006e 4FF48063 		mov	r3, #1024
 124 0072 0361     		str	r3, [r0, #16]
 125 0074 4FF40063 		mov	r3, #2048
 126 0078 4361     		str	r3, [r0, #20]
 127 007a 4FF40053 		mov	r3, #8192
 128 007e 8361     		str	r3, [r0, #24]
 129 0080 C561     		str	r5, [r0, #28]
 130 0082 0562     		str	r5, [r0, #32]
 131 0084 4562     		str	r5, [r0, #36]
 132 0086 FFF7FEFF 		bl	HAL_DMA_Init
 133 008a 18B9     		cbnz	r0, .L14
 134              	.L11:
 135 008c 054B     		ldr	r3, .L15+8
 136 008e A360     		str	r3, [r4, #8]
 137 0090 9C63     		str	r4, [r3, #56]
 138 0092 C1E7     		b	.L9
 139              	.L14:
 140 0094 FFF7FEFF 		bl	Error_Handler
 141 0098 F8E7     		b	.L11
 142              	.L16:
 143 009a 00BF     		.align	2
 144              	.L15:
 145 009c 00740040 		.word	1073771520
 146 00a0 00000240 		.word	1073872896
 147 00a4 00000000 		.word	hdma_dac1
 148 00a8 88600240 		.word	1073897608
 150              		.section	.text.HAL_DAC_MspDeInit,"ax",%progbits
 151              		.align	1
 152              		.global	HAL_DAC_MspDeInit
 153              		.syntax unified
 154              		.thumb
 155              		.thumb_func
 157              	HAL_DAC_MspDeInit:
 158              		@ args = 0, pretend = 0, frame = 0
 159              		@ frame_needed = 0, uses_anonymous_args = 0
 160 0000 0268     		ldr	r2, [r0]
 161 0002 094B     		ldr	r3, .L24
 162 0004 9A42     		cmp	r2, r3
 163 0006 00D0     		beq	.L23
 164 0008 7047     		bx	lr
 165              	.L23:
 166 000a 10B5     		push	{r4, lr}
 167 000c 0446     		mov	r4, r0
 168 000e 074A     		ldr	r2, .L24+4
 169 0010 136C     		ldr	r3, [r2, #64]
 170 0012 23F00053 		bic	r3, r3, #536870912
 171 0016 1364     		str	r3, [r2, #64]
 172 0018 1021     		movs	r1, #16
 173 001a 0548     		ldr	r0, .L24+8
 174 001c FFF7FEFF 		bl	HAL_GPIO_DeInit
 175 0020 A068     		ldr	r0, [r4, #8]
 176 0022 FFF7FEFF 		bl	HAL_DMA_DeInit
ARM GAS  C:\Users\fish\AppData\Local\Temp\ccOlWTVm.s 			page 4


 177 0026 10BD     		pop	{r4, pc}
 178              	.L25:
 179              		.align	2
 180              	.L24:
 181 0028 00740040 		.word	1073771520
 182 002c 00380240 		.word	1073887232
 183 0030 00000240 		.word	1073872896
 185              		.global	hdma_dac1
 186              		.section	.bss.hdma_dac1,"aw",%nobits
 187              		.align	2
 190              	hdma_dac1:
 191 0000 00000000 		.space	96
 191      00000000 
 191      00000000 
 191      00000000 
 191      00000000 
 192              		.global	hdac
 193              		.section	.bss.hdac,"aw",%nobits
 194              		.align	2
 197              	hdac:
 198 0000 00000000 		.space	20
 198      00000000 
 198      00000000 
 198      00000000 
 198      00000000 
 199              		.ident	"GCC: (xPack GNU Arm Embedded GCC x86_64) 14.2.1 20241119"
ARM GAS  C:\Users\fish\AppData\Local\Temp\ccOlWTVm.s 			page 5


DEFINED SYMBOLS
                            *ABS*:00000000 dac.c
C:\Users\fish\AppData\Local\Temp\ccOlWTVm.s:18     .text.MX_DAC_Init:00000000 $t
C:\Users\fish\AppData\Local\Temp\ccOlWTVm.s:24     .text.MX_DAC_Init:00000000 MX_DAC_Init
C:\Users\fish\AppData\Local\Temp\ccOlWTVm.s:59     .text.MX_DAC_Init:0000003c $d
C:\Users\fish\AppData\Local\Temp\ccOlWTVm.s:197    .bss.hdac:00000000 hdac
C:\Users\fish\AppData\Local\Temp\ccOlWTVm.s:63     .text.HAL_DAC_MspInit:00000000 $t
C:\Users\fish\AppData\Local\Temp\ccOlWTVm.s:69     .text.HAL_DAC_MspInit:00000000 HAL_DAC_MspInit
C:\Users\fish\AppData\Local\Temp\ccOlWTVm.s:145    .text.HAL_DAC_MspInit:0000009c $d
C:\Users\fish\AppData\Local\Temp\ccOlWTVm.s:190    .bss.hdma_dac1:00000000 hdma_dac1
C:\Users\fish\AppData\Local\Temp\ccOlWTVm.s:151    .text.HAL_DAC_MspDeInit:00000000 $t
C:\Users\fish\AppData\Local\Temp\ccOlWTVm.s:157    .text.HAL_DAC_MspDeInit:00000000 HAL_DAC_MspDeInit
C:\Users\fish\AppData\Local\Temp\ccOlWTVm.s:181    .text.HAL_DAC_MspDeInit:00000028 $d
C:\Users\fish\AppData\Local\Temp\ccOlWTVm.s:187    .bss.hdma_dac1:00000000 $d
C:\Users\fish\AppData\Local\Temp\ccOlWTVm.s:194    .bss.hdac:00000000 $d

UNDEFINED SYMBOLS
HAL_DAC_Init
HAL_DAC_ConfigChannel
Error_Handler
HAL_GPIO_Init
HAL_DMA_Init
HAL_GPIO_DeInit
HAL_DMA_DeInit
