ARM GAS  C:\Users\fish\AppData\Local\Temp\cc2oKRru.s 			page 1


   1              		.cpu cortex-m4
   2              		.arch armv7e-m
   3              		.fpu fpv4-sp-d16
   4              		.eabi_attribute 27, 1
   5              		.eabi_attribute 28, 1
   6              		.eabi_attribute 20, 1
   7              		.eabi_attribute 21, 1
   8              		.eabi_attribute 23, 3
   9              		.eabi_attribute 24, 1
  10              		.eabi_attribute 25, 1
  11              		.eabi_attribute 26, 1
  12              		.eabi_attribute 30, 1
  13              		.eabi_attribute 34, 1
  14              		.eabi_attribute 18, 4
  15              		.file	"dma.c"
  16              		.text
  17              		.section	.text.MX_DMA_Init,"ax",%progbits
  18              		.align	1
  19              		.global	MX_DMA_Init
  20              		.syntax unified
  21              		.thumb
  22              		.thumb_func
  24              	MX_DMA_Init:
  25              		@ args = 0, pretend = 0, frame = 8
  26              		@ frame_needed = 0, uses_anonymous_args = 0
  27 0000 10B5     		push	{r4, lr}
  28 0002 82B0     		sub	sp, sp, #8
  29 0004 0024     		movs	r4, #0
  30 0006 0094     		str	r4, [sp]
  31 0008 224B     		ldr	r3, .L3
  32 000a 1A6B     		ldr	r2, [r3, #48]
  33 000c 42F48002 		orr	r2, r2, #4194304
  34 0010 1A63     		str	r2, [r3, #48]
  35 0012 1A6B     		ldr	r2, [r3, #48]
  36 0014 02F48002 		and	r2, r2, #4194304
  37 0018 0092     		str	r2, [sp]
  38 001a 009A     		ldr	r2, [sp]
  39 001c 0194     		str	r4, [sp, #4]
  40 001e 1A6B     		ldr	r2, [r3, #48]
  41 0020 42F40012 		orr	r2, r2, #2097152
  42 0024 1A63     		str	r2, [r3, #48]
  43 0026 1B6B     		ldr	r3, [r3, #48]
  44 0028 03F40013 		and	r3, r3, #2097152
  45 002c 0193     		str	r3, [sp, #4]
  46 002e 019B     		ldr	r3, [sp, #4]
  47 0030 2246     		mov	r2, r4
  48 0032 0521     		movs	r1, #5
  49 0034 1020     		movs	r0, #16
  50 0036 FFF7FEFF 		bl	HAL_NVIC_SetPriority
  51 003a 1020     		movs	r0, #16
  52 003c FFF7FEFF 		bl	HAL_NVIC_EnableIRQ
  53 0040 2246     		mov	r2, r4
  54 0042 0521     		movs	r1, #5
  55 0044 3820     		movs	r0, #56
  56 0046 FFF7FEFF 		bl	HAL_NVIC_SetPriority
  57 004a 3820     		movs	r0, #56
  58 004c FFF7FEFF 		bl	HAL_NVIC_EnableIRQ
ARM GAS  C:\Users\fish\AppData\Local\Temp\cc2oKRru.s 			page 2


  59 0050 2246     		mov	r2, r4
  60 0052 0521     		movs	r1, #5
  61 0054 3920     		movs	r0, #57
  62 0056 FFF7FEFF 		bl	HAL_NVIC_SetPriority
  63 005a 3920     		movs	r0, #57
  64 005c FFF7FEFF 		bl	HAL_NVIC_EnableIRQ
  65 0060 2246     		mov	r2, r4
  66 0062 0521     		movs	r1, #5
  67 0064 3A20     		movs	r0, #58
  68 0066 FFF7FEFF 		bl	HAL_NVIC_SetPriority
  69 006a 3A20     		movs	r0, #58
  70 006c FFF7FEFF 		bl	HAL_NVIC_EnableIRQ
  71 0070 2246     		mov	r2, r4
  72 0072 0521     		movs	r1, #5
  73 0074 4520     		movs	r0, #69
  74 0076 FFF7FEFF 		bl	HAL_NVIC_SetPriority
  75 007a 4520     		movs	r0, #69
  76 007c FFF7FEFF 		bl	HAL_NVIC_EnableIRQ
  77 0080 2246     		mov	r2, r4
  78 0082 0521     		movs	r1, #5
  79 0084 4620     		movs	r0, #70
  80 0086 FFF7FEFF 		bl	HAL_NVIC_SetPriority
  81 008a 4620     		movs	r0, #70
  82 008c FFF7FEFF 		bl	HAL_NVIC_EnableIRQ
  83 0090 02B0     		add	sp, sp, #8
  84              		@ sp needed
  85 0092 10BD     		pop	{r4, pc}
  86              	.L4:
  87              		.align	2
  88              	.L3:
  89 0094 00380240 		.word	1073887232
  91              		.ident	"GCC: (xPack GNU Arm Embedded GCC x86_64) 14.2.1 20241119"
ARM GAS  C:\Users\fish\AppData\Local\Temp\cc2oKRru.s 			page 3


DEFINED SYMBOLS
                            *ABS*:00000000 dma.c
C:\Users\fish\AppData\Local\Temp\cc2oKRru.s:18     .text.MX_DMA_Init:00000000 $t
C:\Users\fish\AppData\Local\Temp\cc2oKRru.s:24     .text.MX_DMA_Init:00000000 MX_DMA_Init
C:\Users\fish\AppData\Local\Temp\cc2oKRru.s:89     .text.MX_DMA_Init:00000094 $d

UNDEFINED SYMBOLS
HAL_NVIC_SetPriority
HAL_NVIC_EnableIRQ
