ARM GAS  C:\Users\fish\AppData\Local\Temp\ccckVqaF.s 			page 1


   1              		.cpu cortex-m4
   2              		.arch armv7e-m
   3              		.fpu fpv4-sp-d16
   4              		.eabi_attribute 27, 1
   5              		.eabi_attribute 28, 1
   6              		.eabi_attribute 20, 1
   7              		.eabi_attribute 21, 1
   8              		.eabi_attribute 23, 3
   9              		.eabi_attribute 24, 1
  10              		.eabi_attribute 25, 1
  11              		.eabi_attribute 26, 1
  12              		.eabi_attribute 30, 1
  13              		.eabi_attribute 34, 1
  14              		.eabi_attribute 18, 4
  15              		.file	"gpio.c"
  16              		.text
  17              		.section	.text.MX_GPIO_Init,"ax",%progbits
  18              		.align	1
  19              		.global	MX_GPIO_Init
  20              		.syntax unified
  21              		.thumb
  22              		.thumb_func
  24              	MX_GPIO_Init:
  25              		@ args = 0, pretend = 0, frame = 48
  26              		@ frame_needed = 0, uses_anonymous_args = 0
  27 0000 2DE9F04F 		push	{r4, r5, r6, r7, r8, r9, r10, fp, lr}
  28 0004 8DB0     		sub	sp, sp, #52
  29 0006 07AD     		add	r5, sp, #28
  30 0008 0024     		movs	r4, #0
  31 000a 0794     		str	r4, [sp, #28]
  32 000c 0894     		str	r4, [sp, #32]
  33 000e 0994     		str	r4, [sp, #36]
  34 0010 0A94     		str	r4, [sp, #40]
  35 0012 0B94     		str	r4, [sp, #44]
  36 0014 0194     		str	r4, [sp, #4]
  37 0016 5A4B     		ldr	r3, .L3
  38 0018 1A6B     		ldr	r2, [r3, #48]
  39 001a 42F01002 		orr	r2, r2, #16
  40 001e 1A63     		str	r2, [r3, #48]
  41 0020 1A6B     		ldr	r2, [r3, #48]
  42 0022 02F01002 		and	r2, r2, #16
  43 0026 0192     		str	r2, [sp, #4]
  44 0028 019A     		ldr	r2, [sp, #4]
  45 002a 0294     		str	r4, [sp, #8]
  46 002c 1A6B     		ldr	r2, [r3, #48]
  47 002e 42F00402 		orr	r2, r2, #4
  48 0032 1A63     		str	r2, [r3, #48]
  49 0034 1A6B     		ldr	r2, [r3, #48]
  50 0036 02F00402 		and	r2, r2, #4
  51 003a 0292     		str	r2, [sp, #8]
  52 003c 029A     		ldr	r2, [sp, #8]
  53 003e 0394     		str	r4, [sp, #12]
  54 0040 1A6B     		ldr	r2, [r3, #48]
  55 0042 42F08002 		orr	r2, r2, #128
  56 0046 1A63     		str	r2, [r3, #48]
  57 0048 1A6B     		ldr	r2, [r3, #48]
  58 004a 02F08002 		and	r2, r2, #128
ARM GAS  C:\Users\fish\AppData\Local\Temp\ccckVqaF.s 			page 2


  59 004e 0392     		str	r2, [sp, #12]
  60 0050 039A     		ldr	r2, [sp, #12]
  61 0052 0494     		str	r4, [sp, #16]
  62 0054 1A6B     		ldr	r2, [r3, #48]
  63 0056 42F00102 		orr	r2, r2, #1
  64 005a 1A63     		str	r2, [r3, #48]
  65 005c 1A6B     		ldr	r2, [r3, #48]
  66 005e 02F00102 		and	r2, r2, #1
  67 0062 0492     		str	r2, [sp, #16]
  68 0064 049A     		ldr	r2, [sp, #16]
  69 0066 0594     		str	r4, [sp, #20]
  70 0068 1A6B     		ldr	r2, [r3, #48]
  71 006a 42F00202 		orr	r2, r2, #2
  72 006e 1A63     		str	r2, [r3, #48]
  73 0070 1A6B     		ldr	r2, [r3, #48]
  74 0072 02F00202 		and	r2, r2, #2
  75 0076 0592     		str	r2, [sp, #20]
  76 0078 059A     		ldr	r2, [sp, #20]
  77 007a 0694     		str	r4, [sp, #24]
  78 007c 1A6B     		ldr	r2, [r3, #48]
  79 007e 42F00802 		orr	r2, r2, #8
  80 0082 1A63     		str	r2, [r3, #48]
  81 0084 1B6B     		ldr	r3, [r3, #48]
  82 0086 03F00803 		and	r3, r3, #8
  83 008a 0693     		str	r3, [sp, #24]
  84 008c 069B     		ldr	r3, [sp, #24]
  85 008e DFF8F8B0 		ldr	fp, .L3+8
  86 0092 2246     		mov	r2, r4
  87 0094 0121     		movs	r1, #1
  88 0096 5846     		mov	r0, fp
  89 0098 FFF7FEFF 		bl	HAL_GPIO_WritePin
  90 009c DFF8ECA0 		ldr	r10, .L3+12
  91 00a0 2246     		mov	r2, r4
  92 00a2 1021     		movs	r1, #16
  93 00a4 5046     		mov	r0, r10
  94 00a6 FFF7FEFF 		bl	HAL_GPIO_WritePin
  95 00aa 364F     		ldr	r7, .L3+4
  96 00ac 0122     		movs	r2, #1
  97 00ae 4FF4FE41 		mov	r1, #32512
  98 00b2 3846     		mov	r0, r7
  99 00b4 FFF7FEFF 		bl	HAL_GPIO_WritePin
 100 00b8 2246     		mov	r2, r4
 101 00ba 48F20101 		movw	r1, #32769
 102 00be 3846     		mov	r0, r7
 103 00c0 FFF7FEFF 		bl	HAL_GPIO_WritePin
 104 00c4 DFF8C890 		ldr	r9, .L3+16
 105 00c8 2246     		mov	r2, r4
 106 00ca 4FF42441 		mov	r1, #41984
 107 00ce 4846     		mov	r0, r9
 108 00d0 FFF7FEFF 		bl	HAL_GPIO_WritePin
 109 00d4 DFF8BC80 		ldr	r8, .L3+20
 110 00d8 2246     		mov	r2, r4
 111 00da 4021     		movs	r1, #64
 112 00dc 4046     		mov	r0, r8
 113 00de FFF7FEFF 		bl	HAL_GPIO_WritePin
 114 00e2 1E23     		movs	r3, #30
 115 00e4 0793     		str	r3, [sp, #28]
ARM GAS  C:\Users\fish\AppData\Local\Temp\ccckVqaF.s 			page 3


 116 00e6 0894     		str	r4, [sp, #32]
 117 00e8 0126     		movs	r6, #1
 118 00ea 0996     		str	r6, [sp, #36]
 119 00ec 2946     		mov	r1, r5
 120 00ee 3846     		mov	r0, r7
 121 00f0 FFF7FEFF 		bl	HAL_GPIO_Init
 122 00f4 6023     		movs	r3, #96
 123 00f6 0793     		str	r3, [sp, #28]
 124 00f8 0894     		str	r4, [sp, #32]
 125 00fa 0223     		movs	r3, #2
 126 00fc 0993     		str	r3, [sp, #36]
 127 00fe 2946     		mov	r1, r5
 128 0100 3846     		mov	r0, r7
 129 0102 FFF7FEFF 		bl	HAL_GPIO_Init
 130 0106 0796     		str	r6, [sp, #28]
 131 0108 0896     		str	r6, [sp, #32]
 132 010a 0994     		str	r4, [sp, #36]
 133 010c 0A94     		str	r4, [sp, #40]
 134 010e 2946     		mov	r1, r5
 135 0110 5846     		mov	r0, fp
 136 0112 FFF7FEFF 		bl	HAL_GPIO_Init
 137 0116 1023     		movs	r3, #16
 138 0118 0793     		str	r3, [sp, #28]
 139 011a 0896     		str	r6, [sp, #32]
 140 011c 0994     		str	r4, [sp, #36]
 141 011e 0A94     		str	r4, [sp, #40]
 142 0120 2946     		mov	r1, r5
 143 0122 5046     		mov	r0, r10
 144 0124 FFF7FEFF 		bl	HAL_GPIO_Init
 145 0128 4FF60173 		movw	r3, #65281
 146 012c 0793     		str	r3, [sp, #28]
 147 012e 0896     		str	r6, [sp, #32]
 148 0130 0994     		str	r4, [sp, #36]
 149 0132 0A94     		str	r4, [sp, #40]
 150 0134 2946     		mov	r1, r5
 151 0136 3846     		mov	r0, r7
 152 0138 FFF7FEFF 		bl	HAL_GPIO_Init
 153 013c 4FF42443 		mov	r3, #41984
 154 0140 0793     		str	r3, [sp, #28]
 155 0142 0896     		str	r6, [sp, #32]
 156 0144 0994     		str	r4, [sp, #36]
 157 0146 0A94     		str	r4, [sp, #40]
 158 0148 2946     		mov	r1, r5
 159 014a 4846     		mov	r0, r9
 160 014c FFF7FEFF 		bl	HAL_GPIO_Init
 161 0150 4FF40073 		mov	r3, #512
 162 0154 0793     		str	r3, [sp, #28]
 163 0156 4FF48813 		mov	r3, #1114112
 164 015a 0893     		str	r3, [sp, #32]
 165 015c 0994     		str	r4, [sp, #36]
 166 015e 2946     		mov	r1, r5
 167 0160 4046     		mov	r0, r8
 168 0162 FFF7FEFF 		bl	HAL_GPIO_Init
 169 0166 4023     		movs	r3, #64
 170 0168 0793     		str	r3, [sp, #28]
 171 016a 0896     		str	r6, [sp, #32]
 172 016c 0994     		str	r4, [sp, #36]
ARM GAS  C:\Users\fish\AppData\Local\Temp\ccckVqaF.s 			page 4


 173 016e 0A94     		str	r4, [sp, #40]
 174 0170 2946     		mov	r1, r5
 175 0172 4046     		mov	r0, r8
 176 0174 FFF7FEFF 		bl	HAL_GPIO_Init
 177 0178 0DB0     		add	sp, sp, #52
 178              		@ sp needed
 179 017a BDE8F08F 		pop	{r4, r5, r6, r7, r8, r9, r10, fp, pc}
 180              	.L4:
 181 017e 00BF     		.align	2
 182              	.L3:
 183 0180 00380240 		.word	1073887232
 184 0184 00100240 		.word	1073876992
 185 0188 00000240 		.word	1073872896
 186 018c 00080240 		.word	1073874944
 187 0190 00040240 		.word	1073873920
 188 0194 000C0240 		.word	1073875968
 190              		.ident	"GCC: (xPack GNU Arm Embedded GCC x86_64) 14.2.1 20241119"
ARM GAS  C:\Users\fish\AppData\Local\Temp\ccckVqaF.s 			page 5


DEFINED SYMBOLS
                            *ABS*:00000000 gpio.c
C:\Users\fish\AppData\Local\Temp\ccckVqaF.s:18     .text.MX_GPIO_Init:00000000 $t
C:\Users\fish\AppData\Local\Temp\ccckVqaF.s:24     .text.MX_GPIO_Init:00000000 MX_GPIO_Init
C:\Users\fish\AppData\Local\Temp\ccckVqaF.s:183    .text.MX_GPIO_Init:00000180 $d

UNDEFINED SYMBOLS
HAL_GPIO_WritePin
HAL_GPIO_Init
