ARM GAS  C:\Users\fish\AppData\Local\Temp\ccGXFKrT.s 			page 1


   1              		.cpu cortex-m4
   2              		.arch armv7e-m
   3              		.fpu fpv4-sp-d16
   4              		.eabi_attribute 27, 1
   5              		.eabi_attribute 28, 1
   6              		.eabi_attribute 20, 1
   7              		.eabi_attribute 21, 1
   8              		.eabi_attribute 23, 3
   9              		.eabi_attribute 24, 1
  10              		.eabi_attribute 25, 1
  11              		.eabi_attribute 26, 1
  12              		.eabi_attribute 30, 1
  13              		.eabi_attribute 34, 1
  14              		.eabi_attribute 18, 4
  15              		.file	"midi.c"
  16              		.text
  17              		.section	.text.MIDI_Init,"ax",%progbits
  18              		.align	1
  19              		.global	MIDI_Init
  20              		.syntax unified
  21              		.thumb
  22              		.thumb_func
  24              	MIDI_Init:
  25              		@ args = 0, pretend = 0, frame = 0
  26              		@ frame_needed = 0, uses_anonymous_args = 0
  27              		@ link register save eliminated.
  28 0000 0D4B     		ldr	r3, .L2
  29 0002 1860     		str	r0, [r3]
  30 0004 5960     		str	r1, [r3, #4]
  31 0006 0022     		movs	r2, #0
  32 0008 1A72     		strb	r2, [r3, #8]
  33 000a 0121     		movs	r1, #1
  34 000c 5972     		strb	r1, [r3, #9]
  35 000e 0A21     		movs	r1, #10
  36 0010 9972     		strb	r1, [r3, #10]
  37 0012 DA72     		strb	r2, [r3, #11]
  38 0014 DA60     		str	r2, [r3, #12]
  39 0016 1A74     		strb	r2, [r3, #16]
  40 0018 5A74     		strb	r2, [r3, #17]
  41 001a 5A82     		strh	r2, [r3, #18]	@ movhi
  42 001c 5961     		str	r1, [r3, #20]
  43 001e 9A61     		str	r2, [r3, #24]
  44 0020 DA61     		str	r2, [r3, #28]
  45 0022 5A21     		movs	r1, #90
  46 0024 1984     		strh	r1, [r3, #32]	@ movhi
  47 0026 5984     		strh	r1, [r3, #34]	@ movhi
  48 0028 5A62     		str	r2, [r3, #36]
  49 002a 1A85     		strh	r2, [r3, #40]	@ movhi
  50 002c 0268     		ldr	r2, [r0]
  51 002e D368     		ldr	r3, [r2, #12]
  52 0030 43F00103 		orr	r3, r3, #1
  53 0034 D360     		str	r3, [r2, #12]
  54 0036 7047     		bx	lr
  55              	.L3:
  56              		.align	2
  57              	.L2:
  58 0038 00000000 		.word	hmidi
ARM GAS  C:\Users\fish\AppData\Local\Temp\ccGXFKrT.s 			page 2


  60              		.section	.text.MIDI_SetMusic,"ax",%progbits
  61              		.align	1
  62              		.global	MIDI_SetMusic
  63              		.syntax unified
  64              		.thumb
  65              		.thumb_func
  67              	MIDI_SetMusic:
  68              		@ args = 0, pretend = 0, frame = 0
  69              		@ frame_needed = 0, uses_anonymous_args = 0
  70              		@ link register save eliminated.
  71 0000 024B     		ldr	r3, .L5
  72 0002 5862     		str	r0, [r3, #36]
  73 0004 1985     		strh	r1, [r3, #40]	@ movhi
  74 0006 5A84     		strh	r2, [r3, #34]	@ movhi
  75 0008 1A84     		strh	r2, [r3, #32]	@ movhi
  76 000a 7047     		bx	lr
  77              	.L6:
  78              		.align	2
  79              	.L5:
  80 000c 00000000 		.word	hmidi
  82              		.section	.text.MIDI_Play,"ax",%progbits
  83              		.align	1
  84              		.global	MIDI_Play
  85              		.syntax unified
  86              		.thumb
  87              		.thumb_func
  89              	MIDI_Play:
  90              		@ args = 0, pretend = 0, frame = 0
  91              		@ frame_needed = 0, uses_anonymous_args = 0
  92              		@ link register save eliminated.
  93 0000 0B4B     		ldr	r3, .L11
  94 0002 1B7C     		ldrb	r3, [r3, #16]	@ zero_extendqisi2
  95 0004 022B     		cmp	r3, #2
  96 0006 0ED0     		beq	.L10
  97 0008 63B9     		cbnz	r3, .L7
  98 000a 094B     		ldr	r3, .L11
  99 000c 5B69     		ldr	r3, [r3, #20]
 100 000e 4BB1     		cbz	r3, .L7
 101 0010 074B     		ldr	r3, .L11
 102 0012 5B6A     		ldr	r3, [r3, #36]
 103 0014 33B1     		cbz	r3, .L7
 104 0016 064B     		ldr	r3, .L11
 105 0018 0022     		movs	r2, #0
 106 001a 5A82     		strh	r2, [r3, #18]	@ movhi
 107 001c 9A61     		str	r2, [r3, #24]
 108 001e DA61     		str	r2, [r3, #28]
 109 0020 0122     		movs	r2, #1
 110 0022 1A74     		strb	r2, [r3, #16]
 111              	.L7:
 112 0024 7047     		bx	lr
 113              	.L10:
 114 0026 024B     		ldr	r3, .L11
 115 0028 0122     		movs	r2, #1
 116 002a 1A74     		strb	r2, [r3, #16]
 117 002c 7047     		bx	lr
 118              	.L12:
 119 002e 00BF     		.align	2
ARM GAS  C:\Users\fish\AppData\Local\Temp\ccGXFKrT.s 			page 3


 120              	.L11:
 121 0030 00000000 		.word	hmidi
 123              		.section	.text.MIDI_Pause,"ax",%progbits
 124              		.align	1
 125              		.global	MIDI_Pause
 126              		.syntax unified
 127              		.thumb
 128              		.thumb_func
 130              	MIDI_Pause:
 131              		@ args = 0, pretend = 0, frame = 0
 132              		@ frame_needed = 0, uses_anonymous_args = 0
 133 0000 064B     		ldr	r3, .L20
 134 0002 1B7C     		ldrb	r3, [r3, #16]	@ zero_extendqisi2
 135 0004 012B     		cmp	r3, #1
 136 0006 00D0     		beq	.L19
 137 0008 7047     		bx	lr
 138              	.L19:
 139 000a 10B5     		push	{r4, lr}
 140 000c 034C     		ldr	r4, .L20
 141 000e 6168     		ldr	r1, [r4, #4]
 142 0010 2068     		ldr	r0, [r4]
 143 0012 FFF7FEFF 		bl	HAL_TIM_PWM_Stop_IT
 144 0016 0223     		movs	r3, #2
 145 0018 2374     		strb	r3, [r4, #16]
 146 001a 10BD     		pop	{r4, pc}
 147              	.L21:
 148              		.align	2
 149              	.L20:
 150 001c 00000000 		.word	hmidi
 152              		.section	.text.MIDI_Restart,"ax",%progbits
 153              		.align	1
 154              		.global	MIDI_Restart
 155              		.syntax unified
 156              		.thumb
 157              		.thumb_func
 159              	MIDI_Restart:
 160              		@ args = 0, pretend = 0, frame = 0
 161              		@ frame_needed = 0, uses_anonymous_args = 0
 162 0000 084B     		ldr	r3, .L28
 163 0002 5B6A     		ldr	r3, [r3, #36]
 164 0004 63B1     		cbz	r3, .L25
 165 0006 10B5     		push	{r4, lr}
 166 0008 064C     		ldr	r4, .L28
 167 000a 6168     		ldr	r1, [r4, #4]
 168 000c 2068     		ldr	r0, [r4]
 169 000e FFF7FEFF 		bl	HAL_TIM_PWM_Stop_IT
 170 0012 0023     		movs	r3, #0
 171 0014 6382     		strh	r3, [r4, #18]	@ movhi
 172 0016 A361     		str	r3, [r4, #24]
 173 0018 E361     		str	r3, [r4, #28]
 174 001a 0123     		movs	r3, #1
 175 001c 2374     		strb	r3, [r4, #16]
 176 001e 10BD     		pop	{r4, pc}
 177              	.L25:
 178 0020 7047     		bx	lr
 179              	.L29:
 180 0022 00BF     		.align	2
ARM GAS  C:\Users\fish\AppData\Local\Temp\ccGXFKrT.s 			page 4


 181              	.L28:
 182 0024 00000000 		.word	hmidi
 184              		.section	.text.MIDI_Stop,"ax",%progbits
 185              		.align	1
 186              		.global	MIDI_Stop
 187              		.syntax unified
 188              		.thumb
 189              		.thumb_func
 191              	MIDI_Stop:
 192              		@ args = 0, pretend = 0, frame = 0
 193              		@ frame_needed = 0, uses_anonymous_args = 0
 194 0000 10B5     		push	{r4, lr}
 195 0002 064C     		ldr	r4, .L32
 196 0004 6168     		ldr	r1, [r4, #4]
 197 0006 2068     		ldr	r0, [r4]
 198 0008 FFF7FEFF 		bl	HAL_TIM_PWM_Stop_IT
 199 000c 0023     		movs	r3, #0
 200 000e 2372     		strb	r3, [r4, #8]
 201 0010 E360     		str	r3, [r4, #12]
 202 0012 6382     		strh	r3, [r4, #18]	@ movhi
 203 0014 A361     		str	r3, [r4, #24]
 204 0016 E361     		str	r3, [r4, #28]
 205 0018 2374     		strb	r3, [r4, #16]
 206 001a 10BD     		pop	{r4, pc}
 207              	.L33:
 208              		.align	2
 209              	.L32:
 210 001c 00000000 		.word	hmidi
 212              		.section	.text.MIDI_SetDuration,"ax",%progbits
 213              		.align	1
 214              		.global	MIDI_SetDuration
 215              		.syntax unified
 216              		.thumb
 217              		.thumb_func
 219              	MIDI_SetDuration:
 220              		@ args = 0, pretend = 0, frame = 0
 221              		@ frame_needed = 0, uses_anonymous_args = 0
 222              		@ link register save eliminated.
 223 0000 014B     		ldr	r3, .L35
 224 0002 5861     		str	r0, [r3, #20]
 225 0004 7047     		bx	lr
 226              	.L36:
 227 0006 00BF     		.align	2
 228              	.L35:
 229 0008 00000000 		.word	hmidi
 231              		.section	.text.MIDI_SetLoop,"ax",%progbits
 232              		.align	1
 233              		.global	MIDI_SetLoop
 234              		.syntax unified
 235              		.thumb
 236              		.thumb_func
 238              	MIDI_SetLoop:
 239              		@ args = 0, pretend = 0, frame = 0
 240              		@ frame_needed = 0, uses_anonymous_args = 0
 241              		@ link register save eliminated.
 242 0000 014B     		ldr	r3, .L38
 243 0002 5874     		strb	r0, [r3, #17]
ARM GAS  C:\Users\fish\AppData\Local\Temp\ccGXFKrT.s 			page 5


 244 0004 7047     		bx	lr
 245              	.L39:
 246 0006 00BF     		.align	2
 247              	.L38:
 248 0008 00000000 		.word	hmidi
 250              		.section	.text.MIDI_SetVolume,"ax",%progbits
 251              		.align	1
 252              		.global	MIDI_SetVolume
 253              		.syntax unified
 254              		.thumb
 255              		.thumb_func
 257              	MIDI_SetVolume:
 258              		@ args = 0, pretend = 0, frame = 0
 259              		@ frame_needed = 0, uses_anonymous_args = 0
 260              		@ link register save eliminated.
 261 0000 6428     		cmp	r0, #100
 262 0002 00D9     		bls	.L41
 263 0004 6420     		movs	r0, #100
 264              	.L41:
 265 0006 014B     		ldr	r3, .L43
 266 0008 9872     		strb	r0, [r3, #10]
 267 000a 7047     		bx	lr
 268              	.L44:
 269              		.align	2
 270              	.L43:
 271 000c 00000000 		.word	hmidi
 273              		.section	.text.MIDI_GetVolume,"ax",%progbits
 274              		.align	1
 275              		.global	MIDI_GetVolume
 276              		.syntax unified
 277              		.thumb
 278              		.thumb_func
 280              	MIDI_GetVolume:
 281              		@ args = 0, pretend = 0, frame = 0
 282              		@ frame_needed = 0, uses_anonymous_args = 0
 283              		@ link register save eliminated.
 284 0000 014B     		ldr	r3, .L46
 285 0002 987A     		ldrb	r0, [r3, #10]	@ zero_extendqisi2
 286 0004 7047     		bx	lr
 287              	.L47:
 288 0006 00BF     		.align	2
 289              	.L46:
 290 0008 00000000 		.word	hmidi
 292              		.section	.text.MIDI_SetBPM,"ax",%progbits
 293              		.align	1
 294              		.global	MIDI_SetBPM
 295              		.syntax unified
 296              		.thumb
 297              		.thumb_func
 299              	MIDI_SetBPM:
 300              		@ args = 0, pretend = 0, frame = 0
 301              		@ frame_needed = 0, uses_anonymous_args = 0
 302              		@ link register save eliminated.
 303 0000 08B1     		cbz	r0, .L48
 304 0002 014A     		ldr	r2, .L50
 305 0004 1084     		strh	r0, [r2, #32]	@ movhi
 306              	.L48:
ARM GAS  C:\Users\fish\AppData\Local\Temp\ccGXFKrT.s 			page 6


 307 0006 7047     		bx	lr
 308              	.L51:
 309              		.align	2
 310              	.L50:
 311 0008 00000000 		.word	hmidi
 313              		.section	.text.MIDI_GetBPM,"ax",%progbits
 314              		.align	1
 315              		.global	MIDI_GetBPM
 316              		.syntax unified
 317              		.thumb
 318              		.thumb_func
 320              	MIDI_GetBPM:
 321              		@ args = 0, pretend = 0, frame = 0
 322              		@ frame_needed = 0, uses_anonymous_args = 0
 323              		@ link register save eliminated.
 324 0000 014B     		ldr	r3, .L53
 325 0002 188C     		ldrh	r0, [r3, #32]
 326 0004 7047     		bx	lr
 327              	.L54:
 328 0006 00BF     		.align	2
 329              	.L53:
 330 0008 00000000 		.word	hmidi
 332              		.section	.text.MIDI_SetShift,"ax",%progbits
 333              		.align	1
 334              		.global	MIDI_SetShift
 335              		.syntax unified
 336              		.thumb
 337              		.thumb_func
 339              	MIDI_SetShift:
 340              		@ args = 0, pretend = 0, frame = 0
 341              		@ frame_needed = 0, uses_anonymous_args = 0
 342              		@ link register save eliminated.
 343 0000 014B     		ldr	r3, .L56
 344 0002 D872     		strb	r0, [r3, #11]
 345 0004 7047     		bx	lr
 346              	.L57:
 347 0006 00BF     		.align	2
 348              	.L56:
 349 0008 00000000 		.word	hmidi
 351              		.section	.text.MIDI_GetShift,"ax",%progbits
 352              		.align	1
 353              		.global	MIDI_GetShift
 354              		.syntax unified
 355              		.thumb
 356              		.thumb_func
 358              	MIDI_GetShift:
 359              		@ args = 0, pretend = 0, frame = 0
 360              		@ frame_needed = 0, uses_anonymous_args = 0
 361              		@ link register save eliminated.
 362 0000 014B     		ldr	r3, .L59
 363 0002 93F90B00 		ldrsb	r0, [r3, #11]
 364 0006 7047     		bx	lr
 365              	.L60:
 366              		.align	2
 367              	.L59:
 368 0008 00000000 		.word	hmidi
 370              		.section	.text.MIDI_GetState,"ax",%progbits
ARM GAS  C:\Users\fish\AppData\Local\Temp\ccGXFKrT.s 			page 7


 371              		.align	1
 372              		.global	MIDI_GetState
 373              		.syntax unified
 374              		.thumb
 375              		.thumb_func
 377              	MIDI_GetState:
 378              		@ args = 0, pretend = 0, frame = 0
 379              		@ frame_needed = 0, uses_anonymous_args = 0
 380              		@ link register save eliminated.
 381 0000 014B     		ldr	r3, .L62
 382 0002 187C     		ldrb	r0, [r3, #16]	@ zero_extendqisi2
 383 0004 7047     		bx	lr
 384              	.L63:
 385 0006 00BF     		.align	2
 386              	.L62:
 387 0008 00000000 		.word	hmidi
 389              		.section	.text.MIDI_Beep,"ax",%progbits
 390              		.align	1
 391              		.global	MIDI_Beep
 392              		.syntax unified
 393              		.thumb
 394              		.thumb_func
 396              	MIDI_Beep:
 397              		@ args = 0, pretend = 0, frame = 8
 398              		@ frame_needed = 0, uses_anonymous_args = 0
 399 0000 10B5     		push	{r4, lr}
 400 0002 2DED028B 		vpush.64	{d8}
 401 0006 82B0     		sub	sp, sp, #8
 402 0008 0191     		str	r1, [sp, #4]
 403 000a C308     		lsrs	r3, r0, #3
 404 000c 5B00     		lsls	r3, r3, #1
 405 000e 07EE903A 		vmov	s15, r3	@ int
 406 0012 B8EEE78A 		vcvt.f32.s32	s16, s15
 407 0016 F7EE007A 		vmov.f32	s15, #1.0e+0
 408 001a B4EEE78A 		vcmpe.f32	s16, s15
 409 001e F1EE10FA 		vmrs	APSR_nzcv, FPSCR
 410 0022 65D4     		bmi	.L75
 411              	.L65:
 412 0024 00F00704 		and	r4, r0, #7
 413 0028 654B     		ldr	r3, .L78
 414 002a 1C72     		strb	r4, [r3, #8]
 415 002c 5968     		ldr	r1, [r3, #4]
 416 002e 1868     		ldr	r0, [r3]
 417 0030 FFF7FEFF 		bl	HAL_TIM_PWM_Stop_IT
 418 0034 002C     		cmp	r4, #0
 419 0036 57D0     		beq	.L64
 420 0038 614B     		ldr	r3, .L78
 421 003a DB7A     		ldrb	r3, [r3, #11]	@ zero_extendqisi2
 422 003c 2344     		add	r3, r3, r4
 423 003e DAB2     		uxtb	r2, r3
 424 0040 5BB2     		sxtb	r3, r3
 425 0042 072B     		cmp	r3, #7
 426 0044 57DD     		ble	.L67
 427 0046 073A     		subs	r2, r2, #7
 428 0048 53B2     		sxtb	r3, r2
 429 004a 38EE088A 		vadd.f32	s16, s16, s16
 430              	.L68:
ARM GAS  C:\Users\fish\AppData\Local\Temp\ccGXFKrT.s 			page 8


 431 004e 5D4A     		ldr	r2, .L78+4
 432 0050 02EB8303 		add	r3, r2, r3, lsl #2
 433 0054 93ED007A 		vldr.32	s14, [r3]
 434 0058 27EE087A 		vmul.f32	s14, s14, s16
 435 005c DFED5A7A 		vldr.32	s15, .L78+8
 436 0060 C7EE876A 		vdiv.f32	s13, s15, s14
 437 0064 F7EE007A 		vmov.f32	s15, #1.0e+0
 438 0068 76EEE76A 		vsub.f32	s13, s13, s15
 439 006c 544A     		ldr	r2, .L78
 440 006e 1068     		ldr	r0, [r2]
 441 0070 0168     		ldr	r1, [r0]
 442 0072 FCEEE67A 		vcvt.u32.f32	s15, s13
 443 0076 17EE903A 		vmov	r3, s15	@ int
 444 007a 9BB2     		uxth	r3, r3
 445 007c CB62     		str	r3, [r1, #44]
 446 007e C360     		str	r3, [r0, #12]
 447 0080 5168     		ldr	r1, [r2, #4]
 448 0082 0029     		cmp	r1, #0
 449 0084 40D1     		bne	.L69
 450 0086 937A     		ldrb	r3, [r2, #10]	@ zero_extendqisi2
 451 0088 504A     		ldr	r2, .L78+12
 452 008a A2FB0342 		umull	r4, r2, r2, r3
 453 008e 9C1A     		subs	r4, r3, r2
 454 0090 02EB5402 		add	r2, r2, r4, lsr #1
 455 0094 9209     		lsrs	r2, r2, #6
 456 0096 6524     		movs	r4, #101
 457 0098 04FB1233 		mls	r3, r4, r2, r3
 458 009c DBB2     		uxtb	r3, r3
 459 009e 07EE903A 		vmov	s15, r3	@ int
 460 00a2 F8EEE77A 		vcvt.f32.s32	s15, s15
 461 00a6 67EEA67A 		vmul.f32	s15, s15, s13
 462 00aa 9FED496A 		vldr.32	s12, .L78+16
 463 00ae C7EE866A 		vdiv.f32	s13, s15, s12
 464 00b2 0368     		ldr	r3, [r0]
 465 00b4 FCEEE66A 		vcvt.u32.f32	s13, s13
 466 00b8 C3ED0D6A 		vstr.32	s13, [r3, #52]	@ int
 467              	.L70:
 468 00bc FCEEC87A 		vcvt.u32.f32	s15, s16
 469 00c0 17EE903A 		vmov	r3, s15	@ int
 470 00c4 3E4A     		ldr	r2, .L78
 471 00c6 5372     		strb	r3, [r2, #9]
 472 00c8 DDED017A 		vldr.32	s15, [sp, #4]	@ int
 473 00cc F8EEE77A 		vcvt.f32.s32	s15, s15
 474 00d0 67EE877A 		vmul.f32	s15, s15, s14
 475 00d4 DFED3F6A 		vldr.32	s13, .L78+20
 476 00d8 87EEA67A 		vdiv.f32	s14, s15, s13
 477 00dc BCEEC77A 		vcvt.u32.f32	s14, s14
 478 00e0 82ED037A 		vstr.32	s14, [r2, #12]	@ int
 479 00e4 FFF7FEFF 		bl	HAL_TIM_PWM_Start_IT
 480              	.L64:
 481 00e8 02B0     		add	sp, sp, #8
 482              		@ sp needed
 483 00ea BDEC028B 		vldm	sp!, {d8}
 484 00ee 10BD     		pop	{r4, pc}
 485              	.L75:
 486 00f0 B0EE678A 		vmov.f32	s16, s15
 487 00f4 96E7     		b	.L65
ARM GAS  C:\Users\fish\AppData\Local\Temp\ccGXFKrT.s 			page 9


 488              	.L67:
 489 00f6 002B     		cmp	r3, #0
 490 00f8 A9DC     		bgt	.L68
 491 00fa 0732     		adds	r2, r2, #7
 492 00fc 53B2     		sxtb	r3, r2
 493 00fe F6EE007A 		vmov.f32	s15, #5.0e-1
 494 0102 28EE278A 		vmul.f32	s16, s16, s15
 495 0106 A2E7     		b	.L68
 496              	.L69:
 497 0108 0429     		cmp	r1, #4
 498 010a 1ED0     		beq	.L76
 499 010c 0829     		cmp	r1, #8
 500 010e 39D0     		beq	.L77
 501 0110 2B4B     		ldr	r3, .L78
 502 0112 9B7A     		ldrb	r3, [r3, #10]	@ zero_extendqisi2
 503 0114 2D4A     		ldr	r2, .L78+12
 504 0116 A2FB0342 		umull	r4, r2, r2, r3
 505 011a 9C1A     		subs	r4, r3, r2
 506 011c 02EB5402 		add	r2, r2, r4, lsr #1
 507 0120 9209     		lsrs	r2, r2, #6
 508 0122 6524     		movs	r4, #101
 509 0124 04FB1233 		mls	r3, r4, r2, r3
 510 0128 DBB2     		uxtb	r3, r3
 511 012a 07EE903A 		vmov	s15, r3	@ int
 512 012e F8EEE77A 		vcvt.f32.s32	s15, s15
 513 0132 67EEA67A 		vmul.f32	s15, s15, s13
 514 0136 9FED266A 		vldr.32	s12, .L78+16
 515 013a C7EE866A 		vdiv.f32	s13, s15, s12
 516 013e 0368     		ldr	r3, [r0]
 517 0140 FCEEE66A 		vcvt.u32.f32	s13, s13
 518 0144 C3ED106A 		vstr.32	s13, [r3, #64]	@ int
 519 0148 B8E7     		b	.L70
 520              	.L76:
 521 014a 1D4B     		ldr	r3, .L78
 522 014c 9B7A     		ldrb	r3, [r3, #10]	@ zero_extendqisi2
 523 014e 1F4A     		ldr	r2, .L78+12
 524 0150 A2FB0342 		umull	r4, r2, r2, r3
 525 0154 9C1A     		subs	r4, r3, r2
 526 0156 02EB5402 		add	r2, r2, r4, lsr #1
 527 015a 9209     		lsrs	r2, r2, #6
 528 015c 6524     		movs	r4, #101
 529 015e 04FB1233 		mls	r3, r4, r2, r3
 530 0162 DBB2     		uxtb	r3, r3
 531 0164 07EE903A 		vmov	s15, r3	@ int
 532 0168 F8EEE77A 		vcvt.f32.s32	s15, s15
 533 016c 67EEA67A 		vmul.f32	s15, s15, s13
 534 0170 9FED176A 		vldr.32	s12, .L78+16
 535 0174 C7EE866A 		vdiv.f32	s13, s15, s12
 536 0178 0368     		ldr	r3, [r0]
 537 017a FCEEE66A 		vcvt.u32.f32	s13, s13
 538 017e C3ED0E6A 		vstr.32	s13, [r3, #56]	@ int
 539 0182 9BE7     		b	.L70
 540              	.L77:
 541 0184 0E4B     		ldr	r3, .L78
 542 0186 9B7A     		ldrb	r3, [r3, #10]	@ zero_extendqisi2
 543 0188 104A     		ldr	r2, .L78+12
 544 018a A2FB0342 		umull	r4, r2, r2, r3
ARM GAS  C:\Users\fish\AppData\Local\Temp\ccGXFKrT.s 			page 10


 545 018e 9C1A     		subs	r4, r3, r2
 546 0190 02EB5402 		add	r2, r2, r4, lsr #1
 547 0194 9209     		lsrs	r2, r2, #6
 548 0196 6524     		movs	r4, #101
 549 0198 04FB1233 		mls	r3, r4, r2, r3
 550 019c DBB2     		uxtb	r3, r3
 551 019e 07EE903A 		vmov	s15, r3	@ int
 552 01a2 F8EEE77A 		vcvt.f32.s32	s15, s15
 553 01a6 67EEA67A 		vmul.f32	s15, s15, s13
 554 01aa 9FED096A 		vldr.32	s12, .L78+16
 555 01ae C7EE866A 		vdiv.f32	s13, s15, s12
 556 01b2 0368     		ldr	r3, [r0]
 557 01b4 FCEEE66A 		vcvt.u32.f32	s13, s13
 558 01b8 C3ED0F6A 		vstr.32	s13, [r3, #60]	@ int
 559 01bc 7EE7     		b	.L70
 560              	.L79:
 561 01be 00BF     		.align	2
 562              	.L78:
 563 01c0 00000000 		.word	hmidi
 564 01c4 00000000 		.word	midi_freq_tab
 565 01c8 00247449 		.word	1232348160
 566 01cc 57866F44 		.word	1148159575
 567 01d0 0000C842 		.word	1120403456
 568 01d4 00007A44 		.word	1148846080
 570              		.section	.text.MIDI_Tick,"ax",%progbits
 571              		.align	1
 572              		.global	MIDI_Tick
 573              		.syntax unified
 574              		.thumb
 575              		.thumb_func
 577              	MIDI_Tick:
 578              		@ args = 0, pretend = 0, frame = 0
 579              		@ frame_needed = 0, uses_anonymous_args = 0
 580 0000 2B4B     		ldr	r3, .L92
 581 0002 1B7C     		ldrb	r3, [r3, #16]	@ zero_extendqisi2
 582 0004 012B     		cmp	r3, #1
 583 0006 05D1     		bne	.L87
 584 0008 294B     		ldr	r3, .L92
 585 000a 5B6A     		ldr	r3, [r3, #36]
 586 000c 13B1     		cbz	r3, .L87
 587 000e 284B     		ldr	r3, .L92
 588 0010 5B69     		ldr	r3, [r3, #20]
 589 0012 03B9     		cbnz	r3, .L90
 590              	.L87:
 591 0014 7047     		bx	lr
 592              	.L90:
 593 0016 70B5     		push	{r4, r5, r6, lr}
 594 0018 FFF7FEFF 		bl	HAL_GetTick
 595 001c 0546     		mov	r5, r0
 596 001e 244B     		ldr	r3, .L92
 597 0020 DB69     		ldr	r3, [r3, #28]
 598 0022 43B9     		cbnz	r3, .L82
 599 0024 224B     		ldr	r3, .L92
 600 0026 5A69     		ldr	r2, [r3, #20]
 601 0028 4FF47A71 		mov	r1, #1000
 602 002c 01FB0202 		mla	r2, r1, r2, r0
 603 0030 DA61     		str	r2, [r3, #28]
ARM GAS  C:\Users\fish\AppData\Local\Temp\ccGXFKrT.s 			page 11


 604 0032 0022     		movs	r2, #0
 605 0034 5A82     		strh	r2, [r3, #18]	@ movhi
 606              	.L82:
 607 0036 1E4B     		ldr	r3, .L92
 608 0038 DB69     		ldr	r3, [r3, #28]
 609 003a AB42     		cmp	r3, r5
 610 003c 32D9     		bls	.L91
 611 003e 1C4B     		ldr	r3, .L92
 612 0040 9B69     		ldr	r3, [r3, #24]
 613 0042 AB42     		cmp	r3, r5
 614 0044 2DD8     		bhi	.L80
 615 0046 1A4B     		ldr	r3, .L92
 616 0048 5A8A     		ldrh	r2, [r3, #18]
 617 004a 1B8D     		ldrh	r3, [r3, #40]
 618 004c 9A42     		cmp	r2, r3
 619 004e 05D3     		bcc	.L84
 620 0050 174B     		ldr	r3, .L92
 621 0052 5B7C     		ldrb	r3, [r3, #17]	@ zero_extendqisi2
 622 0054 4BB3     		cbz	r3, .L85
 623 0056 164B     		ldr	r3, .L92
 624 0058 0022     		movs	r2, #0
 625 005a 5A82     		strh	r2, [r3, #18]	@ movhi
 626              	.L84:
 627 005c 144E     		ldr	r6, .L92
 628 005e 726A     		ldr	r2, [r6, #36]
 629 0060 738A     		ldrh	r3, [r6, #18]
 630 0062 591C     		adds	r1, r3, #1
 631 0064 7182     		strh	r1, [r6, #18]	@ movhi
 632 0066 52F82300 		ldr	r0, [r2, r3, lsl #2]
 633 006a 124B     		ldr	r3, .L92+4
 634 006c A3FB0023 		umull	r2, r3, r3, r0
 635 0070 5A09     		lsrs	r2, r3, #5
 636 0072 718C     		ldrh	r1, [r6, #34]
 637 0074 C3F34F14 		ubfx	r4, r3, #5, #16
 638 0078 01FB04F4 		mul	r4, r1, r4
 639 007c 338C     		ldrh	r3, [r6, #32]
 640 007e B4FBF3F4 		udiv	r4, r4, r3
 641 0082 6423     		movs	r3, #100
 642 0084 03FB1200 		mls	r0, r3, r2, r0
 643 0088 A4B2     		uxth	r4, r4
 644 008a 04EBC401 		add	r1, r4, r4, lsl #3
 645 008e 0A4B     		ldr	r3, .L92+8
 646 0090 83FB0131 		smull	r3, r1, r3, r1
 647 0094 C1F38F01 		ubfx	r1, r1, #2, #16
 648 0098 C0B2     		uxtb	r0, r0
 649 009a FFF7FEFF 		bl	MIDI_Beep
 650 009e 2544     		add	r5, r5, r4
 651 00a0 B561     		str	r5, [r6, #24]
 652              	.L80:
 653 00a2 70BD     		pop	{r4, r5, r6, pc}
 654              	.L91:
 655 00a4 FFF7FEFF 		bl	MIDI_Stop
 656 00a8 FBE7     		b	.L80
 657              	.L85:
 658 00aa FFF7FEFF 		bl	MIDI_Stop
 659 00ae F8E7     		b	.L80
 660              	.L93:
ARM GAS  C:\Users\fish\AppData\Local\Temp\ccGXFKrT.s 			page 12


 661              		.align	2
 662              	.L92:
 663 00b0 00000000 		.word	hmidi
 664 00b4 1F85EB51 		.word	1374389535
 665 00b8 67666666 		.word	1717986919
 667              		.section	.text.MIDI_TimerCallback,"ax",%progbits
 668              		.align	1
 669              		.global	MIDI_TimerCallback
 670              		.syntax unified
 671              		.thumb
 672              		.thumb_func
 674              	MIDI_TimerCallback:
 675              		@ args = 0, pretend = 0, frame = 0
 676              		@ frame_needed = 0, uses_anonymous_args = 0
 677 0000 08B5     		push	{r3, lr}
 678 0002 0B4B     		ldr	r3, .L99
 679 0004 1B68     		ldr	r3, [r3]
 680 0006 1BB1     		cbz	r3, .L94
 681 0008 0268     		ldr	r2, [r0]
 682 000a 1B68     		ldr	r3, [r3]
 683 000c 9A42     		cmp	r2, r3
 684 000e 00D0     		beq	.L98
 685              	.L94:
 686 0010 08BD     		pop	{r3, pc}
 687              	.L98:
 688 0012 074B     		ldr	r3, .L99
 689 0014 DB68     		ldr	r3, [r3, #12]
 690 0016 33B1     		cbz	r3, .L96
 691 0018 054A     		ldr	r2, .L99
 692 001a 127A     		ldrb	r2, [r2, #8]	@ zero_extendqisi2
 693 001c 1AB1     		cbz	r2, .L96
 694 001e 013B     		subs	r3, r3, #1
 695 0020 034A     		ldr	r2, .L99
 696 0022 D360     		str	r3, [r2, #12]
 697 0024 F4E7     		b	.L94
 698              	.L96:
 699 0026 024B     		ldr	r3, .L99
 700 0028 5968     		ldr	r1, [r3, #4]
 701 002a FFF7FEFF 		bl	HAL_TIM_PWM_Stop_IT
 702 002e EFE7     		b	.L94
 703              	.L100:
 704              		.align	2
 705              	.L99:
 706 0030 00000000 		.word	hmidi
 708              		.section	.rodata.midi_freq_tab,"a"
 709              		.align	2
 712              	midi_freq_tab:
 713 0000 00000000 		.word	0
 714 0004 CDCC8243 		.word	1132645581
 715 0008 CDCC9243 		.word	1133694157
 716 000c CDCCA443 		.word	1134873805
 717 0010 9A99AE43 		.word	1135516058
 718 0014 0000C443 		.word	1136918528
 719 0018 0000DC43 		.word	1138491392
 720 001c 33F3F643 		.word	1140257587
 721              		.section	.bss.hmidi,"aw",%nobits
 722              		.align	2
ARM GAS  C:\Users\fish\AppData\Local\Temp\ccGXFKrT.s 			page 13


 725              	hmidi:
 726 0000 00000000 		.space	44
 726      00000000 
 726      00000000 
 726      00000000 
 726      00000000 
 727              		.ident	"GCC: (xPack GNU Arm Embedded GCC x86_64) 14.2.1 20241119"
ARM GAS  C:\Users\fish\AppData\Local\Temp\ccGXFKrT.s 			page 14


DEFINED SYMBOLS
                            *ABS*:00000000 midi.c
C:\Users\fish\AppData\Local\Temp\ccGXFKrT.s:18     .text.MIDI_Init:00000000 $t
C:\Users\fish\AppData\Local\Temp\ccGXFKrT.s:24     .text.MIDI_Init:00000000 MIDI_Init
C:\Users\fish\AppData\Local\Temp\ccGXFKrT.s:58     .text.MIDI_Init:00000038 $d
C:\Users\fish\AppData\Local\Temp\ccGXFKrT.s:725    .bss.hmidi:00000000 hmidi
C:\Users\fish\AppData\Local\Temp\ccGXFKrT.s:61     .text.MIDI_SetMusic:00000000 $t
C:\Users\fish\AppData\Local\Temp\ccGXFKrT.s:67     .text.MIDI_SetMusic:00000000 MIDI_SetMusic
C:\Users\fish\AppData\Local\Temp\ccGXFKrT.s:80     .text.MIDI_SetMusic:0000000c $d
C:\Users\fish\AppData\Local\Temp\ccGXFKrT.s:83     .text.MIDI_Play:00000000 $t
C:\Users\fish\AppData\Local\Temp\ccGXFKrT.s:89     .text.MIDI_Play:00000000 MIDI_Play
C:\Users\fish\AppData\Local\Temp\ccGXFKrT.s:121    .text.MIDI_Play:00000030 $d
C:\Users\fish\AppData\Local\Temp\ccGXFKrT.s:124    .text.MIDI_Pause:00000000 $t
C:\Users\fish\AppData\Local\Temp\ccGXFKrT.s:130    .text.MIDI_Pause:00000000 MIDI_Pause
C:\Users\fish\AppData\Local\Temp\ccGXFKrT.s:150    .text.MIDI_Pause:0000001c $d
C:\Users\fish\AppData\Local\Temp\ccGXFKrT.s:153    .text.MIDI_Restart:00000000 $t
C:\Users\fish\AppData\Local\Temp\ccGXFKrT.s:159    .text.MIDI_Restart:00000000 MIDI_Restart
C:\Users\fish\AppData\Local\Temp\ccGXFKrT.s:182    .text.MIDI_Restart:00000024 $d
C:\Users\fish\AppData\Local\Temp\ccGXFKrT.s:185    .text.MIDI_Stop:00000000 $t
C:\Users\fish\AppData\Local\Temp\ccGXFKrT.s:191    .text.MIDI_Stop:00000000 MIDI_Stop
C:\Users\fish\AppData\Local\Temp\ccGXFKrT.s:210    .text.MIDI_Stop:0000001c $d
C:\Users\fish\AppData\Local\Temp\ccGXFKrT.s:213    .text.MIDI_SetDuration:00000000 $t
C:\Users\fish\AppData\Local\Temp\ccGXFKrT.s:219    .text.MIDI_SetDuration:00000000 MIDI_SetDuration
C:\Users\fish\AppData\Local\Temp\ccGXFKrT.s:229    .text.MIDI_SetDuration:00000008 $d
C:\Users\fish\AppData\Local\Temp\ccGXFKrT.s:232    .text.MIDI_SetLoop:00000000 $t
C:\Users\fish\AppData\Local\Temp\ccGXFKrT.s:238    .text.MIDI_SetLoop:00000000 MIDI_SetLoop
C:\Users\fish\AppData\Local\Temp\ccGXFKrT.s:248    .text.MIDI_SetLoop:00000008 $d
C:\Users\fish\AppData\Local\Temp\ccGXFKrT.s:251    .text.MIDI_SetVolume:00000000 $t
C:\Users\fish\AppData\Local\Temp\ccGXFKrT.s:257    .text.MIDI_SetVolume:00000000 MIDI_SetVolume
C:\Users\fish\AppData\Local\Temp\ccGXFKrT.s:271    .text.MIDI_SetVolume:0000000c $d
C:\Users\fish\AppData\Local\Temp\ccGXFKrT.s:274    .text.MIDI_GetVolume:00000000 $t
C:\Users\fish\AppData\Local\Temp\ccGXFKrT.s:280    .text.MIDI_GetVolume:00000000 MIDI_GetVolume
C:\Users\fish\AppData\Local\Temp\ccGXFKrT.s:290    .text.MIDI_GetVolume:00000008 $d
C:\Users\fish\AppData\Local\Temp\ccGXFKrT.s:293    .text.MIDI_SetBPM:00000000 $t
C:\Users\fish\AppData\Local\Temp\ccGXFKrT.s:299    .text.MIDI_SetBPM:00000000 MIDI_SetBPM
C:\Users\fish\AppData\Local\Temp\ccGXFKrT.s:311    .text.MIDI_SetBPM:00000008 $d
C:\Users\fish\AppData\Local\Temp\ccGXFKrT.s:314    .text.MIDI_GetBPM:00000000 $t
C:\Users\fish\AppData\Local\Temp\ccGXFKrT.s:320    .text.MIDI_GetBPM:00000000 MIDI_GetBPM
C:\Users\fish\AppData\Local\Temp\ccGXFKrT.s:330    .text.MIDI_GetBPM:00000008 $d
C:\Users\fish\AppData\Local\Temp\ccGXFKrT.s:333    .text.MIDI_SetShift:00000000 $t
C:\Users\fish\AppData\Local\Temp\ccGXFKrT.s:339    .text.MIDI_SetShift:00000000 MIDI_SetShift
C:\Users\fish\AppData\Local\Temp\ccGXFKrT.s:349    .text.MIDI_SetShift:00000008 $d
C:\Users\fish\AppData\Local\Temp\ccGXFKrT.s:352    .text.MIDI_GetShift:00000000 $t
C:\Users\fish\AppData\Local\Temp\ccGXFKrT.s:358    .text.MIDI_GetShift:00000000 MIDI_GetShift
C:\Users\fish\AppData\Local\Temp\ccGXFKrT.s:368    .text.MIDI_GetShift:00000008 $d
C:\Users\fish\AppData\Local\Temp\ccGXFKrT.s:371    .text.MIDI_GetState:00000000 $t
C:\Users\fish\AppData\Local\Temp\ccGXFKrT.s:377    .text.MIDI_GetState:00000000 MIDI_GetState
C:\Users\fish\AppData\Local\Temp\ccGXFKrT.s:387    .text.MIDI_GetState:00000008 $d
C:\Users\fish\AppData\Local\Temp\ccGXFKrT.s:390    .text.MIDI_Beep:00000000 $t
C:\Users\fish\AppData\Local\Temp\ccGXFKrT.s:396    .text.MIDI_Beep:00000000 MIDI_Beep
C:\Users\fish\AppData\Local\Temp\ccGXFKrT.s:563    .text.MIDI_Beep:000001c0 $d
C:\Users\fish\AppData\Local\Temp\ccGXFKrT.s:712    .rodata.midi_freq_tab:00000000 midi_freq_tab
C:\Users\fish\AppData\Local\Temp\ccGXFKrT.s:571    .text.MIDI_Tick:00000000 $t
C:\Users\fish\AppData\Local\Temp\ccGXFKrT.s:577    .text.MIDI_Tick:00000000 MIDI_Tick
C:\Users\fish\AppData\Local\Temp\ccGXFKrT.s:663    .text.MIDI_Tick:000000b0 $d
C:\Users\fish\AppData\Local\Temp\ccGXFKrT.s:668    .text.MIDI_TimerCallback:00000000 $t
C:\Users\fish\AppData\Local\Temp\ccGXFKrT.s:674    .text.MIDI_TimerCallback:00000000 MIDI_TimerCallback
ARM GAS  C:\Users\fish\AppData\Local\Temp\ccGXFKrT.s 			page 15


C:\Users\fish\AppData\Local\Temp\ccGXFKrT.s:706    .text.MIDI_TimerCallback:00000030 $d
C:\Users\fish\AppData\Local\Temp\ccGXFKrT.s:709    .rodata.midi_freq_tab:00000000 $d
C:\Users\fish\AppData\Local\Temp\ccGXFKrT.s:722    .bss.hmidi:00000000 $d

UNDEFINED SYMBOLS
HAL_TIM_PWM_Stop_IT
HAL_TIM_PWM_Start_IT
HAL_GetTick
