ARM GAS  C:\Users\fish\AppData\Local\Temp\ccCR6lV8.s 			page 1


   1              		.cpu cortex-m4
   2              		.arch armv7e-m
   3              		.fpu fpv4-sp-d16
   4              		.eabi_attribute 27, 1
   5              		.eabi_attribute 28, 1
   6              		.eabi_attribute 20, 1
   7              		.eabi_attribute 21, 1
   8              		.eabi_attribute 23, 3
   9              		.eabi_attribute 24, 1
  10              		.eabi_attribute 25, 1
  11              		.eabi_attribute 26, 1
  12              		.eabi_attribute 30, 1
  13              		.eabi_attribute 34, 1
  14              		.eabi_attribute 18, 4
  15              		.file	"rtc.c"
  16              		.text
  17              		.section	.text.MX_RTC_Init,"ax",%progbits
  18              		.align	1
  19              		.global	MX_RTC_Init
  20              		.syntax unified
  21              		.thumb
  22              		.thumb_func
  24              	MX_RTC_Init:
  25              		@ args = 0, pretend = 0, frame = 64
  26              		@ frame_needed = 0, uses_anonymous_args = 0
  27 0000 10B5     		push	{r4, lr}
  28 0002 90B0     		sub	sp, sp, #64
  29 0004 0024     		movs	r4, #0
  30 0006 0B94     		str	r4, [sp, #44]
  31 0008 0C94     		str	r4, [sp, #48]
  32 000a 0D94     		str	r4, [sp, #52]
  33 000c 0E94     		str	r4, [sp, #56]
  34 000e 0F94     		str	r4, [sp, #60]
  35 0010 0A94     		str	r4, [sp, #40]
  36 0012 2822     		movs	r2, #40
  37 0014 2146     		mov	r1, r4
  38 0016 6846     		mov	r0, sp
  39 0018 FFF7FEFF 		bl	memset
  40 001c 2948     		ldr	r0, .L11
  41 001e 2A4B     		ldr	r3, .L11+4
  42 0020 0360     		str	r3, [r0]
  43 0022 4460     		str	r4, [r0, #4]
  44 0024 7F23     		movs	r3, #127
  45 0026 8360     		str	r3, [r0, #8]
  46 0028 FF23     		movs	r3, #255
  47 002a C360     		str	r3, [r0, #12]
  48 002c 0461     		str	r4, [r0, #16]
  49 002e 4461     		str	r4, [r0, #20]
  50 0030 8461     		str	r4, [r0, #24]
  51 0032 FFF7FEFF 		bl	HAL_RTC_Init
  52 0036 0028     		cmp	r0, #0
  53 0038 37D1     		bne	.L7
  54              	.L2:
  55 003a 0023     		movs	r3, #0
  56 003c 8DF82C30 		strb	r3, [sp, #44]
  57 0040 8DF82D30 		strb	r3, [sp, #45]
  58 0044 8DF82E30 		strb	r3, [sp, #46]
ARM GAS  C:\Users\fish\AppData\Local\Temp\ccCR6lV8.s 			page 2


  59 0048 0E93     		str	r3, [sp, #56]
  60 004a 0F93     		str	r3, [sp, #60]
  61 004c 0122     		movs	r2, #1
  62 004e 0BA9     		add	r1, sp, #44
  63 0050 1C48     		ldr	r0, .L11
  64 0052 FFF7FEFF 		bl	HAL_RTC_SetTime
  65 0056 58BB     		cbnz	r0, .L8
  66              	.L3:
  67 0058 0122     		movs	r2, #1
  68 005a 8DF82820 		strb	r2, [sp, #40]
  69 005e 8DF82920 		strb	r2, [sp, #41]
  70 0062 8DF82A20 		strb	r2, [sp, #42]
  71 0066 0023     		movs	r3, #0
  72 0068 8DF82B30 		strb	r3, [sp, #43]
  73 006c 0AA9     		add	r1, sp, #40
  74 006e 1548     		ldr	r0, .L11
  75 0070 FFF7FEFF 		bl	HAL_RTC_SetDate
  76 0074 F8B9     		cbnz	r0, .L9
  77              	.L4:
  78 0076 0023     		movs	r3, #0
  79 0078 8DF80030 		strb	r3, [sp]
  80 007c 8DF80130 		strb	r3, [sp, #1]
  81 0080 8DF80230 		strb	r3, [sp, #2]
  82 0084 0193     		str	r3, [sp, #4]
  83 0086 0393     		str	r3, [sp, #12]
  84 0088 0493     		str	r3, [sp, #16]
  85 008a 0593     		str	r3, [sp, #20]
  86 008c 0693     		str	r3, [sp, #24]
  87 008e 0793     		str	r3, [sp, #28]
  88 0090 0122     		movs	r2, #1
  89 0092 8DF82020 		strb	r2, [sp, #32]
  90 0096 4FF48073 		mov	r3, #256
  91 009a 0993     		str	r3, [sp, #36]
  92 009c 6946     		mov	r1, sp
  93 009e 0948     		ldr	r0, .L11
  94 00a0 FFF7FEFF 		bl	HAL_RTC_SetAlarm
  95 00a4 50B9     		cbnz	r0, .L10
  96              	.L1:
  97 00a6 10B0     		add	sp, sp, #64
  98              		@ sp needed
  99 00a8 10BD     		pop	{r4, pc}
 100              	.L7:
 101 00aa FFF7FEFF 		bl	Error_Handler
 102 00ae C4E7     		b	.L2
 103              	.L8:
 104 00b0 FFF7FEFF 		bl	Error_Handler
 105 00b4 D0E7     		b	.L3
 106              	.L9:
 107 00b6 FFF7FEFF 		bl	Error_Handler
 108 00ba DCE7     		b	.L4
 109              	.L10:
 110 00bc FFF7FEFF 		bl	Error_Handler
 111 00c0 F1E7     		b	.L1
 112              	.L12:
 113 00c2 00BF     		.align	2
 114              	.L11:
 115 00c4 00000000 		.word	hrtc
ARM GAS  C:\Users\fish\AppData\Local\Temp\ccCR6lV8.s 			page 3


 116 00c8 00280040 		.word	1073752064
 118              		.section	.text.HAL_RTC_MspInit,"ax",%progbits
 119              		.align	1
 120              		.global	HAL_RTC_MspInit
 121              		.syntax unified
 122              		.thumb
 123              		.thumb_func
 125              	HAL_RTC_MspInit:
 126              		@ args = 0, pretend = 0, frame = 16
 127              		@ frame_needed = 0, uses_anonymous_args = 0
 128 0000 00B5     		push	{lr}
 129 0002 85B0     		sub	sp, sp, #20
 130 0004 0023     		movs	r3, #0
 131 0006 0093     		str	r3, [sp]
 132 0008 0193     		str	r3, [sp, #4]
 133 000a 0293     		str	r3, [sp, #8]
 134 000c 0393     		str	r3, [sp, #12]
 135 000e 0268     		ldr	r2, [r0]
 136 0010 0B4B     		ldr	r3, .L19
 137 0012 9A42     		cmp	r2, r3
 138 0014 02D0     		beq	.L17
 139              	.L13:
 140 0016 05B0     		add	sp, sp, #20
 141              		@ sp needed
 142 0018 5DF804FB 		ldr	pc, [sp], #4
 143              	.L17:
 144 001c 0223     		movs	r3, #2
 145 001e 0093     		str	r3, [sp]
 146 0020 4FF48073 		mov	r3, #256
 147 0024 0393     		str	r3, [sp, #12]
 148 0026 6846     		mov	r0, sp
 149 0028 FFF7FEFF 		bl	HAL_RCCEx_PeriphCLKConfig
 150 002c 20B9     		cbnz	r0, .L18
 151              	.L15:
 152 002e 054B     		ldr	r3, .L19+4
 153 0030 0122     		movs	r2, #1
 154 0032 C3F83C2E 		str	r2, [r3, #3644]
 155 0036 EEE7     		b	.L13
 156              	.L18:
 157 0038 FFF7FEFF 		bl	Error_Handler
 158 003c F7E7     		b	.L15
 159              	.L20:
 160 003e 00BF     		.align	2
 161              	.L19:
 162 0040 00280040 		.word	1073752064
 163 0044 00004742 		.word	1111949312
 165              		.section	.text.HAL_RTC_MspDeInit,"ax",%progbits
 166              		.align	1
 167              		.global	HAL_RTC_MspDeInit
 168              		.syntax unified
 169              		.thumb
 170              		.thumb_func
 172              	HAL_RTC_MspDeInit:
 173              		@ args = 0, pretend = 0, frame = 0
 174              		@ frame_needed = 0, uses_anonymous_args = 0
 175              		@ link register save eliminated.
 176 0000 0268     		ldr	r2, [r0]
ARM GAS  C:\Users\fish\AppData\Local\Temp\ccCR6lV8.s 			page 4


 177 0002 044B     		ldr	r3, .L24
 178 0004 9A42     		cmp	r2, r3
 179 0006 00D0     		beq	.L23
 180              	.L21:
 181 0008 7047     		bx	lr
 182              	.L23:
 183 000a 034B     		ldr	r3, .L24+4
 184 000c 0022     		movs	r2, #0
 185 000e C3F83C2E 		str	r2, [r3, #3644]
 186 0012 F9E7     		b	.L21
 187              	.L25:
 188              		.align	2
 189              	.L24:
 190 0014 00280040 		.word	1073752064
 191 0018 00004742 		.word	1111949312
 193              		.global	hrtc
 194              		.section	.bss.hrtc,"aw",%nobits
 195              		.align	2
 198              	hrtc:
 199 0000 00000000 		.space	32
 199      00000000 
 199      00000000 
 199      00000000 
 199      00000000 
 200              		.ident	"GCC: (xPack GNU Arm Embedded GCC x86_64) 14.2.1 20241119"
ARM GAS  C:\Users\fish\AppData\Local\Temp\ccCR6lV8.s 			page 5


DEFINED SYMBOLS
                            *ABS*:00000000 rtc.c
C:\Users\fish\AppData\Local\Temp\ccCR6lV8.s:18     .text.MX_RTC_Init:00000000 $t
C:\Users\fish\AppData\Local\Temp\ccCR6lV8.s:24     .text.MX_RTC_Init:00000000 MX_RTC_Init
C:\Users\fish\AppData\Local\Temp\ccCR6lV8.s:115    .text.MX_RTC_Init:000000c4 $d
C:\Users\fish\AppData\Local\Temp\ccCR6lV8.s:198    .bss.hrtc:00000000 hrtc
C:\Users\fish\AppData\Local\Temp\ccCR6lV8.s:119    .text.HAL_RTC_MspInit:00000000 $t
C:\Users\fish\AppData\Local\Temp\ccCR6lV8.s:125    .text.HAL_RTC_MspInit:00000000 HAL_RTC_MspInit
C:\Users\fish\AppData\Local\Temp\ccCR6lV8.s:162    .text.HAL_RTC_MspInit:00000040 $d
C:\Users\fish\AppData\Local\Temp\ccCR6lV8.s:166    .text.HAL_RTC_MspDeInit:00000000 $t
C:\Users\fish\AppData\Local\Temp\ccCR6lV8.s:172    .text.HAL_RTC_MspDeInit:00000000 HAL_RTC_MspDeInit
C:\Users\fish\AppData\Local\Temp\ccCR6lV8.s:190    .text.HAL_RTC_MspDeInit:00000014 $d
C:\Users\fish\AppData\Local\Temp\ccCR6lV8.s:195    .bss.hrtc:00000000 $d

UNDEFINED SYMBOLS
memset
HAL_RTC_Init
HAL_RTC_SetTime
HAL_RTC_SetDate
HAL_RTC_SetAlarm
Error_Handler
HAL_RCCEx_PeriphCLKConfig
