ARM GAS  C:\Users\fish\AppData\Local\Temp\ccX1GQSw.s 			page 1


   1              		.cpu cortex-m4
   2              		.arch armv7e-m
   3              		.fpu fpv4-sp-d16
   4              		.eabi_attribute 27, 1
   5              		.eabi_attribute 28, 1
   6              		.eabi_attribute 20, 1
   7              		.eabi_attribute 21, 1
   8              		.eabi_attribute 23, 3
   9              		.eabi_attribute 24, 1
  10              		.eabi_attribute 25, 1
  11              		.eabi_attribute 26, 1
  12              		.eabi_attribute 30, 1
  13              		.eabi_attribute 34, 1
  14              		.eabi_attribute 18, 4
  15              		.file	"stm32f4xx_hal_dac_ex.c"
  16              		.text
  17              		.section	.text.HAL_DACEx_DualStart,"ax",%progbits
  18              		.align	1
  19              		.global	HAL_DACEx_DualStart
  20              		.syntax unified
  21              		.thumb
  22              		.thumb_func
  24              	HAL_DACEx_DualStart:
  25              		@ args = 0, pretend = 0, frame = 0
  26              		@ frame_needed = 0, uses_anonymous_args = 0
  27              		@ link register save eliminated.
  28 0000 0346     		mov	r3, r0
  29 0002 50B3     		cbz	r0, .L5
  30 0004 4279     		ldrb	r2, [r0, #5]	@ zero_extendqisi2
  31 0006 012A     		cmp	r2, #1
  32 0008 29D0     		beq	.L6
  33 000a 0122     		movs	r2, #1
  34 000c 4271     		strb	r2, [r0, #5]
  35 000e 0222     		movs	r2, #2
  36 0010 0271     		strb	r2, [r0, #4]
  37 0012 0168     		ldr	r1, [r0]
  38 0014 0A68     		ldr	r2, [r1]
  39 0016 42F00102 		orr	r2, r2, #1
  40 001a 0A60     		str	r2, [r1]
  41 001c 0168     		ldr	r1, [r0]
  42 001e 0A68     		ldr	r2, [r1]
  43 0020 42F48032 		orr	r2, r2, #65536
  44 0024 0A60     		str	r2, [r1]
  45 0026 0268     		ldr	r2, [r0]
  46 0028 1168     		ldr	r1, [r2]
  47 002a 01F03C01 		and	r1, r1, #60
  48 002e 3C29     		cmp	r1, #60
  49 0030 0ED0     		beq	.L7
  50 0032 0020     		movs	r0, #0
  51              	.L3:
  52 0034 1168     		ldr	r1, [r2]
  53 0036 01F47011 		and	r1, r1, #3932160
  54 003a B1F5701F 		cmp	r1, #3932160
  55 003e 09D0     		beq	.L8
  56              	.L4:
  57 0040 5168     		ldr	r1, [r2, #4]
  58 0042 0143     		orrs	r1, r1, r0
ARM GAS  C:\Users\fish\AppData\Local\Temp\ccX1GQSw.s 			page 2


  59 0044 5160     		str	r1, [r2, #4]
  60 0046 0122     		movs	r2, #1
  61 0048 1A71     		strb	r2, [r3, #4]
  62 004a 0020     		movs	r0, #0
  63 004c 5871     		strb	r0, [r3, #5]
  64 004e 7047     		bx	lr
  65              	.L7:
  66 0050 0120     		movs	r0, #1
  67 0052 EFE7     		b	.L3
  68              	.L8:
  69 0054 40F00200 		orr	r0, r0, #2
  70 0058 F2E7     		b	.L4
  71              	.L5:
  72 005a 0120     		movs	r0, #1
  73 005c 7047     		bx	lr
  74              	.L6:
  75 005e 0220     		movs	r0, #2
  76 0060 7047     		bx	lr
  78              		.section	.text.HAL_DACEx_DualStop,"ax",%progbits
  79              		.align	1
  80              		.global	HAL_DACEx_DualStop
  81              		.syntax unified
  82              		.thumb
  83              		.thumb_func
  85              	HAL_DACEx_DualStop:
  86              		@ args = 0, pretend = 0, frame = 0
  87              		@ frame_needed = 0, uses_anonymous_args = 0
  88              		@ link register save eliminated.
  89 0000 68B1     		cbz	r0, .L11
  90 0002 0168     		ldr	r1, [r0]
  91 0004 0A68     		ldr	r2, [r1]
  92 0006 22F00102 		bic	r2, r2, #1
  93 000a 0A60     		str	r2, [r1]
  94 000c 0168     		ldr	r1, [r0]
  95 000e 0A68     		ldr	r2, [r1]
  96 0010 22F48032 		bic	r2, r2, #65536
  97 0014 0A60     		str	r2, [r1]
  98 0016 0122     		movs	r2, #1
  99 0018 0271     		strb	r2, [r0, #4]
 100 001a 0020     		movs	r0, #0
 101 001c 7047     		bx	lr
 102              	.L11:
 103 001e 0120     		movs	r0, #1
 104 0020 7047     		bx	lr
 106              		.section	.text.HAL_DACEx_TriangleWaveGenerate,"ax",%progbits
 107              		.align	1
 108              		.global	HAL_DACEx_TriangleWaveGenerate
 109              		.syntax unified
 110              		.thumb
 111              		.thumb_func
 113              	HAL_DACEx_TriangleWaveGenerate:
 114              		@ args = 0, pretend = 0, frame = 0
 115              		@ frame_needed = 0, uses_anonymous_args = 0
 116 0000 F0B1     		cbz	r0, .L14
 117 0002 0346     		mov	r3, r0
 118 0004 4079     		ldrb	r0, [r0, #5]	@ zero_extendqisi2
 119 0006 0128     		cmp	r0, #1
ARM GAS  C:\Users\fish\AppData\Local\Temp\ccX1GQSw.s 			page 3


 120 0008 1CD0     		beq	.L15
 121 000a 10B5     		push	{r4, lr}
 122 000c 4FF0010E 		mov	lr, #1
 123 0010 83F805E0 		strb	lr, [r3, #5]
 124 0014 0220     		movs	r0, #2
 125 0016 1871     		strb	r0, [r3, #4]
 126 0018 1C68     		ldr	r4, [r3]
 127 001a 2068     		ldr	r0, [r4]
 128 001c 01F01001 		and	r1, r1, #16
 129 0020 4FF47C6C 		mov	ip, #4032
 130 0024 0CFA01FC 		lsl	ip, ip, r1
 131 0028 20EA0C00 		bic	r0, r0, ip
 132 002c 42F08002 		orr	r2, r2, #128
 133 0030 8A40     		lsls	r2, r2, r1
 134 0032 0243     		orrs	r2, r2, r0
 135 0034 2260     		str	r2, [r4]
 136 0036 83F804E0 		strb	lr, [r3, #4]
 137 003a 0020     		movs	r0, #0
 138 003c 5871     		strb	r0, [r3, #5]
 139 003e 10BD     		pop	{r4, pc}
 140              	.L14:
 141 0040 0120     		movs	r0, #1
 142 0042 7047     		bx	lr
 143              	.L15:
 144 0044 0220     		movs	r0, #2
 145 0046 7047     		bx	lr
 147              		.section	.text.HAL_DACEx_NoiseWaveGenerate,"ax",%progbits
 148              		.align	1
 149              		.global	HAL_DACEx_NoiseWaveGenerate
 150              		.syntax unified
 151              		.thumb
 152              		.thumb_func
 154              	HAL_DACEx_NoiseWaveGenerate:
 155              		@ args = 0, pretend = 0, frame = 0
 156              		@ frame_needed = 0, uses_anonymous_args = 0
 157 0000 F0B1     		cbz	r0, .L22
 158 0002 0346     		mov	r3, r0
 159 0004 4079     		ldrb	r0, [r0, #5]	@ zero_extendqisi2
 160 0006 0128     		cmp	r0, #1
 161 0008 1CD0     		beq	.L23
 162 000a 10B5     		push	{r4, lr}
 163 000c 4FF0010E 		mov	lr, #1
 164 0010 83F805E0 		strb	lr, [r3, #5]
 165 0014 0220     		movs	r0, #2
 166 0016 1871     		strb	r0, [r3, #4]
 167 0018 1C68     		ldr	r4, [r3]
 168 001a 2068     		ldr	r0, [r4]
 169 001c 01F01001 		and	r1, r1, #16
 170 0020 4FF47C6C 		mov	ip, #4032
 171 0024 0CFA01FC 		lsl	ip, ip, r1
 172 0028 20EA0C00 		bic	r0, r0, ip
 173 002c 42F04002 		orr	r2, r2, #64
 174 0030 8A40     		lsls	r2, r2, r1
 175 0032 0243     		orrs	r2, r2, r0
 176 0034 2260     		str	r2, [r4]
 177 0036 83F804E0 		strb	lr, [r3, #4]
 178 003a 0020     		movs	r0, #0
ARM GAS  C:\Users\fish\AppData\Local\Temp\ccX1GQSw.s 			page 4


 179 003c 5871     		strb	r0, [r3, #5]
 180 003e 10BD     		pop	{r4, pc}
 181              	.L22:
 182 0040 0120     		movs	r0, #1
 183 0042 7047     		bx	lr
 184              	.L23:
 185 0044 0220     		movs	r0, #2
 186 0046 7047     		bx	lr
 188              		.section	.text.HAL_DACEx_DualSetValue,"ax",%progbits
 189              		.align	1
 190              		.global	HAL_DACEx_DualSetValue
 191              		.syntax unified
 192              		.thumb
 193              		.thumb_func
 195              	HAL_DACEx_DualSetValue:
 196              		@ args = 0, pretend = 0, frame = 0
 197              		@ frame_needed = 0, uses_anonymous_args = 0
 198              		@ link register save eliminated.
 199 0000 8446     		mov	ip, r0
 200 0002 60B1     		cbz	r0, .L32
 201 0004 0829     		cmp	r1, #8
 202 0006 07D0     		beq	.L33
 203 0008 42EA0342 		orr	r2, r2, r3, lsl #16
 204              	.L31:
 205 000c DCF80030 		ldr	r3, [ip]
 206 0010 1944     		add	r1, r1, r3
 207 0012 0A62     		str	r2, [r1, #32]
 208 0014 0020     		movs	r0, #0
 209 0016 7047     		bx	lr
 210              	.L33:
 211 0018 42EA0322 		orr	r2, r2, r3, lsl #8
 212 001c F6E7     		b	.L31
 213              	.L32:
 214 001e 0120     		movs	r0, #1
 215 0020 7047     		bx	lr
 217              		.section	.text.HAL_DACEx_ConvCpltCallbackCh2,"ax",%progbits
 218              		.align	1
 219              		.weak	HAL_DACEx_ConvCpltCallbackCh2
 220              		.syntax unified
 221              		.thumb
 222              		.thumb_func
 224              	HAL_DACEx_ConvCpltCallbackCh2:
 225              		@ args = 0, pretend = 0, frame = 0
 226              		@ frame_needed = 0, uses_anonymous_args = 0
 227              		@ link register save eliminated.
 228 0000 7047     		bx	lr
 230              		.section	.text.HAL_DACEx_ConvHalfCpltCallbackCh2,"ax",%progbits
 231              		.align	1
 232              		.weak	HAL_DACEx_ConvHalfCpltCallbackCh2
 233              		.syntax unified
 234              		.thumb
 235              		.thumb_func
 237              	HAL_DACEx_ConvHalfCpltCallbackCh2:
 238              		@ args = 0, pretend = 0, frame = 0
 239              		@ frame_needed = 0, uses_anonymous_args = 0
 240              		@ link register save eliminated.
 241 0000 7047     		bx	lr
ARM GAS  C:\Users\fish\AppData\Local\Temp\ccX1GQSw.s 			page 5


 243              		.section	.text.HAL_DACEx_ErrorCallbackCh2,"ax",%progbits
 244              		.align	1
 245              		.weak	HAL_DACEx_ErrorCallbackCh2
 246              		.syntax unified
 247              		.thumb
 248              		.thumb_func
 250              	HAL_DACEx_ErrorCallbackCh2:
 251              		@ args = 0, pretend = 0, frame = 0
 252              		@ frame_needed = 0, uses_anonymous_args = 0
 253              		@ link register save eliminated.
 254 0000 7047     		bx	lr
 256              		.section	.text.HAL_DACEx_DMAUnderrunCallbackCh2,"ax",%progbits
 257              		.align	1
 258              		.weak	HAL_DACEx_DMAUnderrunCallbackCh2
 259              		.syntax unified
 260              		.thumb
 261              		.thumb_func
 263              	HAL_DACEx_DMAUnderrunCallbackCh2:
 264              		@ args = 0, pretend = 0, frame = 0
 265              		@ frame_needed = 0, uses_anonymous_args = 0
 266              		@ link register save eliminated.
 267 0000 7047     		bx	lr
 269              		.section	.text.HAL_DACEx_DualGetValue,"ax",%progbits
 270              		.align	1
 271              		.global	HAL_DACEx_DualGetValue
 272              		.syntax unified
 273              		.thumb
 274              		.thumb_func
 276              	HAL_DACEx_DualGetValue:
 277              		@ args = 0, pretend = 0, frame = 0
 278              		@ frame_needed = 0, uses_anonymous_args = 0
 279              		@ link register save eliminated.
 280 0000 0368     		ldr	r3, [r0]
 281 0002 DA6A     		ldr	r2, [r3, #44]
 282 0004 186B     		ldr	r0, [r3, #48]
 283 0006 42EA0040 		orr	r0, r2, r0, lsl #16
 284 000a 7047     		bx	lr
 286              		.section	.text.DAC_DMAConvCpltCh2,"ax",%progbits
 287              		.align	1
 288              		.global	DAC_DMAConvCpltCh2
 289              		.syntax unified
 290              		.thumb
 291              		.thumb_func
 293              	DAC_DMAConvCpltCh2:
 294              		@ args = 0, pretend = 0, frame = 0
 295              		@ frame_needed = 0, uses_anonymous_args = 0
 296 0000 10B5     		push	{r4, lr}
 297 0002 846B     		ldr	r4, [r0, #56]
 298 0004 2046     		mov	r0, r4
 299 0006 FFF7FEFF 		bl	HAL_DACEx_ConvCpltCallbackCh2
 300 000a 0123     		movs	r3, #1
 301 000c 2371     		strb	r3, [r4, #4]
 302 000e 10BD     		pop	{r4, pc}
 304              		.section	.text.DAC_DMAHalfConvCpltCh2,"ax",%progbits
 305              		.align	1
 306              		.global	DAC_DMAHalfConvCpltCh2
 307              		.syntax unified
ARM GAS  C:\Users\fish\AppData\Local\Temp\ccX1GQSw.s 			page 6


 308              		.thumb
 309              		.thumb_func
 311              	DAC_DMAHalfConvCpltCh2:
 312              		@ args = 0, pretend = 0, frame = 0
 313              		@ frame_needed = 0, uses_anonymous_args = 0
 314 0000 08B5     		push	{r3, lr}
 315 0002 806B     		ldr	r0, [r0, #56]
 316 0004 FFF7FEFF 		bl	HAL_DACEx_ConvHalfCpltCallbackCh2
 317 0008 08BD     		pop	{r3, pc}
 319              		.section	.text.DAC_DMAErrorCh2,"ax",%progbits
 320              		.align	1
 321              		.global	DAC_DMAErrorCh2
 322              		.syntax unified
 323              		.thumb
 324              		.thumb_func
 326              	DAC_DMAErrorCh2:
 327              		@ args = 0, pretend = 0, frame = 0
 328              		@ frame_needed = 0, uses_anonymous_args = 0
 329 0000 10B5     		push	{r4, lr}
 330 0002 846B     		ldr	r4, [r0, #56]
 331 0004 2369     		ldr	r3, [r4, #16]
 332 0006 43F00403 		orr	r3, r3, #4
 333 000a 2361     		str	r3, [r4, #16]
 334 000c 2046     		mov	r0, r4
 335 000e FFF7FEFF 		bl	HAL_DACEx_ErrorCallbackCh2
 336 0012 0123     		movs	r3, #1
 337 0014 2371     		strb	r3, [r4, #4]
 338 0016 10BD     		pop	{r4, pc}
 340              		.ident	"GCC: (xPack GNU Arm Embedded GCC x86_64) 14.2.1 20241119"
ARM GAS  C:\Users\fish\AppData\Local\Temp\ccX1GQSw.s 			page 7


DEFINED SYMBOLS
                            *ABS*:00000000 stm32f4xx_hal_dac_ex.c
C:\Users\fish\AppData\Local\Temp\ccX1GQSw.s:18     .text.HAL_DACEx_DualStart:00000000 $t
C:\Users\fish\AppData\Local\Temp\ccX1GQSw.s:24     .text.HAL_DACEx_DualStart:00000000 HAL_DACEx_DualStart
C:\Users\fish\AppData\Local\Temp\ccX1GQSw.s:79     .text.HAL_DACEx_DualStop:00000000 $t
C:\Users\fish\AppData\Local\Temp\ccX1GQSw.s:85     .text.HAL_DACEx_DualStop:00000000 HAL_DACEx_DualStop
C:\Users\fish\AppData\Local\Temp\ccX1GQSw.s:107    .text.HAL_DACEx_TriangleWaveGenerate:00000000 $t
C:\Users\fish\AppData\Local\Temp\ccX1GQSw.s:113    .text.HAL_DACEx_TriangleWaveGenerate:00000000 HAL_DACEx_TriangleWaveGenerate
C:\Users\fish\AppData\Local\Temp\ccX1GQSw.s:148    .text.HAL_DACEx_NoiseWaveGenerate:00000000 $t
C:\Users\fish\AppData\Local\Temp\ccX1GQSw.s:154    .text.HAL_DACEx_NoiseWaveGenerate:00000000 HAL_DACEx_NoiseWaveGenerate
C:\Users\fish\AppData\Local\Temp\ccX1GQSw.s:189    .text.HAL_DACEx_DualSetValue:00000000 $t
C:\Users\fish\AppData\Local\Temp\ccX1GQSw.s:195    .text.HAL_DACEx_DualSetValue:00000000 HAL_DACEx_DualSetValue
C:\Users\fish\AppData\Local\Temp\ccX1GQSw.s:218    .text.HAL_DACEx_ConvCpltCallbackCh2:00000000 $t
C:\Users\fish\AppData\Local\Temp\ccX1GQSw.s:224    .text.HAL_DACEx_ConvCpltCallbackCh2:00000000 HAL_DACEx_ConvCpltCallbackCh2
C:\Users\fish\AppData\Local\Temp\ccX1GQSw.s:231    .text.HAL_DACEx_ConvHalfCpltCallbackCh2:00000000 $t
C:\Users\fish\AppData\Local\Temp\ccX1GQSw.s:237    .text.HAL_DACEx_ConvHalfCpltCallbackCh2:00000000 HAL_DACEx_ConvHalfCpltCallbackCh2
C:\Users\fish\AppData\Local\Temp\ccX1GQSw.s:244    .text.HAL_DACEx_ErrorCallbackCh2:00000000 $t
C:\Users\fish\AppData\Local\Temp\ccX1GQSw.s:250    .text.HAL_DACEx_ErrorCallbackCh2:00000000 HAL_DACEx_ErrorCallbackCh2
C:\Users\fish\AppData\Local\Temp\ccX1GQSw.s:257    .text.HAL_DACEx_DMAUnderrunCallbackCh2:00000000 $t
C:\Users\fish\AppData\Local\Temp\ccX1GQSw.s:263    .text.HAL_DACEx_DMAUnderrunCallbackCh2:00000000 HAL_DACEx_DMAUnderrunCallbackCh2
C:\Users\fish\AppData\Local\Temp\ccX1GQSw.s:270    .text.HAL_DACEx_DualGetValue:00000000 $t
C:\Users\fish\AppData\Local\Temp\ccX1GQSw.s:276    .text.HAL_DACEx_DualGetValue:00000000 HAL_DACEx_DualGetValue
C:\Users\fish\AppData\Local\Temp\ccX1GQSw.s:287    .text.DAC_DMAConvCpltCh2:00000000 $t
C:\Users\fish\AppData\Local\Temp\ccX1GQSw.s:293    .text.DAC_DMAConvCpltCh2:00000000 DAC_DMAConvCpltCh2
C:\Users\fish\AppData\Local\Temp\ccX1GQSw.s:305    .text.DAC_DMAHalfConvCpltCh2:00000000 $t
C:\Users\fish\AppData\Local\Temp\ccX1GQSw.s:311    .text.DAC_DMAHalfConvCpltCh2:00000000 DAC_DMAHalfConvCpltCh2
C:\Users\fish\AppData\Local\Temp\ccX1GQSw.s:320    .text.DAC_DMAErrorCh2:00000000 $t
C:\Users\fish\AppData\Local\Temp\ccX1GQSw.s:326    .text.DAC_DMAErrorCh2:00000000 DAC_DMAErrorCh2

NO UNDEFINED SYMBOLS
