ARM GAS  C:\Users\fish\AppData\Local\Temp\ccJ5oBqk.s 			page 1


   1              		.cpu cortex-m4
   2              		.arch armv7e-m
   3              		.fpu fpv4-sp-d16
   4              		.eabi_attribute 27, 1
   5              		.eabi_attribute 28, 1
   6              		.eabi_attribute 20, 1
   7              		.eabi_attribute 21, 1
   8              		.eabi_attribute 23, 3
   9              		.eabi_attribute 24, 1
  10              		.eabi_attribute 25, 1
  11              		.eabi_attribute 26, 1
  12              		.eabi_attribute 30, 1
  13              		.eabi_attribute 34, 1
  14              		.eabi_attribute 18, 4
  15              		.file	"stm32f4xx_it.c"
  16              		.text
  17              		.section	.text.NMI_Handler,"ax",%progbits
  18              		.align	1
  19              		.global	NMI_Handler
  20              		.syntax unified
  21              		.thumb
  22              		.thumb_func
  24              	NMI_Handler:
  25              		@ Volatile: function does not return.
  26              		@ args = 0, pretend = 0, frame = 0
  27              		@ frame_needed = 0, uses_anonymous_args = 0
  28              		@ link register save eliminated.
  29              	.L2:
  30 0000 FEE7     		b	.L2
  32              		.section	.text.HardFault_Handler,"ax",%progbits
  33              		.align	1
  34              		.global	HardFault_Handler
  35              		.syntax unified
  36              		.thumb
  37              		.thumb_func
  39              	HardFault_Handler:
  40              		@ Volatile: function does not return.
  41              		@ args = 0, pretend = 0, frame = 0
  42              		@ frame_needed = 0, uses_anonymous_args = 0
  43              		@ link register save eliminated.
  44              	.L4:
  45 0000 FEE7     		b	.L4
  47              		.section	.text.MemManage_Handler,"ax",%progbits
  48              		.align	1
  49              		.global	MemManage_Handler
  50              		.syntax unified
  51              		.thumb
  52              		.thumb_func
  54              	MemManage_Handler:
  55              		@ Volatile: function does not return.
  56              		@ args = 0, pretend = 0, frame = 0
  57              		@ frame_needed = 0, uses_anonymous_args = 0
  58              		@ link register save eliminated.
  59              	.L6:
  60 0000 FEE7     		b	.L6
  62              		.section	.text.BusFault_Handler,"ax",%progbits
  63              		.align	1
ARM GAS  C:\Users\fish\AppData\Local\Temp\ccJ5oBqk.s 			page 2


  64              		.global	BusFault_Handler
  65              		.syntax unified
  66              		.thumb
  67              		.thumb_func
  69              	BusFault_Handler:
  70              		@ Volatile: function does not return.
  71              		@ args = 0, pretend = 0, frame = 0
  72              		@ frame_needed = 0, uses_anonymous_args = 0
  73              		@ link register save eliminated.
  74              	.L8:
  75 0000 FEE7     		b	.L8
  77              		.section	.text.UsageFault_Handler,"ax",%progbits
  78              		.align	1
  79              		.global	UsageFault_Handler
  80              		.syntax unified
  81              		.thumb
  82              		.thumb_func
  84              	UsageFault_Handler:
  85              		@ Volatile: function does not return.
  86              		@ args = 0, pretend = 0, frame = 0
  87              		@ frame_needed = 0, uses_anonymous_args = 0
  88              		@ link register save eliminated.
  89              	.L10:
  90 0000 FEE7     		b	.L10
  92              		.section	.text.DebugMon_Handler,"ax",%progbits
  93              		.align	1
  94              		.global	DebugMon_Handler
  95              		.syntax unified
  96              		.thumb
  97              		.thumb_func
  99              	DebugMon_Handler:
 100              		@ args = 0, pretend = 0, frame = 0
 101              		@ frame_needed = 0, uses_anonymous_args = 0
 102              		@ link register save eliminated.
 103 0000 7047     		bx	lr
 105              		.section	.text.DMA1_Stream5_IRQHandler,"ax",%progbits
 106              		.align	1
 107              		.global	DMA1_Stream5_IRQHandler
 108              		.syntax unified
 109              		.thumb
 110              		.thumb_func
 112              	DMA1_Stream5_IRQHandler:
 113              		@ args = 0, pretend = 0, frame = 0
 114              		@ frame_needed = 0, uses_anonymous_args = 0
 115 0000 08B5     		push	{r3, lr}
 116 0002 0248     		ldr	r0, .L14
 117 0004 FFF7FEFF 		bl	HAL_DMA_IRQHandler
 118 0008 08BD     		pop	{r3, pc}
 119              	.L15:
 120 000a 00BF     		.align	2
 121              	.L14:
 122 000c 00000000 		.word	hdma_dac1
 124              		.section	.text.TIM3_IRQHandler,"ax",%progbits
 125              		.align	1
 126              		.global	TIM3_IRQHandler
 127              		.syntax unified
 128              		.thumb
ARM GAS  C:\Users\fish\AppData\Local\Temp\ccJ5oBqk.s 			page 3


 129              		.thumb_func
 131              	TIM3_IRQHandler:
 132              		@ args = 0, pretend = 0, frame = 0
 133              		@ frame_needed = 0, uses_anonymous_args = 0
 134 0000 10B5     		push	{r4, lr}
 135 0002 044C     		ldr	r4, .L18
 136 0004 2046     		mov	r0, r4
 137 0006 FFF7FEFF 		bl	HAL_TIM_IRQHandler
 138 000a 2046     		mov	r0, r4
 139 000c FFF7FEFF 		bl	MIDI_TimerCallback
 140 0010 10BD     		pop	{r4, pc}
 141              	.L19:
 142 0012 00BF     		.align	2
 143              	.L18:
 144 0014 00000000 		.word	htim3
 146              		.section	.text.USART1_IRQHandler,"ax",%progbits
 147              		.align	1
 148              		.global	USART1_IRQHandler
 149              		.syntax unified
 150              		.thumb
 151              		.thumb_func
 153              	USART1_IRQHandler:
 154              		@ args = 0, pretend = 0, frame = 0
 155              		@ frame_needed = 0, uses_anonymous_args = 0
 156 0000 08B5     		push	{r3, lr}
 157 0002 0248     		ldr	r0, .L22
 158 0004 FFF7FEFF 		bl	HAL_UART_IRQHandler
 159 0008 08BD     		pop	{r3, pc}
 160              	.L23:
 161 000a 00BF     		.align	2
 162              	.L22:
 163 000c 00000000 		.word	huart1
 165              		.section	.text.TIM8_UP_TIM13_IRQHandler,"ax",%progbits
 166              		.align	1
 167              		.global	TIM8_UP_TIM13_IRQHandler
 168              		.syntax unified
 169              		.thumb
 170              		.thumb_func
 172              	TIM8_UP_TIM13_IRQHandler:
 173              		@ args = 0, pretend = 0, frame = 0
 174              		@ frame_needed = 0, uses_anonymous_args = 0
 175 0000 08B5     		push	{r3, lr}
 176 0002 0248     		ldr	r0, .L26
 177 0004 FFF7FEFF 		bl	HAL_TIM_IRQHandler
 178 0008 08BD     		pop	{r3, pc}
 179              	.L27:
 180 000a 00BF     		.align	2
 181              	.L26:
 182 000c 00000000 		.word	htim8
 184              		.section	.text.TIM7_IRQHandler,"ax",%progbits
 185              		.align	1
 186              		.global	TIM7_IRQHandler
 187              		.syntax unified
 188              		.thumb
 189              		.thumb_func
 191              	TIM7_IRQHandler:
 192              		@ args = 0, pretend = 0, frame = 0
ARM GAS  C:\Users\fish\AppData\Local\Temp\ccJ5oBqk.s 			page 4


 193              		@ frame_needed = 0, uses_anonymous_args = 0
 194 0000 08B5     		push	{r3, lr}
 195 0002 0248     		ldr	r0, .L30
 196 0004 FFF7FEFF 		bl	HAL_TIM_IRQHandler
 197 0008 08BD     		pop	{r3, pc}
 198              	.L31:
 199 000a 00BF     		.align	2
 200              	.L30:
 201 000c 00000000 		.word	htim7
 203              		.section	.text.DMA2_Stream0_IRQHandler,"ax",%progbits
 204              		.align	1
 205              		.global	DMA2_Stream0_IRQHandler
 206              		.syntax unified
 207              		.thumb
 208              		.thumb_func
 210              	DMA2_Stream0_IRQHandler:
 211              		@ args = 0, pretend = 0, frame = 0
 212              		@ frame_needed = 0, uses_anonymous_args = 0
 213 0000 08B5     		push	{r3, lr}
 214 0002 0248     		ldr	r0, .L34
 215 0004 FFF7FEFF 		bl	HAL_DMA_IRQHandler
 216 0008 08BD     		pop	{r3, pc}
 217              	.L35:
 218 000a 00BF     		.align	2
 219              	.L34:
 220 000c 00000000 		.word	hdma_adc1
 222              		.section	.text.DMA2_Stream1_IRQHandler,"ax",%progbits
 223              		.align	1
 224              		.global	DMA2_Stream1_IRQHandler
 225              		.syntax unified
 226              		.thumb
 227              		.thumb_func
 229              	DMA2_Stream1_IRQHandler:
 230              		@ args = 0, pretend = 0, frame = 0
 231              		@ frame_needed = 0, uses_anonymous_args = 0
 232 0000 08B5     		push	{r3, lr}
 233 0002 0248     		ldr	r0, .L38
 234 0004 FFF7FEFF 		bl	HAL_DMA_IRQHandler
 235 0008 08BD     		pop	{r3, pc}
 236              	.L39:
 237 000a 00BF     		.align	2
 238              	.L38:
 239 000c 00000000 		.word	hdma_usart6_rx
 241              		.section	.text.DMA2_Stream2_IRQHandler,"ax",%progbits
 242              		.align	1
 243              		.global	DMA2_Stream2_IRQHandler
 244              		.syntax unified
 245              		.thumb
 246              		.thumb_func
 248              	DMA2_Stream2_IRQHandler:
 249              		@ args = 0, pretend = 0, frame = 0
 250              		@ frame_needed = 0, uses_anonymous_args = 0
 251 0000 08B5     		push	{r3, lr}
 252 0002 0248     		ldr	r0, .L42
 253 0004 FFF7FEFF 		bl	HAL_DMA_IRQHandler
 254 0008 08BD     		pop	{r3, pc}
 255              	.L43:
ARM GAS  C:\Users\fish\AppData\Local\Temp\ccJ5oBqk.s 			page 5


 256 000a 00BF     		.align	2
 257              	.L42:
 258 000c 00000000 		.word	hdma_usart1_rx
 260              		.section	.text.DMA2_Stream6_IRQHandler,"ax",%progbits
 261              		.align	1
 262              		.global	DMA2_Stream6_IRQHandler
 263              		.syntax unified
 264              		.thumb
 265              		.thumb_func
 267              	DMA2_Stream6_IRQHandler:
 268              		@ args = 0, pretend = 0, frame = 0
 269              		@ frame_needed = 0, uses_anonymous_args = 0
 270 0000 08B5     		push	{r3, lr}
 271 0002 0248     		ldr	r0, .L46
 272 0004 FFF7FEFF 		bl	HAL_DMA_IRQHandler
 273 0008 08BD     		pop	{r3, pc}
 274              	.L47:
 275 000a 00BF     		.align	2
 276              	.L46:
 277 000c 00000000 		.word	hdma_usart6_tx
 279              		.section	.text.DMA2_Stream7_IRQHandler,"ax",%progbits
 280              		.align	1
 281              		.global	DMA2_Stream7_IRQHandler
 282              		.syntax unified
 283              		.thumb
 284              		.thumb_func
 286              	DMA2_Stream7_IRQHandler:
 287              		@ args = 0, pretend = 0, frame = 0
 288              		@ frame_needed = 0, uses_anonymous_args = 0
 289 0000 08B5     		push	{r3, lr}
 290 0002 0248     		ldr	r0, .L50
 291 0004 FFF7FEFF 		bl	HAL_DMA_IRQHandler
 292 0008 08BD     		pop	{r3, pc}
 293              	.L51:
 294 000a 00BF     		.align	2
 295              	.L50:
 296 000c 00000000 		.word	hdma_usart1_tx
 298              		.section	.text.USART6_IRQHandler,"ax",%progbits
 299              		.align	1
 300              		.global	USART6_IRQHandler
 301              		.syntax unified
 302              		.thumb
 303              		.thumb_func
 305              	USART6_IRQHandler:
 306              		@ args = 0, pretend = 0, frame = 0
 307              		@ frame_needed = 0, uses_anonymous_args = 0
 308 0000 08B5     		push	{r3, lr}
 309 0002 0248     		ldr	r0, .L54
 310 0004 FFF7FEFF 		bl	HAL_UART_IRQHandler
 311 0008 08BD     		pop	{r3, pc}
 312              	.L55:
 313 000a 00BF     		.align	2
 314              	.L54:
 315 000c 00000000 		.word	huart6
 317              		.ident	"GCC: (xPack GNU Arm Embedded GCC x86_64) 14.2.1 20241119"
ARM GAS  C:\Users\fish\AppData\Local\Temp\ccJ5oBqk.s 			page 6


DEFINED SYMBOLS
                            *ABS*:00000000 stm32f4xx_it.c
C:\Users\fish\AppData\Local\Temp\ccJ5oBqk.s:18     .text.NMI_Handler:00000000 $t
C:\Users\fish\AppData\Local\Temp\ccJ5oBqk.s:24     .text.NMI_Handler:00000000 NMI_Handler
C:\Users\fish\AppData\Local\Temp\ccJ5oBqk.s:33     .text.HardFault_Handler:00000000 $t
C:\Users\fish\AppData\Local\Temp\ccJ5oBqk.s:39     .text.HardFault_Handler:00000000 HardFault_Handler
C:\Users\fish\AppData\Local\Temp\ccJ5oBqk.s:48     .text.MemManage_Handler:00000000 $t
C:\Users\fish\AppData\Local\Temp\ccJ5oBqk.s:54     .text.MemManage_Handler:00000000 MemManage_Handler
C:\Users\fish\AppData\Local\Temp\ccJ5oBqk.s:63     .text.BusFault_Handler:00000000 $t
C:\Users\fish\AppData\Local\Temp\ccJ5oBqk.s:69     .text.BusFault_Handler:00000000 BusFault_Handler
C:\Users\fish\AppData\Local\Temp\ccJ5oBqk.s:78     .text.UsageFault_Handler:00000000 $t
C:\Users\fish\AppData\Local\Temp\ccJ5oBqk.s:84     .text.UsageFault_Handler:00000000 UsageFault_Handler
C:\Users\fish\AppData\Local\Temp\ccJ5oBqk.s:93     .text.DebugMon_Handler:00000000 $t
C:\Users\fish\AppData\Local\Temp\ccJ5oBqk.s:99     .text.DebugMon_Handler:00000000 DebugMon_Handler
C:\Users\fish\AppData\Local\Temp\ccJ5oBqk.s:106    .text.DMA1_Stream5_IRQHandler:00000000 $t
C:\Users\fish\AppData\Local\Temp\ccJ5oBqk.s:112    .text.DMA1_Stream5_IRQHandler:00000000 DMA1_Stream5_IRQHandler
C:\Users\fish\AppData\Local\Temp\ccJ5oBqk.s:122    .text.DMA1_Stream5_IRQHandler:0000000c $d
C:\Users\fish\AppData\Local\Temp\ccJ5oBqk.s:125    .text.TIM3_IRQHandler:00000000 $t
C:\Users\fish\AppData\Local\Temp\ccJ5oBqk.s:131    .text.TIM3_IRQHandler:00000000 TIM3_IRQHandler
C:\Users\fish\AppData\Local\Temp\ccJ5oBqk.s:144    .text.TIM3_IRQHandler:00000014 $d
C:\Users\fish\AppData\Local\Temp\ccJ5oBqk.s:147    .text.USART1_IRQHandler:00000000 $t
C:\Users\fish\AppData\Local\Temp\ccJ5oBqk.s:153    .text.USART1_IRQHandler:00000000 USART1_IRQHandler
C:\Users\fish\AppData\Local\Temp\ccJ5oBqk.s:163    .text.USART1_IRQHandler:0000000c $d
C:\Users\fish\AppData\Local\Temp\ccJ5oBqk.s:166    .text.TIM8_UP_TIM13_IRQHandler:00000000 $t
C:\Users\fish\AppData\Local\Temp\ccJ5oBqk.s:172    .text.TIM8_UP_TIM13_IRQHandler:00000000 TIM8_UP_TIM13_IRQHandler
C:\Users\fish\AppData\Local\Temp\ccJ5oBqk.s:182    .text.TIM8_UP_TIM13_IRQHandler:0000000c $d
C:\Users\fish\AppData\Local\Temp\ccJ5oBqk.s:185    .text.TIM7_IRQHandler:00000000 $t
C:\Users\fish\AppData\Local\Temp\ccJ5oBqk.s:191    .text.TIM7_IRQHandler:00000000 TIM7_IRQHandler
C:\Users\fish\AppData\Local\Temp\ccJ5oBqk.s:201    .text.TIM7_IRQHandler:0000000c $d
C:\Users\fish\AppData\Local\Temp\ccJ5oBqk.s:204    .text.DMA2_Stream0_IRQHandler:00000000 $t
C:\Users\fish\AppData\Local\Temp\ccJ5oBqk.s:210    .text.DMA2_Stream0_IRQHandler:00000000 DMA2_Stream0_IRQHandler
C:\Users\fish\AppData\Local\Temp\ccJ5oBqk.s:220    .text.DMA2_Stream0_IRQHandler:0000000c $d
C:\Users\fish\AppData\Local\Temp\ccJ5oBqk.s:223    .text.DMA2_Stream1_IRQHandler:00000000 $t
C:\Users\fish\AppData\Local\Temp\ccJ5oBqk.s:229    .text.DMA2_Stream1_IRQHandler:00000000 DMA2_Stream1_IRQHandler
C:\Users\fish\AppData\Local\Temp\ccJ5oBqk.s:239    .text.DMA2_Stream1_IRQHandler:0000000c $d
C:\Users\fish\AppData\Local\Temp\ccJ5oBqk.s:242    .text.DMA2_Stream2_IRQHandler:00000000 $t
C:\Users\fish\AppData\Local\Temp\ccJ5oBqk.s:248    .text.DMA2_Stream2_IRQHandler:00000000 DMA2_Stream2_IRQHandler
C:\Users\fish\AppData\Local\Temp\ccJ5oBqk.s:258    .text.DMA2_Stream2_IRQHandler:0000000c $d
C:\Users\fish\AppData\Local\Temp\ccJ5oBqk.s:261    .text.DMA2_Stream6_IRQHandler:00000000 $t
C:\Users\fish\AppData\Local\Temp\ccJ5oBqk.s:267    .text.DMA2_Stream6_IRQHandler:00000000 DMA2_Stream6_IRQHandler
C:\Users\fish\AppData\Local\Temp\ccJ5oBqk.s:277    .text.DMA2_Stream6_IRQHandler:0000000c $d
C:\Users\fish\AppData\Local\Temp\ccJ5oBqk.s:280    .text.DMA2_Stream7_IRQHandler:00000000 $t
C:\Users\fish\AppData\Local\Temp\ccJ5oBqk.s:286    .text.DMA2_Stream7_IRQHandler:00000000 DMA2_Stream7_IRQHandler
C:\Users\fish\AppData\Local\Temp\ccJ5oBqk.s:296    .text.DMA2_Stream7_IRQHandler:0000000c $d
C:\Users\fish\AppData\Local\Temp\ccJ5oBqk.s:299    .text.USART6_IRQHandler:00000000 $t
C:\Users\fish\AppData\Local\Temp\ccJ5oBqk.s:305    .text.USART6_IRQHandler:00000000 USART6_IRQHandler
C:\Users\fish\AppData\Local\Temp\ccJ5oBqk.s:315    .text.USART6_IRQHandler:0000000c $d

UNDEFINED SYMBOLS
HAL_DMA_IRQHandler
hdma_dac1
HAL_TIM_IRQHandler
MIDI_TimerCallback
htim3
HAL_UART_IRQHandler
huart1
htim8
ARM GAS  C:\Users\fish\AppData\Local\Temp\ccJ5oBqk.s 			page 7


htim7
hdma_adc1
hdma_usart6_rx
hdma_usart1_rx
hdma_usart6_tx
hdma_usart1_tx
huart6
